#
# A fatal error has been detected by the Java Runtime Environment:
#
#  SIGSEGV (0xb) at pc=0x00007fcfaf35ffd3, pid=33280, tid=140529921640192
#
# JRE version: OpenJDK Runtime Environment (7.0_151-b01) (build 1.7.0_151-b01)
# Java VM: OpenJDK 64-Bit Server VM (24.151-b01 mixed mode linux-amd64 compressed oops)
# Derivative: IcedTea 2.6.11
# Distribution: Ubuntu 14.04 LTS, package 7u151-2.6.11-0ubuntu1.14.04.1
# Problematic frame:
# C  [_jpype.so+0x35fd3]  JPJavaEnv::NewObjectA(_jclass*, _jmethodID*, jvalue*)+0x33
#
# Failed to write core dump. Core dumps have been disabled. To enable core dumping, try "ulimit -c unlimited" before starting Java again
#
# If you would like to submit a bug report, please include
# instructions on how to reproduce the bug and visit:
#   http://icedtea.classpath.org/bugzilla
#

---------------  T H R E A D  ---------------

Current thread is native thread

siginfo:si_signo=SIGSEGV: si_errno=0, si_code=1 (SEGV_MAPERR), si_addr=0x0000000000000000

Registers:
RAX=0x00007fcfb04c5570, RBX=0x0000000000000000, RCX=0x00007fcfa434dd80, RDX=0x00007fcfaf5ab7b0
RSP=0x00007fcfac0f0ca0, RBP=0x00007fcfa43735b0, RSI=0x0000000000000001, RDI=0x0000000001545a50
R8 =0x0000000000000000, R9 =0x0000000000000002, R10=0x00007fcfaf328940, R11=0x0000000000000000
R12=0x00007fcfa434fad0, R13=0x00007fcfb04c5570, R14=0x00007fcfa43694a8, R15=0x00007fcfa434dd80
RIP=0x00007fcfaf35ffd3, EFLAGS=0x0000000000010206, CSGSFS=0x002b000000000033, ERR=0x0000000000000004
  TRAPNO=0x000000000000000e

Top of Stack: (sp=0x00007fcfac0f0ca0)
0x00007fcfac0f0ca0:   00007fcfac0f0e30 00007fcfa43694a8
0x00007fcfac0f0cb0:   0000000000000000 0000000000000000
0x00007fcfac0f0cc0:   00007fcfa434dd80 00007fcfa4438658
0x00007fcfac0f0cd0:   00007fcfac0f0e10 00007fcfaf362f9e
0x00007fcfac0f0ce0:   0000000000000000 00007fcfac0f0d50
0x00007fcfac0f0cf0:   00007fcfa43735b0 00007fcfac0f0d10
0x00007fcfac0f0d00:   0000000000000339 00000000005103c9
0x00007fcfac0f0d10:   00007fcfaf5aa010 00007fcfa447e1a8
0x00007fcfac0f0d20:   00007fcfaf7b7a00 ffffffff00000000
0x00007fcfac0f0d30:   00000000005cd65e 00000000004ae2d9
0x00007fcfac0f0d40:   0000003000000028 00007fcfac0f0ec0
0x00007fcfac0f0d50:   00007fcfaf5ab050 0000000000000000
0x00007fcfac0f0d60:   0000000000000000 0000000000000000
0x00007fcfac0f0d70:   0000000000000000 0000000000000000
0x00007fcfac0f0d80:   0000000000000000 0000000000000000
0x00007fcfac0f0d90:   0000000000000000 0000000000000000
0x00007fcfac0f0da0:   00007fcfac0f0e30 00007fcfac30cc68
0x00007fcfac0f0db0:   00007fcfb8340050 0000000000000000
0x00007fcfac0f0dc0:   00007fcfac0f0e30 0000000000000000
0x00007fcfac0f0dd0:   00007fcfb8340050 00007fcfaf388eaa
0x00007fcfac0f0de0:   0000000000000000 00007fcfab8dc638
0x00007fcfac0f0df0:   00007fcfb8341ed0 00007fcfac69fb10
0x00007fcfac0f0e00:   00007fcfb8341030 00007fcfaeb0f010
0x00007fcfac0f0e10:   0000000000000000 0000000000000000
0x00007fcfac0f0e20:   0000000000000000 00007fcfa400af10
0x00007fcfac0f0e30:   00007fcfaf5ab050 0000000000000000
0x00007fcfac0f0e40:   0000000000000000 0000000000000000
0x00007fcfac0f0e50:   0000000000000000 0000000000000000
0x00007fcfac0f0e60:   0000000000000000 0000000000000000
0x00007fcfac0f0e70:   0000000000000000 0000000000000000
0x00007fcfac0f0e80:   00007fcfb8343230 00007fcfac30cc68
0x00007fcfac0f0e90:   00007fcfb8340050 0000000000000000 

Instructions: (pc=0x00007fcfaf35ffd3)
0x00007fcfaf35ffb3:   89 f5 53 48 83 ec 08 e8 81 f7 ff ff 48 89 c3 e8
0x00007fcfaf35ffc3:   49 a3 01 00 48 8b 10 48 89 c7 ff 52 30 49 89 c5
0x00007fcfaf35ffd3:   48 8b 03 48 89 ee 48 89 df ff 90 d8 00 00 00 48
0x00007fcfaf35ffe3:   89 c5 e8 16 a3 01 00 48 89 c7 e8 6e f7 ff ff 84 

Register to memory mapping:

RAX=0x00007fcfb04c5570 is an unknown value
RBX=0x0000000000000000 is an unknown value
RCX=0x00007fcfa434dd80 is an unknown value
RDX=0x00007fcfaf5ab7b0: _ZTV21PythonHostEnvironment+0x10 in /usr/local/lib/python2.7/dist-packages/_jpype.so at 0x00007fcfaf32a000
RSP=0x00007fcfac0f0ca0 is pointing into the stack for thread: 0x00007fcfa4042000
RBP=0x00007fcfa43735b0 is a global jni handle
RSI=0x0000000000000001 is an unknown value
RDI=0x0000000001545a50 is an unknown value
R8 =0x0000000000000000 is an unknown value
R9 =0x0000000000000002 is an unknown value
R10=0x00007fcfaf328940: <offset 0x302940> in /usr/lib/x86_64-linux-gnu/libstdc++.so.6 at 0x00007fcfaf026000
R11=0x0000000000000000 is an unknown value
R12=0x00007fcfa434fad0 is an unknown value
R13=0x00007fcfb04c5570 is an unknown value
R14=0x00007fcfa43694a8 is a weak global jni handle
R15=0x00007fcfa434dd80 is an unknown value


Stack: [0x00007fcfab8f4000,0x00007fcfac0f5000],  sp=0x00007fcfac0f0ca0,  free space=8179k
Native frames: (J=compiled Java code, j=interpreted, Vv=VM code, C=native code)
C  [_jpype.so+0x35fd3]  JPJavaEnv::NewObjectA(_jclass*, _jmethodID*, jvalue*)+0x33


---------------  P R O C E S S  ---------------

VM state:not at safepoint (normal execution)

VM Mutex/Monitor currently owned by a thread: None

Heap
 PSYoungGen      total 229376K, used 128222K [0x00000000f0000000, 0x0000000100000000, 0x0000000100000000)
  eden space 196608K, 65% used [0x00000000f0000000,0x00000000f7d37ae0,0x00000000fc000000)
  from space 32768K, 0% used [0x00000000fe000000,0x00000000fe000000,0x0000000100000000)
  to   space 32768K, 0% used [0x00000000fc000000,0x00000000fc000000,0x00000000fe000000)
 ParOldGen       total 524288K, used 0K [0x00000000d0000000, 0x00000000f0000000, 0x00000000f0000000)
  object space 524288K, 0% used [0x00000000d0000000,0x00000000d0000000,0x00000000f0000000)
 PSPermGen       total 21504K, used 9347K [0x00000000c5a00000, 0x00000000c6f00000, 0x00000000d0000000)
  object space 21504K, 43% used [0x00000000c5a00000,0x00000000c6320dd0,0x00000000c6f00000)

Card table byte_map: [0x00007fcfa993e000,0x00007fcfa9b12000] byte_map_base: 0x00007fcfa9311000

Polling page: 0x00007fcfb838a000

Code Cache  [0x00007fcfa1000000, 0x00007fcfa1270000, 0x00007fcfa4000000)
 total_blobs=605 nmethods=385 adapters=173 free_code_cache=48174Kb largest_free_block=49301120

Compilation events (10 events):
Event: 2.183 Thread 0x00007fcfa4349000 nmethod 380 0x00007fcfa10f5950 code [0x00007fcfa10f5b00, 0x00007fcfa10f62c8]
Event: 2.188 Thread 0x00007fcfa4349000  382             java.util.zip.ZStreamRef::address (5 bytes)
Event: 2.188 Thread 0x00007fcfa4349000 nmethod 382 0x00007fcfa10e55d0 code [0x00007fcfa10e5700, 0x00007fcfa10e5758]
Event: 2.189 Thread 0x00007fcfa4346000 nmethod 381 0x00007fcfa10f0a50 code [0x00007fcfa10f0c80, 0x00007fcfa10f17b0]
Event: 2.193 Thread 0x00007fcfa4349000  383             java.lang.String::startsWith (7 bytes)
Event: 2.196 Thread 0x00007fcfa4349000 nmethod 383 0x00007fcfa10f0590 code [0x00007fcfa10f06e0, 0x00007fcfa10f0878]
Event: 2.197 Thread 0x00007fcfa4346000  384             java.net.URL::getHost (5 bytes)
Event: 2.197 Thread 0x00007fcfa4346000 nmethod 384 0x00007fcfa10f5750 code [0x00007fcfa10f5880, 0x00007fcfa10f58d8]
Event: 2.198 Thread 0x00007fcfa4349000  385             java.lang.String::indexOf (25 bytes)
Event: 2.199 Thread 0x00007fcfa4349000 nmethod 385 0x00007fcfa10f5410 code [0x00007fcfa10f5560, 0x00007fcfa10f5628]

GC Heap History (0 events):
No events

Deoptimization events (10 events):
Event: 2.192 Thread 0x00007fcfa4042000 Uncommon trap: reason=unstable_if action=reinterpret pc=0x00007fcfa10d6bf4 method=scala.runtime.ScalaRunTime$.hash(Ljava/lang/Object;)I @ 12
Event: 2.192 Thread 0x00007fcfa4042000 Uncommon trap: reason=unstable_if action=reinterpret pc=0x00007fcfa10d7270 method=scala.runtime.ScalaRunTime$.hash(Ljava/lang/Object;)I @ 12
Event: 2.195 Thread 0x00007fcfa4042000 Uncommon trap: reason=bimorphic action=maybe_recompile pc=0x00007fcfa10a3354 method=scala.collection.TraversableLike$$anonfun$map$1.apply(Ljava/lang/Object;)Lscala/collection/mutable/Builder; @ 14
Event: 2.198 Thread 0x00007fcfa4042000 Uncommon trap: reason=class_check action=maybe_recompile pc=0x00007fcfa10a6c58 method=java.lang.String.valueOf(Ljava/lang/Object;)Ljava/lang/String; @ 10
Event: 2.225 Thread 0x00007fcfa4042000 Uncommon trap: reason=class_check action=maybe_recompile pc=0x00007fcfa10c4b40 method=scala.collection.MapLike$class.apply(Lscala/collection/MapLike;Ljava/lang/Object;)Ljava/lang/Object; @ 2
Event: 2.226 Thread 0x00007fcfa4042000 Uncommon trap: reason=class_check action=maybe_recompile pc=0x00007fcfa10c2258 method=scala.collection.immutable.HashMap.get(Ljava/lang/Object;)Lscala/Option; @ 8
Event: 2.226 Thread 0x00007fcfa4042000 Uncommon trap: reason=bimorphic action=maybe_recompile pc=0x00007fcfa10a3354 method=scala.collection.TraversableLike$$anonfun$map$1.apply(Ljava/lang/Object;)Lscala/collection/mutable/Builder; @ 14
Event: 2.226 Thread 0x00007fcfa4042000 Uncommon trap: reason=bimorphic action=maybe_recompile pc=0x00007fcfa10c0cb4 method=scala.collection.IterableLike$class.foreach(Lscala/collection/IterableLike;Lscala/Function1;)V @ 7
Event: 2.226 Thread 0x00007fcfa4042000 Uncommon trap: reason=bimorphic action=maybe_recompile pc=0x00007fcfa10a3354 method=scala.collection.TraversableLike$$anonfun$map$1.apply(Ljava/lang/Object;)Lscala/collection/mutable/Builder; @ 14
Event: 2.226 Thread 0x00007fcfa4042000 Uncommon trap: reason=class_check action=maybe_recompile pc=0x00007fcfa10a6c58 method=java.lang.String.valueOf(Ljava/lang/Object;)Ljava/lang/String; @ 10

Internal exceptions (10 events):
Event: 2.198 Thread 0x00007fcfa4042000 Threw 0x00000000f7b1a2c0 at /build/openjdk-7-2nYvii/openjdk-7-7u151-2.6.11/build/openjdk/hotspot/src/share/vm/prims/jvm.cpp:1322
Event: 2.199 Thread 0x00007fcfa4042000 Threw 0x00000000f7b27248 at /build/openjdk-7-2nYvii/openjdk-7-7u151-2.6.11/build/openjdk/hotspot/src/share/vm/prims/jvm.cpp:1322
Event: 2.199 Thread 0x00007fcfa4042000 Threw 0x00000000f7b2c280 at /build/openjdk-7-2nYvii/openjdk-7-7u151-2.6.11/build/openjdk/hotspot/src/share/vm/prims/jvm.cpp:1322
Event: 2.199 Thread 0x00007fcfa4042000 Threw 0x00000000f7b30dd8 at /build/openjdk-7-2nYvii/openjdk-7-7u151-2.6.11/build/openjdk/hotspot/src/share/vm/prims/jvm.cpp:1322
Event: 2.200 Thread 0x00007fcfa4042000 Threw 0x00000000f7b36448 at /build/openjdk-7-2nYvii/openjdk-7-7u151-2.6.11/build/openjdk/hotspot/src/share/vm/prims/jvm.cpp:1322
Event: 2.202 Thread 0x00007fcfa4042000 Threw 0x00000000f7b3c2d8 at /build/openjdk-7-2nYvii/openjdk-7-7u151-2.6.11/build/openjdk/hotspot/src/share/vm/prims/jvm.cpp:1322
Event: 2.203 Thread 0x00007fcfa4042000 Threw 0x00000000f7b41f78 at /build/openjdk-7-2nYvii/openjdk-7-7u151-2.6.11/build/openjdk/hotspot/src/share/vm/prims/jvm.cpp:1322
Event: 2.205 Thread 0x00007fcfa4042000 Threw 0x00000000f7b4a930 at /build/openjdk-7-2nYvii/openjdk-7-7u151-2.6.11/build/openjdk/hotspot/src/share/vm/prims/jvm.cpp:1322
Event: 2.205 Thread 0x00007fcfa4042000 Threw 0x00000000f7b4fff8 at /build/openjdk-7-2nYvii/openjdk-7-7u151-2.6.11/build/openjdk/hotspot/src/share/vm/prims/jvm.cpp:1322
Event: 2.207 Thread 0x00007fcfa4042000 Threw 0x00000000f7b57270 at /build/openjdk-7-2nYvii/openjdk-7-7u151-2.6.11/build/openjdk/hotspot/src/share/vm/prims/jvm.cpp:1322

Events (10 events):
Event: 2.226 Thread 0x00007fcfa4042000 DEOPT PACKING pc=0x00007fcfa10c0cb4 sp=0x00007fcfac0f09f0
Event: 2.226 Thread 0x00007fcfa4042000 DEOPT UNPACKING pc=0x00007fcfa1039445 sp=0x00007fcfac0f0970 mode 2
Event: 2.226 Thread 0x00007fcfa4042000 Uncommon trap: trap_request=0xffffffc6 fr.pc=0x00007fcfa10a3354
Event: 2.226 Thread 0x00007fcfa4042000 DEOPT PACKING pc=0x00007fcfa10a3354 sp=0x00007fcfac0f0be0
Event: 2.226 Thread 0x00007fcfa4042000 DEOPT UNPACKING pc=0x00007fcfa1039445 sp=0x00007fcfac0f0b40 mode 2
Event: 2.226 Thread 0x00007fcfa4042000 Uncommon trap: trap_request=0xffffffde fr.pc=0x00007fcfa10a6c58
Event: 2.226 Thread 0x00007fcfa4042000 DEOPT PACKING pc=0x00007fcfa10a6c58 sp=0x00007fcfac0f0ef0
Event: 2.226 Thread 0x00007fcfa4042000 DEOPT UNPACKING pc=0x00007fcfa1039445 sp=0x00007fcfac0f0eb8 mode 2
Event: 4.142 Executing VM operation: EnableBiasedLocking
Event: 4.143 Executing VM operation: EnableBiasedLocking done


Dynamic libraries:
00400000-006bb000 r-xp 00000000 00:6cd 918                               /usr/bin/python2.7
008ba000-008bb000 r--p 002ba000 00:6cd 918                               /usr/bin/python2.7
008bb000-00930000 rw-p 002bb000 00:6cd 918                               /usr/bin/python2.7
00930000-00942000 rw-p 00000000 00:00 0 
011d1000-01865000 rw-p 00000000 00:00 0                                  [heap]
c5a00000-c6f00000 rw-p 00000000 00:00 0 
c6f00000-d0000000 rw-p 00000000 00:00 0 
d0000000-100000000 rw-p 00000000 00:00 0 
7fcf54000000-7fcf54021000 rw-p 00000000 00:00 0 
7fcf54021000-7fcf58000000 ---p 00000000 00:00 0 
7fcf58000000-7fcf58021000 rw-p 00000000 00:00 0 
7fcf58021000-7fcf5c000000 ---p 00000000 00:00 0 
7fcf5c000000-7fcf5c58f000 rw-p 00000000 00:00 0 
7fcf5c58f000-7fcf60000000 ---p 00000000 00:00 0 
7fcf60000000-7fcf60021000 rw-p 00000000 00:00 0 
7fcf60021000-7fcf64000000 ---p 00000000 00:00 0 
7fcf64000000-7fcf64021000 rw-p 00000000 00:00 0 
7fcf64021000-7fcf68000000 ---p 00000000 00:00 0 
7fcf68000000-7fcf68427000 rw-p 00000000 00:00 0 
7fcf68427000-7fcf6c000000 ---p 00000000 00:00 0 
7fcf6c000000-7fcf6c021000 rw-p 00000000 00:00 0 
7fcf6c021000-7fcf70000000 ---p 00000000 00:00 0 
7fcf70000000-7fcf70021000 rw-p 00000000 00:00 0 
7fcf70021000-7fcf74000000 ---p 00000000 00:00 0 
7fcf74000000-7fcf74021000 rw-p 00000000 00:00 0 
7fcf74021000-7fcf78000000 ---p 00000000 00:00 0 
7fcf78000000-7fcf78021000 rw-p 00000000 00:00 0 
7fcf78021000-7fcf7c000000 ---p 00000000 00:00 0 
7fcf7c000000-7fcf7c021000 rw-p 00000000 00:00 0 
7fcf7c021000-7fcf80000000 ---p 00000000 00:00 0 
7fcf80000000-7fcf80021000 rw-p 00000000 00:00 0 
7fcf80021000-7fcf84000000 ---p 00000000 00:00 0 
7fcf84000000-7fcf84021000 rw-p 00000000 00:00 0 
7fcf84021000-7fcf88000000 ---p 00000000 00:00 0 
7fcf88000000-7fcf88021000 rw-p 00000000 00:00 0 
7fcf88021000-7fcf8c000000 ---p 00000000 00:00 0 
7fcf8c000000-7fcf8c021000 rw-p 00000000 00:00 0 
7fcf8c021000-7fcf90000000 ---p 00000000 00:00 0 
7fcf94000000-7fcf94021000 rw-p 00000000 00:00 0 
7fcf94021000-7fcf98000000 ---p 00000000 00:00 0 
7fcf99858000-7fcf9985b000 ---p 00000000 00:00 0 
7fcf9985b000-7fcf99959000 rw-p 00000000 00:00 0 
7fcf99959000-7fcf9995a000 ---p 00000000 00:00 0 
7fcf9995a000-7fcf99a5a000 rw-p 00000000 00:00 0 
7fcf99a5a000-7fcf99a5d000 ---p 00000000 00:00 0 
7fcf99a5d000-7fcf99b5b000 rw-p 00000000 00:00 0 
7fcf99b5b000-7fcf99b5e000 ---p 00000000 00:00 0 
7fcf99b5e000-7fcf99c5c000 rw-p 00000000 00:00 0 
7fcf99c5c000-7fcf99c5f000 ---p 00000000 00:00 0 
7fcf99c5f000-7fcf99d5d000 rw-p 00000000 00:00 0 
7fcf99d5d000-7fcf99d60000 ---p 00000000 00:00 0 
7fcf99d60000-7fcf99e5e000 rw-p 00000000 00:00 0 
7fcf99e5e000-7fcf99fcd000 r--p 00000000 00:6cd 107                       /usr/lib/locale/C.UTF-8/LC_COLLATE
7fcf99fcd000-7fcf99fd0000 ---p 00000000 00:00 0 
7fcf99fd0000-7fcf9a0ce000 rw-p 00000000 00:00 0 
7fcf9a0ce000-7fcf9a0d1000 ---p 00000000 00:00 0 
7fcf9a0d1000-7fcf9a1cf000 rw-p 00000000 00:00 0 
7fcf9a1cf000-7fcf9a1d0000 ---p 00000000 00:00 0 
7fcf9a1d0000-7fcf9c000000 rw-p 00000000 00:00 0 
7fcf9c000000-7fcf9c021000 rw-p 00000000 00:00 0 
7fcf9c021000-7fcfa0000000 ---p 00000000 00:00 0 
7fcfa0099000-7fcfa00f1000 r--s 004f0000 00:6cd 5461                      /usr/local/lib/python2.7/dist-packages/konlpy/java/scala-library-2.11.4.jar
7fcfa00f1000-7fcfa1000000 rw-p 00000000 00:00 0 
7fcfa1000000-7fcfa1270000 rwxp 00000000 00:00 0 
7fcfa1270000-7fcfa479b000 rw-p 00000000 00:00 0 
7fcfa479b000-7fcfa8000000 ---p 00000000 00:00 0 
7fcfa804e000-7fcfa8c5a000 rw-p 00000000 00:00 0 
7fcfa8c5a000-7fcfa8e10000 r--s 01d63000 00:6cd 5329                      /usr/lib/jvm/java-7-openjdk-amd64/jre/lib/rt.jar
7fcfa8e10000-7fcfa8fe3000 rw-p 00000000 00:00 0 
7fcfa8fe3000-7fcfa8fe4000 ---p 00000000 00:00 0 
7fcfa8fe4000-7fcfa90e4000 rw-p 00000000 00:00 0 
7fcfa90e4000-7fcfa90e5000 ---p 00000000 00:00 0 
7fcfa90e5000-7fcfa91e5000 rw-p 00000000 00:00 0 
7fcfa91e5000-7fcfa91e6000 ---p 00000000 00:00 0 
7fcfa91e6000-7fcfa92e6000 rw-p 00000000 00:00 0 
7fcfa92e6000-7fcfa92e7000 ---p 00000000 00:00 0 
7fcfa92e7000-7fcfa93e7000 rw-p 00000000 00:00 0 
7fcfa93e7000-7fcfa93e8000 ---p 00000000 00:00 0 
7fcfa93e8000-7fcfa94e8000 rw-p 00000000 00:00 0 
7fcfa94e8000-7fcfa94e9000 ---p 00000000 00:00 0 
7fcfa94e9000-7fcfa95e9000 rw-p 00000000 00:00 0 
7fcfa95e9000-7fcfa95ea000 ---p 00000000 00:00 0 
7fcfa95ea000-7fcfa96ea000 rw-p 00000000 00:00 0 
7fcfa96ea000-7fcfa96eb000 ---p 00000000 00:00 0 
7fcfa96eb000-7fcfa97f6000 rw-p 00000000 00:00 0 
7fcfa97f6000-7fcfa983e000 rw-p 00000000 00:00 0 
7fcfa983e000-7fcfa9949000 rw-p 00000000 00:00 0 
7fcfa9949000-7fcfa9991000 rw-p 00000000 00:00 0 
7fcfa9991000-7fcfa9b1c000 rw-p 00000000 00:00 0 
7fcfa9b1c000-7fcfa9bd2000 rw-p 00000000 00:00 0 
7fcfa9bd2000-7fcfa9bda000 r-xp 00000000 00:6cd 5421                      /usr/lib/jvm/java-7-openjdk-amd64/jre/lib/amd64/libzip.so
7fcfa9bda000-7fcfa9dd9000 ---p 00008000 00:6cd 5421                      /usr/lib/jvm/java-7-openjdk-amd64/jre/lib/amd64/libzip.so
7fcfa9dd9000-7fcfa9dda000 r--p 00007000 00:6cd 5421                      /usr/lib/jvm/java-7-openjdk-amd64/jre/lib/amd64/libzip.so
7fcfa9dda000-7fcfa9ddb000 rw-p 00008000 00:6cd 5421                      /usr/lib/jvm/java-7-openjdk-amd64/jre/lib/amd64/libzip.so
7fcfa9ddb000-7fcfa9de6000 r-xp 00000000 00:6cd 787                       /lib/x86_64-linux-gnu/libnss_nis-2.19.so
7fcfa9de6000-7fcfa9fe5000 ---p 0000b000 00:6cd 787                       /lib/x86_64-linux-gnu/libnss_nis-2.19.so
7fcfa9fe5000-7fcfa9fe6000 r--p 0000a000 00:6cd 787                       /lib/x86_64-linux-gnu/libnss_nis-2.19.so
7fcfa9fe6000-7fcfa9fe7000 rw-p 0000b000 00:6cd 787                       /lib/x86_64-linux-gnu/libnss_nis-2.19.so
7fcfa9fe7000-7fcfa9ffe000 r-xp 00000000 00:6cd 785                       /lib/x86_64-linux-gnu/libnsl-2.19.so
7fcfa9ffe000-7fcfaa1fd000 ---p 00017000 00:6cd 785                       /lib/x86_64-linux-gnu/libnsl-2.19.so
7fcfaa1fd000-7fcfaa1fe000 r--p 00016000 00:6cd 785                       /lib/x86_64-linux-gnu/libnsl-2.19.so
7fcfaa1fe000-7fcfaa1ff000 rw-p 00017000 00:6cd 785                       /lib/x86_64-linux-gnu/libnsl-2.19.so
7fcfaa1ff000-7fcfaa201000 rw-p 00000000 00:00 0 
7fcfaa201000-7fcfaa20a000 r-xp 00000000 00:6cd 783                       /lib/x86_64-linux-gnu/libnss_compat-2.19.so
7fcfaa20a000-7fcfaa409000 ---p 00009000 00:6cd 783                       /lib/x86_64-linux-gnu/libnss_compat-2.19.so
7fcfaa409000-7fcfaa40a000 r--p 00008000 00:6cd 783                       /lib/x86_64-linux-gnu/libnss_compat-2.19.so
7fcfaa40a000-7fcfaa40b000 rw-p 00009000 00:6cd 783                       /lib/x86_64-linux-gnu/libnss_compat-2.19.so
7fcfaa40b000-7fcfaa435000 r-xp 00000000 00:6cd 5394                      /usr/lib/jvm/java-7-openjdk-amd64/jre/lib/amd64/libjava.so
7fcfaa435000-7fcfaa635000 ---p 0002a000 00:6cd 5394                      /usr/lib/jvm/java-7-openjdk-amd64/jre/lib/amd64/libjava.so
7fcfaa635000-7fcfaa636000 r--p 0002a000 00:6cd 5394                      /usr/lib/jvm/java-7-openjdk-amd64/jre/lib/amd64/libjava.so
7fcfaa636000-7fcfaa638000 rw-p 0002b000 00:6cd 5394                      /usr/lib/jvm/java-7-openjdk-amd64/jre/lib/amd64/libjava.so
7fcfaa638000-7fcfaa648000 r-xp 00000000 00:6cd 5408                      /usr/lib/jvm/java-7-openjdk-amd64/jre/lib/amd64/libverify.so
7fcfaa648000-7fcfaa847000 ---p 00010000 00:6cd 5408                      /usr/lib/jvm/java-7-openjdk-amd64/jre/lib/amd64/libverify.so
7fcfaa847000-7fcfaa849000 r--p 0000f000 00:6cd 5408                      /usr/lib/jvm/java-7-openjdk-amd64/jre/lib/amd64/libverify.so
7fcfaa849000-7fcfaa84a000 rw-p 00011000 00:6cd 5408                      /usr/lib/jvm/java-7-openjdk-amd64/jre/lib/amd64/libverify.so
7fcfaa84a000-7fcfaa851000 r-xp 00000000 00:6cd 375                       /lib/x86_64-linux-gnu/librt-2.19.so
7fcfaa851000-7fcfaaa50000 ---p 00007000 00:6cd 375                       /lib/x86_64-linux-gnu/librt-2.19.so
7fcfaaa50000-7fcfaaa51000 r--p 00006000 00:6cd 375                       /lib/x86_64-linux-gnu/librt-2.19.so
7fcfaaa51000-7fcfaaa52000 rw-p 00007000 00:6cd 375                       /lib/x86_64-linux-gnu/librt-2.19.so
7fcfaaa52000-7fcfab586000 r-xp 00000000 00:6cd 5436                      /usr/lib/jvm/java-7-openjdk-amd64/jre/lib/amd64/server/libjvm.so
7fcfab586000-7fcfab786000 ---p 00b34000 00:6cd 5436                      /usr/lib/jvm/java-7-openjdk-amd64/jre/lib/amd64/server/libjvm.so
7fcfab786000-7fcfab821000 r--p 00b34000 00:6cd 5436                      /usr/lib/jvm/java-7-openjdk-amd64/jre/lib/amd64/server/libjvm.so
7fcfab821000-7fcfab844000 rw-p 00bcf000 00:6cd 5436                      /usr/lib/jvm/java-7-openjdk-amd64/jre/lib/amd64/server/libjvm.so
7fcfab844000-7fcfab8f4000 rw-p 00000000 00:00 0 
7fcfab8f4000-7fcfab8f7000 ---p 00000000 00:00 0 
7fcfab8f7000-7fcfac0f5000 rw-p 00000000 00:00 0 
7fcfac0f5000-7fcfac0ff000 r-xp 00000000 00:6cd 751                       /lib/x86_64-linux-gnu/libnss_files-2.19.so
7fcfac0ff000-7fcfac2fe000 ---p 0000a000 00:6cd 751                       /lib/x86_64-linux-gnu/libnss_files-2.19.so
7fcfac2fe000-7fcfac2ff000 r--p 00009000 00:6cd 751                       /lib/x86_64-linux-gnu/libnss_files-2.19.so
7fcfac2ff000-7fcfac300000 rw-p 0000a000 00:6cd 751                       /lib/x86_64-linux-gnu/libnss_files-2.19.so
7fcfac300000-7fcfac340000 rw-p 00000000 00:00 0 
7fcfac340000-7fcfac38b000 r-xp 00000000 00:6cd 2939                      /usr/lib/python2.7/dist-packages/numpy/random/mtrand.so
7fcfac38b000-7fcfac58a000 ---p 0004b000 00:6cd 2939                      /usr/lib/python2.7/dist-packages/numpy/random/mtrand.so
7fcfac58a000-7fcfac58b000 r--p 0004a000 00:6cd 2939                      /usr/lib/python2.7/dist-packages/numpy/random/mtrand.so
7fcfac58b000-7fcfac5c1000 rw-p 0004b000 00:6cd 2939                      /usr/lib/python2.7/dist-packages/numpy/random/mtrand.so
7fcfac5c1000-7fcfac682000 rw-p 00000000 00:00 0 
7fcfac682000-7fcfac6c2000 rw-p 00000000 00:00 0 
7fcfac6c2000-7fcfac6cb000 r-xp 00000000 00:6cd 2912                      /usr/lib/python2.7/dist-packages/numpy/fft/fftpack_lite.so
7fcfac6cb000-7fcfac8ca000 ---p 00009000 00:6cd 2912                      /usr/lib/python2.7/dist-packages/numpy/fft/fftpack_lite.so
7fcfac8ca000-7fcfac8cb000 r--p 00008000 00:6cd 2912                      /usr/lib/python2.7/dist-packages/numpy/fft/fftpack_lite.so
7fcfac8cb000-7fcfac8cc000 rw-p 00009000 00:6cd 2912                      /usr/lib/python2.7/dist-packages/numpy/fft/fftpack_lite.so
7fcfac8cc000-7fcfac90c000 rw-p 00000000 00:00 0 
7fcfac90c000-7fcfac90d000 r-xp 00000000 00:6cd 2898                      /usr/lib/python2.7/lib-dynload/future_builtins.x86_64-linux-gnu.so
7fcfac90d000-7fcfacb0c000 ---p 00001000 00:6cd 2898                      /usr/lib/python2.7/lib-dynload/future_builtins.x86_64-linux-gnu.so
7fcfacb0c000-7fcfacb0d000 r--p 00000000 00:6cd 2898                      /usr/lib/python2.7/lib-dynload/future_builtins.x86_64-linux-gnu.so
7fcfacb0d000-7fcfacb0e000 rw-p 00001000 00:6cd 2898                      /usr/lib/python2.7/lib-dynload/future_builtins.x86_64-linux-gnu.so
7fcfacb0e000-7fcfacb2d000 r-xp 00000000 00:6cd 2887                      /usr/lib/python2.7/dist-packages/numpy/linalg/_umath_linalg.so
7fcfacb2d000-7fcfacd2c000 ---p 0001f000 00:6cd 2887                      /usr/lib/python2.7/dist-packages/numpy/linalg/_umath_linalg.so
7fcfacd2c000-7fcfacd2d000 r--p 0001e000 00:6cd 2887                      /usr/lib/python2.7/dist-packages/numpy/linalg/_umath_linalg.so
7fcfacd2d000-7fcfacd2e000 rw-p 0001f000 00:6cd 2887                      /usr/lib/python2.7/dist-packages/numpy/linalg/_umath_linalg.so
7fcfacd2e000-7fcfacd69000 r-xp 00000000 00:6cd 2886                      /usr/lib/x86_64-linux-gnu/libquadmath.so.0.0.0
7fcfacd69000-7fcfacf68000 ---p 0003b000 00:6cd 2886                      /usr/lib/x86_64-linux-gnu/libquadmath.so.0.0.0
7fcfacf68000-7fcfacf69000 r--p 0003a000 00:6cd 2886                      /usr/lib/x86_64-linux-gnu/libquadmath.so.0.0.0
7fcfacf69000-7fcfacf6a000 rw-p 0003b000 00:6cd 2886                      /usr/lib/x86_64-linux-gnu/libquadmath.so.0.0.0
7fcfacf6a000-7fcfad081000 r-xp 00000000 00:6cd 2884                      /usr/lib/x86_64-linux-gnu/libgfortran.so.3.0.0
7fcfad081000-7fcfad281000 ---p 00117000 00:6cd 2884                      /usr/lib/x86_64-linux-gnu/libgfortran.so.3.0.0
7fcfad281000-7fcfad282000 r--p 00117000 00:6cd 2884                      /usr/lib/x86_64-linux-gnu/libgfortran.so.3.0.0
7fcfad282000-7fcfad284000 rw-p 00118000 00:6cd 2884                      /usr/lib/x86_64-linux-gnu/libgfortran.so.3.0.0
7fcfad284000-7fcfad81c000 r-xp 00000000 00:6cd 2882                      /usr/lib/lapack/liblapack.so.3.0
7fcfad81c000-7fcfada1b000 ---p 00598000 00:6cd 2882                      /usr/lib/lapack/liblapack.so.3.0
7fcfada1b000-7fcfada1c000 r--p 00597000 00:6cd 2882                      /usr/lib/lapack/liblapack.so.3.0
7fcfada1c000-7fcfada20000 rw-p 00598000 00:6cd 2882                      /usr/lib/lapack/liblapack.so.3.0
7fcfada20000-7fcfada26000 r-xp 00000000 00:6cd 2877                      /usr/lib/python2.7/dist-packages/numpy/linalg/lapack_lite.so
7fcfada26000-7fcfadc25000 ---p 00006000 00:6cd 2877                      /usr/lib/python2.7/dist-packages/numpy/linalg/lapack_lite.so
7fcfadc25000-7fcfadc26000 r--p 00005000 00:6cd 2877                      /usr/lib/python2.7/dist-packages/numpy/linalg/lapack_lite.so
7fcfadc26000-7fcfadc27000 rw-p 00006000 00:6cd 2877                      /usr/lib/python2.7/dist-packages/numpy/linalg/lapack_lite.so
7fcfadc27000-7fcfadc67000 rw-p 00000000 00:00 0 
7fcfadc67000-7fcfadc6d000 r-xp 00000000 00:6cd 2852                      /usr/lib/python2.7/dist-packages/numpy/lib/_compiled_base.so
7fcfadc6d000-7fcfade6c000 ---p 00006000 00:6cd 2852                      /usr/lib/python2.7/dist-packages/numpy/lib/_compiled_base.so
7fcfade6c000-7fcfade6d000 r--p 00005000 00:6cd 2852                      /usr/lib/python2.7/dist-packages/numpy/lib/_compiled_base.so
7fcfade6d000-7fcfade6e000 rw-p 00006000 00:6cd 2852                      /usr/lib/python2.7/dist-packages/numpy/lib/_compiled_base.so
7fcfade6e000-7fcfadeae000 rw-p 00000000 00:00 0 
7fcfadeae000-7fcfaded9000 r-xp 00000000 00:6cd 2805                      /usr/lib/python2.7/dist-packages/numpy/core/scalarmath.so
7fcfaded9000-7fcfae0d8000 ---p 0002b000 00:6cd 2805                      /usr/lib/python2.7/dist-packages/numpy/core/scalarmath.so
7fcfae0d8000-7fcfae0d9000 r--p 0002a000 00:6cd 2805                      /usr/lib/python2.7/dist-packages/numpy/core/scalarmath.so
7fcfae0d9000-7fcfae0db000 rw-p 0002b000 00:6cd 2805                      /usr/lib/python2.7/dist-packages/numpy/core/scalarmath.so
7fcfae0db000-7fcfae157000 r-xp 00000000 00:6cd 2792                      /usr/lib/libblas/libblas.so.3.0
7fcfae157000-7fcfae356000 ---p 0007c000 00:6cd 2792                      /usr/lib/libblas/libblas.so.3.0
7fcfae356000-7fcfae357000 r--p 0007b000 00:6cd 2792                      /usr/lib/libblas/libblas.so.3.0
7fcfae357000-7fcfae358000 rw-p 0007c000 00:6cd 2792                      /usr/lib/libblas/libblas.so.3.0
7fcfae358000-7fcfae35d000 r-xp 00000000 00:6cd 2787                      /usr/lib/python2.7/dist-packages/numpy/core/_dotblas.so
7fcfae35d000-7fcfae55c000 ---p 00005000 00:6cd 2787                      /usr/lib/python2.7/dist-packages/numpy/core/_dotblas.so
7fcfae55c000-7fcfae55d000 r--p 00004000 00:6cd 2787                      /usr/lib/python2.7/dist-packages/numpy/core/_dotblas.so
7fcfae55d000-7fcfae55e000 rw-p 00005000 00:6cd 2787                      /usr/lib/python2.7/dist-packages/numpy/core/_dotblas.so
7fcfae55e000-7fcfae5bc000 r-xp 00000000 00:6cd 2773                      /usr/lib/python2.7/dist-packages/numpy/core/umath.so
7fcfae5bc000-7fcfae7bb000 ---p 0005e000 00:6cd 2773                      /usr/lib/python2.7/dist-packages/numpy/core/umath.so
7fcfae7bb000-7fcfae7bc000 r--p 0005d000 00:6cd 2773                      /usr/lib/python2.7/dist-packages/numpy/core/umath.so
7fcfae7bc000-7fcfae7c0000 rw-p 0005e000 00:6cd 2773                      /usr/lib/python2.7/dist-packages/numpy/core/umath.so
7fcfae7c0000-7fcfae7c2000 rw-p 00000000 00:00 0 
7fcfae7c2000-7fcfae8ff000 r-xp 00000000 00:6cd 2772                      /usr/lib/python2.7/dist-packages/numpy/core/multiarray.so
7fcfae8ff000-7fcfaeafe000 ---p 0013d000 00:6cd 2772                      /usr/lib/python2.7/dist-packages/numpy/core/multiarray.so
7fcfaeafe000-7fcfaeb00000 r--p 0013c000 00:6cd 2772                      /usr/lib/python2.7/dist-packages/numpy/core/multiarray.so
7fcfaeb00000-7fcfaeb0d000 rw-p 0013e000 00:6cd 2772                      /usr/lib/python2.7/dist-packages/numpy/core/multiarray.so
7fcfaeb0d000-7fcfaee10000 rw-p 00000000 00:00 0 
7fcfaee10000-7fcfaee26000 r-xp 00000000 00:6cd 378                       /lib/x86_64-linux-gnu/libgcc_s.so.1
7fcfaee26000-7fcfaf025000 ---p 00016000 00:6cd 378                       /lib/x86_64-linux-gnu/libgcc_s.so.1
7fcfaf025000-7fcfaf026000 rw-p 00015000 00:6cd 378                       /lib/x86_64-linux-gnu/libgcc_s.so.1
7fcfaf026000-7fcfaf10c000 r-xp 00000000 00:6cd 377                       /usr/lib/x86_64-linux-gnu/libstdc++.so.6.0.19
7fcfaf10c000-7fcfaf30b000 ---p 000e6000 00:6cd 377                       /usr/lib/x86_64-linux-gnu/libstdc++.so.6.0.19
7fcfaf30b000-7fcfaf313000 r--p 000e5000 00:6cd 377                       /usr/lib/x86_64-linux-gnu/libstdc++.so.6.0.19
7fcfaf313000-7fcfaf315000 rw-p 000ed000 00:6cd 377                       /usr/lib/x86_64-linux-gnu/libstdc++.so.6.0.19
7fcfaf315000-7fcfaf32a000 rw-p 00000000 00:00 0 
7fcfaf32a000-7fcfaf3aa000 r-xp 00000000 00:6cd 418                       /usr/local/lib/python2.7/dist-packages/_jpype.so
7fcfaf3aa000-7fcfaf5a9000 ---p 00080000 00:6cd 418                       /usr/local/lib/python2.7/dist-packages/_jpype.so
7fcfaf5a9000-7fcfaf5ac000 r--p 0007f000 00:6cd 418                       /usr/local/lib/python2.7/dist-packages/_jpype.so
7fcfaf5ac000-7fcfaf5af000 rw-p 00082000 00:6cd 418                       /usr/local/lib/python2.7/dist-packages/_jpype.so
7fcfaf5af000-7fcfaf5b5000 r-xp 00000000 00:6cd 2743                      /usr/lib/python2.7/lib-dynload/_csv.x86_64-linux-gnu.so
7fcfaf5b5000-7fcfaf7b4000 ---p 00006000 00:6cd 2743                      /usr/lib/python2.7/lib-dynload/_csv.x86_64-linux-gnu.so
7fcfaf7b4000-7fcfaf7b5000 r--p 00005000 00:6cd 2743                      /usr/lib/python2.7/lib-dynload/_csv.x86_64-linux-gnu.so
7fcfaf7b5000-7fcfaf7b7000 rw-p 00006000 00:6cd 2743                      /usr/lib/python2.7/lib-dynload/_csv.x86_64-linux-gnu.so
7fcfaf7b7000-7fcfaf877000 rw-p 00000000 00:00 0 
7fcfaf877000-7fcfaf89e000 r-xp 00000000 00:6cd 2687                      /lib/x86_64-linux-gnu/libexpat.so.1.6.0
7fcfaf89e000-7fcfafa9e000 ---p 00027000 00:6cd 2687                      /lib/x86_64-linux-gnu/libexpat.so.1.6.0
7fcfafa9e000-7fcfafaa0000 r--p 00027000 00:6cd 2687                      /lib/x86_64-linux-gnu/libexpat.so.1.6.0
7fcfafaa0000-7fcfafaa1000 rw-p 00029000 00:6cd 2687                      /lib/x86_64-linux-gnu/libexpat.so.1.6.0
7fcfafaa1000-7fcfafab0000 r-xp 00000000 00:6cd 2685                      /usr/lib/python2.7/lib-dynload/pyexpat.x86_64-linux-gnu.so
7fcfafab0000-7fcfafcaf000 ---p 0000f000 00:6cd 2685                      /usr/lib/python2.7/lib-dynload/pyexpat.x86_64-linux-gnu.so
7fcfafcaf000-7fcfafcb0000 r--p 0000e000 00:6cd 2685                      /usr/lib/python2.7/lib-dynload/pyexpat.x86_64-linux-gnu.so
7fcfafcb0000-7fcfafcb2000 rw-p 0000f000 00:6cd 2685                      /usr/lib/python2.7/lib-dynload/pyexpat.x86_64-linux-gnu.so
7fcfafcb2000-7fcfafcf2000 rw-p 00000000 00:00 0 
7fcfafcf2000-7fcfafcff000 r-xp 00000000 00:6cd 2680                      /usr/lib/python2.7/lib-dynload/_elementtree.x86_64-linux-gnu.so
7fcfafcff000-7fcfafefe000 ---p 0000d000 00:6cd 2680                      /usr/lib/python2.7/lib-dynload/_elementtree.x86_64-linux-gnu.so
7fcfafefe000-7fcfafeff000 r--p 0000c000 00:6cd 2680                      /usr/lib/python2.7/lib-dynload/_elementtree.x86_64-linux-gnu.so
7fcfafeff000-7fcfaff00000 rw-p 0000d000 00:6cd 2680                      /usr/lib/python2.7/lib-dynload/_elementtree.x86_64-linux-gnu.so
7fcfaff00000-7fcfb0000000 rw-p 00000000 00:00 0 
7fcfb0000000-7fcfb04d8000 rw-p 00000000 00:00 0 
7fcfb04d8000-7fcfb4000000 ---p 00000000 00:00 0 
7fcfb4012000-7fcfb4021000 r--s 003aa000 00:6cd 5462                      /usr/local/lib/python2.7/dist-packages/konlpy/java/twitter-korean-text-2.4.3.jar
7fcfb4021000-7fcfb4028000 r--s 0003c000 00:6cd 5460                      /usr/local/lib/python2.7/dist-packages/konlpy/java/snakeyaml-1.12.jar
7fcfb4028000-7fcfb40e8000 rw-p 00000000 00:00 0 
7fcfb40e8000-7fcfb40f2000 r-xp 00000000 00:6cd 2612                      /usr/lib/python2.7/dist-packages/simplejson/_speedups.x86_64-linux-gnu.so
7fcfb40f2000-7fcfb42f1000 ---p 0000a000 00:6cd 2612                      /usr/lib/python2.7/dist-packages/simplejson/_speedups.x86_64-linux-gnu.so
7fcfb42f1000-7fcfb42f2000 r--p 00009000 00:6cd 2612                      /usr/lib/python2.7/dist-packages/simplejson/_speedups.x86_64-linux-gnu.so
7fcfb42f2000-7fcfb42f3000 rw-p 0000a000 00:6cd 2612                      /usr/lib/python2.7/dist-packages/simplejson/_speedups.x86_64-linux-gnu.so
7fcfb42f3000-7fcfb4373000 rw-p 00000000 00:00 0 
7fcfb4373000-7fcfb4374000 ---p 00000000 00:00 0 
7fcfb4374000-7fcfb4d34000 rw-p 00000000 00:00 0 
7fcfb4d34000-7fcfb4de8000 r-xp 00000000 00:6cd 747                       /usr/lib/x86_64-linux-gnu/libsqlite3.so.0.8.6
7fcfb4de8000-7fcfb4fe8000 ---p 000b4000 00:6cd 747                       /usr/lib/x86_64-linux-gnu/libsqlite3.so.0.8.6
7fcfb4fe8000-7fcfb4fea000 r--p 000b4000 00:6cd 747                       /usr/lib/x86_64-linux-gnu/libsqlite3.so.0.8.6
7fcfb4fea000-7fcfb4fec000 rw-p 000b6000 00:6cd 747                       /usr/lib/x86_64-linux-gnu/libsqlite3.so.0.8.6
7fcfb4fec000-7fcfb4fed000 rw-p 00000000 00:00 0 
7fcfb4fed000-7fcfb4fff000 r-xp 00000000 00:6cd 2374                      /usr/lib/python2.7/lib-dynload/_sqlite3.x86_64-linux-gnu.so
7fcfb4fff000-7fcfb51fe000 ---p 00012000 00:6cd 2374                      /usr/lib/python2.7/lib-dynload/_sqlite3.x86_64-linux-gnu.so
7fcfb51fe000-7fcfb51ff000 r--p 00011000 00:6cd 2374                      /usr/lib/python2.7/lib-dynload/_sqlite3.x86_64-linux-gnu.so
7fcfb51ff000-7fcfb5201000 rw-p 00012000 00:6cd 2374                      /usr/lib/python2.7/lib-dynload/_sqlite3.x86_64-linux-gnu.so
7fcfb5201000-7fcfb5601000 rw-p 00000000 00:00 0 
7fcfb5601000-7fcfb5605000 r-xp 00000000 00:6cd 2075                      /lib/x86_64-linux-gnu/libuuid.so.1.3.0
7fcfb5605000-7fcfb5804000 ---p 00004000 00:6cd 2075                      /lib/x86_64-linux-gnu/libuuid.so.1.3.0
7fcfb5804000-7fcfb5805000 r--p 00003000 00:6cd 2075                      /lib/x86_64-linux-gnu/libuuid.so.1.3.0
7fcfb5805000-7fcfb5806000 rw-p 00004000 00:6cd 2075                      /lib/x86_64-linux-gnu/libuuid.so.1.3.0
7fcfb5806000-7fcfb5846000 rw-p 00000000 00:00 0 
7fcfb5846000-7fcfb584d000 r-xp 00000000 00:6cd 739                       /usr/lib/x86_64-linux-gnu/libffi.so.6.0.1
7fcfb584d000-7fcfb5a4c000 ---p 00007000 00:6cd 739                       /usr/lib/x86_64-linux-gnu/libffi.so.6.0.1
7fcfb5a4c000-7fcfb5a4d000 r--p 00006000 00:6cd 739                       /usr/lib/x86_64-linux-gnu/libffi.so.6.0.1
7fcfb5a4d000-7fcfb5a4e000 rw-p 00007000 00:6cd 739                       /usr/lib/x86_64-linux-gnu/libffi.so.6.0.1
7fcfb5a4e000-7fcfb5a6b000 r-xp 00000000 00:6cd 2067                      /usr/lib/python2.7/lib-dynload/_ctypes.x86_64-linux-gnu.so
7fcfb5a6b000-7fcfb5c6a000 ---p 0001d000 00:6cd 2067                      /usr/lib/python2.7/lib-dynload/_ctypes.x86_64-linux-gnu.so
7fcfb5c6a000-7fcfb5c6b000 r--p 0001c000 00:6cd 2067                      /usr/lib/python2.7/lib-dynload/_ctypes.x86_64-linux-gnu.so
7fcfb5c6b000-7fcfb5c6f000 rw-p 0001d000 00:6cd 2067                      /usr/lib/python2.7/lib-dynload/_ctypes.x86_64-linux-gnu.so
7fcfb5c6f000-7fcfb5daf000 rw-p 00000000 00:00 0 
7fcfb5daf000-7fcfb5dbb000 r-xp 00000000 00:6cd 1389                      /usr/lib/python2.7/lib-dynload/_json.x86_64-linux-gnu.so
7fcfb5dbb000-7fcfb5fba000 ---p 0000c000 00:6cd 1389                      /usr/lib/python2.7/lib-dynload/_json.x86_64-linux-gnu.so
7fcfb5fba000-7fcfb5fbb000 r--p 0000b000 00:6cd 1389                      /usr/lib/python2.7/lib-dynload/_json.x86_64-linux-gnu.so
7fcfb5fbb000-7fcfb5fbc000 rw-p 0000c000 00:6cd 1389                      /usr/lib/python2.7/lib-dynload/_json.x86_64-linux-gnu.so
7fcfb5fbc000-7fcfb60bc000 rw-p 00000000 00:00 0 
7fcfb60bc000-7fcfb60c0000 r-xp 00000000 00:6cd 1296                      /usr/lib/python2.7/lib-dynload/termios.x86_64-linux-gnu.so
7fcfb60c0000-7fcfb62bf000 ---p 00004000 00:6cd 1296                      /usr/lib/python2.7/lib-dynload/termios.x86_64-linux-gnu.so
7fcfb62bf000-7fcfb62c0000 r--p 00003000 00:6cd 1296                      /usr/lib/python2.7/lib-dynload/termios.x86_64-linux-gnu.so
7fcfb62c0000-7fcfb62c2000 rw-p 00004000 00:6cd 1296                      /usr/lib/python2.7/lib-dynload/termios.x86_64-linux-gnu.so
7fcfb62c2000-7fcfb63c2000 rw-p 00000000 00:00 0 
7fcfb63c2000-7fcfb63c6000 r-xp 00000000 00:6cd 1209                      /usr/lib/python2.7/lib-dynload/_hashlib.x86_64-linux-gnu.so
7fcfb63c6000-7fcfb65c5000 ---p 00004000 00:6cd 1209                      /usr/lib/python2.7/lib-dynload/_hashlib.x86_64-linux-gnu.so
7fcfb65c5000-7fcfb65c6000 r--p 00003000 00:6cd 1209                      /usr/lib/python2.7/lib-dynload/_hashlib.x86_64-linux-gnu.so
7fcfb65c6000-7fcfb65c7000 rw-p 00004000 00:6cd 1209                      /usr/lib/python2.7/lib-dynload/_hashlib.x86_64-linux-gnu.so
7fcfb65c7000-7fcfb6607000 rw-p 00000000 00:00 0 
7fcfb6607000-7fcfb67ba000 r-xp 00000000 00:6cd 695                       /lib/x86_64-linux-gnu/libcrypto.so.1.0.0
7fcfb67ba000-7fcfb69b9000 ---p 001b3000 00:6cd 695                       /lib/x86_64-linux-gnu/libcrypto.so.1.0.0
7fcfb69b9000-7fcfb69d4000 r--p 001b2000 00:6cd 695                       /lib/x86_64-linux-gnu/libcrypto.so.1.0.0
7fcfb69d4000-7fcfb69df000 rw-p 001cd000 00:6cd 695                       /lib/x86_64-linux-gnu/libcrypto.so.1.0.0
7fcfb69df000-7fcfb69e3000 rw-p 00000000 00:00 0 
7fcfb69e3000-7fcfb6a38000 r-xp 00000000 00:6cd 694                       /lib/x86_64-linux-gnu/libssl.so.1.0.0
7fcfb6a38000-7fcfb6c38000 ---p 00055000 00:6cd 694                       /lib/x86_64-linux-gnu/libssl.so.1.0.0
7fcfb6c38000-7fcfb6c3b000 r--p 00055000 00:6cd 694                       /lib/x86_64-linux-gnu/libssl.so.1.0.0
7fcfb6c3b000-7fcfb6c42000 rw-p 00058000 00:6cd 694                       /lib/x86_64-linux-gnu/libssl.so.1.0.0
7fcfb6c42000-7fcfb6c4a000 r-xp 00000000 00:6cd 1190                      /usr/lib/python2.7/lib-dynload/_ssl.x86_64-linux-gnu.so
7fcfb6c4a000-7fcfb6e49000 ---p 00008000 00:6cd 1190                      /usr/lib/python2.7/lib-dynload/_ssl.x86_64-linux-gnu.so
7fcfb6e49000-7fcfb6e4a000 r--p 00007000 00:6cd 1190                      /usr/lib/python2.7/lib-dynload/_ssl.x86_64-linux-gnu.so
7fcfb6e4a000-7fcfb6e4b000 rw-p 00008000 00:6cd 1190                      /usr/lib/python2.7/lib-dynload/_ssl.x86_64-linux-gnu.so
7fcfb6e4b000-7fcfb6f0b000 rw-p 00000000 00:00 0 
7fcfb6f0c000-7fcfb704c000 rw-p 00000000 00:00 0 
7fcfb704c000-7fcfb7063000 r-xp 00000000 00:6cd 1135                      /usr/lib/python2.7/lib-dynload/datetime.x86_64-linux-gnu.so
7fcfb7063000-7fcfb7262000 ---p 00017000 00:6cd 1135                      /usr/lib/python2.7/lib-dynload/datetime.x86_64-linux-gnu.so
7fcfb7262000-7fcfb7263000 r--p 00016000 00:6cd 1135                      /usr/lib/python2.7/lib-dynload/datetime.x86_64-linux-gnu.so
7fcfb7263000-7fcfb7267000 rw-p 00017000 00:6cd 1135                      /usr/lib/python2.7/lib-dynload/datetime.x86_64-linux-gnu.so
7fcfb7267000-7fcfb736c000 r-xp 00000000 00:6cd 163                       /lib/x86_64-linux-gnu/libm-2.19.so
7fcfb736c000-7fcfb756b000 ---p 00105000 00:6cd 163                       /lib/x86_64-linux-gnu/libm-2.19.so
7fcfb756b000-7fcfb756c000 r--p 00104000 00:6cd 163                       /lib/x86_64-linux-gnu/libm-2.19.so
7fcfb756c000-7fcfb756d000 rw-p 00105000 00:6cd 163                       /lib/x86_64-linux-gnu/libm-2.19.so
7fcfb756d000-7fcfb7585000 r-xp 00000000 00:6cd 262                       /lib/x86_64-linux-gnu/libz.so.1.2.8
7fcfb7585000-7fcfb7784000 ---p 00018000 00:6cd 262                       /lib/x86_64-linux-gnu/libz.so.1.2.8
7fcfb7784000-7fcfb7785000 r--p 00017000 00:6cd 262                       /lib/x86_64-linux-gnu/libz.so.1.2.8
7fcfb7785000-7fcfb7786000 rw-p 00018000 00:6cd 262                       /lib/x86_64-linux-gnu/libz.so.1.2.8
7fcfb7786000-7fcfb7788000 r-xp 00000000 00:6cd 920                       /lib/x86_64-linux-gnu/libutil-2.19.so
7fcfb7788000-7fcfb7987000 ---p 00002000 00:6cd 920                       /lib/x86_64-linux-gnu/libutil-2.19.so
7fcfb7987000-7fcfb7988000 r--p 00001000 00:6cd 920                       /lib/x86_64-linux-gnu/libutil-2.19.so
7fcfb7988000-7fcfb7989000 rw-p 00002000 00:6cd 920                       /lib/x86_64-linux-gnu/libutil-2.19.so
7fcfb7989000-7fcfb798c000 r-xp 00000000 00:6cd 76                        /lib/x86_64-linux-gnu/libdl-2.19.so
7fcfb798c000-7fcfb7b8b000 ---p 00003000 00:6cd 76                        /lib/x86_64-linux-gnu/libdl-2.19.so
7fcfb7b8b000-7fcfb7b8c000 r--p 00002000 00:6cd 76                        /lib/x86_64-linux-gnu/libdl-2.19.so
7fcfb7b8c000-7fcfb7b8d000 rw-p 00003000 00:6cd 76                        /lib/x86_64-linux-gnu/libdl-2.19.so
7fcfb7b8d000-7fcfb7d4b000 r-xp 00000000 00:6cd 78                        /lib/x86_64-linux-gnu/libc-2.19.so
7fcfb7d4b000-7fcfb7f4b000 ---p 001be000 00:6cd 78                        /lib/x86_64-linux-gnu/libc-2.19.so
7fcfb7f4b000-7fcfb7f4f000 r--p 001be000 00:6cd 78                        /lib/x86_64-linux-gnu/libc-2.19.so
7fcfb7f4f000-7fcfb7f51000 rw-p 001c2000 00:6cd 78                        /lib/x86_64-linux-gnu/libc-2.19.so
7fcfb7f51000-7fcfb7f56000 rw-p 00000000 00:00 0 
7fcfb7f56000-7fcfb7f6f000 r-xp 00000000 00:6cd 238                       /lib/x86_64-linux-gnu/libpthread-2.19.so
7fcfb7f6f000-7fcfb816e000 ---p 00019000 00:6cd 238                       /lib/x86_64-linux-gnu/libpthread-2.19.so
7fcfb816e000-7fcfb816f000 r--p 00018000 00:6cd 238                       /lib/x86_64-linux-gnu/libpthread-2.19.so
7fcfb816f000-7fcfb8170000 rw-p 00019000 00:6cd 238                       /lib/x86_64-linux-gnu/libpthread-2.19.so
7fcfb8170000-7fcfb8174000 rw-p 00000000 00:00 0 
7fcfb8174000-7fcfb8197000 r-xp 00000000 00:6cd 71                        /lib/x86_64-linux-gnu/ld-2.19.so
7fcfb819b000-7fcfb819c000 r--s 00006000 00:6cd 5463                      /usr/local/lib/python2.7/dist-packages/konlpy/java/twitter-text-1.10.1.jar
7fcfb819c000-7fcfb819d000 r--s 00001000 00:6cd 5459                      /usr/local/lib/python2.7/dist-packages/konlpy/java/shineware-ds-1.0.jar
7fcfb819d000-7fcfb819e000 r--s 00004000 00:6cd 5458                      /usr/local/lib/python2.7/dist-packages/konlpy/java/shineware-common-2.0.jar
7fcfb819e000-7fcfb819f000 r--s 00006000 00:6cd 5457                      /usr/local/lib/python2.7/dist-packages/konlpy/java/komoran-2.4-e.jar
7fcfb819f000-7fcfb81a2000 r--s 0075b000 00:6cd 5456                      /usr/local/lib/python2.7/dist-packages/konlpy/java/kkma-2.0.jar
7fcfb81a2000-7fcfb81a6000 r--s 00025000 00:6cd 5455                      /usr/local/lib/python2.7/dist-packages/konlpy/java/jhannanum-0.8.4.jar
7fcfb81a6000-7fcfb81a9000 r--s 0003d000 00:6cd 5447                      /usr/lib/jvm/java-7-openjdk-amd64/jre/lib/ext/sunpkcs11.jar
7fcfb81a9000-7fcfb81e9000 rw-p 00000000 00:00 0 
7fcfb81e9000-7fcfb820f000 r--p 00000000 00:6cd 110                       /usr/lib/locale/C.UTF-8/LC_CTYPE
7fcfb820f000-7fcfb828f000 rw-p 00000000 00:00 0 
7fcfb828f000-7fcfb8293000 r--s 00085000 00:6cd 5446                      /usr/lib/jvm/java-7-openjdk-amd64/jre/lib/ext/localedata.jar
7fcfb8293000-7fcfb8296000 r--s 0000f000 00:6cd 5445                      /usr/lib/jvm/java-7-openjdk-amd64/jre/lib/ext/icedtea-sound.jar
7fcfb8296000-7fcfb8297000 r--s 00002000 00:6cd 5444                      /usr/lib/jvm/java-7-openjdk-amd64/jre/lib/ext/dnsns.jar
7fcfb8297000-7fcfb8299000 r--s 00012000 00:6cd 5443                      /usr/lib/jvm/java-7-openjdk-amd64/jre/lib/ext/zipfs.jar
7fcfb8299000-7fcfb829d000 r--s 00034000 00:6cd 5442                      /usr/lib/jvm/java-7-openjdk-amd64/jre/lib/ext/sunjce_provider.jar
7fcfb829d000-7fcfb829f000 r--s 00006000 00:6cd 5452                      /usr/share/java/java-atk-wrapper.jar
7fcfb829f000-7fcfb82a0000 r--p 00000000 00:6cd 109                       /usr/lib/locale/C.UTF-8/LC_NUMERIC
7fcfb82a0000-7fcfb82a1000 r--p 00000000 00:6cd 108                       /usr/lib/locale/C.UTF-8/LC_TIME
7fcfb82a1000-7fcfb82a2000 r--p 00000000 00:6cd 106                       /usr/lib/locale/C.UTF-8/LC_MONETARY
7fcfb82a2000-7fcfb82a3000 r--p 00000000 00:6cd 105                       /usr/lib/locale/C.UTF-8/LC_MESSAGES/SYS_LC_MESSAGES
7fcfb82a3000-7fcfb82a4000 r--p 00000000 00:6cd 103                       /usr/lib/locale/C.UTF-8/LC_PAPER
7fcfb82a4000-7fcfb82a5000 r--p 00000000 00:6cd 102                       /usr/lib/locale/C.UTF-8/LC_NAME
7fcfb82a5000-7fcfb82b8000 rw-p 00000000 00:00 0 
7fcfb82b8000-7fcfb82c0000 rw-s 00000000 00:6cd 294                       /tmp/hsperfdata_ubuntu/33280
7fcfb82c0000-7fcfb8385000 rw-p 00000000 00:00 0 
7fcfb8385000-7fcfb8386000 r--p 00000000 00:6cd 101                       /usr/lib/locale/C.UTF-8/LC_ADDRESS
7fcfb8386000-7fcfb8387000 r--p 00000000 00:6cd 100                       /usr/lib/locale/C.UTF-8/LC_TELEPHONE
7fcfb8387000-7fcfb8388000 r--p 00000000 00:6cd 99                        /usr/lib/locale/C.UTF-8/LC_MEASUREMENT
7fcfb8388000-7fcfb8389000 r--p 00000000 00:6cd 95                        /usr/lib/locale/C.UTF-8/LC_IDENTIFICATION
7fcfb8389000-7fcfb838a000 rw-p 00000000 00:00 0 
7fcfb838a000-7fcfb838b000 r--p 00000000 00:00 0 
7fcfb838b000-7fcfb838c000 rw-p 00000000 00:00 0 
7fcfb838c000-7fcfb838d000 rwxp 00000000 00:00 0 
7fcfb838d000-7fcfb8394000 r--s 00000000 00:6cd 98                        /usr/lib/x86_64-linux-gnu/gconv/gconv-modules.cache
7fcfb8394000-7fcfb8396000 rw-p 00000000 00:00 0 
7fcfb8396000-7fcfb8397000 r--p 00022000 00:6cd 71                        /lib/x86_64-linux-gnu/ld-2.19.so
7fcfb8397000-7fcfb8398000 rw-p 00023000 00:6cd 71                        /lib/x86_64-linux-gnu/ld-2.19.so
7fcfb8398000-7fcfb8399000 rw-p 00000000 00:00 0 
7fff4903f000-7fff49060000 rw-p 00000000 00:00 0                          [stack]
7fff491d2000-7fff491d4000 r--p 00000000 00:00 0                          [vvar]
7fff491d4000-7fff491d6000 r-xp 00000000 00:00 0                          [vdso]
ffffffffff600000-ffffffffff601000 r-xp 00000000 00:00 0                  [vsyscall]

VM Arguments:
jvm_args: -Dfile.encoding=UTF8 -ea -Xmx768m 
java_command: <unknown>
Launcher Type: generic

Environment Variables:
PATH=/home/ubuntu/.nvm/versions/node/v6.11.2/bin:/usr/local/rvm/gems/ruby-2.4.0/bin:/usr/local/rvm/gems/ruby-2.4.0@global/bin:/usr/local/rvm/rubies/ruby-2.4.0/bin:/mnt/shared/bin:/home/ubuntu/workspace/node_modules/.bin:/home/ubuntu/bin:/usr/local/sbin:/usr/local/bin:/usr/sbin:/usr/bin:/sbin:/bin:/mnt/shared/sbin:/opt/gitl:/opt/go/bin:/mnt/shared/c9/app.nw/bin:/usr/local/rvm/bin
LD_LIBRARY_PATH=~/.c9/local/lib
SHELL=/bin/bash

Signal Handlers:
SIGSEGV: [libjvm.so+0x963630], sa_mask[0]=0x7ffbfeff, sa_flags=0x10000004
SIGBUS: [libjvm.so+0x963630], sa_mask[0]=0x7ffbfeff, sa_flags=0x10000004
SIGFPE: [libjvm.so+0x7d5da0], sa_mask[0]=0x7ffbfeff, sa_flags=0x10000004
SIGPIPE: [libjvm.so+0x7d5da0], sa_mask[0]=0x7ffbfeff, sa_flags=0x10000004
SIGXFSZ: [libjvm.so+0x7d5da0], sa_mask[0]=0x7ffbfeff, sa_flags=0x10000004
SIGILL: [libjvm.so+0x7d5da0], sa_mask[0]=0x7ffbfeff, sa_flags=0x10000004
SIGUSR1: SIG_DFL, sa_mask[0]=0x00000000, sa_flags=0x00000000
SIGUSR2: [libjvm.so+0x7d5ed0], sa_mask[0]=0x00000000, sa_flags=0x10000004
SIGHUP: [libjvm.so+0x7d5e20], sa_mask[0]=0x7ffbfeff, sa_flags=0x10000004
SIGINT: [libjvm.so+0x7d5e20], sa_mask[0]=0x7ffbfeff, sa_flags=0x10000004
SIGTERM: [libjvm.so+0x7d5e20], sa_mask[0]=0x7ffbfeff, sa_flags=0x10000004
SIGQUIT: [libjvm.so+0x7d5e20], sa_mask[0]=0x7ffbfeff, sa_flags=0x10000004
SIGTRAP: SIG_DFL, sa_mask[0]=0x00000000, sa_flags=0x00000000


---------------  S Y S T E M  ---------------

OS:Ubuntu 14.04 (trusty)
uname:Linux 4.9.17-c9 #1 SMP Thu Mar 23 01:38:54 UTC 2017 x86_64
libc:glibc 2.19 NPTL 2.19 
rlimit: STACK 8192k, CORE 0k, NPROC 1048576, NOFILE 1048576, AS infinity
load average:4.94 6.71 6.80

/proc/meminfo:
MemTotal:       53595428 kB
MemFree:         3745408 kB
MemAvailable:   16251792 kB
Buffers:         8287572 kB
Cached:         11642028 kB
SwapCached:       927892 kB
Active:         26036696 kB
Inactive:       13529928 kB
Active(anon):   10421232 kB
Inactive(anon): 11722620 kB
Active(file):   15615464 kB
Inactive(file):  1807308 kB
Unevictable:       42176 kB
Mlocked:           42176 kB
SwapTotal:      52428796 kB
SwapFree:       41276744 kB
Dirty:             11776 kB
Writeback:            56 kB
AnonPages:      19132912 kB
Mapped:          1550336 kB
Shmem:           2505472 kB
Slab:            7774724 kB
SReclaimable:    5359988 kB
SUnreclaim:      2414736 kB
KernelStack:      183488 kB
PageTables:       459360 kB
NFS_Unstable:          0 kB
Bounce:                0 kB
WritebackTmp:          0 kB
CommitLimit:    79226508 kB
Committed_AS:   85663676 kB
VmallocTotal:   34359738367 kB
VmallocUsed:           0 kB
VmallocChunk:          0 kB
HardwareCorrupted:     0 kB
AnonHugePages:    167936 kB
ShmemHugePages:        0 kB
ShmemPmdMapped:        0 kB
HugePages_Total:       0
HugePages_Free:        0
HugePages_Rsvd:        0
HugePages_Surp:        0
Hugepagesize:       2048 kB
DirectMap4k:     4331508 kB
DirectMap2M:    50194432 kB
DirectMap1G:     2097152 kB


CPU:total 8 (initial active 8) (12 cores per cpu, 2 threads per core) family 6 model 62 stepping 4, cmov, cx8, fxsr, mmx, sse, sse2, sse3, ssse3, sse4.1, sse4.2, popcnt, avx, aes, erms, ht, tsc, tscinvbit

/proc/cpuinfo:
processor	: 0
vendor_id	: GenuineIntel
cpu family	: 6
model		: 62
model name	: Intel(R) Xeon(R) CPU @ 2.50GHz
stepping	: 4
microcode	: 0x1
cpu MHz		: 2500.000
cache size	: 30720 KB
physical id	: 0
siblings	: 8
core id		: 0
cpu cores	: 4
apicid		: 0
initial apicid	: 0
fpu		: yes
fpu_exception	: yes
cpuid level	: 13
wp		: yes
flags		: fpu vme de pse tsc msr pae mce cx8 apic sep mtrr pge mca cmov pat pse36 clflush mmx fxsr sse sse2 ss ht syscall nx pdpe1gb rdtscp lm constant_tsc rep_good nopl xtopology nonstop_tsc eagerfpu pni pclmulqdq ssse3 cx16 sse4_1 sse4_2 x2apic popcnt aes xsave avx f16c rdrand hypervisor lahf_lm fsgsbase tsc_adjust smep erms xsaveopt
bugs		:
bogomips	: 5000.00
clflush size	: 64
cache_alignment	: 64
address sizes	: 46 bits physical, 48 bits virtual
power management:

processor	: 1
vendor_id	: GenuineIntel
cpu family	: 6
model		: 62
model name	: Intel(R) Xeon(R) CPU @ 2.50GHz
stepping	: 4
microcode	: 0x1
cpu MHz		: 2500.000
cache size	: 30720 KB
physical id	: 0
siblings	: 8
core id		: 1
cpu cores	: 4
apicid		: 2
initial apicid	: 2
fpu		: yes
fpu_exception	: yes
cpuid level	: 13
wp		: yes
flags		: fpu vme de pse tsc msr pae mce cx8 apic sep mtrr pge mca cmov pat pse36 clflush mmx fxsr sse sse2 ss ht syscall nx pdpe1gb rdtscp lm constant_tsc rep_good nopl xtopology nonstop_tsc eagerfpu pni pclmulqdq ssse3 cx16 sse4_1 sse4_2 x2apic popcnt aes xsave avx f16c rdrand hypervisor lahf_lm fsgsbase tsc_adjust smep erms xsaveopt
bugs		:
bogomips	: 5000.00
clflush size	: 64
cache_alignment	: 64
address sizes	: 46 bits physical, 48 bits virtual
power management:

processor	: 2
vendor_id	: GenuineIntel
cpu family	: 6
model		: 62
model name	: Intel(R) Xeon(R) CPU @ 2.50GHz
stepping	: 4
microcode	: 0x1
cpu MHz		: 2500.000
cache size	: 30720 KB
physical id	: 0
siblings	: 8
core id		: 2
cpu cores	: 4
apicid		: 4
initial apicid	: 4
fpu		: yes
fpu_exception	: yes
cpuid level	: 13
wp		: yes
flags		: fpu vme de pse tsc msr pae mce cx8 apic sep mtrr pge mca cmov pat pse36 clflush mmx fxsr sse sse2 ss ht syscall nx pdpe1gb rdtscp lm constant_tsc rep_good nopl xtopology nonstop_tsc eagerfpu pni pclmulqdq ssse3 cx16 sse4_1 sse4_2 x2apic popcnt aes xsave avx f16c rdrand hypervisor lahf_lm fsgsbase tsc_adjust smep erms xsaveopt
bugs		:
bogomips	: 5000.00
clflush size	: 64
cache_alignment	: 64
address sizes	: 46 bits physical, 48 bits virtual
power management:

processor	: 3
vendor_id	: GenuineIntel
cpu family	: 6
model		: 62
model name	: Intel(R) Xeon(R) CPU @ 2.50GHz
stepping	: 4
microcode	: 0x1
cpu MHz		: 2500.000
cache size	: 30720 KB
physical id	: 0
siblings	: 8
core id		: 3
cpu cores	: 4
apicid		: 6
initial apicid	: 6
fpu		: yes
fpu_exception	: yes
cpuid level	: 13
wp		: yes
flags		: fpu vme de pse tsc msr pae mce cx8 apic sep mtrr pge mca cmov pat pse36 clflush mmx fxsr sse sse2 ss ht syscall nx pdpe1gb rdtscp lm constant_tsc rep_good nopl xtopology nonstop_tsc eagerfpu pni pclmulqdq ssse3 cx16 sse4_1 sse4_2 x2apic popcnt aes xsave avx f16c rdrand hypervisor lahf_lm fsgsbase tsc_adjust smep erms xsaveopt
bugs		:
bogomips	: 5000.00
clflush size	: 64
cache_alignment	: 64
address sizes	: 46 bits physical, 48 bits virtual
power management:

processor	: 4
vendor_id	: GenuineIntel
cpu family	: 6
model		: 62
model name	: Intel(R) Xeon(R) CPU @ 2.50GHz
stepping	: 4
microcode	: 0x1
cpu MHz		: 2500.000
cache size	: 30720 KB
physical id	: 0
siblings	: 8
core id		: 0
cpu cores	: 4
apicid		: 1
initial apicid	: 1
fpu		: yes
fpu_exception	: yes
cpuid level	: 13
wp		: yes
flags		: fpu vme de pse tsc msr pae mce cx8 apic sep mtrr pge mca cmov pat pse36 clflush mmx fxsr sse sse2 ss ht syscall nx pdpe1gb rdtscp lm constant_tsc rep_good nopl xtopology nonstop_tsc eagerfpu pni pclmulqdq ssse3 cx16 sse4_1 sse4_2 x2apic popcnt aes xsave avx f16c rdrand hypervisor lahf_lm fsgsbase tsc_adjust smep erms xsaveopt
bugs		:
bogomips	: 5000.00
clflush size	: 64
cache_alignment	: 64
address sizes	: 46 bits physical, 48 bits virtual
power management:

processor	: 5
vendor_id	: GenuineIntel
cpu family	: 6
model		: 62
model name	: Intel(R) Xeon(R) CPU @ 2.50GHz
stepping	: 4
microcode	: 0x1
cpu MHz		: 2500.000
cache size	: 30720 KB
physical id	: 0
siblings	: 8
core id		: 1
cpu cores	: 4
apicid		: 3
initial apicid	: 3
fpu		: yes
fpu_exception	: yes
cpuid level	: 13
wp		: yes
flags		: fpu vme de pse tsc msr pae mce cx8 apic sep mtrr pge mca cmov pat pse36 clflush mmx fxsr sse sse2 ss ht syscall nx pdpe1gb rdtscp lm constant_tsc rep_good nopl xtopology nonstop_tsc eagerfpu pni pclmulqdq ssse3 cx16 sse4_1 sse4_2 x2apic popcnt aes xsave avx f16c rdrand hypervisor lahf_lm fsgsbase tsc_adjust smep erms xsaveopt
bugs		:
bogomips	: 5000.00
clflush size	: 64
cache_alignment	: 64
address sizes	: 46 bits physical, 48 bits virtual
power management:

processor	: 6
vendor_id	: GenuineIntel
cpu family	: 6
model		: 62
model name	: Intel(R) Xeon(R) CPU @ 2.50GHz
stepping	: 4
microcode	: 0x1
cpu MHz		: 2500.000
cache size	: 30720 KB
physical id	: 0
siblings	: 8
core id		: 2
cpu cores	: 4
apicid		: 5
initial apicid	: 5
fpu		: yes
fpu_exception	: yes
cpuid level	: 13
wp		: yes
flags		: fpu vme de pse tsc msr pae mce cx8 apic sep mtrr pge mca cmov pat pse36 clflush mmx fxsr sse sse2 ss ht syscall nx pdpe1gb rdtscp lm constant_tsc rep_good nopl xtopology nonstop_tsc eagerfpu pni pclmulqdq ssse3 cx16 sse4_1 sse4_2 x2apic popcnt aes xsave avx f16c rdrand hypervisor lahf_lm fsgsbase tsc_adjust smep erms xsaveopt
bugs		:
bogomips	: 5000.00
clflush size	: 64
cache_alignment	: 64
address sizes	: 46 bits physical, 48 bits virtual
power management:

processor	: 7
vendor_id	: GenuineIntel
cpu family	: 6
model		: 62
model name	: Intel(R) Xeon(R) CPU @ 2.50GHz
stepping	: 4
microcode	: 0x1
cpu MHz		: 2500.000
cache size	: 30720 KB
physical id	: 0
siblings	: 8
core id		: 3
cpu cores	: 4
apicid		: 7
initial apicid	: 7
fpu		: yes
fpu_exception	: yes
cpuid level	: 13
wp		: yes
flags		: fpu vme de pse tsc msr pae mce cx8 apic sep mtrr pge mca cmov pat pse36 clflush mmx fxsr sse sse2 ss ht syscall nx pdpe1gb rdtscp lm constant_tsc rep_good nopl xtopology nonstop_tsc eagerfpu pni pclmulqdq ssse3 cx16 sse4_1 sse4_2 x2apic popcnt aes xsave avx f16c rdrand hypervisor lahf_lm fsgsbase tsc_adjust smep erms xsaveopt
bugs		:
bogomips	: 5000.00
clflush size	: 64
cache_alignment	: 64
address sizes	: 46 bits physical, 48 bits virtual
power management:



Memory: 4k page, physical 53595428k(3745408k free), swap 52428796k(41276744k free)

vm_info: OpenJDK 64-Bit Server VM (24.151-b01) for linux-amd64 JRE (1.7.0_151-b01), built on Aug 15 2017 05:35:24 by "buildd" with gcc 4.8.4

time: Thu Nov 16 18:19:42 2017
elapsed time: 14 seconds

