#
# A fatal error has been detected by the Java Runtime Environment:
#
#  SIGSEGV (0xb) at pc=0x00007f8b7fae8fd3, pid=28946, tid=140237066458880
#
# JRE version: OpenJDK Runtime Environment (7.0_151-b01) (build 1.7.0_151-b01)
# Java VM: OpenJDK 64-Bit Server VM (24.151-b01 mixed mode linux-amd64 compressed oops)
# Derivative: IcedTea 2.6.11
# Distribution: Ubuntu 14.04 LTS, package 7u151-2.6.11-0ubuntu1.14.04.1
# Problematic frame:
# C  [_jpype.so+0x35fd3]  JPJavaEnv::NewObjectA(_jclass*, _jmethodID*, jvalue*)+0x33
#
# Failed to write core dump. Core dumps have been disabled. To enable core dumping, try "ulimit -c unlimited" before starting Java again
#
# If you would like to submit a bug report, please include
# instructions on how to reproduce the bug and visit:
#   http://icedtea.classpath.org/bugzilla
#

---------------  T H R E A D  ---------------

Current thread is native thread

siginfo:si_signo=SIGSEGV: si_errno=0, si_code=1 (SEGV_MAPERR), si_addr=0x0000000000000000

Registers:
RAX=0x00007f8b8001ac40, RBX=0x0000000000000000, RCX=0x00007f8b886da8fd, RDX=0x0000000000000001
RSP=0x00007f8b7c879ca0, RBP=0x00007f8b78359f98, RSI=0x0000000000000081, RDI=0x0000000001dfba50
R8 =0x0000000000000000, R9 =0x0000000000000002, R10=0x00007f8b7fab1940, R11=0x0000000000000206
R12=0x00007f8b7833e470, R13=0x00007f8b8001ac40, R14=0x00007f8b7834fbc8, R15=0x00007f8b7833cb10
RIP=0x00007f8b7fae8fd3, EFLAGS=0x0000000000010206, CSGSFS=0x002b000000000033, ERR=0x0000000000000004
  TRAPNO=0x000000000000000e

Top of Stack: (sp=0x00007f8b7c879ca0)
0x00007f8b7c879ca0:   00007f8b7c879e30 00007f8b7834fbc8
0x00007f8b7c879cb0:   0000000000000000 0000000000000000
0x00007f8b7c879cc0:   00007f8b7833cb10 00007f8b7841f448
0x00007f8b7c879cd0:   00007f8b7c879e10 00007f8b7faebf9e
0x00007f8b7c879ce0:   0000000000000000 00007f8b7c879d50
0x00007f8b7c879cf0:   00007f8b78359f98 00007f8b7c879d10
0x00007f8b7c879d00:   00007f8b7845c4f0 00000000005103c9
0x00007f8b7c879d10:   00007f8b7fd33010 00007f8b78794008
0x00007f8b7c879d20:   00007f8b7ff40700 ffffffff00000000
0x00007f8b7c879d30:   00000000005cd65e 00000000004ae2d9
0x00007f8b7c879d40:   0000003000000028 00007f8b7c879ec0
0x00007f8b7c879d50:   00007f8b7fd34050 0000000000000000
0x00007f8b7c879d60:   0000000000000000 0000000000000000
0x00007f8b7c879d70:   0000000000000000 0000000000000000
0x00007f8b7c879d80:   0000000000000000 0000000000000000
0x00007f8b7c879d90:   0000000000000000 0000000000000000
0x00007f8b7c879da0:   00007f8b7c879e30 00007f8b7ca95b00
0x00007f8b7c879db0:   00007f8b88ab6050 0000000000000000
0x00007f8b7c879dc0:   00007f8b7c879e30 0000000000000000
0x00007f8b7c879dd0:   00007f8b88ab6050 00007f8b7fb11eaa
0x00007f8b7c879de0:   0000000000000000 00007f8b7c06cb00
0x00007f8b7c879df0:   00007f8b88ab7ed0 00007f8b7cd6ba80
0x00007f8b7c879e00:   00007f8b88ab7030 00007f8b7f298010
0x00007f8b7c879e10:   0000000000000000 0000000000000000
0x00007f8b7c879e20:   0000000000000000 00007f8b7845c4f0
0x00007f8b7c879e30:   00007f8b7fd34050 0000000000000000
0x00007f8b7c879e40:   0000000000000000 0000000000000000
0x00007f8b7c879e50:   0000000000000000 0000000000000000
0x00007f8b7c879e60:   0000000000000000 0000000000000000
0x00007f8b7c879e70:   0000000000000000 0000000000000000
0x00007f8b7c879e80:   00007f8b88ab9230 00007f8b7ca95b00
0x00007f8b7c879e90:   00007f8b88ab6050 0000000000000000 

Instructions: (pc=0x00007f8b7fae8fd3)
0x00007f8b7fae8fb3:   89 f5 53 48 83 ec 08 e8 81 f7 ff ff 48 89 c3 e8
0x00007f8b7fae8fc3:   49 a3 01 00 48 8b 10 48 89 c7 ff 52 30 49 89 c5
0x00007f8b7fae8fd3:   48 8b 03 48 89 ee 48 89 df ff 90 d8 00 00 00 48
0x00007f8b7fae8fe3:   89 c5 e8 16 a3 01 00 48 89 c7 e8 6e f7 ff ff 84 

Register to memory mapping:

RAX=0x00007f8b8001ac40 is an unknown value
RBX=0x0000000000000000 is an unknown value
RCX=0x00007f8b886da8fd: sem_post+0x2d in /lib/x86_64-linux-gnu/libpthread.so.0 at 0x00007f8b886cc000
RDX=0x0000000000000001 is an unknown value
RSP=0x00007f8b7c879ca0 is pointing into the stack for thread: 0x00007f8b78029000
RBP=0x00007f8b78359f98 is a global jni handle
RSI=0x0000000000000081 is an unknown value
RDI=0x0000000001dfba50 is an unknown value
R8 =0x0000000000000000 is an unknown value
R9 =0x0000000000000002 is an unknown value
R10=0x00007f8b7fab1940: <offset 0x302940> in /usr/lib/x86_64-linux-gnu/libstdc++.so.6 at 0x00007f8b7f7af000
R11=0x0000000000000206 is an unknown value
R12=0x00007f8b7833e470 is an unknown value
R13=0x00007f8b8001ac40 is an unknown value
R14=0x00007f8b7834fbc8 is a weak global jni handle
R15=0x00007f8b7833cb10 is an unknown value


Stack: [0x00007f8b7c07d000,0x00007f8b7c87e000],  sp=0x00007f8b7c879ca0,  free space=8179k
Native frames: (J=compiled Java code, j=interpreted, Vv=VM code, C=native code)
C  [_jpype.so+0x35fd3]  JPJavaEnv::NewObjectA(_jclass*, _jmethodID*, jvalue*)+0x33


---------------  P R O C E S S  ---------------

VM state:not at safepoint (normal execution)

VM Mutex/Monitor currently owned by a thread: None

Heap
 PSYoungGen      total 229376K, used 128222K [0x00000000f0000000, 0x0000000100000000, 0x0000000100000000)
  eden space 196608K, 65% used [0x00000000f0000000,0x00000000f7d37b90,0x00000000fc000000)
  from space 32768K, 0% used [0x00000000fe000000,0x00000000fe000000,0x0000000100000000)
  to   space 32768K, 0% used [0x00000000fc000000,0x00000000fc000000,0x00000000fe000000)
 ParOldGen       total 524288K, used 0K [0x00000000d0000000, 0x00000000f0000000, 0x00000000f0000000)
  object space 524288K, 0% used [0x00000000d0000000,0x00000000d0000000,0x00000000f0000000)
 PSPermGen       total 21504K, used 9347K [0x00000000c5a00000, 0x00000000c6f00000, 0x00000000d0000000)
  object space 21504K, 43% used [0x00000000c5a00000,0x00000000c6320e10,0x00000000c6f00000)

Card table byte_map: [0x00007f8b730ca000,0x00007f8b7329e000] byte_map_base: 0x00007f8b72a9d000

Polling page: 0x00007f8b88b00000

Code Cache  [0x00007f8b7335e000, 0x00007f8b735ce000, 0x00007f8b7635e000)
 total_blobs=606 nmethods=386 adapters=173 free_code_cache=48186Kb largest_free_block=49315776

Compilation events (10 events):
Event: 2.050 Thread 0x00007f8b7832d000 nmethod 382 0x00007f8b73450fd0 code [0x00007f8b73451180, 0x00007f8b73451948]
Event: 2.059 Thread 0x00007f8b78330000 nmethod 381 0x00007f8b73452910 code [0x00007f8b73452b40, 0x00007f8b73453670]
Event: 2.064 Thread 0x00007f8b7832d000  383             java.util.zip.ZStreamRef::address (5 bytes)
Event: 2.065 Thread 0x00007f8b7832d000 nmethod 383 0x00007f8b7344ed50 code [0x00007f8b7344ee80, 0x00007f8b7344eed8]
Event: 2.066 Thread 0x00007f8b78330000  384             java.lang.String::startsWith (7 bytes)
Event: 2.068 Thread 0x00007f8b78330000 nmethod 384 0x00007f8b73450b90 code [0x00007f8b73450ce0, 0x00007f8b73450e78]
Event: 2.076 Thread 0x00007f8b7832d000  385             java.net.URL::getHost (5 bytes)
Event: 2.076 Thread 0x00007f8b7832d000 nmethod 385 0x00007f8b73450950 code [0x00007f8b73450a80, 0x00007f8b73450ad8]
Event: 2.078 Thread 0x00007f8b78330000  386             java.lang.String::indexOf (25 bytes)
Event: 2.078 Thread 0x00007f8b78330000 nmethod 386 0x00007f8b7344d910 code [0x00007f8b7344da60, 0x00007f8b7344db28]

GC Heap History (0 events):
No events

Deoptimization events (10 events):
Event: 2.070 Thread 0x00007f8b78029000 Uncommon trap: reason=unstable_if action=reinterpret pc=0x00007f8b73435c74 method=scala.runtime.ScalaRunTime$.hash(Ljava/lang/Object;)I @ 12
Event: 2.070 Thread 0x00007f8b78029000 Uncommon trap: reason=unstable_if action=reinterpret pc=0x00007f8b734362f0 method=scala.runtime.ScalaRunTime$.hash(Ljava/lang/Object;)I @ 12
Event: 2.073 Thread 0x00007f8b78029000 Uncommon trap: reason=bimorphic action=maybe_recompile pc=0x00007f8b73408854 method=scala.collection.TraversableLike$$anonfun$map$1.apply(Ljava/lang/Object;)Lscala/collection/mutable/Builder; @ 14
Event: 2.077 Thread 0x00007f8b78029000 Uncommon trap: reason=class_check action=maybe_recompile pc=0x00007f8b73405098 method=java.lang.String.valueOf(Ljava/lang/Object;)Ljava/lang/String; @ 10
Event: 2.098 Thread 0x00007f8b78029000 Uncommon trap: reason=class_check action=maybe_recompile pc=0x00007f8b73429640 method=scala.collection.MapLike$class.apply(Lscala/collection/MapLike;Ljava/lang/Object;)Ljava/lang/Object; @ 2
Event: 2.098 Thread 0x00007f8b78029000 Uncommon trap: reason=class_check action=maybe_recompile pc=0x00007f8b7341b298 method=scala.collection.immutable.HashMap.get(Ljava/lang/Object;)Lscala/Option; @ 8
Event: 2.099 Thread 0x00007f8b78029000 Uncommon trap: reason=bimorphic action=maybe_recompile pc=0x00007f8b73408854 method=scala.collection.TraversableLike$$anonfun$map$1.apply(Ljava/lang/Object;)Lscala/collection/mutable/Builder; @ 14
Event: 2.099 Thread 0x00007f8b78029000 Uncommon trap: reason=bimorphic action=maybe_recompile pc=0x00007f8b73431eec method=scala.collection.IterableLike$class.foreach(Lscala/collection/IterableLike;Lscala/Function1;)V @ 7
Event: 2.099 Thread 0x00007f8b78029000 Uncommon trap: reason=bimorphic action=maybe_recompile pc=0x00007f8b73408854 method=scala.collection.TraversableLike$$anonfun$map$1.apply(Ljava/lang/Object;)Lscala/collection/mutable/Builder; @ 14
Event: 2.099 Thread 0x00007f8b78029000 Uncommon trap: reason=class_check action=maybe_recompile pc=0x00007f8b73405098 method=java.lang.String.valueOf(Ljava/lang/Object;)Ljava/lang/String; @ 10

Internal exceptions (10 events):
Event: 2.078 Thread 0x00007f8b78029000 Threw 0x00000000f7b1a338 at /build/openjdk-7-2nYvii/openjdk-7-7u151-2.6.11/build/openjdk/hotspot/src/share/vm/prims/jvm.cpp:1322
Event: 2.079 Thread 0x00007f8b78029000 Threw 0x00000000f7b272c0 at /build/openjdk-7-2nYvii/openjdk-7-7u151-2.6.11/build/openjdk/hotspot/src/share/vm/prims/jvm.cpp:1322
Event: 2.079 Thread 0x00007f8b78029000 Threw 0x00000000f7b2c2f8 at /build/openjdk-7-2nYvii/openjdk-7-7u151-2.6.11/build/openjdk/hotspot/src/share/vm/prims/jvm.cpp:1322
Event: 2.080 Thread 0x00007f8b78029000 Threw 0x00000000f7b30e50 at /build/openjdk-7-2nYvii/openjdk-7-7u151-2.6.11/build/openjdk/hotspot/src/share/vm/prims/jvm.cpp:1322
Event: 2.080 Thread 0x00007f8b78029000 Threw 0x00000000f7b364c0 at /build/openjdk-7-2nYvii/openjdk-7-7u151-2.6.11/build/openjdk/hotspot/src/share/vm/prims/jvm.cpp:1322
Event: 2.082 Thread 0x00007f8b78029000 Threw 0x00000000f7b3c350 at /build/openjdk-7-2nYvii/openjdk-7-7u151-2.6.11/build/openjdk/hotspot/src/share/vm/prims/jvm.cpp:1322
Event: 2.082 Thread 0x00007f8b78029000 Threw 0x00000000f7b41ff0 at /build/openjdk-7-2nYvii/openjdk-7-7u151-2.6.11/build/openjdk/hotspot/src/share/vm/prims/jvm.cpp:1322
Event: 2.084 Thread 0x00007f8b78029000 Threw 0x00000000f7b4a9a8 at /build/openjdk-7-2nYvii/openjdk-7-7u151-2.6.11/build/openjdk/hotspot/src/share/vm/prims/jvm.cpp:1322
Event: 2.085 Thread 0x00007f8b78029000 Threw 0x00000000f7b50070 at /build/openjdk-7-2nYvii/openjdk-7-7u151-2.6.11/build/openjdk/hotspot/src/share/vm/prims/jvm.cpp:1322
Event: 2.086 Thread 0x00007f8b78029000 Threw 0x00000000f7b572e8 at /build/openjdk-7-2nYvii/openjdk-7-7u151-2.6.11/build/openjdk/hotspot/src/share/vm/prims/jvm.cpp:1322

Events (10 events):
Event: 2.099 Thread 0x00007f8b78029000 DEOPT PACKING pc=0x00007f8b73431eec sp=0x00007f8b7c8799f0
Event: 2.099 Thread 0x00007f8b78029000 DEOPT UNPACKING pc=0x00007f8b73397445 sp=0x00007f8b7c879970 mode 2
Event: 2.099 Thread 0x00007f8b78029000 Uncommon trap: trap_request=0xffffffc6 fr.pc=0x00007f8b73408854
Event: 2.099 Thread 0x00007f8b78029000 DEOPT PACKING pc=0x00007f8b73408854 sp=0x00007f8b7c879be0
Event: 2.099 Thread 0x00007f8b78029000 DEOPT UNPACKING pc=0x00007f8b73397445 sp=0x00007f8b7c879b40 mode 2
Event: 2.099 Thread 0x00007f8b78029000 Uncommon trap: trap_request=0xffffffde fr.pc=0x00007f8b73405098
Event: 2.099 Thread 0x00007f8b78029000 DEOPT PACKING pc=0x00007f8b73405098 sp=0x00007f8b7c879ef0
Event: 2.099 Thread 0x00007f8b78029000 DEOPT UNPACKING pc=0x00007f8b73397445 sp=0x00007f8b7c879eb8 mode 2
Event: 4.181 Executing VM operation: EnableBiasedLocking
Event: 4.182 Executing VM operation: EnableBiasedLocking done


Dynamic libraries:
00400000-006bb000 r-xp 00000000 00:6cd 918                               /usr/bin/python2.7
008ba000-008bb000 r--p 002ba000 00:6cd 918                               /usr/bin/python2.7
008bb000-00930000 rw-p 002bb000 00:6cd 918                               /usr/bin/python2.7
00930000-00942000 rw-p 00000000 00:00 0 
01a87000-0211c000 rw-p 00000000 00:00 0                                  [heap]
c5a00000-c6f00000 rw-p 00000000 00:00 0 
c6f00000-d0000000 rw-p 00000000 00:00 0 
d0000000-100000000 rw-p 00000000 00:00 0 
7f8b24000000-7f8b24021000 rw-p 00000000 00:00 0 
7f8b24021000-7f8b28000000 ---p 00000000 00:00 0 
7f8b2c000000-7f8b2c021000 rw-p 00000000 00:00 0 
7f8b2c021000-7f8b30000000 ---p 00000000 00:00 0 
7f8b30000000-7f8b30021000 rw-p 00000000 00:00 0 
7f8b30021000-7f8b34000000 ---p 00000000 00:00 0 
7f8b34000000-7f8b344e9000 rw-p 00000000 00:00 0 
7f8b344e9000-7f8b38000000 ---p 00000000 00:00 0 
7f8b38000000-7f8b384b5000 rw-p 00000000 00:00 0 
7f8b384b5000-7f8b3c000000 ---p 00000000 00:00 0 
7f8b3c000000-7f8b3c021000 rw-p 00000000 00:00 0 
7f8b3c021000-7f8b40000000 ---p 00000000 00:00 0 
7f8b40000000-7f8b40021000 rw-p 00000000 00:00 0 
7f8b40021000-7f8b44000000 ---p 00000000 00:00 0 
7f8b44000000-7f8b44021000 rw-p 00000000 00:00 0 
7f8b44021000-7f8b48000000 ---p 00000000 00:00 0 
7f8b48000000-7f8b48021000 rw-p 00000000 00:00 0 
7f8b48021000-7f8b4c000000 ---p 00000000 00:00 0 
7f8b4c000000-7f8b4c021000 rw-p 00000000 00:00 0 
7f8b4c021000-7f8b50000000 ---p 00000000 00:00 0 
7f8b50000000-7f8b50021000 rw-p 00000000 00:00 0 
7f8b50021000-7f8b54000000 ---p 00000000 00:00 0 
7f8b54000000-7f8b54021000 rw-p 00000000 00:00 0 
7f8b54021000-7f8b58000000 ---p 00000000 00:00 0 
7f8b58000000-7f8b58021000 rw-p 00000000 00:00 0 
7f8b58021000-7f8b5c000000 ---p 00000000 00:00 0 
7f8b5c000000-7f8b5c021000 rw-p 00000000 00:00 0 
7f8b5c021000-7f8b60000000 ---p 00000000 00:00 0 
7f8b62073000-7f8b62076000 ---p 00000000 00:00 0 
7f8b62076000-7f8b62174000 rw-p 00000000 00:00 0 
7f8b62174000-7f8b62175000 ---p 00000000 00:00 0 
7f8b62175000-7f8b62275000 rw-p 00000000 00:00 0 
7f8b62275000-7f8b62278000 ---p 00000000 00:00 0 
7f8b62278000-7f8b62376000 rw-p 00000000 00:00 0 
7f8b62376000-7f8b62379000 ---p 00000000 00:00 0 
7f8b62379000-7f8b62477000 rw-p 00000000 00:00 0 
7f8b62477000-7f8b6247a000 ---p 00000000 00:00 0 
7f8b6247a000-7f8b62578000 rw-p 00000000 00:00 0 
7f8b62578000-7f8b6257b000 ---p 00000000 00:00 0 
7f8b6257b000-7f8b62679000 rw-p 00000000 00:00 0 
7f8b62679000-7f8b627e8000 r--p 00000000 00:6cd 107                       /usr/lib/locale/C.UTF-8/LC_COLLATE
7f8b627e8000-7f8b627eb000 ---p 00000000 00:00 0 
7f8b627eb000-7f8b628e9000 rw-p 00000000 00:00 0 
7f8b628e9000-7f8b628ec000 ---p 00000000 00:00 0 
7f8b628ec000-7f8b629ea000 rw-p 00000000 00:00 0 
7f8b629ea000-7f8b629eb000 ---p 00000000 00:00 0 
7f8b629eb000-7f8b64000000 rw-p 00000000 00:00 0 
7f8b64000000-7f8b64021000 rw-p 00000000 00:00 0 
7f8b64021000-7f8b68000000 ---p 00000000 00:00 0 
7f8b68000000-7f8b68021000 rw-p 00000000 00:00 0 
7f8b68021000-7f8b6c000000 ---p 00000000 00:00 0 
7f8b6c000000-7f8b6c021000 rw-p 00000000 00:00 0 
7f8b6c021000-7f8b70000000 ---p 00000000 00:00 0 
7f8b70018000-7f8b70058000 rw-p 00000000 00:00 0 
7f8b70058000-7f8b700b0000 r--s 004f0000 00:6cd 5461                      /usr/local/lib/python2.7/dist-packages/konlpy/java/scala-library-2.11.4.jar
7f8b700b0000-7f8b706b6000 rw-p 00000000 00:00 0 
7f8b706b6000-7f8b7086c000 r--s 01d63000 00:6cd 5329                      /usr/lib/jvm/java-7-openjdk-amd64/jre/lib/rt.jar
7f8b7086c000-7f8b7276f000 rw-p 00000000 00:00 0 
7f8b7276f000-7f8b72770000 ---p 00000000 00:00 0 
7f8b72770000-7f8b72870000 rw-p 00000000 00:00 0 
7f8b72870000-7f8b72871000 ---p 00000000 00:00 0 
7f8b72871000-7f8b72971000 rw-p 00000000 00:00 0 
7f8b72971000-7f8b72972000 ---p 00000000 00:00 0 
7f8b72972000-7f8b72a72000 rw-p 00000000 00:00 0 
7f8b72a72000-7f8b72a73000 ---p 00000000 00:00 0 
7f8b72a73000-7f8b72b73000 rw-p 00000000 00:00 0 
7f8b72b73000-7f8b72b74000 ---p 00000000 00:00 0 
7f8b72b74000-7f8b72c74000 rw-p 00000000 00:00 0 
7f8b72c74000-7f8b72c75000 ---p 00000000 00:00 0 
7f8b72c75000-7f8b72d75000 rw-p 00000000 00:00 0 
7f8b72d75000-7f8b72d76000 ---p 00000000 00:00 0 
7f8b72d76000-7f8b72e76000 rw-p 00000000 00:00 0 
7f8b72e76000-7f8b72e77000 ---p 00000000 00:00 0 
7f8b72e77000-7f8b72f82000 rw-p 00000000 00:00 0 
7f8b72f82000-7f8b72fca000 rw-p 00000000 00:00 0 
7f8b72fca000-7f8b730d5000 rw-p 00000000 00:00 0 
7f8b730d5000-7f8b7311d000 rw-p 00000000 00:00 0 
7f8b7311d000-7f8b732a8000 rw-p 00000000 00:00 0 
7f8b732a8000-7f8b7335e000 rw-p 00000000 00:00 0 
7f8b7335e000-7f8b735ce000 rwxp 00000000 00:00 0 
7f8b735ce000-7f8b7635e000 rw-p 00000000 00:00 0 
7f8b7635e000-7f8b76366000 r-xp 00000000 00:6cd 5421                      /usr/lib/jvm/java-7-openjdk-amd64/jre/lib/amd64/libzip.so
7f8b76366000-7f8b76565000 ---p 00008000 00:6cd 5421                      /usr/lib/jvm/java-7-openjdk-amd64/jre/lib/amd64/libzip.so
7f8b76565000-7f8b76566000 r--p 00007000 00:6cd 5421                      /usr/lib/jvm/java-7-openjdk-amd64/jre/lib/amd64/libzip.so
7f8b76566000-7f8b76567000 rw-p 00008000 00:6cd 5421                      /usr/lib/jvm/java-7-openjdk-amd64/jre/lib/amd64/libzip.so
7f8b76567000-7f8b76572000 r-xp 00000000 00:6cd 787                       /lib/x86_64-linux-gnu/libnss_nis-2.19.so
7f8b76572000-7f8b76771000 ---p 0000b000 00:6cd 787                       /lib/x86_64-linux-gnu/libnss_nis-2.19.so
7f8b76771000-7f8b76772000 r--p 0000a000 00:6cd 787                       /lib/x86_64-linux-gnu/libnss_nis-2.19.so
7f8b76772000-7f8b76773000 rw-p 0000b000 00:6cd 787                       /lib/x86_64-linux-gnu/libnss_nis-2.19.so
7f8b76773000-7f8b7678a000 r-xp 00000000 00:6cd 785                       /lib/x86_64-linux-gnu/libnsl-2.19.so
7f8b7678a000-7f8b76989000 ---p 00017000 00:6cd 785                       /lib/x86_64-linux-gnu/libnsl-2.19.so
7f8b76989000-7f8b7698a000 r--p 00016000 00:6cd 785                       /lib/x86_64-linux-gnu/libnsl-2.19.so
7f8b7698a000-7f8b7698b000 rw-p 00017000 00:6cd 785                       /lib/x86_64-linux-gnu/libnsl-2.19.so
7f8b7698b000-7f8b7698d000 rw-p 00000000 00:00 0 
7f8b7698d000-7f8b76996000 r-xp 00000000 00:6cd 783                       /lib/x86_64-linux-gnu/libnss_compat-2.19.so
7f8b76996000-7f8b76b95000 ---p 00009000 00:6cd 783                       /lib/x86_64-linux-gnu/libnss_compat-2.19.so
7f8b76b95000-7f8b76b96000 r--p 00008000 00:6cd 783                       /lib/x86_64-linux-gnu/libnss_compat-2.19.so
7f8b76b96000-7f8b76b97000 rw-p 00009000 00:6cd 783                       /lib/x86_64-linux-gnu/libnss_compat-2.19.so
7f8b76b97000-7f8b76bc1000 r-xp 00000000 00:6cd 5394                      /usr/lib/jvm/java-7-openjdk-amd64/jre/lib/amd64/libjava.so
7f8b76bc1000-7f8b76dc1000 ---p 0002a000 00:6cd 5394                      /usr/lib/jvm/java-7-openjdk-amd64/jre/lib/amd64/libjava.so
7f8b76dc1000-7f8b76dc2000 r--p 0002a000 00:6cd 5394                      /usr/lib/jvm/java-7-openjdk-amd64/jre/lib/amd64/libjava.so
7f8b76dc2000-7f8b76dc4000 rw-p 0002b000 00:6cd 5394                      /usr/lib/jvm/java-7-openjdk-amd64/jre/lib/amd64/libjava.so
7f8b76dc4000-7f8b76dd4000 r-xp 00000000 00:6cd 5408                      /usr/lib/jvm/java-7-openjdk-amd64/jre/lib/amd64/libverify.so
7f8b76dd4000-7f8b76fd3000 ---p 00010000 00:6cd 5408                      /usr/lib/jvm/java-7-openjdk-amd64/jre/lib/amd64/libverify.so
7f8b76fd3000-7f8b76fd5000 r--p 0000f000 00:6cd 5408                      /usr/lib/jvm/java-7-openjdk-amd64/jre/lib/amd64/libverify.so
7f8b76fd5000-7f8b76fd6000 rw-p 00011000 00:6cd 5408                      /usr/lib/jvm/java-7-openjdk-amd64/jre/lib/amd64/libverify.so
7f8b76fd6000-7f8b76fdd000 r-xp 00000000 00:6cd 375                       /lib/x86_64-linux-gnu/librt-2.19.so
7f8b76fdd000-7f8b771dc000 ---p 00007000 00:6cd 375                       /lib/x86_64-linux-gnu/librt-2.19.so
7f8b771dc000-7f8b771dd000 r--p 00006000 00:6cd 375                       /lib/x86_64-linux-gnu/librt-2.19.so
7f8b771dd000-7f8b771de000 rw-p 00007000 00:6cd 375                       /lib/x86_64-linux-gnu/librt-2.19.so
7f8b771de000-7f8b77d12000 r-xp 00000000 00:6cd 5436                      /usr/lib/jvm/java-7-openjdk-amd64/jre/lib/amd64/server/libjvm.so
7f8b77d12000-7f8b77f12000 ---p 00b34000 00:6cd 5436                      /usr/lib/jvm/java-7-openjdk-amd64/jre/lib/amd64/server/libjvm.so
7f8b77f12000-7f8b77fad000 r--p 00b34000 00:6cd 5436                      /usr/lib/jvm/java-7-openjdk-amd64/jre/lib/amd64/server/libjvm.so
7f8b77fad000-7f8b77fd0000 rw-p 00bcf000 00:6cd 5436                      /usr/lib/jvm/java-7-openjdk-amd64/jre/lib/amd64/server/libjvm.so
7f8b77fd0000-7f8b78000000 rw-p 00000000 00:00 0 
7f8b78000000-7f8b787c5000 rw-p 00000000 00:00 0 
7f8b787c5000-7f8b7c000000 ---p 00000000 00:00 0 
7f8b7c02e000-7f8b7c03d000 r--s 003aa000 00:6cd 5462                      /usr/local/lib/python2.7/dist-packages/konlpy/java/twitter-korean-text-2.4.3.jar
7f8b7c03d000-7f8b7c07d000 rw-p 00000000 00:00 0 
7f8b7c07d000-7f8b7c080000 ---p 00000000 00:00 0 
7f8b7c080000-7f8b7c87e000 rw-p 00000000 00:00 0 
7f8b7c87e000-7f8b7c888000 r-xp 00000000 00:6cd 751                       /lib/x86_64-linux-gnu/libnss_files-2.19.so
7f8b7c888000-7f8b7ca87000 ---p 0000a000 00:6cd 751                       /lib/x86_64-linux-gnu/libnss_files-2.19.so
7f8b7ca87000-7f8b7ca88000 r--p 00009000 00:6cd 751                       /lib/x86_64-linux-gnu/libnss_files-2.19.so
7f8b7ca88000-7f8b7ca89000 rw-p 0000a000 00:6cd 751                       /lib/x86_64-linux-gnu/libnss_files-2.19.so
7f8b7ca89000-7f8b7cac9000 rw-p 00000000 00:00 0 
7f8b7cac9000-7f8b7cb14000 r-xp 00000000 00:6cd 2939                      /usr/lib/python2.7/dist-packages/numpy/random/mtrand.so
7f8b7cb14000-7f8b7cd13000 ---p 0004b000 00:6cd 2939                      /usr/lib/python2.7/dist-packages/numpy/random/mtrand.so
7f8b7cd13000-7f8b7cd14000 r--p 0004a000 00:6cd 2939                      /usr/lib/python2.7/dist-packages/numpy/random/mtrand.so
7f8b7cd14000-7f8b7cd4a000 rw-p 0004b000 00:6cd 2939                      /usr/lib/python2.7/dist-packages/numpy/random/mtrand.so
7f8b7cd4a000-7f8b7ce4b000 rw-p 00000000 00:00 0 
7f8b7ce4b000-7f8b7ce54000 r-xp 00000000 00:6cd 2912                      /usr/lib/python2.7/dist-packages/numpy/fft/fftpack_lite.so
7f8b7ce54000-7f8b7d053000 ---p 00009000 00:6cd 2912                      /usr/lib/python2.7/dist-packages/numpy/fft/fftpack_lite.so
7f8b7d053000-7f8b7d054000 r--p 00008000 00:6cd 2912                      /usr/lib/python2.7/dist-packages/numpy/fft/fftpack_lite.so
7f8b7d054000-7f8b7d055000 rw-p 00009000 00:6cd 2912                      /usr/lib/python2.7/dist-packages/numpy/fft/fftpack_lite.so
7f8b7d055000-7f8b7d095000 rw-p 00000000 00:00 0 
7f8b7d095000-7f8b7d096000 r-xp 00000000 00:6cd 2898                      /usr/lib/python2.7/lib-dynload/future_builtins.x86_64-linux-gnu.so
7f8b7d096000-7f8b7d295000 ---p 00001000 00:6cd 2898                      /usr/lib/python2.7/lib-dynload/future_builtins.x86_64-linux-gnu.so
7f8b7d295000-7f8b7d296000 r--p 00000000 00:6cd 2898                      /usr/lib/python2.7/lib-dynload/future_builtins.x86_64-linux-gnu.so
7f8b7d296000-7f8b7d297000 rw-p 00001000 00:6cd 2898                      /usr/lib/python2.7/lib-dynload/future_builtins.x86_64-linux-gnu.so
7f8b7d297000-7f8b7d2b6000 r-xp 00000000 00:6cd 2887                      /usr/lib/python2.7/dist-packages/numpy/linalg/_umath_linalg.so
7f8b7d2b6000-7f8b7d4b5000 ---p 0001f000 00:6cd 2887                      /usr/lib/python2.7/dist-packages/numpy/linalg/_umath_linalg.so
7f8b7d4b5000-7f8b7d4b6000 r--p 0001e000 00:6cd 2887                      /usr/lib/python2.7/dist-packages/numpy/linalg/_umath_linalg.so
7f8b7d4b6000-7f8b7d4b7000 rw-p 0001f000 00:6cd 2887                      /usr/lib/python2.7/dist-packages/numpy/linalg/_umath_linalg.so
7f8b7d4b7000-7f8b7d4f2000 r-xp 00000000 00:6cd 2886                      /usr/lib/x86_64-linux-gnu/libquadmath.so.0.0.0
7f8b7d4f2000-7f8b7d6f1000 ---p 0003b000 00:6cd 2886                      /usr/lib/x86_64-linux-gnu/libquadmath.so.0.0.0
7f8b7d6f1000-7f8b7d6f2000 r--p 0003a000 00:6cd 2886                      /usr/lib/x86_64-linux-gnu/libquadmath.so.0.0.0
7f8b7d6f2000-7f8b7d6f3000 rw-p 0003b000 00:6cd 2886                      /usr/lib/x86_64-linux-gnu/libquadmath.so.0.0.0
7f8b7d6f3000-7f8b7d80a000 r-xp 00000000 00:6cd 2884                      /usr/lib/x86_64-linux-gnu/libgfortran.so.3.0.0
7f8b7d80a000-7f8b7da0a000 ---p 00117000 00:6cd 2884                      /usr/lib/x86_64-linux-gnu/libgfortran.so.3.0.0
7f8b7da0a000-7f8b7da0b000 r--p 00117000 00:6cd 2884                      /usr/lib/x86_64-linux-gnu/libgfortran.so.3.0.0
7f8b7da0b000-7f8b7da0d000 rw-p 00118000 00:6cd 2884                      /usr/lib/x86_64-linux-gnu/libgfortran.so.3.0.0
7f8b7da0d000-7f8b7dfa5000 r-xp 00000000 00:6cd 2882                      /usr/lib/lapack/liblapack.so.3.0
7f8b7dfa5000-7f8b7e1a4000 ---p 00598000 00:6cd 2882                      /usr/lib/lapack/liblapack.so.3.0
7f8b7e1a4000-7f8b7e1a5000 r--p 00597000 00:6cd 2882                      /usr/lib/lapack/liblapack.so.3.0
7f8b7e1a5000-7f8b7e1a9000 rw-p 00598000 00:6cd 2882                      /usr/lib/lapack/liblapack.so.3.0
7f8b7e1a9000-7f8b7e1af000 r-xp 00000000 00:6cd 2877                      /usr/lib/python2.7/dist-packages/numpy/linalg/lapack_lite.so
7f8b7e1af000-7f8b7e3ae000 ---p 00006000 00:6cd 2877                      /usr/lib/python2.7/dist-packages/numpy/linalg/lapack_lite.so
7f8b7e3ae000-7f8b7e3af000 r--p 00005000 00:6cd 2877                      /usr/lib/python2.7/dist-packages/numpy/linalg/lapack_lite.so
7f8b7e3af000-7f8b7e3b0000 rw-p 00006000 00:6cd 2877                      /usr/lib/python2.7/dist-packages/numpy/linalg/lapack_lite.so
7f8b7e3b0000-7f8b7e3f0000 rw-p 00000000 00:00 0 
7f8b7e3f0000-7f8b7e3f6000 r-xp 00000000 00:6cd 2852                      /usr/lib/python2.7/dist-packages/numpy/lib/_compiled_base.so
7f8b7e3f6000-7f8b7e5f5000 ---p 00006000 00:6cd 2852                      /usr/lib/python2.7/dist-packages/numpy/lib/_compiled_base.so
7f8b7e5f5000-7f8b7e5f6000 r--p 00005000 00:6cd 2852                      /usr/lib/python2.7/dist-packages/numpy/lib/_compiled_base.so
7f8b7e5f6000-7f8b7e5f7000 rw-p 00006000 00:6cd 2852                      /usr/lib/python2.7/dist-packages/numpy/lib/_compiled_base.so
7f8b7e5f7000-7f8b7e637000 rw-p 00000000 00:00 0 
7f8b7e637000-7f8b7e662000 r-xp 00000000 00:6cd 2805                      /usr/lib/python2.7/dist-packages/numpy/core/scalarmath.so
7f8b7e662000-7f8b7e861000 ---p 0002b000 00:6cd 2805                      /usr/lib/python2.7/dist-packages/numpy/core/scalarmath.so
7f8b7e861000-7f8b7e862000 r--p 0002a000 00:6cd 2805                      /usr/lib/python2.7/dist-packages/numpy/core/scalarmath.so
7f8b7e862000-7f8b7e864000 rw-p 0002b000 00:6cd 2805                      /usr/lib/python2.7/dist-packages/numpy/core/scalarmath.so
7f8b7e864000-7f8b7e8e0000 r-xp 00000000 00:6cd 2792                      /usr/lib/libblas/libblas.so.3.0
7f8b7e8e0000-7f8b7eadf000 ---p 0007c000 00:6cd 2792                      /usr/lib/libblas/libblas.so.3.0
7f8b7eadf000-7f8b7eae0000 r--p 0007b000 00:6cd 2792                      /usr/lib/libblas/libblas.so.3.0
7f8b7eae0000-7f8b7eae1000 rw-p 0007c000 00:6cd 2792                      /usr/lib/libblas/libblas.so.3.0
7f8b7eae1000-7f8b7eae6000 r-xp 00000000 00:6cd 2787                      /usr/lib/python2.7/dist-packages/numpy/core/_dotblas.so
7f8b7eae6000-7f8b7ece5000 ---p 00005000 00:6cd 2787                      /usr/lib/python2.7/dist-packages/numpy/core/_dotblas.so
7f8b7ece5000-7f8b7ece6000 r--p 00004000 00:6cd 2787                      /usr/lib/python2.7/dist-packages/numpy/core/_dotblas.so
7f8b7ece6000-7f8b7ece7000 rw-p 00005000 00:6cd 2787                      /usr/lib/python2.7/dist-packages/numpy/core/_dotblas.so
7f8b7ece7000-7f8b7ed45000 r-xp 00000000 00:6cd 2773                      /usr/lib/python2.7/dist-packages/numpy/core/umath.so
7f8b7ed45000-7f8b7ef44000 ---p 0005e000 00:6cd 2773                      /usr/lib/python2.7/dist-packages/numpy/core/umath.so
7f8b7ef44000-7f8b7ef45000 r--p 0005d000 00:6cd 2773                      /usr/lib/python2.7/dist-packages/numpy/core/umath.so
7f8b7ef45000-7f8b7ef49000 rw-p 0005e000 00:6cd 2773                      /usr/lib/python2.7/dist-packages/numpy/core/umath.so
7f8b7ef49000-7f8b7ef4b000 rw-p 00000000 00:00 0 
7f8b7ef4b000-7f8b7f088000 r-xp 00000000 00:6cd 2772                      /usr/lib/python2.7/dist-packages/numpy/core/multiarray.so
7f8b7f088000-7f8b7f287000 ---p 0013d000 00:6cd 2772                      /usr/lib/python2.7/dist-packages/numpy/core/multiarray.so
7f8b7f287000-7f8b7f289000 r--p 0013c000 00:6cd 2772                      /usr/lib/python2.7/dist-packages/numpy/core/multiarray.so
7f8b7f289000-7f8b7f296000 rw-p 0013e000 00:6cd 2772                      /usr/lib/python2.7/dist-packages/numpy/core/multiarray.so
7f8b7f296000-7f8b7f599000 rw-p 00000000 00:00 0 
7f8b7f599000-7f8b7f5af000 r-xp 00000000 00:6cd 378                       /lib/x86_64-linux-gnu/libgcc_s.so.1
7f8b7f5af000-7f8b7f7ae000 ---p 00016000 00:6cd 378                       /lib/x86_64-linux-gnu/libgcc_s.so.1
7f8b7f7ae000-7f8b7f7af000 rw-p 00015000 00:6cd 378                       /lib/x86_64-linux-gnu/libgcc_s.so.1
7f8b7f7af000-7f8b7f895000 r-xp 00000000 00:6cd 377                       /usr/lib/x86_64-linux-gnu/libstdc++.so.6.0.19
7f8b7f895000-7f8b7fa94000 ---p 000e6000 00:6cd 377                       /usr/lib/x86_64-linux-gnu/libstdc++.so.6.0.19
7f8b7fa94000-7f8b7fa9c000 r--p 000e5000 00:6cd 377                       /usr/lib/x86_64-linux-gnu/libstdc++.so.6.0.19
7f8b7fa9c000-7f8b7fa9e000 rw-p 000ed000 00:6cd 377                       /usr/lib/x86_64-linux-gnu/libstdc++.so.6.0.19
7f8b7fa9e000-7f8b7fab3000 rw-p 00000000 00:00 0 
7f8b7fab3000-7f8b7fb33000 r-xp 00000000 00:6cd 418                       /usr/local/lib/python2.7/dist-packages/_jpype.so
7f8b7fb33000-7f8b7fd32000 ---p 00080000 00:6cd 418                       /usr/local/lib/python2.7/dist-packages/_jpype.so
7f8b7fd32000-7f8b7fd35000 r--p 0007f000 00:6cd 418                       /usr/local/lib/python2.7/dist-packages/_jpype.so
7f8b7fd35000-7f8b7fd38000 rw-p 00082000 00:6cd 418                       /usr/local/lib/python2.7/dist-packages/_jpype.so
7f8b7fd38000-7f8b7fd3e000 r-xp 00000000 00:6cd 2743                      /usr/lib/python2.7/lib-dynload/_csv.x86_64-linux-gnu.so
7f8b7fd3e000-7f8b7ff3d000 ---p 00006000 00:6cd 2743                      /usr/lib/python2.7/lib-dynload/_csv.x86_64-linux-gnu.so
7f8b7ff3d000-7f8b7ff3e000 r--p 00005000 00:6cd 2743                      /usr/lib/python2.7/lib-dynload/_csv.x86_64-linux-gnu.so
7f8b7ff3e000-7f8b7ff40000 rw-p 00006000 00:6cd 2743                      /usr/lib/python2.7/lib-dynload/_csv.x86_64-linux-gnu.so
7f8b7ff40000-7f8b80000000 rw-p 00000000 00:00 0 
7f8b80000000-7f8b804d7000 rw-p 00000000 00:00 0 
7f8b804d7000-7f8b84000000 ---p 00000000 00:00 0 
7f8b8400e000-7f8b84015000 r--s 0003c000 00:6cd 5460                      /usr/local/lib/python2.7/dist-packages/konlpy/java/snakeyaml-1.12.jar
7f8b84015000-7f8b8403c000 r-xp 00000000 00:6cd 2687                      /lib/x86_64-linux-gnu/libexpat.so.1.6.0
7f8b8403c000-7f8b8423c000 ---p 00027000 00:6cd 2687                      /lib/x86_64-linux-gnu/libexpat.so.1.6.0
7f8b8423c000-7f8b8423e000 r--p 00027000 00:6cd 2687                      /lib/x86_64-linux-gnu/libexpat.so.1.6.0
7f8b8423e000-7f8b8423f000 rw-p 00029000 00:6cd 2687                      /lib/x86_64-linux-gnu/libexpat.so.1.6.0
7f8b8423f000-7f8b8424e000 r-xp 00000000 00:6cd 2685                      /usr/lib/python2.7/lib-dynload/pyexpat.x86_64-linux-gnu.so
7f8b8424e000-7f8b8444d000 ---p 0000f000 00:6cd 2685                      /usr/lib/python2.7/lib-dynload/pyexpat.x86_64-linux-gnu.so
7f8b8444d000-7f8b8444e000 r--p 0000e000 00:6cd 2685                      /usr/lib/python2.7/lib-dynload/pyexpat.x86_64-linux-gnu.so
7f8b8444e000-7f8b84450000 rw-p 0000f000 00:6cd 2685                      /usr/lib/python2.7/lib-dynload/pyexpat.x86_64-linux-gnu.so
7f8b84450000-7f8b84490000 rw-p 00000000 00:00 0 
7f8b84490000-7f8b8449d000 r-xp 00000000 00:6cd 2680                      /usr/lib/python2.7/lib-dynload/_elementtree.x86_64-linux-gnu.so
7f8b8449d000-7f8b8469c000 ---p 0000d000 00:6cd 2680                      /usr/lib/python2.7/lib-dynload/_elementtree.x86_64-linux-gnu.so
7f8b8469c000-7f8b8469d000 r--p 0000c000 00:6cd 2680                      /usr/lib/python2.7/lib-dynload/_elementtree.x86_64-linux-gnu.so
7f8b8469d000-7f8b8469e000 rw-p 0000d000 00:6cd 2680                      /usr/lib/python2.7/lib-dynload/_elementtree.x86_64-linux-gnu.so
7f8b8469e000-7f8b8485e000 rw-p 00000000 00:00 0 
7f8b8485e000-7f8b84868000 r-xp 00000000 00:6cd 2612                      /usr/lib/python2.7/dist-packages/simplejson/_speedups.x86_64-linux-gnu.so
7f8b84868000-7f8b84a67000 ---p 0000a000 00:6cd 2612                      /usr/lib/python2.7/dist-packages/simplejson/_speedups.x86_64-linux-gnu.so
7f8b84a67000-7f8b84a68000 r--p 00009000 00:6cd 2612                      /usr/lib/python2.7/dist-packages/simplejson/_speedups.x86_64-linux-gnu.so
7f8b84a68000-7f8b84a69000 rw-p 0000a000 00:6cd 2612                      /usr/lib/python2.7/dist-packages/simplejson/_speedups.x86_64-linux-gnu.so
7f8b84a69000-7f8b84ae9000 rw-p 00000000 00:00 0 
7f8b84ae9000-7f8b84aea000 ---p 00000000 00:00 0 
7f8b84aea000-7f8b854aa000 rw-p 00000000 00:00 0 
7f8b854aa000-7f8b8555e000 r-xp 00000000 00:6cd 747                       /usr/lib/x86_64-linux-gnu/libsqlite3.so.0.8.6
7f8b8555e000-7f8b8575e000 ---p 000b4000 00:6cd 747                       /usr/lib/x86_64-linux-gnu/libsqlite3.so.0.8.6
7f8b8575e000-7f8b85760000 r--p 000b4000 00:6cd 747                       /usr/lib/x86_64-linux-gnu/libsqlite3.so.0.8.6
7f8b85760000-7f8b85762000 rw-p 000b6000 00:6cd 747                       /usr/lib/x86_64-linux-gnu/libsqlite3.so.0.8.6
7f8b85762000-7f8b85763000 rw-p 00000000 00:00 0 
7f8b85763000-7f8b85775000 r-xp 00000000 00:6cd 2374                      /usr/lib/python2.7/lib-dynload/_sqlite3.x86_64-linux-gnu.so
7f8b85775000-7f8b85974000 ---p 00012000 00:6cd 2374                      /usr/lib/python2.7/lib-dynload/_sqlite3.x86_64-linux-gnu.so
7f8b85974000-7f8b85975000 r--p 00011000 00:6cd 2374                      /usr/lib/python2.7/lib-dynload/_sqlite3.x86_64-linux-gnu.so
7f8b85975000-7f8b85977000 rw-p 00012000 00:6cd 2374                      /usr/lib/python2.7/lib-dynload/_sqlite3.x86_64-linux-gnu.so
7f8b85977000-7f8b85d77000 rw-p 00000000 00:00 0 
7f8b85d77000-7f8b85d7b000 r-xp 00000000 00:6cd 2075                      /lib/x86_64-linux-gnu/libuuid.so.1.3.0
7f8b85d7b000-7f8b85f7a000 ---p 00004000 00:6cd 2075                      /lib/x86_64-linux-gnu/libuuid.so.1.3.0
7f8b85f7a000-7f8b85f7b000 r--p 00003000 00:6cd 2075                      /lib/x86_64-linux-gnu/libuuid.so.1.3.0
7f8b85f7b000-7f8b85f7c000 rw-p 00004000 00:6cd 2075                      /lib/x86_64-linux-gnu/libuuid.so.1.3.0
7f8b85f7c000-7f8b85fbc000 rw-p 00000000 00:00 0 
7f8b85fbc000-7f8b85fc3000 r-xp 00000000 00:6cd 739                       /usr/lib/x86_64-linux-gnu/libffi.so.6.0.1
7f8b85fc3000-7f8b861c2000 ---p 00007000 00:6cd 739                       /usr/lib/x86_64-linux-gnu/libffi.so.6.0.1
7f8b861c2000-7f8b861c3000 r--p 00006000 00:6cd 739                       /usr/lib/x86_64-linux-gnu/libffi.so.6.0.1
7f8b861c3000-7f8b861c4000 rw-p 00007000 00:6cd 739                       /usr/lib/x86_64-linux-gnu/libffi.so.6.0.1
7f8b861c4000-7f8b861e1000 r-xp 00000000 00:6cd 2067                      /usr/lib/python2.7/lib-dynload/_ctypes.x86_64-linux-gnu.so
7f8b861e1000-7f8b863e0000 ---p 0001d000 00:6cd 2067                      /usr/lib/python2.7/lib-dynload/_ctypes.x86_64-linux-gnu.so
7f8b863e0000-7f8b863e1000 r--p 0001c000 00:6cd 2067                      /usr/lib/python2.7/lib-dynload/_ctypes.x86_64-linux-gnu.so
7f8b863e1000-7f8b863e5000 rw-p 0001d000 00:6cd 2067                      /usr/lib/python2.7/lib-dynload/_ctypes.x86_64-linux-gnu.so
7f8b863e5000-7f8b86525000 rw-p 00000000 00:00 0 
7f8b86525000-7f8b86531000 r-xp 00000000 00:6cd 1389                      /usr/lib/python2.7/lib-dynload/_json.x86_64-linux-gnu.so
7f8b86531000-7f8b86730000 ---p 0000c000 00:6cd 1389                      /usr/lib/python2.7/lib-dynload/_json.x86_64-linux-gnu.so
7f8b86730000-7f8b86731000 r--p 0000b000 00:6cd 1389                      /usr/lib/python2.7/lib-dynload/_json.x86_64-linux-gnu.so
7f8b86731000-7f8b86732000 rw-p 0000c000 00:6cd 1389                      /usr/lib/python2.7/lib-dynload/_json.x86_64-linux-gnu.so
7f8b86732000-7f8b86832000 rw-p 00000000 00:00 0 
7f8b86832000-7f8b86836000 r-xp 00000000 00:6cd 1296                      /usr/lib/python2.7/lib-dynload/termios.x86_64-linux-gnu.so
7f8b86836000-7f8b86a35000 ---p 00004000 00:6cd 1296                      /usr/lib/python2.7/lib-dynload/termios.x86_64-linux-gnu.so
7f8b86a35000-7f8b86a36000 r--p 00003000 00:6cd 1296                      /usr/lib/python2.7/lib-dynload/termios.x86_64-linux-gnu.so
7f8b86a36000-7f8b86a38000 rw-p 00004000 00:6cd 1296                      /usr/lib/python2.7/lib-dynload/termios.x86_64-linux-gnu.so
7f8b86a38000-7f8b86b38000 rw-p 00000000 00:00 0 
7f8b86b38000-7f8b86b3c000 r-xp 00000000 00:6cd 1209                      /usr/lib/python2.7/lib-dynload/_hashlib.x86_64-linux-gnu.so
7f8b86b3c000-7f8b86d3b000 ---p 00004000 00:6cd 1209                      /usr/lib/python2.7/lib-dynload/_hashlib.x86_64-linux-gnu.so
7f8b86d3b000-7f8b86d3c000 r--p 00003000 00:6cd 1209                      /usr/lib/python2.7/lib-dynload/_hashlib.x86_64-linux-gnu.so
7f8b86d3c000-7f8b86d3d000 rw-p 00004000 00:6cd 1209                      /usr/lib/python2.7/lib-dynload/_hashlib.x86_64-linux-gnu.so
7f8b86d3d000-7f8b86d7d000 rw-p 00000000 00:00 0 
7f8b86d7d000-7f8b86f30000 r-xp 00000000 00:6cd 695                       /lib/x86_64-linux-gnu/libcrypto.so.1.0.0
7f8b86f30000-7f8b8712f000 ---p 001b3000 00:6cd 695                       /lib/x86_64-linux-gnu/libcrypto.so.1.0.0
7f8b8712f000-7f8b8714a000 r--p 001b2000 00:6cd 695                       /lib/x86_64-linux-gnu/libcrypto.so.1.0.0
7f8b8714a000-7f8b87155000 rw-p 001cd000 00:6cd 695                       /lib/x86_64-linux-gnu/libcrypto.so.1.0.0
7f8b87155000-7f8b87159000 rw-p 00000000 00:00 0 
7f8b87159000-7f8b871ae000 r-xp 00000000 00:6cd 694                       /lib/x86_64-linux-gnu/libssl.so.1.0.0
7f8b871ae000-7f8b873ae000 ---p 00055000 00:6cd 694                       /lib/x86_64-linux-gnu/libssl.so.1.0.0
7f8b873ae000-7f8b873b1000 r--p 00055000 00:6cd 694                       /lib/x86_64-linux-gnu/libssl.so.1.0.0
7f8b873b1000-7f8b873b8000 rw-p 00058000 00:6cd 694                       /lib/x86_64-linux-gnu/libssl.so.1.0.0
7f8b873b8000-7f8b873c0000 r-xp 00000000 00:6cd 1190                      /usr/lib/python2.7/lib-dynload/_ssl.x86_64-linux-gnu.so
7f8b873c0000-7f8b875bf000 ---p 00008000 00:6cd 1190                      /usr/lib/python2.7/lib-dynload/_ssl.x86_64-linux-gnu.so
7f8b875bf000-7f8b875c0000 r--p 00007000 00:6cd 1190                      /usr/lib/python2.7/lib-dynload/_ssl.x86_64-linux-gnu.so
7f8b875c0000-7f8b875c1000 rw-p 00008000 00:6cd 1190                      /usr/lib/python2.7/lib-dynload/_ssl.x86_64-linux-gnu.so
7f8b875c1000-7f8b87681000 rw-p 00000000 00:00 0 
7f8b87682000-7f8b877c2000 rw-p 00000000 00:00 0 
7f8b877c2000-7f8b877d9000 r-xp 00000000 00:6cd 1135                      /usr/lib/python2.7/lib-dynload/datetime.x86_64-linux-gnu.so
7f8b877d9000-7f8b879d8000 ---p 00017000 00:6cd 1135                      /usr/lib/python2.7/lib-dynload/datetime.x86_64-linux-gnu.so
7f8b879d8000-7f8b879d9000 r--p 00016000 00:6cd 1135                      /usr/lib/python2.7/lib-dynload/datetime.x86_64-linux-gnu.so
7f8b879d9000-7f8b879dd000 rw-p 00017000 00:6cd 1135                      /usr/lib/python2.7/lib-dynload/datetime.x86_64-linux-gnu.so
7f8b879dd000-7f8b87ae2000 r-xp 00000000 00:6cd 163                       /lib/x86_64-linux-gnu/libm-2.19.so
7f8b87ae2000-7f8b87ce1000 ---p 00105000 00:6cd 163                       /lib/x86_64-linux-gnu/libm-2.19.so
7f8b87ce1000-7f8b87ce2000 r--p 00104000 00:6cd 163                       /lib/x86_64-linux-gnu/libm-2.19.so
7f8b87ce2000-7f8b87ce3000 rw-p 00105000 00:6cd 163                       /lib/x86_64-linux-gnu/libm-2.19.so
7f8b87ce3000-7f8b87cfb000 r-xp 00000000 00:6cd 262                       /lib/x86_64-linux-gnu/libz.so.1.2.8
7f8b87cfb000-7f8b87efa000 ---p 00018000 00:6cd 262                       /lib/x86_64-linux-gnu/libz.so.1.2.8
7f8b87efa000-7f8b87efb000 r--p 00017000 00:6cd 262                       /lib/x86_64-linux-gnu/libz.so.1.2.8
7f8b87efb000-7f8b87efc000 rw-p 00018000 00:6cd 262                       /lib/x86_64-linux-gnu/libz.so.1.2.8
7f8b87efc000-7f8b87efe000 r-xp 00000000 00:6cd 920                       /lib/x86_64-linux-gnu/libutil-2.19.so
7f8b87efe000-7f8b880fd000 ---p 00002000 00:6cd 920                       /lib/x86_64-linux-gnu/libutil-2.19.so
7f8b880fd000-7f8b880fe000 r--p 00001000 00:6cd 920                       /lib/x86_64-linux-gnu/libutil-2.19.so
7f8b880fe000-7f8b880ff000 rw-p 00002000 00:6cd 920                       /lib/x86_64-linux-gnu/libutil-2.19.so
7f8b880ff000-7f8b88102000 r-xp 00000000 00:6cd 76                        /lib/x86_64-linux-gnu/libdl-2.19.so
7f8b88102000-7f8b88301000 ---p 00003000 00:6cd 76                        /lib/x86_64-linux-gnu/libdl-2.19.so
7f8b88301000-7f8b88302000 r--p 00002000 00:6cd 76                        /lib/x86_64-linux-gnu/libdl-2.19.so
7f8b88302000-7f8b88303000 rw-p 00003000 00:6cd 76                        /lib/x86_64-linux-gnu/libdl-2.19.so
7f8b88303000-7f8b884c1000 r-xp 00000000 00:6cd 78                        /lib/x86_64-linux-gnu/libc-2.19.so
7f8b884c1000-7f8b886c1000 ---p 001be000 00:6cd 78                        /lib/x86_64-linux-gnu/libc-2.19.so
7f8b886c1000-7f8b886c5000 r--p 001be000 00:6cd 78                        /lib/x86_64-linux-gnu/libc-2.19.so
7f8b886c5000-7f8b886c7000 rw-p 001c2000 00:6cd 78                        /lib/x86_64-linux-gnu/libc-2.19.so
7f8b886c7000-7f8b886cc000 rw-p 00000000 00:00 0 
7f8b886cc000-7f8b886e5000 r-xp 00000000 00:6cd 238                       /lib/x86_64-linux-gnu/libpthread-2.19.so
7f8b886e5000-7f8b888e4000 ---p 00019000 00:6cd 238                       /lib/x86_64-linux-gnu/libpthread-2.19.so
7f8b888e4000-7f8b888e5000 r--p 00018000 00:6cd 238                       /lib/x86_64-linux-gnu/libpthread-2.19.so
7f8b888e5000-7f8b888e6000 rw-p 00019000 00:6cd 238                       /lib/x86_64-linux-gnu/libpthread-2.19.so
7f8b888e6000-7f8b888ea000 rw-p 00000000 00:00 0 
7f8b888ea000-7f8b8890d000 r-xp 00000000 00:6cd 71                        /lib/x86_64-linux-gnu/ld-2.19.so
7f8b88911000-7f8b88912000 r--s 00006000 00:6cd 5463                      /usr/local/lib/python2.7/dist-packages/konlpy/java/twitter-text-1.10.1.jar
7f8b88912000-7f8b88913000 r--s 00001000 00:6cd 5459                      /usr/local/lib/python2.7/dist-packages/konlpy/java/shineware-ds-1.0.jar
7f8b88913000-7f8b88914000 r--s 00004000 00:6cd 5458                      /usr/local/lib/python2.7/dist-packages/konlpy/java/shineware-common-2.0.jar
7f8b88914000-7f8b88915000 r--s 00006000 00:6cd 5457                      /usr/local/lib/python2.7/dist-packages/konlpy/java/komoran-2.4-e.jar
7f8b88915000-7f8b88918000 r--s 0075b000 00:6cd 5456                      /usr/local/lib/python2.7/dist-packages/konlpy/java/kkma-2.0.jar
7f8b88918000-7f8b8891c000 r--s 00025000 00:6cd 5455                      /usr/local/lib/python2.7/dist-packages/konlpy/java/jhannanum-0.8.4.jar
7f8b8891c000-7f8b8891f000 r--s 0003d000 00:6cd 5447                      /usr/lib/jvm/java-7-openjdk-amd64/jre/lib/ext/sunpkcs11.jar
7f8b8891f000-7f8b8895f000 rw-p 00000000 00:00 0 
7f8b8895f000-7f8b88985000 r--p 00000000 00:6cd 110                       /usr/lib/locale/C.UTF-8/LC_CTYPE
7f8b88985000-7f8b88a05000 rw-p 00000000 00:00 0 
7f8b88a05000-7f8b88a09000 r--s 00085000 00:6cd 5446                      /usr/lib/jvm/java-7-openjdk-amd64/jre/lib/ext/localedata.jar
7f8b88a09000-7f8b88a0c000 r--s 0000f000 00:6cd 5445                      /usr/lib/jvm/java-7-openjdk-amd64/jre/lib/ext/icedtea-sound.jar
7f8b88a0c000-7f8b88a0d000 r--s 00002000 00:6cd 5444                      /usr/lib/jvm/java-7-openjdk-amd64/jre/lib/ext/dnsns.jar
7f8b88a0d000-7f8b88a0f000 r--s 00012000 00:6cd 5443                      /usr/lib/jvm/java-7-openjdk-amd64/jre/lib/ext/zipfs.jar
7f8b88a0f000-7f8b88a13000 r--s 00034000 00:6cd 5442                      /usr/lib/jvm/java-7-openjdk-amd64/jre/lib/ext/sunjce_provider.jar
7f8b88a13000-7f8b88a15000 r--s 00006000 00:6cd 5452                      /usr/share/java/java-atk-wrapper.jar
7f8b88a15000-7f8b88a16000 r--p 00000000 00:6cd 109                       /usr/lib/locale/C.UTF-8/LC_NUMERIC
7f8b88a16000-7f8b88a17000 r--p 00000000 00:6cd 108                       /usr/lib/locale/C.UTF-8/LC_TIME
7f8b88a17000-7f8b88a18000 r--p 00000000 00:6cd 106                       /usr/lib/locale/C.UTF-8/LC_MONETARY
7f8b88a18000-7f8b88a19000 r--p 00000000 00:6cd 105                       /usr/lib/locale/C.UTF-8/LC_MESSAGES/SYS_LC_MESSAGES
7f8b88a19000-7f8b88a1a000 r--p 00000000 00:6cd 103                       /usr/lib/locale/C.UTF-8/LC_PAPER
7f8b88a1a000-7f8b88a1b000 r--p 00000000 00:6cd 102                       /usr/lib/locale/C.UTF-8/LC_NAME
7f8b88a1b000-7f8b88a2e000 rw-p 00000000 00:00 0 
7f8b88a2e000-7f8b88a36000 rw-s 00000000 00:6cd 294                       /tmp/hsperfdata_ubuntu/28946
7f8b88a36000-7f8b88afb000 rw-p 00000000 00:00 0 
7f8b88afb000-7f8b88afc000 r--p 00000000 00:6cd 101                       /usr/lib/locale/C.UTF-8/LC_ADDRESS
7f8b88afc000-7f8b88afd000 r--p 00000000 00:6cd 100                       /usr/lib/locale/C.UTF-8/LC_TELEPHONE
7f8b88afd000-7f8b88afe000 r--p 00000000 00:6cd 99                        /usr/lib/locale/C.UTF-8/LC_MEASUREMENT
7f8b88afe000-7f8b88aff000 r--p 00000000 00:6cd 95                        /usr/lib/locale/C.UTF-8/LC_IDENTIFICATION
7f8b88aff000-7f8b88b00000 rw-p 00000000 00:00 0 
7f8b88b00000-7f8b88b01000 r--p 00000000 00:00 0 
7f8b88b01000-7f8b88b02000 rw-p 00000000 00:00 0 
7f8b88b02000-7f8b88b03000 rwxp 00000000 00:00 0 
7f8b88b03000-7f8b88b0a000 r--s 00000000 00:6cd 98                        /usr/lib/x86_64-linux-gnu/gconv/gconv-modules.cache
7f8b88b0a000-7f8b88b0c000 rw-p 00000000 00:00 0 
7f8b88b0c000-7f8b88b0d000 r--p 00022000 00:6cd 71                        /lib/x86_64-linux-gnu/ld-2.19.so
7f8b88b0d000-7f8b88b0e000 rw-p 00023000 00:6cd 71                        /lib/x86_64-linux-gnu/ld-2.19.so
7f8b88b0e000-7f8b88b0f000 rw-p 00000000 00:00 0 
7ffd46ee6000-7ffd46f07000 rw-p 00000000 00:00 0                          [stack]
7ffd46f99000-7ffd46f9b000 r--p 00000000 00:00 0                          [vvar]
7ffd46f9b000-7ffd46f9d000 r-xp 00000000 00:00 0                          [vdso]
ffffffffff600000-ffffffffff601000 r-xp 00000000 00:00 0                  [vsyscall]

VM Arguments:
jvm_args: -Dfile.encoding=UTF8 -ea -Xmx768m 
java_command: <unknown>
Launcher Type: generic

Environment Variables:
PATH=/home/ubuntu/.nvm/versions/node/v6.11.2/bin:/usr/local/rvm/gems/ruby-2.4.0/bin:/usr/local/rvm/gems/ruby-2.4.0@global/bin:/usr/local/rvm/rubies/ruby-2.4.0/bin:/mnt/shared/bin:/home/ubuntu/workspace/node_modules/.bin:/home/ubuntu/bin:/usr/local/sbin:/usr/local/bin:/usr/sbin:/usr/bin:/sbin:/bin:/mnt/shared/sbin:/opt/gitl:/opt/go/bin:/mnt/shared/c9/app.nw/bin:/usr/local/rvm/bin
LD_LIBRARY_PATH=~/.c9/local/lib
SHELL=/bin/bash

Signal Handlers:
SIGSEGV: [libjvm.so+0x963630], sa_mask[0]=0x7ffbfeff, sa_flags=0x10000004
SIGBUS: [libjvm.so+0x963630], sa_mask[0]=0x7ffbfeff, sa_flags=0x10000004
SIGFPE: [libjvm.so+0x7d5da0], sa_mask[0]=0x7ffbfeff, sa_flags=0x10000004
SIGPIPE: [libjvm.so+0x7d5da0], sa_mask[0]=0x7ffbfeff, sa_flags=0x10000004
SIGXFSZ: [libjvm.so+0x7d5da0], sa_mask[0]=0x7ffbfeff, sa_flags=0x10000004
SIGILL: [libjvm.so+0x7d5da0], sa_mask[0]=0x7ffbfeff, sa_flags=0x10000004
SIGUSR1: SIG_DFL, sa_mask[0]=0x00000000, sa_flags=0x00000000
SIGUSR2: [libjvm.so+0x7d5ed0], sa_mask[0]=0x00000000, sa_flags=0x10000004
SIGHUP: [libjvm.so+0x7d5e20], sa_mask[0]=0x7ffbfeff, sa_flags=0x10000004
SIGINT: [libjvm.so+0x7d5e20], sa_mask[0]=0x7ffbfeff, sa_flags=0x10000004
SIGTERM: [libjvm.so+0x7d5e20], sa_mask[0]=0x7ffbfeff, sa_flags=0x10000004
SIGQUIT: [libjvm.so+0x7d5e20], sa_mask[0]=0x7ffbfeff, sa_flags=0x10000004
SIGTRAP: SIG_DFL, sa_mask[0]=0x00000000, sa_flags=0x00000000


---------------  S Y S T E M  ---------------

OS:Ubuntu 14.04 (trusty)
uname:Linux 4.9.17-c9 #1 SMP Thu Mar 23 01:38:54 UTC 2017 x86_64
libc:glibc 2.19 NPTL 2.19 
rlimit: STACK 8192k, CORE 0k, NPROC 1048576, NOFILE 1048576, AS infinity
load average:3.59 6.21 6.77

/proc/meminfo:
MemTotal:       53595428 kB
MemFree:         4318616 kB
MemAvailable:   16855380 kB
Buffers:         8233724 kB
Cached:         12065676 kB
SwapCached:       926624 kB
Active:         25609348 kB
Inactive:       14016520 kB
Active(anon):    9983368 kB
Inactive(anon): 11809252 kB
Active(file):   15625980 kB
Inactive(file):  2207268 kB
Unevictable:       42176 kB
Mlocked:           42176 kB
SwapTotal:      52428796 kB
SwapFree:       41282140 kB
Dirty:             15740 kB
Writeback:             0 kB
AnonPages:      18821844 kB
Mapped:          1538692 kB
Shmem:           2465008 kB
Slab:            7159248 kB
SReclaimable:    4599800 kB
SUnreclaim:      2559448 kB
KernelStack:      181956 kB
PageTables:       457648 kB
NFS_Unstable:          0 kB
Bounce:                0 kB
WritebackTmp:          0 kB
CommitLimit:    79226508 kB
Committed_AS:   85270316 kB
VmallocTotal:   34359738367 kB
VmallocUsed:           0 kB
VmallocChunk:          0 kB
HardwareCorrupted:     0 kB
AnonHugePages:    200704 kB
ShmemHugePages:        0 kB
ShmemPmdMapped:        0 kB
HugePages_Total:       0
HugePages_Free:        0
HugePages_Rsvd:        0
HugePages_Surp:        0
Hugepagesize:       2048 kB
DirectMap4k:     4331508 kB
DirectMap2M:    50194432 kB
DirectMap1G:     2097152 kB


CPU:total 8 (initial active 8) (12 cores per cpu, 2 threads per core) family 6 model 62 stepping 4, cmov, cx8, fxsr, mmx, sse, sse2, sse3, ssse3, sse4.1, sse4.2, popcnt, avx, aes, erms, ht, tsc, tscinvbit

/proc/cpuinfo:
processor	: 0
vendor_id	: GenuineIntel
cpu family	: 6
model		: 62
model name	: Intel(R) Xeon(R) CPU @ 2.50GHz
stepping	: 4
microcode	: 0x1
cpu MHz		: 2500.000
cache size	: 30720 KB
physical id	: 0
siblings	: 8
core id		: 0
cpu cores	: 4
apicid		: 0
initial apicid	: 0
fpu		: yes
fpu_exception	: yes
cpuid level	: 13
wp		: yes
flags		: fpu vme de pse tsc msr pae mce cx8 apic sep mtrr pge mca cmov pat pse36 clflush mmx fxsr sse sse2 ss ht syscall nx pdpe1gb rdtscp lm constant_tsc rep_good nopl xtopology nonstop_tsc eagerfpu pni pclmulqdq ssse3 cx16 sse4_1 sse4_2 x2apic popcnt aes xsave avx f16c rdrand hypervisor lahf_lm fsgsbase tsc_adjust smep erms xsaveopt
bugs		:
bogomips	: 5000.00
clflush size	: 64
cache_alignment	: 64
address sizes	: 46 bits physical, 48 bits virtual
power management:

processor	: 1
vendor_id	: GenuineIntel
cpu family	: 6
model		: 62
model name	: Intel(R) Xeon(R) CPU @ 2.50GHz
stepping	: 4
microcode	: 0x1
cpu MHz		: 2500.000
cache size	: 30720 KB
physical id	: 0
siblings	: 8
core id		: 1
cpu cores	: 4
apicid		: 2
initial apicid	: 2
fpu		: yes
fpu_exception	: yes
cpuid level	: 13
wp		: yes
flags		: fpu vme de pse tsc msr pae mce cx8 apic sep mtrr pge mca cmov pat pse36 clflush mmx fxsr sse sse2 ss ht syscall nx pdpe1gb rdtscp lm constant_tsc rep_good nopl xtopology nonstop_tsc eagerfpu pni pclmulqdq ssse3 cx16 sse4_1 sse4_2 x2apic popcnt aes xsave avx f16c rdrand hypervisor lahf_lm fsgsbase tsc_adjust smep erms xsaveopt
bugs		:
bogomips	: 5000.00
clflush size	: 64
cache_alignment	: 64
address sizes	: 46 bits physical, 48 bits virtual
power management:

processor	: 2
vendor_id	: GenuineIntel
cpu family	: 6
model		: 62
model name	: Intel(R) Xeon(R) CPU @ 2.50GHz
stepping	: 4
microcode	: 0x1
cpu MHz		: 2500.000
cache size	: 30720 KB
physical id	: 0
siblings	: 8
core id		: 2
cpu cores	: 4
apicid		: 4
initial apicid	: 4
fpu		: yes
fpu_exception	: yes
cpuid level	: 13
wp		: yes
flags		: fpu vme de pse tsc msr pae mce cx8 apic sep mtrr pge mca cmov pat pse36 clflush mmx fxsr sse sse2 ss ht syscall nx pdpe1gb rdtscp lm constant_tsc rep_good nopl xtopology nonstop_tsc eagerfpu pni pclmulqdq ssse3 cx16 sse4_1 sse4_2 x2apic popcnt aes xsave avx f16c rdrand hypervisor lahf_lm fsgsbase tsc_adjust smep erms xsaveopt
bugs		:
bogomips	: 5000.00
clflush size	: 64
cache_alignment	: 64
address sizes	: 46 bits physical, 48 bits virtual
power management:

processor	: 3
vendor_id	: GenuineIntel
cpu family	: 6
model		: 62
model name	: Intel(R) Xeon(R) CPU @ 2.50GHz
stepping	: 4
microcode	: 0x1
cpu MHz		: 2500.000
cache size	: 30720 KB
physical id	: 0
siblings	: 8
core id		: 3
cpu cores	: 4
apicid		: 6
initial apicid	: 6
fpu		: yes
fpu_exception	: yes
cpuid level	: 13
wp		: yes
flags		: fpu vme de pse tsc msr pae mce cx8 apic sep mtrr pge mca cmov pat pse36 clflush mmx fxsr sse sse2 ss ht syscall nx pdpe1gb rdtscp lm constant_tsc rep_good nopl xtopology nonstop_tsc eagerfpu pni pclmulqdq ssse3 cx16 sse4_1 sse4_2 x2apic popcnt aes xsave avx f16c rdrand hypervisor lahf_lm fsgsbase tsc_adjust smep erms xsaveopt
bugs		:
bogomips	: 5000.00
clflush size	: 64
cache_alignment	: 64
address sizes	: 46 bits physical, 48 bits virtual
power management:

processor	: 4
vendor_id	: GenuineIntel
cpu family	: 6
model		: 62
model name	: Intel(R) Xeon(R) CPU @ 2.50GHz
stepping	: 4
microcode	: 0x1
cpu MHz		: 2500.000
cache size	: 30720 KB
physical id	: 0
siblings	: 8
core id		: 0
cpu cores	: 4
apicid		: 1
initial apicid	: 1
fpu		: yes
fpu_exception	: yes
cpuid level	: 13
wp		: yes
flags		: fpu vme de pse tsc msr pae mce cx8 apic sep mtrr pge mca cmov pat pse36 clflush mmx fxsr sse sse2 ss ht syscall nx pdpe1gb rdtscp lm constant_tsc rep_good nopl xtopology nonstop_tsc eagerfpu pni pclmulqdq ssse3 cx16 sse4_1 sse4_2 x2apic popcnt aes xsave avx f16c rdrand hypervisor lahf_lm fsgsbase tsc_adjust smep erms xsaveopt
bugs		:
bogomips	: 5000.00
clflush size	: 64
cache_alignment	: 64
address sizes	: 46 bits physical, 48 bits virtual
power management:

processor	: 5
vendor_id	: GenuineIntel
cpu family	: 6
model		: 62
model name	: Intel(R) Xeon(R) CPU @ 2.50GHz
stepping	: 4
microcode	: 0x1
cpu MHz		: 2500.000
cache size	: 30720 KB
physical id	: 0
siblings	: 8
core id		: 1
cpu cores	: 4
apicid		: 3
initial apicid	: 3
fpu		: yes
fpu_exception	: yes
cpuid level	: 13
wp		: yes
flags		: fpu vme de pse tsc msr pae mce cx8 apic sep mtrr pge mca cmov pat pse36 clflush mmx fxsr sse sse2 ss ht syscall nx pdpe1gb rdtscp lm constant_tsc rep_good nopl xtopology nonstop_tsc eagerfpu pni pclmulqdq ssse3 cx16 sse4_1 sse4_2 x2apic popcnt aes xsave avx f16c rdrand hypervisor lahf_lm fsgsbase tsc_adjust smep erms xsaveopt
bugs		:
bogomips	: 5000.00
clflush size	: 64
cache_alignment	: 64
address sizes	: 46 bits physical, 48 bits virtual
power management:

processor	: 6
vendor_id	: GenuineIntel
cpu family	: 6
model		: 62
model name	: Intel(R) Xeon(R) CPU @ 2.50GHz
stepping	: 4
microcode	: 0x1
cpu MHz		: 2500.000
cache size	: 30720 KB
physical id	: 0
siblings	: 8
core id		: 2
cpu cores	: 4
apicid		: 5
initial apicid	: 5
fpu		: yes
fpu_exception	: yes
cpuid level	: 13
wp		: yes
flags		: fpu vme de pse tsc msr pae mce cx8 apic sep mtrr pge mca cmov pat pse36 clflush mmx fxsr sse sse2 ss ht syscall nx pdpe1gb rdtscp lm constant_tsc rep_good nopl xtopology nonstop_tsc eagerfpu pni pclmulqdq ssse3 cx16 sse4_1 sse4_2 x2apic popcnt aes xsave avx f16c rdrand hypervisor lahf_lm fsgsbase tsc_adjust smep erms xsaveopt
bugs		:
bogomips	: 5000.00
clflush size	: 64
cache_alignment	: 64
address sizes	: 46 bits physical, 48 bits virtual
power management:

processor	: 7
vendor_id	: GenuineIntel
cpu family	: 6
model		: 62
model name	: Intel(R) Xeon(R) CPU @ 2.50GHz
stepping	: 4
microcode	: 0x1
cpu MHz		: 2500.000
cache size	: 30720 KB
physical id	: 0
siblings	: 8
core id		: 3
cpu cores	: 4
apicid		: 7
initial apicid	: 7
fpu		: yes
fpu_exception	: yes
cpuid level	: 13
wp		: yes
flags		: fpu vme de pse tsc msr pae mce cx8 apic sep mtrr pge mca cmov pat pse36 clflush mmx fxsr sse sse2 ss ht syscall nx pdpe1gb rdtscp lm constant_tsc rep_good nopl xtopology nonstop_tsc eagerfpu pni pclmulqdq ssse3 cx16 sse4_1 sse4_2 x2apic popcnt aes xsave avx f16c rdrand hypervisor lahf_lm fsgsbase tsc_adjust smep erms xsaveopt
bugs		:
bogomips	: 5000.00
clflush size	: 64
cache_alignment	: 64
address sizes	: 46 bits physical, 48 bits virtual
power management:



Memory: 4k page, physical 53595428k(4318492k free), swap 52428796k(41282140k free)

vm_info: OpenJDK 64-Bit Server VM (24.151-b01) for linux-amd64 JRE (1.7.0_151-b01), built on Aug 15 2017 05:35:24 by "buildd" with gcc 4.8.4

time: Thu Nov 16 18:03:28 2017
elapsed time: 11 seconds

