#
# A fatal error has been detected by the Java Runtime Environment:
#
#  SIGSEGV (0xb) at pc=0x00007f84e69d4fd3, pid=25229, tid=140208661489408
#
# JRE version: OpenJDK Runtime Environment (7.0_151-b01) (build 1.7.0_151-b01)
# Java VM: OpenJDK 64-Bit Server VM (24.151-b01 mixed mode linux-amd64 compressed oops)
# Derivative: IcedTea 2.6.11
# Distribution: Ubuntu 14.04 LTS, package 7u151-2.6.11-0ubuntu1.14.04.1
# Problematic frame:
# C  [_jpype.so+0x35fd3]  JPJavaEnv::NewObjectA(_jclass*, _jmethodID*, jvalue*)+0x33
#
# Failed to write core dump. Core dumps have been disabled. To enable core dumping, try "ulimit -c unlimited" before starting Java again
#
# If you would like to submit a bug report, please include
# instructions on how to reproduce the bug and visit:
#   http://icedtea.classpath.org/bugzilla
#

---------------  T H R E A D  ---------------

Current thread is native thread

siginfo:si_signo=SIGSEGV: si_errno=0, si_code=1 (SEGV_MAPERR), si_addr=0x0000000000000000

Registers:
RAX=0x00007f84e04763f0, RBX=0x0000000000000000, RCX=0x00007f84d84c8170, RDX=0x00007f84e6c207b0
RSP=0x00007f84df762ca0, RBP=0x00007f84d8359eb8, RSI=0x0000000000000001, RDI=0x0000000000f9fa50
R8 =0x0000000000000000, R9 =0x0000000000000002, R10=0x00007f84e699d940, R11=0x0000000000000001
R12=0x00007f84d833e3e0, R13=0x00007f84e04763f0, R14=0x00007f84d834fae8, R15=0x00007f84d84c8170
RIP=0x00007f84e69d4fd3, EFLAGS=0x0000000000010206, CSGSFS=0x002b000000000033, ERR=0x0000000000000004
  TRAPNO=0x000000000000000e

Top of Stack: (sp=0x00007f84df762ca0)
0x00007f84df762ca0:   00007f84df762e30 00007f84d834fae8
0x00007f84df762cb0:   0000000000000000 0000000000000000
0x00007f84df762cc0:   00007f84d84c8170 00007f84d8427368
0x00007f84df762cd0:   00007f84df762e10 00007f84e69d7f9e
0x00007f84df762ce0:   0000000000000000 00007f84df762d50
0x00007f84df762cf0:   00007f84d8359eb8 00007f84df762d10
0x00007f84df762d00:   0000000000000290 00000000005103c9
0x00007f84df762d10:   00007f84e6c1f010 00007f84d87a17e8
0x00007f84df762d20:   00007f84e6eaa700 ffffffff00000000
0x00007f84df762d30:   00000000005cd65e 00000000004ae2d9
0x00007f84df762d40:   0000003000000028 00007f84df762ec0
0x00007f84df762d50:   00007f84e6c20050 0000000000000000
0x00007f84df762d60:   0000000000000000 0000000000000000
0x00007f84df762d70:   0000000000000000 0000000000000000
0x00007f84df762d80:   0000000000000000 0000000000000000
0x00007f84df762d90:   0000000000000000 0000000000000000
0x00007f84df762da0:   00007f84df762e30 00007f84def44cb0
0x00007f84df762db0:   00007f84eb98d050 0000000000000000
0x00007f84df762dc0:   00007f84df762e30 0000000000000000
0x00007f84df762dd0:   00007f84eb98d050 00007f84e69fdeaa
0x00007f84df762de0:   0000000000000000 00007f84e400fc20
0x00007f84df762df0:   00007f84eb98eed0 00007f84e4114a80
0x00007f84df762e00:   00007f84eb98e030 00007f84e6184010
0x00007f84df762e10:   0000000000000000 0000000000000000
0x00007f84df762e20:   0000000000000000 00007f84d845c3c0
0x00007f84df762e30:   00007f84e6c20050 0000000000000000
0x00007f84df762e40:   0000000000000000 0000000000000000
0x00007f84df762e50:   0000000000000000 0000000000000000
0x00007f84df762e60:   0000000000000000 0000000000000000
0x00007f84df762e70:   0000000000000000 0000000000000000
0x00007f84df762e80:   00007f84eb990230 00007f84def44cb0
0x00007f84df762e90:   00007f84eb98d050 0000000000000000 

Instructions: (pc=0x00007f84e69d4fd3)
0x00007f84e69d4fb3:   89 f5 53 48 83 ec 08 e8 81 f7 ff ff 48 89 c3 e8
0x00007f84e69d4fc3:   49 a3 01 00 48 8b 10 48 89 c7 ff 52 30 49 89 c5
0x00007f84e69d4fd3:   48 8b 03 48 89 ee 48 89 df ff 90 d8 00 00 00 48
0x00007f84e69d4fe3:   89 c5 e8 16 a3 01 00 48 89 c7 e8 6e f7 ff ff 84 

Register to memory mapping:

RAX=0x00007f84e04763f0 is an unknown value
RBX=0x0000000000000000 is an unknown value
RCX=0x00007f84d84c8170 is an unknown value
RDX=0x00007f84e6c207b0: _ZTV21PythonHostEnvironment+0x10 in /usr/local/lib/python2.7/dist-packages/_jpype.so at 0x00007f84e699f000
RSP=0x00007f84df762ca0 is pointing into the stack for thread: 0x00007f84d8029000
RBP=0x00007f84d8359eb8 is a global jni handle
RSI=0x0000000000000001 is an unknown value
RDI=0x0000000000f9fa50 is an unknown value
R8 =0x0000000000000000 is an unknown value
R9 =0x0000000000000002 is an unknown value
R10=0x00007f84e699d940: <offset 0x302940> in /usr/lib/x86_64-linux-gnu/libstdc++.so.6 at 0x00007f84e669b000
R11=0x0000000000000001 is an unknown value
R12=0x00007f84d833e3e0 is an unknown value
R13=0x00007f84e04763f0 is an unknown value
R14=0x00007f84d834fae8 is a weak global jni handle
R15=0x00007f84d84c8170 is an unknown value


Stack: [0x00007f84def66000,0x00007f84df767000],  sp=0x00007f84df762ca0,  free space=8179k
Native frames: (J=compiled Java code, j=interpreted, Vv=VM code, C=native code)
C  [_jpype.so+0x35fd3]  JPJavaEnv::NewObjectA(_jclass*, _jmethodID*, jvalue*)+0x33


---------------  P R O C E S S  ---------------

VM state:not at safepoint (normal execution)

VM Mutex/Monitor currently owned by a thread: None

Heap
 PSYoungGen      total 229376K, used 84324K [0x00000000f0000000, 0x0000000100000000, 0x0000000100000000)
  eden space 196608K, 30% used [0x00000000f0000000,0x00000000f3afbcf8,0x00000000fc000000)
  from space 32768K, 73% used [0x00000000fc000000,0x00000000fd75d4c8,0x00000000fe000000)
  to   space 32768K, 0% used [0x00000000fe000000,0x00000000fe000000,0x0000000100000000)
 ParOldGen       total 524288K, used 8K [0x00000000d0000000, 0x00000000f0000000, 0x00000000f0000000)
  object space 524288K, 0% used [0x00000000d0000000,0x00000000d0002000,0x00000000f0000000)
 PSPermGen       total 21504K, used 9545K [0x00000000c5a00000, 0x00000000c6f00000, 0x00000000d0000000)
  object space 21504K, 44% used [0x00000000c5a00000,0x00000000c6352438,0x00000000c6f00000)

Card table byte_map: [0x00007f84dcff0000,0x00007f84dd1c4000] byte_map_base: 0x00007f84dc9c3000

Polling page: 0x00007f84eb9d7000

Code Cache  [0x00007f84d5000000, 0x00007f84d5270000, 0x00007f84d8000000)
 total_blobs=739 nmethods=519 adapters=173 free_code_cache=47973Kb largest_free_block=49096960

Compilation events (10 events):
Event: 2.820 Thread 0x00007f84d832d000 nmethod 514 0x00007f84d50fd050 code [0x00007f84d50fd180, 0x00007f84d50fd1d8]
Event: 2.820 Thread 0x00007f84d832d000  516             scala.collection.IndexedSeqOptimized$class::foldl (34 bytes)
Event: 2.821 Thread 0x00007f84d8330000 nmethod 515 0x00007f84d50fce50 code [0x00007f84d50fcf80, 0x00007f84d50fcff8]
Event: 2.824 Thread 0x00007f84d832d000 nmethod 516 0x00007f84d50fc350 code [0x00007f84d50fc4e0, 0x00007f84d50fc8a8]
Event: 2.844 Thread 0x00007f84d8330000  517             scala.collection.TraversableOnce$$anonfun$toMap$1::apply (6 bytes)
Event: 2.845 Thread 0x00007f84d832d000  518             scala.collection.TraversableOnce$$anonfun$toMap$1::apply (18 bytes)
Event: 2.848 Thread 0x00007f84d832d000 nmethod 518 0x00007f84d512b050 code [0x00007f84d512b1e0, 0x00007f84d512b488]
Event: 2.848 Thread 0x00007f84d8330000 nmethod 517 0x00007f84d512a6d0 code [0x00007f84d512a860, 0x00007f84d512ab08]
Event: 2.861 Thread 0x00007f84d832d000  519             java.lang.String::endsWith (17 bytes)
Event: 2.864 Thread 0x00007f84d832d000 nmethod 519 0x00007f84d512a290 code [0x00007f84d512a3e0, 0x00007f84d512a5b8]

GC Heap History (2 events):
Event: 2.616 GC heap before
{Heap before GC invocations=1 (full 0):
 PSYoungGen      total 229376K, used 196608K [0x00000000f0000000, 0x0000000100000000, 0x0000000100000000)
  eden space 196608K, 100% used [0x00000000f0000000,0x00000000fc000000,0x00000000fc000000)
  from space 32768K, 0% used [0x00000000fe000000,0x00000000fe000000,0x0000000100000000)
  to   space 32768K, 0% used [0x00000000fc000000,0x00000000fc000000,0x00000000fe000000)
 ParOldGen       total 524288K, used 0K [0x00000000d0000000, 0x00000000f0000000, 0x00000000f0000000)
  object space 524288K, 0% used [0x00000000d0000000,0x00000000d0000000,0x00000000f0000000)
 PSPermGen       total 21504K, used 9266K [0x00000000c5a00000, 0x00000000c6f00000, 0x00000000d0000000)
  object space 21504K, 43% used [0x00000000c5a00000,0x00000000c630c860,0x00000000c6f00000)
Event: 2.645 GC heap after
Heap after GC invocations=1 (full 0):
 PSYoungGen      total 229376K, used 23925K [0x00000000f0000000, 0x0000000100000000, 0x0000000100000000)
  eden space 196608K, 0% used [0x00000000f0000000,0x00000000f0000000,0x00000000fc000000)
  from space 32768K, 73% used [0x00000000fc000000,0x00000000fd75d4c8,0x00000000fe000000)
  to   space 32768K, 0% used [0x00000000fe000000,0x00000000fe000000,0x0000000100000000)
 ParOldGen       total 524288K, used 8K [0x00000000d0000000, 0x00000000f0000000, 0x00000000f0000000)
  object space 524288K, 0% used [0x00000000d0000000,0x00000000d0002000,0x00000000f0000000)
 PSPermGen       total 21504K, used 9266K [0x00000000c5a00000, 0x00000000c6f00000, 0x00000000d0000000)
  object space 21504K, 43% used [0x00000000c5a00000,0x00000000c630c860,0x00000000c6f00000)
}

Deoptimization events (10 events):
Event: 2.841 Thread 0x00007f84d8029000 Uncommon trap: reason=class_check action=maybe_recompile pc=0x00007f84d511a3fc method=scala.collection.immutable.HashMap.$plus(Lscala/Tuple2;)Lscala/collection/immutable/HashMap; @ 20
Event: 2.855 Thread 0x00007f84d8029000 Uncommon trap: reason=class_check action=maybe_recompile pc=0x00007f84d5126230 method=scala.collection.immutable.HashMap$HashMap1.get0(Ljava/lang/Object;II)Lscala/Option; @ 52
Event: 2.855 Thread 0x00007f84d8029000 Uncommon trap: reason=bimorphic action=maybe_recompile pc=0x00007f84d50b5414 method=scala.collection.TraversableLike$$anonfun$map$1.apply(Ljava/lang/Object;)Lscala/collection/mutable/Builder; @ 14
Event: 2.855 Thread 0x00007f84d8029000 Uncommon trap: reason=class_check action=maybe_recompile pc=0x00007f84d5126248 method=scala.collection.immutable.HashMap$HashMap1.get0(Ljava/lang/Object;II)Lscala/Option; @ 52
Event: 2.859 Thread 0x00007f84d8029000 Uncommon trap: reason=class_check action=maybe_recompile pc=0x00007f84d50ac298 method=java.lang.String.valueOf(Ljava/lang/Object;)Ljava/lang/String; @ 10
Event: 2.869 Thread 0x00007f84d8029000 Uncommon trap: reason=class_check action=maybe_recompile pc=0x00007f84d50ac298 method=java.lang.String.valueOf(Ljava/lang/Object;)Ljava/lang/String; @ 10
Event: 2.876 Thread 0x00007f84d8029000 Uncommon trap: reason=bimorphic action=maybe_recompile pc=0x00007f84d50d2490 method=scala.collection.IterableLike$class.foreach(Lscala/collection/IterableLike;Lscala/Function1;)V @ 7
Event: 2.876 Thread 0x00007f84d8029000 Uncommon trap: reason=bimorphic action=maybe_recompile pc=0x00007f84d50d2490 method=scala.collection.IterableLike$class.foreach(Lscala/collection/IterableLike;Lscala/Function1;)V @ 7
Event: 2.876 Thread 0x00007f84d8029000 Uncommon trap: reason=class_check action=maybe_recompile pc=0x00007f84d5126230 method=scala.collection.immutable.HashMap$HashMap1.get0(Ljava/lang/Object;II)Lscala/Option; @ 52
Event: 2.876 Thread 0x00007f84d8029000 Uncommon trap: reason=class_check action=maybe_recompile pc=0x00007f84d5126248 method=scala.collection.immutable.HashMap$HashMap1.get0(Ljava/lang/Object;II)Lscala/Option; @ 52

Internal exceptions (10 events):
Event: 2.860 Thread 0x00007f84d8029000 Threw 0x00000000f3a92df8 at /build/openjdk-7-2nYvii/openjdk-7-7u151-2.6.11/build/openjdk/hotspot/src/share/vm/prims/jvm.cpp:1322
Event: 2.860 Thread 0x00007f84d8029000 Threw 0x00000000f3a9fd80 at /build/openjdk-7-2nYvii/openjdk-7-7u151-2.6.11/build/openjdk/hotspot/src/share/vm/prims/jvm.cpp:1322
Event: 2.861 Thread 0x00007f84d8029000 Threw 0x00000000f3aa4db8 at /build/openjdk-7-2nYvii/openjdk-7-7u151-2.6.11/build/openjdk/hotspot/src/share/vm/prims/jvm.cpp:1322
Event: 2.861 Thread 0x00007f84d8029000 Threw 0x00000000f3aa9910 at /build/openjdk-7-2nYvii/openjdk-7-7u151-2.6.11/build/openjdk/hotspot/src/share/vm/prims/jvm.cpp:1322
Event: 2.861 Thread 0x00007f84d8029000 Threw 0x00000000f3aaef80 at /build/openjdk-7-2nYvii/openjdk-7-7u151-2.6.11/build/openjdk/hotspot/src/share/vm/prims/jvm.cpp:1322
Event: 2.862 Thread 0x00007f84d8029000 Threw 0x00000000f3ab4e10 at /build/openjdk-7-2nYvii/openjdk-7-7u151-2.6.11/build/openjdk/hotspot/src/share/vm/prims/jvm.cpp:1322
Event: 2.863 Thread 0x00007f84d8029000 Threw 0x00000000f3abaab0 at /build/openjdk-7-2nYvii/openjdk-7-7u151-2.6.11/build/openjdk/hotspot/src/share/vm/prims/jvm.cpp:1322
Event: 2.864 Thread 0x00007f84d8029000 Threw 0x00000000f3ac3468 at /build/openjdk-7-2nYvii/openjdk-7-7u151-2.6.11/build/openjdk/hotspot/src/share/vm/prims/jvm.cpp:1322
Event: 2.865 Thread 0x00007f84d8029000 Threw 0x00000000f3ac8b30 at /build/openjdk-7-2nYvii/openjdk-7-7u151-2.6.11/build/openjdk/hotspot/src/share/vm/prims/jvm.cpp:1322
Event: 2.866 Thread 0x00007f84d8029000 Threw 0x00000000f3acfda8 at /build/openjdk-7-2nYvii/openjdk-7-7u151-2.6.11/build/openjdk/hotspot/src/share/vm/prims/jvm.cpp:1322

Events (10 events):
Event: 2.876 Thread 0x00007f84d8029000 DEOPT PACKING pc=0x00007f84d50d2490 sp=0x00007f84df7629f0
Event: 2.876 Thread 0x00007f84d8029000 DEOPT UNPACKING pc=0x00007f84d5039445 sp=0x00007f84df762970 mode 2
Event: 2.876 Thread 0x00007f84d8029000 Uncommon trap: trap_request=0xffffffde fr.pc=0x00007f84d5126230
Event: 2.876 Thread 0x00007f84d8029000 DEOPT PACKING pc=0x00007f84d5126230 sp=0x00007f84df762900
Event: 2.876 Thread 0x00007f84d8029000 DEOPT UNPACKING pc=0x00007f84d5039445 sp=0x00007f84df762828 mode 2
Event: 2.876 Thread 0x00007f84d8029000 Uncommon trap: trap_request=0xffffffde fr.pc=0x00007f84d5126248
Event: 2.876 Thread 0x00007f84d8029000 DEOPT PACKING pc=0x00007f84d5126248 sp=0x00007f84df762900
Event: 2.876 Thread 0x00007f84d8029000 DEOPT UNPACKING pc=0x00007f84d5039445 sp=0x00007f84df7627a0 mode 2
Event: 4.241 Executing VM operation: EnableBiasedLocking
Event: 4.241 Executing VM operation: EnableBiasedLocking done


Dynamic libraries:
00400000-006bb000 r-xp 00000000 00:6cd 918                               /usr/bin/python2.7
008ba000-008bb000 r--p 002ba000 00:6cd 918                               /usr/bin/python2.7
008bb000-00930000 rw-p 002bb000 00:6cd 918                               /usr/bin/python2.7
00930000-00942000 rw-p 00000000 00:00 0 
00c2b000-012c1000 rw-p 00000000 00:00 0                                  [heap]
c5a00000-c6f00000 rw-p 00000000 00:00 0 
c6f00000-d0000000 rw-p 00000000 00:00 0 
d0000000-100000000 rw-p 00000000 00:00 0 
7f848c000000-7f848c021000 rw-p 00000000 00:00 0 
7f848c021000-7f8490000000 ---p 00000000 00:00 0 
7f8490000000-7f8490021000 rw-p 00000000 00:00 0 
7f8490021000-7f8494000000 ---p 00000000 00:00 0 
7f8494000000-7f8494415000 rw-p 00000000 00:00 0 
7f8494415000-7f8498000000 ---p 00000000 00:00 0 
7f8498000000-7f8498021000 rw-p 00000000 00:00 0 
7f8498021000-7f849c000000 ---p 00000000 00:00 0 
7f849c000000-7f849c021000 rw-p 00000000 00:00 0 
7f849c021000-7f84a0000000 ---p 00000000 00:00 0 
7f84a0000000-7f84a047a000 rw-p 00000000 00:00 0 
7f84a047a000-7f84a4000000 ---p 00000000 00:00 0 
7f84a4000000-7f84a4021000 rw-p 00000000 00:00 0 
7f84a4021000-7f84a8000000 ---p 00000000 00:00 0 
7f84a8000000-7f84a8021000 rw-p 00000000 00:00 0 
7f84a8021000-7f84ac000000 ---p 00000000 00:00 0 
7f84ac000000-7f84ac021000 rw-p 00000000 00:00 0 
7f84ac021000-7f84b0000000 ---p 00000000 00:00 0 
7f84b0000000-7f84b0021000 rw-p 00000000 00:00 0 
7f84b0021000-7f84b4000000 ---p 00000000 00:00 0 
7f84b4000000-7f84b4021000 rw-p 00000000 00:00 0 
7f84b4021000-7f84b8000000 ---p 00000000 00:00 0 
7f84b8000000-7f84b8021000 rw-p 00000000 00:00 0 
7f84b8021000-7f84bc000000 ---p 00000000 00:00 0 
7f84bcf4f000-7f84bcf52000 ---p 00000000 00:00 0 
7f84bcf52000-7f84bd050000 rw-p 00000000 00:00 0 
7f84bd050000-7f84bd051000 ---p 00000000 00:00 0 
7f84bd051000-7f84bd151000 rw-p 00000000 00:00 0 
7f84bd151000-7f84bd154000 ---p 00000000 00:00 0 
7f84bd154000-7f84bd252000 rw-p 00000000 00:00 0 
7f84bd252000-7f84bd255000 ---p 00000000 00:00 0 
7f84bd255000-7f84bd353000 rw-p 00000000 00:00 0 
7f84bd353000-7f84bd356000 ---p 00000000 00:00 0 
7f84bd356000-7f84bd454000 rw-p 00000000 00:00 0 
7f84bd454000-7f84bd457000 ---p 00000000 00:00 0 
7f84bd457000-7f84bd555000 rw-p 00000000 00:00 0 
7f84bd555000-7f84bd6c4000 r--p 00000000 00:6cd 107                       /usr/lib/locale/C.UTF-8/LC_COLLATE
7f84bd6c4000-7f84bd6c7000 ---p 00000000 00:00 0 
7f84bd6c7000-7f84bd7c5000 rw-p 00000000 00:00 0 
7f84bd7c5000-7f84bd7c8000 ---p 00000000 00:00 0 
7f84bd7c8000-7f84bd8c6000 rw-p 00000000 00:00 0 
7f84bd8c6000-7f84bd8c7000 ---p 00000000 00:00 0 
7f84bd8c7000-7f84c0000000 rw-p 00000000 00:00 0 
7f84c0000000-7f84c0021000 rw-p 00000000 00:00 0 
7f84c0021000-7f84c4000000 ---p 00000000 00:00 0 
7f84c4000000-7f84c4021000 rw-p 00000000 00:00 0 
7f84c4021000-7f84c8000000 ---p 00000000 00:00 0 
7f84c8000000-7f84c8021000 rw-p 00000000 00:00 0 
7f84c8021000-7f84cc000000 ---p 00000000 00:00 0 
7f84cc000000-7f84cc021000 rw-p 00000000 00:00 0 
7f84cc021000-7f84d0000000 ---p 00000000 00:00 0 
7f84d0000000-7f84d0021000 rw-p 00000000 00:00 0 
7f84d0021000-7f84d4000000 ---p 00000000 00:00 0 
7f84d404a000-7f84d408a000 rw-p 00000000 00:00 0 
7f84d408a000-7f84d4099000 r--s 003aa000 00:6cd 5462                      /usr/local/lib/python2.7/dist-packages/konlpy/java/twitter-korean-text-2.4.3.jar
7f84d4099000-7f84d40f1000 r--s 004f0000 00:6cd 5461                      /usr/local/lib/python2.7/dist-packages/konlpy/java/scala-library-2.11.4.jar
7f84d40f1000-7f84d5000000 rw-p 00000000 00:00 0 
7f84d5000000-7f84d5270000 rwxp 00000000 00:00 0 
7f84d5270000-7f84d87af000 rw-p 00000000 00:00 0 
7f84d87af000-7f84dc000000 ---p 00000000 00:00 0 
7f84dc002000-7f84dc009000 r--s 0003c000 00:6cd 5460                      /usr/local/lib/python2.7/dist-packages/konlpy/java/snakeyaml-1.12.jar
7f84dc009000-7f84dc30c000 rw-p 00000000 00:00 0 
7f84dc30c000-7f84dc4c2000 r--s 01d63000 00:6cd 5329                      /usr/lib/jvm/java-7-openjdk-amd64/jre/lib/rt.jar
7f84dc4c2000-7f84dc695000 rw-p 00000000 00:00 0 
7f84dc695000-7f84dc696000 ---p 00000000 00:00 0 
7f84dc696000-7f84dc796000 rw-p 00000000 00:00 0 
7f84dc796000-7f84dc797000 ---p 00000000 00:00 0 
7f84dc797000-7f84dc897000 rw-p 00000000 00:00 0 
7f84dc897000-7f84dc898000 ---p 00000000 00:00 0 
7f84dc898000-7f84dc998000 rw-p 00000000 00:00 0 
7f84dc998000-7f84dc999000 ---p 00000000 00:00 0 
7f84dc999000-7f84dca99000 rw-p 00000000 00:00 0 
7f84dca99000-7f84dca9a000 ---p 00000000 00:00 0 
7f84dca9a000-7f84dcb9a000 rw-p 00000000 00:00 0 
7f84dcb9a000-7f84dcb9b000 ---p 00000000 00:00 0 
7f84dcb9b000-7f84dcc9b000 rw-p 00000000 00:00 0 
7f84dcc9b000-7f84dcc9c000 ---p 00000000 00:00 0 
7f84dcc9c000-7f84dcd9c000 rw-p 00000000 00:00 0 
7f84dcd9c000-7f84dcd9d000 ---p 00000000 00:00 0 
7f84dcd9d000-7f84dcea8000 rw-p 00000000 00:00 0 
7f84dcea8000-7f84dcef0000 rw-p 00000000 00:00 0 
7f84dcef0000-7f84dcffb000 rw-p 00000000 00:00 0 
7f84dcffb000-7f84dd043000 rw-p 00000000 00:00 0 
7f84dd043000-7f84dd1ce000 rw-p 00000000 00:00 0 
7f84dd1ce000-7f84dd284000 rw-p 00000000 00:00 0 
7f84dd284000-7f84dd28c000 r-xp 00000000 00:6cd 5421                      /usr/lib/jvm/java-7-openjdk-amd64/jre/lib/amd64/libzip.so
7f84dd28c000-7f84dd48b000 ---p 00008000 00:6cd 5421                      /usr/lib/jvm/java-7-openjdk-amd64/jre/lib/amd64/libzip.so
7f84dd48b000-7f84dd48c000 r--p 00007000 00:6cd 5421                      /usr/lib/jvm/java-7-openjdk-amd64/jre/lib/amd64/libzip.so
7f84dd48c000-7f84dd48d000 rw-p 00008000 00:6cd 5421                      /usr/lib/jvm/java-7-openjdk-amd64/jre/lib/amd64/libzip.so
7f84dd48d000-7f84dd498000 r-xp 00000000 00:6cd 787                       /lib/x86_64-linux-gnu/libnss_nis-2.19.so
7f84dd498000-7f84dd697000 ---p 0000b000 00:6cd 787                       /lib/x86_64-linux-gnu/libnss_nis-2.19.so
7f84dd697000-7f84dd698000 r--p 0000a000 00:6cd 787                       /lib/x86_64-linux-gnu/libnss_nis-2.19.so
7f84dd698000-7f84dd699000 rw-p 0000b000 00:6cd 787                       /lib/x86_64-linux-gnu/libnss_nis-2.19.so
7f84dd699000-7f84dd6b0000 r-xp 00000000 00:6cd 785                       /lib/x86_64-linux-gnu/libnsl-2.19.so
7f84dd6b0000-7f84dd8af000 ---p 00017000 00:6cd 785                       /lib/x86_64-linux-gnu/libnsl-2.19.so
7f84dd8af000-7f84dd8b0000 r--p 00016000 00:6cd 785                       /lib/x86_64-linux-gnu/libnsl-2.19.so
7f84dd8b0000-7f84dd8b1000 rw-p 00017000 00:6cd 785                       /lib/x86_64-linux-gnu/libnsl-2.19.so
7f84dd8b1000-7f84dd8b3000 rw-p 00000000 00:00 0 
7f84dd8b3000-7f84dd8bc000 r-xp 00000000 00:6cd 783                       /lib/x86_64-linux-gnu/libnss_compat-2.19.so
7f84dd8bc000-7f84ddabb000 ---p 00009000 00:6cd 783                       /lib/x86_64-linux-gnu/libnss_compat-2.19.so
7f84ddabb000-7f84ddabc000 r--p 00008000 00:6cd 783                       /lib/x86_64-linux-gnu/libnss_compat-2.19.so
7f84ddabc000-7f84ddabd000 rw-p 00009000 00:6cd 783                       /lib/x86_64-linux-gnu/libnss_compat-2.19.so
7f84ddabd000-7f84ddae7000 r-xp 00000000 00:6cd 5394                      /usr/lib/jvm/java-7-openjdk-amd64/jre/lib/amd64/libjava.so
7f84ddae7000-7f84ddce7000 ---p 0002a000 00:6cd 5394                      /usr/lib/jvm/java-7-openjdk-amd64/jre/lib/amd64/libjava.so
7f84ddce7000-7f84ddce8000 r--p 0002a000 00:6cd 5394                      /usr/lib/jvm/java-7-openjdk-amd64/jre/lib/amd64/libjava.so
7f84ddce8000-7f84ddcea000 rw-p 0002b000 00:6cd 5394                      /usr/lib/jvm/java-7-openjdk-amd64/jre/lib/amd64/libjava.so
7f84ddcea000-7f84ddcfa000 r-xp 00000000 00:6cd 5408                      /usr/lib/jvm/java-7-openjdk-amd64/jre/lib/amd64/libverify.so
7f84ddcfa000-7f84ddef9000 ---p 00010000 00:6cd 5408                      /usr/lib/jvm/java-7-openjdk-amd64/jre/lib/amd64/libverify.so
7f84ddef9000-7f84ddefb000 r--p 0000f000 00:6cd 5408                      /usr/lib/jvm/java-7-openjdk-amd64/jre/lib/amd64/libverify.so
7f84ddefb000-7f84ddefc000 rw-p 00011000 00:6cd 5408                      /usr/lib/jvm/java-7-openjdk-amd64/jre/lib/amd64/libverify.so
7f84ddefc000-7f84ddf03000 r-xp 00000000 00:6cd 375                       /lib/x86_64-linux-gnu/librt-2.19.so
7f84ddf03000-7f84de102000 ---p 00007000 00:6cd 375                       /lib/x86_64-linux-gnu/librt-2.19.so
7f84de102000-7f84de103000 r--p 00006000 00:6cd 375                       /lib/x86_64-linux-gnu/librt-2.19.so
7f84de103000-7f84de104000 rw-p 00007000 00:6cd 375                       /lib/x86_64-linux-gnu/librt-2.19.so
7f84de104000-7f84dec38000 r-xp 00000000 00:6cd 5436                      /usr/lib/jvm/java-7-openjdk-amd64/jre/lib/amd64/server/libjvm.so
7f84dec38000-7f84dee38000 ---p 00b34000 00:6cd 5436                      /usr/lib/jvm/java-7-openjdk-amd64/jre/lib/amd64/server/libjvm.so
7f84dee38000-7f84deed3000 r--p 00b34000 00:6cd 5436                      /usr/lib/jvm/java-7-openjdk-amd64/jre/lib/amd64/server/libjvm.so
7f84deed3000-7f84deef6000 rw-p 00bcf000 00:6cd 5436                      /usr/lib/jvm/java-7-openjdk-amd64/jre/lib/amd64/server/libjvm.so
7f84deef6000-7f84def66000 rw-p 00000000 00:00 0 
7f84def66000-7f84def69000 ---p 00000000 00:00 0 
7f84def69000-7f84df767000 rw-p 00000000 00:00 0 
7f84df767000-7f84df771000 r-xp 00000000 00:6cd 751                       /lib/x86_64-linux-gnu/libnss_files-2.19.so
7f84df771000-7f84df970000 ---p 0000a000 00:6cd 751                       /lib/x86_64-linux-gnu/libnss_files-2.19.so
7f84df970000-7f84df971000 r--p 00009000 00:6cd 751                       /lib/x86_64-linux-gnu/libnss_files-2.19.so
7f84df971000-7f84df972000 rw-p 0000a000 00:6cd 751                       /lib/x86_64-linux-gnu/libnss_files-2.19.so
7f84df972000-7f84df9bd000 r-xp 00000000 00:6cd 2939                      /usr/lib/python2.7/dist-packages/numpy/random/mtrand.so
7f84df9bd000-7f84dfbbc000 ---p 0004b000 00:6cd 2939                      /usr/lib/python2.7/dist-packages/numpy/random/mtrand.so
7f84dfbbc000-7f84dfbbd000 r--p 0004a000 00:6cd 2939                      /usr/lib/python2.7/dist-packages/numpy/random/mtrand.so
7f84dfbbd000-7f84dfbf3000 rw-p 0004b000 00:6cd 2939                      /usr/lib/python2.7/dist-packages/numpy/random/mtrand.so
7f84dfbf3000-7f84dfbf4000 rw-p 00000000 00:00 0 
7f84dfbf4000-7f84dfbfd000 r-xp 00000000 00:6cd 2912                      /usr/lib/python2.7/dist-packages/numpy/fft/fftpack_lite.so
7f84dfbfd000-7f84dfdfc000 ---p 00009000 00:6cd 2912                      /usr/lib/python2.7/dist-packages/numpy/fft/fftpack_lite.so
7f84dfdfc000-7f84dfdfd000 r--p 00008000 00:6cd 2912                      /usr/lib/python2.7/dist-packages/numpy/fft/fftpack_lite.so
7f84dfdfd000-7f84dfdfe000 rw-p 00009000 00:6cd 2912                      /usr/lib/python2.7/dist-packages/numpy/fft/fftpack_lite.so
7f84dfdfe000-7f84dfdff000 r-xp 00000000 00:6cd 2898                      /usr/lib/python2.7/lib-dynload/future_builtins.x86_64-linux-gnu.so
7f84dfdff000-7f84dfffe000 ---p 00001000 00:6cd 2898                      /usr/lib/python2.7/lib-dynload/future_builtins.x86_64-linux-gnu.so
7f84dfffe000-7f84dffff000 r--p 00000000 00:6cd 2898                      /usr/lib/python2.7/lib-dynload/future_builtins.x86_64-linux-gnu.so
7f84dffff000-7f84e0000000 rw-p 00001000 00:6cd 2898                      /usr/lib/python2.7/lib-dynload/future_builtins.x86_64-linux-gnu.so
7f84e0000000-7f84e04d7000 rw-p 00000000 00:00 0 
7f84e04d7000-7f84e4000000 ---p 00000000 00:00 0 
7f84e4003000-7f84e4183000 rw-p 00000000 00:00 0 
7f84e4183000-7f84e41a2000 r-xp 00000000 00:6cd 2887                      /usr/lib/python2.7/dist-packages/numpy/linalg/_umath_linalg.so
7f84e41a2000-7f84e43a1000 ---p 0001f000 00:6cd 2887                      /usr/lib/python2.7/dist-packages/numpy/linalg/_umath_linalg.so
7f84e43a1000-7f84e43a2000 r--p 0001e000 00:6cd 2887                      /usr/lib/python2.7/dist-packages/numpy/linalg/_umath_linalg.so
7f84e43a2000-7f84e43a3000 rw-p 0001f000 00:6cd 2887                      /usr/lib/python2.7/dist-packages/numpy/linalg/_umath_linalg.so
7f84e43a3000-7f84e43de000 r-xp 00000000 00:6cd 2886                      /usr/lib/x86_64-linux-gnu/libquadmath.so.0.0.0
7f84e43de000-7f84e45dd000 ---p 0003b000 00:6cd 2886                      /usr/lib/x86_64-linux-gnu/libquadmath.so.0.0.0
7f84e45dd000-7f84e45de000 r--p 0003a000 00:6cd 2886                      /usr/lib/x86_64-linux-gnu/libquadmath.so.0.0.0
7f84e45de000-7f84e45df000 rw-p 0003b000 00:6cd 2886                      /usr/lib/x86_64-linux-gnu/libquadmath.so.0.0.0
7f84e45df000-7f84e46f6000 r-xp 00000000 00:6cd 2884                      /usr/lib/x86_64-linux-gnu/libgfortran.so.3.0.0
7f84e46f6000-7f84e48f6000 ---p 00117000 00:6cd 2884                      /usr/lib/x86_64-linux-gnu/libgfortran.so.3.0.0
7f84e48f6000-7f84e48f7000 r--p 00117000 00:6cd 2884                      /usr/lib/x86_64-linux-gnu/libgfortran.so.3.0.0
7f84e48f7000-7f84e48f9000 rw-p 00118000 00:6cd 2884                      /usr/lib/x86_64-linux-gnu/libgfortran.so.3.0.0
7f84e48f9000-7f84e4e91000 r-xp 00000000 00:6cd 2882                      /usr/lib/lapack/liblapack.so.3.0
7f84e4e91000-7f84e5090000 ---p 00598000 00:6cd 2882                      /usr/lib/lapack/liblapack.so.3.0
7f84e5090000-7f84e5091000 r--p 00597000 00:6cd 2882                      /usr/lib/lapack/liblapack.so.3.0
7f84e5091000-7f84e5095000 rw-p 00598000 00:6cd 2882                      /usr/lib/lapack/liblapack.so.3.0
7f84e5095000-7f84e509b000 r-xp 00000000 00:6cd 2877                      /usr/lib/python2.7/dist-packages/numpy/linalg/lapack_lite.so
7f84e509b000-7f84e529a000 ---p 00006000 00:6cd 2877                      /usr/lib/python2.7/dist-packages/numpy/linalg/lapack_lite.so
7f84e529a000-7f84e529b000 r--p 00005000 00:6cd 2877                      /usr/lib/python2.7/dist-packages/numpy/linalg/lapack_lite.so
7f84e529b000-7f84e529c000 rw-p 00006000 00:6cd 2877                      /usr/lib/python2.7/dist-packages/numpy/linalg/lapack_lite.so
7f84e529c000-7f84e52dc000 rw-p 00000000 00:00 0 
7f84e52dc000-7f84e52e2000 r-xp 00000000 00:6cd 2852                      /usr/lib/python2.7/dist-packages/numpy/lib/_compiled_base.so
7f84e52e2000-7f84e54e1000 ---p 00006000 00:6cd 2852                      /usr/lib/python2.7/dist-packages/numpy/lib/_compiled_base.so
7f84e54e1000-7f84e54e2000 r--p 00005000 00:6cd 2852                      /usr/lib/python2.7/dist-packages/numpy/lib/_compiled_base.so
7f84e54e2000-7f84e54e3000 rw-p 00006000 00:6cd 2852                      /usr/lib/python2.7/dist-packages/numpy/lib/_compiled_base.so
7f84e54e3000-7f84e5523000 rw-p 00000000 00:00 0 
7f84e5523000-7f84e554e000 r-xp 00000000 00:6cd 2805                      /usr/lib/python2.7/dist-packages/numpy/core/scalarmath.so
7f84e554e000-7f84e574d000 ---p 0002b000 00:6cd 2805                      /usr/lib/python2.7/dist-packages/numpy/core/scalarmath.so
7f84e574d000-7f84e574e000 r--p 0002a000 00:6cd 2805                      /usr/lib/python2.7/dist-packages/numpy/core/scalarmath.so
7f84e574e000-7f84e5750000 rw-p 0002b000 00:6cd 2805                      /usr/lib/python2.7/dist-packages/numpy/core/scalarmath.so
7f84e5750000-7f84e57cc000 r-xp 00000000 00:6cd 2792                      /usr/lib/libblas/libblas.so.3.0
7f84e57cc000-7f84e59cb000 ---p 0007c000 00:6cd 2792                      /usr/lib/libblas/libblas.so.3.0
7f84e59cb000-7f84e59cc000 r--p 0007b000 00:6cd 2792                      /usr/lib/libblas/libblas.so.3.0
7f84e59cc000-7f84e59cd000 rw-p 0007c000 00:6cd 2792                      /usr/lib/libblas/libblas.so.3.0
7f84e59cd000-7f84e59d2000 r-xp 00000000 00:6cd 2787                      /usr/lib/python2.7/dist-packages/numpy/core/_dotblas.so
7f84e59d2000-7f84e5bd1000 ---p 00005000 00:6cd 2787                      /usr/lib/python2.7/dist-packages/numpy/core/_dotblas.so
7f84e5bd1000-7f84e5bd2000 r--p 00004000 00:6cd 2787                      /usr/lib/python2.7/dist-packages/numpy/core/_dotblas.so
7f84e5bd2000-7f84e5bd3000 rw-p 00005000 00:6cd 2787                      /usr/lib/python2.7/dist-packages/numpy/core/_dotblas.so
7f84e5bd3000-7f84e5c31000 r-xp 00000000 00:6cd 2773                      /usr/lib/python2.7/dist-packages/numpy/core/umath.so
7f84e5c31000-7f84e5e30000 ---p 0005e000 00:6cd 2773                      /usr/lib/python2.7/dist-packages/numpy/core/umath.so
7f84e5e30000-7f84e5e31000 r--p 0005d000 00:6cd 2773                      /usr/lib/python2.7/dist-packages/numpy/core/umath.so
7f84e5e31000-7f84e5e35000 rw-p 0005e000 00:6cd 2773                      /usr/lib/python2.7/dist-packages/numpy/core/umath.so
7f84e5e35000-7f84e5e37000 rw-p 00000000 00:00 0 
7f84e5e37000-7f84e5f74000 r-xp 00000000 00:6cd 2772                      /usr/lib/python2.7/dist-packages/numpy/core/multiarray.so
7f84e5f74000-7f84e6173000 ---p 0013d000 00:6cd 2772                      /usr/lib/python2.7/dist-packages/numpy/core/multiarray.so
7f84e6173000-7f84e6175000 r--p 0013c000 00:6cd 2772                      /usr/lib/python2.7/dist-packages/numpy/core/multiarray.so
7f84e6175000-7f84e6182000 rw-p 0013e000 00:6cd 2772                      /usr/lib/python2.7/dist-packages/numpy/core/multiarray.so
7f84e6182000-7f84e6485000 rw-p 00000000 00:00 0 
7f84e6485000-7f84e649b000 r-xp 00000000 00:6cd 378                       /lib/x86_64-linux-gnu/libgcc_s.so.1
7f84e649b000-7f84e669a000 ---p 00016000 00:6cd 378                       /lib/x86_64-linux-gnu/libgcc_s.so.1
7f84e669a000-7f84e669b000 rw-p 00015000 00:6cd 378                       /lib/x86_64-linux-gnu/libgcc_s.so.1
7f84e669b000-7f84e6781000 r-xp 00000000 00:6cd 377                       /usr/lib/x86_64-linux-gnu/libstdc++.so.6.0.19
7f84e6781000-7f84e6980000 ---p 000e6000 00:6cd 377                       /usr/lib/x86_64-linux-gnu/libstdc++.so.6.0.19
7f84e6980000-7f84e6988000 r--p 000e5000 00:6cd 377                       /usr/lib/x86_64-linux-gnu/libstdc++.so.6.0.19
7f84e6988000-7f84e698a000 rw-p 000ed000 00:6cd 377                       /usr/lib/x86_64-linux-gnu/libstdc++.so.6.0.19
7f84e698a000-7f84e699f000 rw-p 00000000 00:00 0 
7f84e699f000-7f84e6a1f000 r-xp 00000000 00:6cd 418                       /usr/local/lib/python2.7/dist-packages/_jpype.so
7f84e6a1f000-7f84e6c1e000 ---p 00080000 00:6cd 418                       /usr/local/lib/python2.7/dist-packages/_jpype.so
7f84e6c1e000-7f84e6c21000 r--p 0007f000 00:6cd 418                       /usr/local/lib/python2.7/dist-packages/_jpype.so
7f84e6c21000-7f84e6c24000 rw-p 00082000 00:6cd 418                       /usr/local/lib/python2.7/dist-packages/_jpype.so
7f84e6c24000-7f84e6c2a000 r-xp 00000000 00:6cd 2743                      /usr/lib/python2.7/lib-dynload/_csv.x86_64-linux-gnu.so
7f84e6c2a000-7f84e6e29000 ---p 00006000 00:6cd 2743                      /usr/lib/python2.7/lib-dynload/_csv.x86_64-linux-gnu.so
7f84e6e29000-7f84e6e2a000 r--p 00005000 00:6cd 2743                      /usr/lib/python2.7/lib-dynload/_csv.x86_64-linux-gnu.so
7f84e6e2a000-7f84e6e2c000 rw-p 00006000 00:6cd 2743                      /usr/lib/python2.7/lib-dynload/_csv.x86_64-linux-gnu.so
7f84e6e2c000-7f84e6eec000 rw-p 00000000 00:00 0 
7f84e6eec000-7f84e6f13000 r-xp 00000000 00:6cd 2687                      /lib/x86_64-linux-gnu/libexpat.so.1.6.0
7f84e6f13000-7f84e7113000 ---p 00027000 00:6cd 2687                      /lib/x86_64-linux-gnu/libexpat.so.1.6.0
7f84e7113000-7f84e7115000 r--p 00027000 00:6cd 2687                      /lib/x86_64-linux-gnu/libexpat.so.1.6.0
7f84e7115000-7f84e7116000 rw-p 00029000 00:6cd 2687                      /lib/x86_64-linux-gnu/libexpat.so.1.6.0
7f84e7116000-7f84e7125000 r-xp 00000000 00:6cd 2685                      /usr/lib/python2.7/lib-dynload/pyexpat.x86_64-linux-gnu.so
7f84e7125000-7f84e7324000 ---p 0000f000 00:6cd 2685                      /usr/lib/python2.7/lib-dynload/pyexpat.x86_64-linux-gnu.so
7f84e7324000-7f84e7325000 r--p 0000e000 00:6cd 2685                      /usr/lib/python2.7/lib-dynload/pyexpat.x86_64-linux-gnu.so
7f84e7325000-7f84e7327000 rw-p 0000f000 00:6cd 2685                      /usr/lib/python2.7/lib-dynload/pyexpat.x86_64-linux-gnu.so
7f84e7327000-7f84e7367000 rw-p 00000000 00:00 0 
7f84e7367000-7f84e7374000 r-xp 00000000 00:6cd 2680                      /usr/lib/python2.7/lib-dynload/_elementtree.x86_64-linux-gnu.so
7f84e7374000-7f84e7573000 ---p 0000d000 00:6cd 2680                      /usr/lib/python2.7/lib-dynload/_elementtree.x86_64-linux-gnu.so
7f84e7573000-7f84e7574000 r--p 0000c000 00:6cd 2680                      /usr/lib/python2.7/lib-dynload/_elementtree.x86_64-linux-gnu.so
7f84e7574000-7f84e7575000 rw-p 0000d000 00:6cd 2680                      /usr/lib/python2.7/lib-dynload/_elementtree.x86_64-linux-gnu.so
7f84e7575000-7f84e7735000 rw-p 00000000 00:00 0 
7f84e7735000-7f84e773f000 r-xp 00000000 00:6cd 2612                      /usr/lib/python2.7/dist-packages/simplejson/_speedups.x86_64-linux-gnu.so
7f84e773f000-7f84e793e000 ---p 0000a000 00:6cd 2612                      /usr/lib/python2.7/dist-packages/simplejson/_speedups.x86_64-linux-gnu.so
7f84e793e000-7f84e793f000 r--p 00009000 00:6cd 2612                      /usr/lib/python2.7/dist-packages/simplejson/_speedups.x86_64-linux-gnu.so
7f84e793f000-7f84e7940000 rw-p 0000a000 00:6cd 2612                      /usr/lib/python2.7/dist-packages/simplejson/_speedups.x86_64-linux-gnu.so
7f84e7940000-7f84e79c0000 rw-p 00000000 00:00 0 
7f84e79c0000-7f84e79c1000 ---p 00000000 00:00 0 
7f84e79c1000-7f84e8381000 rw-p 00000000 00:00 0 
7f84e8381000-7f84e8435000 r-xp 00000000 00:6cd 747                       /usr/lib/x86_64-linux-gnu/libsqlite3.so.0.8.6
7f84e8435000-7f84e8635000 ---p 000b4000 00:6cd 747                       /usr/lib/x86_64-linux-gnu/libsqlite3.so.0.8.6
7f84e8635000-7f84e8637000 r--p 000b4000 00:6cd 747                       /usr/lib/x86_64-linux-gnu/libsqlite3.so.0.8.6
7f84e8637000-7f84e8639000 rw-p 000b6000 00:6cd 747                       /usr/lib/x86_64-linux-gnu/libsqlite3.so.0.8.6
7f84e8639000-7f84e863a000 rw-p 00000000 00:00 0 
7f84e863a000-7f84e864c000 r-xp 00000000 00:6cd 2374                      /usr/lib/python2.7/lib-dynload/_sqlite3.x86_64-linux-gnu.so
7f84e864c000-7f84e884b000 ---p 00012000 00:6cd 2374                      /usr/lib/python2.7/lib-dynload/_sqlite3.x86_64-linux-gnu.so
7f84e884b000-7f84e884c000 r--p 00011000 00:6cd 2374                      /usr/lib/python2.7/lib-dynload/_sqlite3.x86_64-linux-gnu.so
7f84e884c000-7f84e884e000 rw-p 00012000 00:6cd 2374                      /usr/lib/python2.7/lib-dynload/_sqlite3.x86_64-linux-gnu.so
7f84e884e000-7f84e8c4e000 rw-p 00000000 00:00 0 
7f84e8c4e000-7f84e8c52000 r-xp 00000000 00:6cd 2075                      /lib/x86_64-linux-gnu/libuuid.so.1.3.0
7f84e8c52000-7f84e8e51000 ---p 00004000 00:6cd 2075                      /lib/x86_64-linux-gnu/libuuid.so.1.3.0
7f84e8e51000-7f84e8e52000 r--p 00003000 00:6cd 2075                      /lib/x86_64-linux-gnu/libuuid.so.1.3.0
7f84e8e52000-7f84e8e53000 rw-p 00004000 00:6cd 2075                      /lib/x86_64-linux-gnu/libuuid.so.1.3.0
7f84e8e53000-7f84e8e93000 rw-p 00000000 00:00 0 
7f84e8e93000-7f84e8e9a000 r-xp 00000000 00:6cd 739                       /usr/lib/x86_64-linux-gnu/libffi.so.6.0.1
7f84e8e9a000-7f84e9099000 ---p 00007000 00:6cd 739                       /usr/lib/x86_64-linux-gnu/libffi.so.6.0.1
7f84e9099000-7f84e909a000 r--p 00006000 00:6cd 739                       /usr/lib/x86_64-linux-gnu/libffi.so.6.0.1
7f84e909a000-7f84e909b000 rw-p 00007000 00:6cd 739                       /usr/lib/x86_64-linux-gnu/libffi.so.6.0.1
7f84e909b000-7f84e90b8000 r-xp 00000000 00:6cd 2067                      /usr/lib/python2.7/lib-dynload/_ctypes.x86_64-linux-gnu.so
7f84e90b8000-7f84e92b7000 ---p 0001d000 00:6cd 2067                      /usr/lib/python2.7/lib-dynload/_ctypes.x86_64-linux-gnu.so
7f84e92b7000-7f84e92b8000 r--p 0001c000 00:6cd 2067                      /usr/lib/python2.7/lib-dynload/_ctypes.x86_64-linux-gnu.so
7f84e92b8000-7f84e92bc000 rw-p 0001d000 00:6cd 2067                      /usr/lib/python2.7/lib-dynload/_ctypes.x86_64-linux-gnu.so
7f84e92bc000-7f84e93fc000 rw-p 00000000 00:00 0 
7f84e93fc000-7f84e9408000 r-xp 00000000 00:6cd 1389                      /usr/lib/python2.7/lib-dynload/_json.x86_64-linux-gnu.so
7f84e9408000-7f84e9607000 ---p 0000c000 00:6cd 1389                      /usr/lib/python2.7/lib-dynload/_json.x86_64-linux-gnu.so
7f84e9607000-7f84e9608000 r--p 0000b000 00:6cd 1389                      /usr/lib/python2.7/lib-dynload/_json.x86_64-linux-gnu.so
7f84e9608000-7f84e9609000 rw-p 0000c000 00:6cd 1389                      /usr/lib/python2.7/lib-dynload/_json.x86_64-linux-gnu.so
7f84e9609000-7f84e9709000 rw-p 00000000 00:00 0 
7f84e9709000-7f84e970d000 r-xp 00000000 00:6cd 1296                      /usr/lib/python2.7/lib-dynload/termios.x86_64-linux-gnu.so
7f84e970d000-7f84e990c000 ---p 00004000 00:6cd 1296                      /usr/lib/python2.7/lib-dynload/termios.x86_64-linux-gnu.so
7f84e990c000-7f84e990d000 r--p 00003000 00:6cd 1296                      /usr/lib/python2.7/lib-dynload/termios.x86_64-linux-gnu.so
7f84e990d000-7f84e990f000 rw-p 00004000 00:6cd 1296                      /usr/lib/python2.7/lib-dynload/termios.x86_64-linux-gnu.so
7f84e990f000-7f84e9a0f000 rw-p 00000000 00:00 0 
7f84e9a0f000-7f84e9a13000 r-xp 00000000 00:6cd 1209                      /usr/lib/python2.7/lib-dynload/_hashlib.x86_64-linux-gnu.so
7f84e9a13000-7f84e9c12000 ---p 00004000 00:6cd 1209                      /usr/lib/python2.7/lib-dynload/_hashlib.x86_64-linux-gnu.so
7f84e9c12000-7f84e9c13000 r--p 00003000 00:6cd 1209                      /usr/lib/python2.7/lib-dynload/_hashlib.x86_64-linux-gnu.so
7f84e9c13000-7f84e9c14000 rw-p 00004000 00:6cd 1209                      /usr/lib/python2.7/lib-dynload/_hashlib.x86_64-linux-gnu.so
7f84e9c14000-7f84e9c54000 rw-p 00000000 00:00 0 
7f84e9c54000-7f84e9e07000 r-xp 00000000 00:6cd 695                       /lib/x86_64-linux-gnu/libcrypto.so.1.0.0
7f84e9e07000-7f84ea006000 ---p 001b3000 00:6cd 695                       /lib/x86_64-linux-gnu/libcrypto.so.1.0.0
7f84ea006000-7f84ea021000 r--p 001b2000 00:6cd 695                       /lib/x86_64-linux-gnu/libcrypto.so.1.0.0
7f84ea021000-7f84ea02c000 rw-p 001cd000 00:6cd 695                       /lib/x86_64-linux-gnu/libcrypto.so.1.0.0
7f84ea02c000-7f84ea030000 rw-p 00000000 00:00 0 
7f84ea030000-7f84ea085000 r-xp 00000000 00:6cd 694                       /lib/x86_64-linux-gnu/libssl.so.1.0.0
7f84ea085000-7f84ea285000 ---p 00055000 00:6cd 694                       /lib/x86_64-linux-gnu/libssl.so.1.0.0
7f84ea285000-7f84ea288000 r--p 00055000 00:6cd 694                       /lib/x86_64-linux-gnu/libssl.so.1.0.0
7f84ea288000-7f84ea28f000 rw-p 00058000 00:6cd 694                       /lib/x86_64-linux-gnu/libssl.so.1.0.0
7f84ea28f000-7f84ea297000 r-xp 00000000 00:6cd 1190                      /usr/lib/python2.7/lib-dynload/_ssl.x86_64-linux-gnu.so
7f84ea297000-7f84ea496000 ---p 00008000 00:6cd 1190                      /usr/lib/python2.7/lib-dynload/_ssl.x86_64-linux-gnu.so
7f84ea496000-7f84ea497000 r--p 00007000 00:6cd 1190                      /usr/lib/python2.7/lib-dynload/_ssl.x86_64-linux-gnu.so
7f84ea497000-7f84ea498000 rw-p 00008000 00:6cd 1190                      /usr/lib/python2.7/lib-dynload/_ssl.x86_64-linux-gnu.so
7f84ea498000-7f84ea558000 rw-p 00000000 00:00 0 
7f84ea559000-7f84ea699000 rw-p 00000000 00:00 0 
7f84ea699000-7f84ea6b0000 r-xp 00000000 00:6cd 1135                      /usr/lib/python2.7/lib-dynload/datetime.x86_64-linux-gnu.so
7f84ea6b0000-7f84ea8af000 ---p 00017000 00:6cd 1135                      /usr/lib/python2.7/lib-dynload/datetime.x86_64-linux-gnu.so
7f84ea8af000-7f84ea8b0000 r--p 00016000 00:6cd 1135                      /usr/lib/python2.7/lib-dynload/datetime.x86_64-linux-gnu.so
7f84ea8b0000-7f84ea8b4000 rw-p 00017000 00:6cd 1135                      /usr/lib/python2.7/lib-dynload/datetime.x86_64-linux-gnu.so
7f84ea8b4000-7f84ea9b9000 r-xp 00000000 00:6cd 163                       /lib/x86_64-linux-gnu/libm-2.19.so
7f84ea9b9000-7f84eabb8000 ---p 00105000 00:6cd 163                       /lib/x86_64-linux-gnu/libm-2.19.so
7f84eabb8000-7f84eabb9000 r--p 00104000 00:6cd 163                       /lib/x86_64-linux-gnu/libm-2.19.so
7f84eabb9000-7f84eabba000 rw-p 00105000 00:6cd 163                       /lib/x86_64-linux-gnu/libm-2.19.so
7f84eabba000-7f84eabd2000 r-xp 00000000 00:6cd 262                       /lib/x86_64-linux-gnu/libz.so.1.2.8
7f84eabd2000-7f84eadd1000 ---p 00018000 00:6cd 262                       /lib/x86_64-linux-gnu/libz.so.1.2.8
7f84eadd1000-7f84eadd2000 r--p 00017000 00:6cd 262                       /lib/x86_64-linux-gnu/libz.so.1.2.8
7f84eadd2000-7f84eadd3000 rw-p 00018000 00:6cd 262                       /lib/x86_64-linux-gnu/libz.so.1.2.8
7f84eadd3000-7f84eadd5000 r-xp 00000000 00:6cd 920                       /lib/x86_64-linux-gnu/libutil-2.19.so
7f84eadd5000-7f84eafd4000 ---p 00002000 00:6cd 920                       /lib/x86_64-linux-gnu/libutil-2.19.so
7f84eafd4000-7f84eafd5000 r--p 00001000 00:6cd 920                       /lib/x86_64-linux-gnu/libutil-2.19.so
7f84eafd5000-7f84eafd6000 rw-p 00002000 00:6cd 920                       /lib/x86_64-linux-gnu/libutil-2.19.so
7f84eafd6000-7f84eafd9000 r-xp 00000000 00:6cd 76                        /lib/x86_64-linux-gnu/libdl-2.19.so
7f84eafd9000-7f84eb1d8000 ---p 00003000 00:6cd 76                        /lib/x86_64-linux-gnu/libdl-2.19.so
7f84eb1d8000-7f84eb1d9000 r--p 00002000 00:6cd 76                        /lib/x86_64-linux-gnu/libdl-2.19.so
7f84eb1d9000-7f84eb1da000 rw-p 00003000 00:6cd 76                        /lib/x86_64-linux-gnu/libdl-2.19.so
7f84eb1da000-7f84eb398000 r-xp 00000000 00:6cd 78                        /lib/x86_64-linux-gnu/libc-2.19.so
7f84eb398000-7f84eb598000 ---p 001be000 00:6cd 78                        /lib/x86_64-linux-gnu/libc-2.19.so
7f84eb598000-7f84eb59c000 r--p 001be000 00:6cd 78                        /lib/x86_64-linux-gnu/libc-2.19.so
7f84eb59c000-7f84eb59e000 rw-p 001c2000 00:6cd 78                        /lib/x86_64-linux-gnu/libc-2.19.so
7f84eb59e000-7f84eb5a3000 rw-p 00000000 00:00 0 
7f84eb5a3000-7f84eb5bc000 r-xp 00000000 00:6cd 238                       /lib/x86_64-linux-gnu/libpthread-2.19.so
7f84eb5bc000-7f84eb7bb000 ---p 00019000 00:6cd 238                       /lib/x86_64-linux-gnu/libpthread-2.19.so
7f84eb7bb000-7f84eb7bc000 r--p 00018000 00:6cd 238                       /lib/x86_64-linux-gnu/libpthread-2.19.so
7f84eb7bc000-7f84eb7bd000 rw-p 00019000 00:6cd 238                       /lib/x86_64-linux-gnu/libpthread-2.19.so
7f84eb7bd000-7f84eb7c1000 rw-p 00000000 00:00 0 
7f84eb7c1000-7f84eb7e4000 r-xp 00000000 00:6cd 71                        /lib/x86_64-linux-gnu/ld-2.19.so
7f84eb7e8000-7f84eb7e9000 r--s 00006000 00:6cd 5463                      /usr/local/lib/python2.7/dist-packages/konlpy/java/twitter-text-1.10.1.jar
7f84eb7e9000-7f84eb7ea000 r--s 00001000 00:6cd 5459                      /usr/local/lib/python2.7/dist-packages/konlpy/java/shineware-ds-1.0.jar
7f84eb7ea000-7f84eb7eb000 r--s 00004000 00:6cd 5458                      /usr/local/lib/python2.7/dist-packages/konlpy/java/shineware-common-2.0.jar
7f84eb7eb000-7f84eb7ec000 r--s 00006000 00:6cd 5457                      /usr/local/lib/python2.7/dist-packages/konlpy/java/komoran-2.4-e.jar
7f84eb7ec000-7f84eb7ef000 r--s 0075b000 00:6cd 5456                      /usr/local/lib/python2.7/dist-packages/konlpy/java/kkma-2.0.jar
7f84eb7ef000-7f84eb7f3000 r--s 00025000 00:6cd 5455                      /usr/local/lib/python2.7/dist-packages/konlpy/java/jhannanum-0.8.4.jar
7f84eb7f3000-7f84eb7f6000 r--s 0003d000 00:6cd 5447                      /usr/lib/jvm/java-7-openjdk-amd64/jre/lib/ext/sunpkcs11.jar
7f84eb7f6000-7f84eb836000 rw-p 00000000 00:00 0 
7f84eb836000-7f84eb85c000 r--p 00000000 00:6cd 110                       /usr/lib/locale/C.UTF-8/LC_CTYPE
7f84eb85c000-7f84eb8dc000 rw-p 00000000 00:00 0 
7f84eb8dc000-7f84eb8e0000 r--s 00085000 00:6cd 5446                      /usr/lib/jvm/java-7-openjdk-amd64/jre/lib/ext/localedata.jar
7f84eb8e0000-7f84eb8e3000 r--s 0000f000 00:6cd 5445                      /usr/lib/jvm/java-7-openjdk-amd64/jre/lib/ext/icedtea-sound.jar
7f84eb8e3000-7f84eb8e4000 r--s 00002000 00:6cd 5444                      /usr/lib/jvm/java-7-openjdk-amd64/jre/lib/ext/dnsns.jar
7f84eb8e4000-7f84eb8e6000 r--s 00012000 00:6cd 5443                      /usr/lib/jvm/java-7-openjdk-amd64/jre/lib/ext/zipfs.jar
7f84eb8e6000-7f84eb8ea000 r--s 00034000 00:6cd 5442                      /usr/lib/jvm/java-7-openjdk-amd64/jre/lib/ext/sunjce_provider.jar
7f84eb8ea000-7f84eb8ec000 r--s 00006000 00:6cd 5452                      /usr/share/java/java-atk-wrapper.jar
7f84eb8ec000-7f84eb8ed000 r--p 00000000 00:6cd 109                       /usr/lib/locale/C.UTF-8/LC_NUMERIC
7f84eb8ed000-7f84eb8ee000 r--p 00000000 00:6cd 108                       /usr/lib/locale/C.UTF-8/LC_TIME
7f84eb8ee000-7f84eb8ef000 r--p 00000000 00:6cd 106                       /usr/lib/locale/C.UTF-8/LC_MONETARY
7f84eb8ef000-7f84eb8f0000 r--p 00000000 00:6cd 105                       /usr/lib/locale/C.UTF-8/LC_MESSAGES/SYS_LC_MESSAGES
7f84eb8f0000-7f84eb8f1000 r--p 00000000 00:6cd 103                       /usr/lib/locale/C.UTF-8/LC_PAPER
7f84eb8f1000-7f84eb8f2000 r--p 00000000 00:6cd 102                       /usr/lib/locale/C.UTF-8/LC_NAME
7f84eb8f2000-7f84eb905000 rw-p 00000000 00:00 0 
7f84eb905000-7f84eb90d000 rw-s 00000000 00:6cd 5763                      /tmp/hsperfdata_ubuntu/25229
7f84eb90d000-7f84eb9d2000 rw-p 00000000 00:00 0 
7f84eb9d2000-7f84eb9d3000 r--p 00000000 00:6cd 101                       /usr/lib/locale/C.UTF-8/LC_ADDRESS
7f84eb9d3000-7f84eb9d4000 r--p 00000000 00:6cd 100                       /usr/lib/locale/C.UTF-8/LC_TELEPHONE
7f84eb9d4000-7f84eb9d5000 r--p 00000000 00:6cd 99                        /usr/lib/locale/C.UTF-8/LC_MEASUREMENT
7f84eb9d5000-7f84eb9d6000 r--p 00000000 00:6cd 95                        /usr/lib/locale/C.UTF-8/LC_IDENTIFICATION
7f84eb9d6000-7f84eb9d7000 rw-p 00000000 00:00 0 
7f84eb9d7000-7f84eb9d8000 r--p 00000000 00:00 0 
7f84eb9d8000-7f84eb9d9000 rw-p 00000000 00:00 0 
7f84eb9d9000-7f84eb9da000 rwxp 00000000 00:00 0 
7f84eb9da000-7f84eb9e1000 r--s 00000000 00:6cd 98                        /usr/lib/x86_64-linux-gnu/gconv/gconv-modules.cache
7f84eb9e1000-7f84eb9e3000 rw-p 00000000 00:00 0 
7f84eb9e3000-7f84eb9e4000 r--p 00022000 00:6cd 71                        /lib/x86_64-linux-gnu/ld-2.19.so
7f84eb9e4000-7f84eb9e5000 rw-p 00023000 00:6cd 71                        /lib/x86_64-linux-gnu/ld-2.19.so
7f84eb9e5000-7f84eb9e6000 rw-p 00000000 00:00 0 
7ffe33ddd000-7ffe33dfe000 rw-p 00000000 00:00 0                          [stack]
7ffe33f6e000-7ffe33f70000 r--p 00000000 00:00 0                          [vvar]
7ffe33f70000-7ffe33f72000 r-xp 00000000 00:00 0                          [vdso]
ffffffffff600000-ffffffffff601000 r-xp 00000000 00:00 0                  [vsyscall]

VM Arguments:
jvm_args: -Dfile.encoding=UTF8 -ea -Xmx768m 
java_command: <unknown>
Launcher Type: generic

Environment Variables:
PATH=/home/ubuntu/.nvm/versions/node/v6.11.2/bin:/usr/local/rvm/gems/ruby-2.4.0/bin:/usr/local/rvm/gems/ruby-2.4.0@global/bin:/usr/local/rvm/rubies/ruby-2.4.0/bin:/mnt/shared/bin:/home/ubuntu/workspace/node_modules/.bin:/home/ubuntu/bin:/usr/local/sbin:/usr/local/bin:/usr/sbin:/usr/bin:/sbin:/bin:/mnt/shared/sbin:/opt/gitl:/opt/go/bin:/mnt/shared/c9/app.nw/bin:/usr/local/rvm/bin
LD_LIBRARY_PATH=~/.c9/local/lib
SHELL=/bin/bash

Signal Handlers:
SIGSEGV: [libjvm.so+0x963630], sa_mask[0]=0x7ffbfeff, sa_flags=0x10000004
SIGBUS: [libjvm.so+0x963630], sa_mask[0]=0x7ffbfeff, sa_flags=0x10000004
SIGFPE: [libjvm.so+0x7d5da0], sa_mask[0]=0x7ffbfeff, sa_flags=0x10000004
SIGPIPE: [libjvm.so+0x7d5da0], sa_mask[0]=0x7ffbfeff, sa_flags=0x10000004
SIGXFSZ: [libjvm.so+0x7d5da0], sa_mask[0]=0x7ffbfeff, sa_flags=0x10000004
SIGILL: [libjvm.so+0x7d5da0], sa_mask[0]=0x7ffbfeff, sa_flags=0x10000004
SIGUSR1: SIG_DFL, sa_mask[0]=0x00000000, sa_flags=0x00000000
SIGUSR2: [libjvm.so+0x7d5ed0], sa_mask[0]=0x00000000, sa_flags=0x10000004
SIGHUP: [libjvm.so+0x7d5e20], sa_mask[0]=0x7ffbfeff, sa_flags=0x10000004
SIGINT: [libjvm.so+0x7d5e20], sa_mask[0]=0x7ffbfeff, sa_flags=0x10000004
SIGTERM: [libjvm.so+0x7d5e20], sa_mask[0]=0x7ffbfeff, sa_flags=0x10000004
SIGQUIT: [libjvm.so+0x7d5e20], sa_mask[0]=0x7ffbfeff, sa_flags=0x10000004
SIGTRAP: SIG_DFL, sa_mask[0]=0x00000000, sa_flags=0x00000000


---------------  S Y S T E M  ---------------

OS:Ubuntu 14.04 (trusty)
uname:Linux 4.9.17-c9 #1 SMP Thu Mar 23 01:38:54 UTC 2017 x86_64
libc:glibc 2.19 NPTL 2.19 
rlimit: STACK 8192k, CORE 0k, NPROC 1048576, NOFILE 1048576, AS infinity
load average:12.36 8.49 7.36

/proc/meminfo:
MemTotal:       53595428 kB
MemFree:         3644688 kB
MemAvailable:   16928588 kB
Buffers:         8197388 kB
Cached:         12816300 kB
SwapCached:       925628 kB
Active:         25075652 kB
Inactive:       15223180 kB
Active(anon):    9878956 kB
Inactive(anon): 11868168 kB
Active(file):   15196696 kB
Inactive(file):  3355012 kB
Unevictable:       42176 kB
Mlocked:           42176 kB
SwapTotal:      52428796 kB
SwapFree:       41274896 kB
Dirty:             15788 kB
Writeback:             0 kB
AnonPages:      18781824 kB
Mapped:          1531860 kB
Shmem:           2460408 kB
Slab:            7158860 kB
SReclaimable:    4657148 kB
SUnreclaim:      2501712 kB
KernelStack:      180544 kB
PageTables:       456144 kB
NFS_Unstable:          0 kB
Bounce:                0 kB
WritebackTmp:          0 kB
CommitLimit:    79226508 kB
Committed_AS:   85112560 kB
VmallocTotal:   34359738367 kB
VmallocUsed:           0 kB
VmallocChunk:          0 kB
HardwareCorrupted:     0 kB
AnonHugePages:    200704 kB
ShmemHugePages:        0 kB
ShmemPmdMapped:        0 kB
HugePages_Total:       0
HugePages_Free:        0
HugePages_Rsvd:        0
HugePages_Surp:        0
Hugepagesize:       2048 kB
DirectMap4k:     4331508 kB
DirectMap2M:    50194432 kB
DirectMap1G:     2097152 kB


CPU:total 8 (initial active 8) (12 cores per cpu, 2 threads per core) family 6 model 62 stepping 4, cmov, cx8, fxsr, mmx, sse, sse2, sse3, ssse3, sse4.1, sse4.2, popcnt, avx, aes, erms, ht, tsc, tscinvbit

/proc/cpuinfo:
processor	: 0
vendor_id	: GenuineIntel
cpu family	: 6
model		: 62
model name	: Intel(R) Xeon(R) CPU @ 2.50GHz
stepping	: 4
microcode	: 0x1
cpu MHz		: 2500.000
cache size	: 30720 KB
physical id	: 0
siblings	: 8
core id		: 0
cpu cores	: 4
apicid		: 0
initial apicid	: 0
fpu		: yes
fpu_exception	: yes
cpuid level	: 13
wp		: yes
flags		: fpu vme de pse tsc msr pae mce cx8 apic sep mtrr pge mca cmov pat pse36 clflush mmx fxsr sse sse2 ss ht syscall nx pdpe1gb rdtscp lm constant_tsc rep_good nopl xtopology nonstop_tsc eagerfpu pni pclmulqdq ssse3 cx16 sse4_1 sse4_2 x2apic popcnt aes xsave avx f16c rdrand hypervisor lahf_lm fsgsbase tsc_adjust smep erms xsaveopt
bugs		:
bogomips	: 5000.00
clflush size	: 64
cache_alignment	: 64
address sizes	: 46 bits physical, 48 bits virtual
power management:

processor	: 1
vendor_id	: GenuineIntel
cpu family	: 6
model		: 62
model name	: Intel(R) Xeon(R) CPU @ 2.50GHz
stepping	: 4
microcode	: 0x1
cpu MHz		: 2500.000
cache size	: 30720 KB
physical id	: 0
siblings	: 8
core id		: 1
cpu cores	: 4
apicid		: 2
initial apicid	: 2
fpu		: yes
fpu_exception	: yes
cpuid level	: 13
wp		: yes
flags		: fpu vme de pse tsc msr pae mce cx8 apic sep mtrr pge mca cmov pat pse36 clflush mmx fxsr sse sse2 ss ht syscall nx pdpe1gb rdtscp lm constant_tsc rep_good nopl xtopology nonstop_tsc eagerfpu pni pclmulqdq ssse3 cx16 sse4_1 sse4_2 x2apic popcnt aes xsave avx f16c rdrand hypervisor lahf_lm fsgsbase tsc_adjust smep erms xsaveopt
bugs		:
bogomips	: 5000.00
clflush size	: 64
cache_alignment	: 64
address sizes	: 46 bits physical, 48 bits virtual
power management:

processor	: 2
vendor_id	: GenuineIntel
cpu family	: 6
model		: 62
model name	: Intel(R) Xeon(R) CPU @ 2.50GHz
stepping	: 4
microcode	: 0x1
cpu MHz		: 2500.000
cache size	: 30720 KB
physical id	: 0
siblings	: 8
core id		: 2
cpu cores	: 4
apicid		: 4
initial apicid	: 4
fpu		: yes
fpu_exception	: yes
cpuid level	: 13
wp		: yes
flags		: fpu vme de pse tsc msr pae mce cx8 apic sep mtrr pge mca cmov pat pse36 clflush mmx fxsr sse sse2 ss ht syscall nx pdpe1gb rdtscp lm constant_tsc rep_good nopl xtopology nonstop_tsc eagerfpu pni pclmulqdq ssse3 cx16 sse4_1 sse4_2 x2apic popcnt aes xsave avx f16c rdrand hypervisor lahf_lm fsgsbase tsc_adjust smep erms xsaveopt
bugs		:
bogomips	: 5000.00
clflush size	: 64
cache_alignment	: 64
address sizes	: 46 bits physical, 48 bits virtual
power management:

processor	: 3
vendor_id	: GenuineIntel
cpu family	: 6
model		: 62
model name	: Intel(R) Xeon(R) CPU @ 2.50GHz
stepping	: 4
microcode	: 0x1
cpu MHz		: 2500.000
cache size	: 30720 KB
physical id	: 0
siblings	: 8
core id		: 3
cpu cores	: 4
apicid		: 6
initial apicid	: 6
fpu		: yes
fpu_exception	: yes
cpuid level	: 13
wp		: yes
flags		: fpu vme de pse tsc msr pae mce cx8 apic sep mtrr pge mca cmov pat pse36 clflush mmx fxsr sse sse2 ss ht syscall nx pdpe1gb rdtscp lm constant_tsc rep_good nopl xtopology nonstop_tsc eagerfpu pni pclmulqdq ssse3 cx16 sse4_1 sse4_2 x2apic popcnt aes xsave avx f16c rdrand hypervisor lahf_lm fsgsbase tsc_adjust smep erms xsaveopt
bugs		:
bogomips	: 5000.00
clflush size	: 64
cache_alignment	: 64
address sizes	: 46 bits physical, 48 bits virtual
power management:

processor	: 4
vendor_id	: GenuineIntel
cpu family	: 6
model		: 62
model name	: Intel(R) Xeon(R) CPU @ 2.50GHz
stepping	: 4
microcode	: 0x1
cpu MHz		: 2500.000
cache size	: 30720 KB
physical id	: 0
siblings	: 8
core id		: 0
cpu cores	: 4
apicid		: 1
initial apicid	: 1
fpu		: yes
fpu_exception	: yes
cpuid level	: 13
wp		: yes
flags		: fpu vme de pse tsc msr pae mce cx8 apic sep mtrr pge mca cmov pat pse36 clflush mmx fxsr sse sse2 ss ht syscall nx pdpe1gb rdtscp lm constant_tsc rep_good nopl xtopology nonstop_tsc eagerfpu pni pclmulqdq ssse3 cx16 sse4_1 sse4_2 x2apic popcnt aes xsave avx f16c rdrand hypervisor lahf_lm fsgsbase tsc_adjust smep erms xsaveopt
bugs		:
bogomips	: 5000.00
clflush size	: 64
cache_alignment	: 64
address sizes	: 46 bits physical, 48 bits virtual
power management:

processor	: 5
vendor_id	: GenuineIntel
cpu family	: 6
model		: 62
model name	: Intel(R) Xeon(R) CPU @ 2.50GHz
stepping	: 4
microcode	: 0x1
cpu MHz		: 2500.000
cache size	: 30720 KB
physical id	: 0
siblings	: 8
core id		: 1
cpu cores	: 4
apicid		: 3
initial apicid	: 3
fpu		: yes
fpu_exception	: yes
cpuid level	: 13
wp		: yes
flags		: fpu vme de pse tsc msr pae mce cx8 apic sep mtrr pge mca cmov pat pse36 clflush mmx fxsr sse sse2 ss ht syscall nx pdpe1gb rdtscp lm constant_tsc rep_good nopl xtopology nonstop_tsc eagerfpu pni pclmulqdq ssse3 cx16 sse4_1 sse4_2 x2apic popcnt aes xsave avx f16c rdrand hypervisor lahf_lm fsgsbase tsc_adjust smep erms xsaveopt
bugs		:
bogomips	: 5000.00
clflush size	: 64
cache_alignment	: 64
address sizes	: 46 bits physical, 48 bits virtual
power management:

processor	: 6
vendor_id	: GenuineIntel
cpu family	: 6
model		: 62
model name	: Intel(R) Xeon(R) CPU @ 2.50GHz
stepping	: 4
microcode	: 0x1
cpu MHz		: 2500.000
cache size	: 30720 KB
physical id	: 0
siblings	: 8
core id		: 2
cpu cores	: 4
apicid		: 5
initial apicid	: 5
fpu		: yes
fpu_exception	: yes
cpuid level	: 13
wp		: yes
flags		: fpu vme de pse tsc msr pae mce cx8 apic sep mtrr pge mca cmov pat pse36 clflush mmx fxsr sse sse2 ss ht syscall nx pdpe1gb rdtscp lm constant_tsc rep_good nopl xtopology nonstop_tsc eagerfpu pni pclmulqdq ssse3 cx16 sse4_1 sse4_2 x2apic popcnt aes xsave avx f16c rdrand hypervisor lahf_lm fsgsbase tsc_adjust smep erms xsaveopt
bugs		:
bogomips	: 5000.00
clflush size	: 64
cache_alignment	: 64
address sizes	: 46 bits physical, 48 bits virtual
power management:

processor	: 7
vendor_id	: GenuineIntel
cpu family	: 6
model		: 62
model name	: Intel(R) Xeon(R) CPU @ 2.50GHz
stepping	: 4
microcode	: 0x1
cpu MHz		: 2500.000
cache size	: 30720 KB
physical id	: 0
siblings	: 8
core id		: 3
cpu cores	: 4
apicid		: 7
initial apicid	: 7
fpu		: yes
fpu_exception	: yes
cpuid level	: 13
wp		: yes
flags		: fpu vme de pse tsc msr pae mce cx8 apic sep mtrr pge mca cmov pat pse36 clflush mmx fxsr sse sse2 ss ht syscall nx pdpe1gb rdtscp lm constant_tsc rep_good nopl xtopology nonstop_tsc eagerfpu pni pclmulqdq ssse3 cx16 sse4_1 sse4_2 x2apic popcnt aes xsave avx f16c rdrand hypervisor lahf_lm fsgsbase tsc_adjust smep erms xsaveopt
bugs		:
bogomips	: 5000.00
clflush size	: 64
cache_alignment	: 64
address sizes	: 46 bits physical, 48 bits virtual
power management:



Memory: 4k page, physical 53595428k(3644688k free), swap 52428796k(41274896k free)

vm_info: OpenJDK 64-Bit Server VM (24.151-b01) for linux-amd64 JRE (1.7.0_151-b01), built on Aug 15 2017 05:35:24 by "buildd" with gcc 4.8.4

time: Thu Nov 16 17:56:34 2017
elapsed time: 74 seconds

