#
# A fatal error has been detected by the Java Runtime Environment:
#
#  SIGSEGV (0xb) at pc=0x00007f0271b36fd3, pid=7740, tid=139648353781504
#
# JRE version: OpenJDK Runtime Environment (7.0_151-b01) (build 1.7.0_151-b01)
# Java VM: OpenJDK 64-Bit Server VM (24.151-b01 mixed mode linux-amd64 compressed oops)
# Derivative: IcedTea 2.6.11
# Distribution: Ubuntu 14.04 LTS, package 7u151-2.6.11-0ubuntu1.14.04.1
# Problematic frame:
# C  [_jpype.so+0x35fd3]  JPJavaEnv::NewObjectA(_jclass*, _jmethodID*, jvalue*)+0x33
#
# Failed to write core dump. Core dumps have been disabled. To enable core dumping, try "ulimit -c unlimited" before starting Java again
#
# If you would like to submit a bug report, please include
# instructions on how to reproduce the bug and visit:
#   http://icedtea.classpath.org/bugzilla
#

---------------  T H R E A D  ---------------

Current thread is native thread

siginfo:si_signo=SIGSEGV: si_errno=0, si_code=1 (SEGV_MAPERR), si_addr=0x0000000000000000

Registers:
RAX=0x00007f026c4c9f10, RBX=0x0000000000000000, RCX=0x00007f0264735560, RDX=0x00007f0271d827b0
RSP=0x00007f026a850ca0, RBP=0x00007f0264359f98, RSI=0x0000000000000001, RDI=0x0000000001a1ba50
R8 =0x0000000000000000, R9 =0x0000000000000002, R10=0x00007f0271aff940, R11=0x0000000000000000
R12=0x00007f026433e470, R13=0x00007f026c4c9f10, R14=0x00007f026434fbc8, R15=0x00007f0264735560
RIP=0x00007f0271b36fd3, EFLAGS=0x0000000000010206, CSGSFS=0x002b000000000033, ERR=0x0000000000000004
  TRAPNO=0x000000000000000e

Top of Stack: (sp=0x00007f026a850ca0)
0x00007f026a850ca0:   00007f026a850e30 00007f026434fbc8
0x00007f026a850cb0:   0000000000000000 0000000000000000
0x00007f026a850cc0:   00007f0264735560 00007f026440f488
0x00007f026a850cd0:   00007f026a850e10 00007f0271b39f9e
0x00007f026a850ce0:   0000000000000000 00007f026a850d50
0x00007f026a850cf0:   00007f0264359f98 00007f026a850d10
0x00007f026a850d00:   00007f0264424580 00000000005103c9
0x00007f026a850d10:   00007f0271d81010 00007f0264797998
0x00007f026a850d20:   00007f0271f8f700 ffffffff00000000
0x00007f026a850d30:   00000000005cd65e 00000000004ae2d9
0x00007f026a850d40:   0000003000000028 00007f026a850ec0
0x00007f026a850d50:   00007f0271d82050 0000000000000000
0x00007f026a850d60:   0000000000000000 0000000000000000
0x00007f026a850d70:   0000000000000000 0000000000000000
0x00007f026a850d80:   0000000000000000 0000000000000000
0x00007f026a850d90:   0000000000000000 0000000000000000
0x00007f026a850da0:   00007f026a850e30 00007f027007ebd8
0x00007f026a850db0:   00007f0276aef050 0000000000000000
0x00007f026a850dc0:   00007f026a850e30 0000000000000000
0x00007f026a850dd0:   00007f0276aef050 00007f0271b5feaa
0x00007f026a850de0:   0000000000000000 00007f0270067bd8
0x00007f026a850df0:   00007f0276af0ed0 00007f0270192a80
0x00007f026a850e00:   00007f0276af0030 00007f02712e6010
0x00007f026a850e10:   0000000000000000 0000000000000000
0x00007f026a850e20:   0000000000000000 00007f0264424580
0x00007f026a850e30:   00007f0271d82050 0000000000000000
0x00007f026a850e40:   0000000000000000 0000000000000000
0x00007f026a850e50:   0000000000000000 0000000000000000
0x00007f026a850e60:   0000000000000000 0000000000000000
0x00007f026a850e70:   0000000000000000 0000000000000000
0x00007f026a850e80:   00007f0276af2230 00007f027007ebd8
0x00007f026a850e90:   00007f0276aef050 0000000000000000 

Instructions: (pc=0x00007f0271b36fd3)
0x00007f0271b36fb3:   89 f5 53 48 83 ec 08 e8 81 f7 ff ff 48 89 c3 e8
0x00007f0271b36fc3:   49 a3 01 00 48 8b 10 48 89 c7 ff 52 30 49 89 c5
0x00007f0271b36fd3:   48 8b 03 48 89 ee 48 89 df ff 90 d8 00 00 00 48
0x00007f0271b36fe3:   89 c5 e8 16 a3 01 00 48 89 c7 e8 6e f7 ff ff 84 

Register to memory mapping:

RAX=0x00007f026c4c9f10 is an unknown value
RBX=0x0000000000000000 is an unknown value
RCX=0x00007f0264735560 is an unknown value
RDX=0x00007f0271d827b0: _ZTV21PythonHostEnvironment+0x10 in /usr/local/lib/python2.7/dist-packages/_jpype.so at 0x00007f0271b01000
RSP=0x00007f026a850ca0 is pointing into the stack for thread: 0x00007f0264029000
RBP=0x00007f0264359f98 is a global jni handle
RSI=0x0000000000000001 is an unknown value
RDI=0x0000000001a1ba50 is an unknown value
R8 =0x0000000000000000 is an unknown value
R9 =0x0000000000000002 is an unknown value
R10=0x00007f0271aff940: <offset 0x302940> in /usr/lib/x86_64-linux-gnu/libstdc++.so.6 at 0x00007f02717fd000
R11=0x0000000000000000 is an unknown value
R12=0x00007f026433e470 is an unknown value
R13=0x00007f026c4c9f10 is an unknown value
R14=0x00007f026434fbc8 is a weak global jni handle
R15=0x00007f0264735560 is an unknown value


Stack: [0x00007f026a054000,0x00007f026a855000],  sp=0x00007f026a850ca0,  free space=8179k
Native frames: (J=compiled Java code, j=interpreted, Vv=VM code, C=native code)
C  [_jpype.so+0x35fd3]  JPJavaEnv::NewObjectA(_jclass*, _jmethodID*, jvalue*)+0x33


---------------  P R O C E S S  ---------------

VM state:not at safepoint (normal execution)

VM Mutex/Monitor currently owned by a thread: None

Heap
 PSYoungGen      total 229376K, used 167718K [0x00000000f0000000, 0x0000000100000000, 0x0000000100000000)
  eden space 196608K, 85% used [0x00000000f0000000,0x00000000fa3c99c0,0x00000000fc000000)
  from space 32768K, 0% used [0x00000000fe000000,0x00000000fe000000,0x0000000100000000)
  to   space 32768K, 0% used [0x00000000fc000000,0x00000000fc000000,0x00000000fe000000)
 ParOldGen       total 524288K, used 0K [0x00000000d0000000, 0x00000000f0000000, 0x00000000f0000000)
  object space 524288K, 0% used [0x00000000d0000000,0x00000000d0000000,0x00000000f0000000)
 PSPermGen       total 21504K, used 9922K [0x00000000c5a00000, 0x00000000c6f00000, 0x00000000d0000000)
  object space 21504K, 46% used [0x00000000c5a00000,0x00000000c63b0998,0x00000000c6f00000)

Card table byte_map: [0x00007f026811e000,0x00007f02682f2000] byte_map_base: 0x00007f0267af1000

Polling page: 0x00007f0276b39000

Code Cache  [0x00007f0261000000, 0x00007f0261270000, 0x00007f0264000000)
 total_blobs=662 nmethods=441 adapters=174 free_code_cache=48092Kb largest_free_block=49212736

Compilation events (10 events):
Event: 3.350 Thread 0x00007f0264330000 nmethod 436 0x00007f0261106710 code [0x00007f0261106840, 0x00007f0261106898]
Event: 3.350 Thread 0x00007f0264330000  438             com.twitter.penguin.korean.util.KoreanDictionaryProvider$$anonfun$readWordFreqs$1::apply (97 bytes)
Event: 3.354 Thread 0x00007f0264330000 nmethod 438 0x00007f026110a090 code [0x00007f026110a240, 0x00007f026110a580]
Event: 3.355 Thread 0x00007f0264330000  439             scala.collection.immutable.StringOps::toFloat (5 bytes)
Event: 3.355 Thread 0x00007f0264330000 nmethod 439 0x00007f02611063d0 code [0x00007f0261106520, 0x00007f02611065d8]
Event: 3.355 Thread 0x00007f0264330000  440             scala.collection.immutable.StringLike$class::toFloat (10 bytes)
Event: 3.356 Thread 0x00007f0264330000 nmethod 440 0x00007f0261109cd0 code [0x00007f0261109e40, 0x00007f0261109f18]
Event: 3.356 Thread 0x00007f0264330000  441             java.lang.Float::parseFloat (8 bytes)
Event: 3.356 Thread 0x00007f026432d000 nmethod 437 0x00007f0261107f10 code [0x00007f02611080e0, 0x00007f0261108440]
Event: 3.357 Thread 0x00007f0264330000 nmethod 441 0x00007f0261109a10 code [0x00007f0261109b60, 0x00007f0261109bf8]

GC Heap History (0 events):
No events

Deoptimization events (10 events):
Event: 3.480 Thread 0x00007f0264029000 Uncommon trap: reason=bimorphic action=maybe_recompile pc=0x00007f02610a9754 method=scala.collection.TraversableLike$$anonfun$map$1.apply(Ljava/lang/Object;)Lscala/collection/mutable/Builder; @ 14
Event: 3.480 Thread 0x00007f0264029000 Uncommon trap: reason=bimorphic action=maybe_recompile pc=0x00007f02610a9754 method=scala.collection.TraversableLike$$anonfun$map$1.apply(Ljava/lang/Object;)Lscala/collection/mutable/Builder; @ 14
Event: 3.484 Thread 0x00007f0264029000 Uncommon trap: reason=class_check action=maybe_recompile pc=0x00007f02610a7418 method=java.lang.String.valueOf(Ljava/lang/Object;)Ljava/lang/String; @ 10
Event: 3.497 Thread 0x00007f0264029000 Uncommon trap: reason=class_check action=maybe_recompile pc=0x00007f02610a7418 method=java.lang.String.valueOf(Ljava/lang/Object;)Ljava/lang/String; @ 10
Event: 3.502 Thread 0x00007f0264029000 Uncommon trap: reason=class_check action=maybe_recompile pc=0x00007f02610c80d8 method=scala.collection.immutable.HashMap.get(Ljava/lang/Object;)Lscala/Option; @ 8
Event: 3.503 Thread 0x00007f0264029000 Uncommon trap: reason=unstable_if action=reinterpret pc=0x00007f026110c2b0 method=java.lang.String.split(Ljava/lang/String;I)[Ljava/lang/String; @ 8
Event: 3.503 Thread 0x00007f0264029000 Uncommon trap: reason=bimorphic action=maybe_recompile pc=0x00007f02610a9754 method=scala.collection.TraversableLike$$anonfun$map$1.apply(Ljava/lang/Object;)Lscala/collection/mutable/Builder; @ 14
Event: 3.503 Thread 0x00007f0264029000 Uncommon trap: reason=bimorphic action=maybe_recompile pc=0x00007f02610cf8d0 method=scala.collection.IterableLike$class.foreach(Lscala/collection/IterableLike;Lscala/Function1;)V @ 7
Event: 3.504 Thread 0x00007f0264029000 Uncommon trap: reason=class_check action=maybe_recompile pc=0x00007f02610c4098 method=scala.collection.generic.Growable$class.$plus$plus$eq(Lscala/collection/generic/Growable;Lscala/collection/TraversableOnce;)Lscala/collection/generic/Growable; @ 8
Event: 3.505 Thread 0x00007f0264029000 Uncommon trap: reason=bimorphic action=maybe_recompile pc=0x00007f02610ab854 method=scala.collection.TraversableLike$$anonfun$map$1.apply(Ljava/lang/Object;)Lscala/collection/mutable/Builder; @ 14

Internal exceptions (10 events):
Event: 3.485 Thread 0x00007f0264029000 Threw 0x00000000f9fe6480 at /build/openjdk-7-2nYvii/openjdk-7-7u151-2.6.11/build/openjdk/hotspot/src/share/vm/prims/jvm.cpp:1322
Event: 3.486 Thread 0x00007f0264029000 Threw 0x00000000f9ff3468 at /build/openjdk-7-2nYvii/openjdk-7-7u151-2.6.11/build/openjdk/hotspot/src/share/vm/prims/jvm.cpp:1322
Event: 3.486 Thread 0x00007f0264029000 Threw 0x00000000f9ff84a0 at /build/openjdk-7-2nYvii/openjdk-7-7u151-2.6.11/build/openjdk/hotspot/src/share/vm/prims/jvm.cpp:1322
Event: 3.486 Thread 0x00007f0264029000 Threw 0x00000000f9ffcff8 at /build/openjdk-7-2nYvii/openjdk-7-7u151-2.6.11/build/openjdk/hotspot/src/share/vm/prims/jvm.cpp:1322
Event: 3.487 Thread 0x00007f0264029000 Threw 0x00000000fa002668 at /build/openjdk-7-2nYvii/openjdk-7-7u151-2.6.11/build/openjdk/hotspot/src/share/vm/prims/jvm.cpp:1322
Event: 3.489 Thread 0x00007f0264029000 Threw 0x00000000fa008730 at /build/openjdk-7-2nYvii/openjdk-7-7u151-2.6.11/build/openjdk/hotspot/src/share/vm/prims/jvm.cpp:1322
Event: 3.489 Thread 0x00007f0264029000 Threw 0x00000000fa00e3d0 at /build/openjdk-7-2nYvii/openjdk-7-7u151-2.6.11/build/openjdk/hotspot/src/share/vm/prims/jvm.cpp:1322
Event: 3.491 Thread 0x00007f0264029000 Threw 0x00000000fa016d88 at /build/openjdk-7-2nYvii/openjdk-7-7u151-2.6.11/build/openjdk/hotspot/src/share/vm/prims/jvm.cpp:1322
Event: 3.492 Thread 0x00007f0264029000 Threw 0x00000000fa01c450 at /build/openjdk-7-2nYvii/openjdk-7-7u151-2.6.11/build/openjdk/hotspot/src/share/vm/prims/jvm.cpp:1322
Event: 3.493 Thread 0x00007f0264029000 Threw 0x00000000fa0236c8 at /build/openjdk-7-2nYvii/openjdk-7-7u151-2.6.11/build/openjdk/hotspot/src/share/vm/prims/jvm.cpp:1322

Events (10 events):
Event: 3.503 Thread 0x00007f0264029000 DEOPT PACKING pc=0x00007f02610cf8d0 sp=0x00007f026a8509f0
Event: 3.503 Thread 0x00007f0264029000 DEOPT UNPACKING pc=0x00007f0261039445 sp=0x00007f026a850970 mode 2
Event: 3.504 Thread 0x00007f0264029000 Uncommon trap: trap_request=0xffffffde fr.pc=0x00007f02610c4098
Event: 3.504 Thread 0x00007f0264029000 DEOPT PACKING pc=0x00007f02610c4098 sp=0x00007f026a850060
Event: 3.504 Thread 0x00007f0264029000 DEOPT UNPACKING pc=0x00007f0261039445 sp=0x00007f026a850040 mode 2
Event: 3.505 Thread 0x00007f0264029000 Uncommon trap: trap_request=0xffffffc6 fr.pc=0x00007f02610ab854
Event: 3.505 Thread 0x00007f0264029000 DEOPT PACKING pc=0x00007f02610ab854 sp=0x00007f026a850b80
Event: 3.505 Thread 0x00007f0264029000 DEOPT UNPACKING pc=0x00007f0261039445 sp=0x00007f026a850b40 mode 2
Event: 4.360 Executing VM operation: EnableBiasedLocking
Event: 4.361 Executing VM operation: EnableBiasedLocking done


Dynamic libraries:
00400000-006bb000 r-xp 00000000 00:80e 453                               /usr/bin/python2.7
008ba000-008bb000 r--p 002ba000 00:80e 453                               /usr/bin/python2.7
008bb000-00930000 rw-p 002bb000 00:80e 453                               /usr/bin/python2.7
00930000-00942000 rw-p 00000000 00:00 0 
016a7000-01d3d000 rw-p 00000000 00:00 0                                  [heap]
c5a00000-c6f00000 rw-p 00000000 00:00 0 
c6f00000-d0000000 rw-p 00000000 00:00 0 
d0000000-100000000 rw-p 00000000 00:00 0 
7f0210000000-7f0210021000 rw-p 00000000 00:00 0 
7f0210021000-7f0214000000 ---p 00000000 00:00 0 
7f0218000000-7f0218021000 rw-p 00000000 00:00 0 
7f0218021000-7f021c000000 ---p 00000000 00:00 0 
7f021c000000-7f021c021000 rw-p 00000000 00:00 0 
7f021c021000-7f0220000000 ---p 00000000 00:00 0 
7f0220000000-7f022037a000 rw-p 00000000 00:00 0 
7f022037a000-7f0224000000 ---p 00000000 00:00 0 
7f0224000000-7f02244bd000 rw-p 00000000 00:00 0 
7f02244bd000-7f0228000000 ---p 00000000 00:00 0 
7f0228000000-7f0228021000 rw-p 00000000 00:00 0 
7f0228021000-7f022c000000 ---p 00000000 00:00 0 
7f022c000000-7f022c021000 rw-p 00000000 00:00 0 
7f022c021000-7f0230000000 ---p 00000000 00:00 0 
7f0230000000-7f0230021000 rw-p 00000000 00:00 0 
7f0230021000-7f0234000000 ---p 00000000 00:00 0 
7f0234000000-7f0234021000 rw-p 00000000 00:00 0 
7f0234021000-7f0238000000 ---p 00000000 00:00 0 
7f0238000000-7f0238021000 rw-p 00000000 00:00 0 
7f0238021000-7f023c000000 ---p 00000000 00:00 0 
7f0240000000-7f0240021000 rw-p 00000000 00:00 0 
7f0240021000-7f0244000000 ---p 00000000 00:00 0 
7f02440a9000-7f02440e9000 rw-p 00000000 00:00 0 
7f02440e9000-7f0244141000 r--s 004f0000 00:80e 5041                      /usr/local/lib/python2.7/dist-packages/konlpy/java/scala-library-2.11.4.jar
7f0244141000-7f0244144000 ---p 00000000 00:00 0 
7f0244144000-7f0244242000 rw-p 00000000 00:00 0 
7f0244242000-7f0244243000 ---p 00000000 00:00 0 
7f0244243000-7f0244343000 rw-p 00000000 00:00 0 
7f0244343000-7f0244346000 ---p 00000000 00:00 0 
7f0244346000-7f0244444000 rw-p 00000000 00:00 0 
7f0244444000-7f0244447000 ---p 00000000 00:00 0 
7f0244447000-7f0244545000 rw-p 00000000 00:00 0 
7f0244545000-7f0244548000 ---p 00000000 00:00 0 
7f0244548000-7f0244646000 rw-p 00000000 00:00 0 
7f0244646000-7f0244649000 ---p 00000000 00:00 0 
7f0244649000-7f0244747000 rw-p 00000000 00:00 0 
7f0244747000-7f02448b6000 r--p 00000000 00:80e 107                       /usr/lib/locale/C.UTF-8/LC_COLLATE
7f02448b6000-7f02448b9000 ---p 00000000 00:00 0 
7f02448b9000-7f02449b7000 rw-p 00000000 00:00 0 
7f02449b7000-7f02449ba000 ---p 00000000 00:00 0 
7f02449ba000-7f0244ab8000 rw-p 00000000 00:00 0 
7f0244ab8000-7f0244ab9000 ---p 00000000 00:00 0 
7f0244ab9000-7f0248000000 rw-p 00000000 00:00 0 
7f0248000000-7f0248021000 rw-p 00000000 00:00 0 
7f0248021000-7f024c000000 ---p 00000000 00:00 0 
7f024c000000-7f024c021000 rw-p 00000000 00:00 0 
7f024c021000-7f0250000000 ---p 00000000 00:00 0 
7f0250000000-7f0250021000 rw-p 00000000 00:00 0 
7f0250021000-7f0254000000 ---p 00000000 00:00 0 
7f0254000000-7f0254021000 rw-p 00000000 00:00 0 
7f0254021000-7f0258000000 ---p 00000000 00:00 0 
7f0258000000-7f0258021000 rw-p 00000000 00:00 0 
7f0258021000-7f025c000000 ---p 00000000 00:00 0 
7f025c000000-7f025c021000 rw-p 00000000 00:00 0 
7f025c021000-7f0260000000 ---p 00000000 00:00 0 
7f0260018000-7f026041c000 rw-p 00000000 00:00 0 
7f026041c000-7f02605d2000 r--s 01d63000 00:80e 4903                      /usr/lib/jvm/java-7-openjdk-amd64/jre/lib/rt.jar
7f02605d2000-7f02607a5000 rw-p 00000000 00:00 0 
7f02607a5000-7f02607a6000 ---p 00000000 00:00 0 
7f02607a6000-7f02608a6000 rw-p 00000000 00:00 0 
7f02608a6000-7f02608a7000 ---p 00000000 00:00 0 
7f02608a7000-7f02609a7000 rw-p 00000000 00:00 0 
7f02609a7000-7f02609a8000 ---p 00000000 00:00 0 
7f02609a8000-7f0260aa8000 rw-p 00000000 00:00 0 
7f0260aa8000-7f0260aa9000 ---p 00000000 00:00 0 
7f0260aa9000-7f0260ba9000 rw-p 00000000 00:00 0 
7f0260ba9000-7f0260baa000 ---p 00000000 00:00 0 
7f0260baa000-7f0260caa000 rw-p 00000000 00:00 0 
7f0260caa000-7f0260cab000 ---p 00000000 00:00 0 
7f0260cab000-7f0260dab000 rw-p 00000000 00:00 0 
7f0260dab000-7f0260dac000 ---p 00000000 00:00 0 
7f0260dac000-7f0260eac000 rw-p 00000000 00:00 0 
7f0260eac000-7f0260ead000 ---p 00000000 00:00 0 
7f0260ead000-7f0260fb8000 rw-p 00000000 00:00 0 
7f0260fb8000-7f0261000000 rw-p 00000000 00:00 0 
7f0261000000-7f0261270000 rwxp 00000000 00:00 0 
7f0261270000-7f02647a7000 rw-p 00000000 00:00 0 
7f02647a7000-7f0268000000 ---p 00000000 00:00 0 
7f026801e000-7f0268129000 rw-p 00000000 00:00 0 
7f0268129000-7f0268171000 rw-p 00000000 00:00 0 
7f0268171000-7f02682fc000 rw-p 00000000 00:00 0 
7f02682fc000-7f02683b2000 rw-p 00000000 00:00 0 
7f02683b2000-7f02683ba000 r-xp 00000000 00:80e 4995                      /usr/lib/jvm/java-7-openjdk-amd64/jre/lib/amd64/libzip.so
7f02683ba000-7f02685b9000 ---p 00008000 00:80e 4995                      /usr/lib/jvm/java-7-openjdk-amd64/jre/lib/amd64/libzip.so
7f02685b9000-7f02685ba000 r--p 00007000 00:80e 4995                      /usr/lib/jvm/java-7-openjdk-amd64/jre/lib/amd64/libzip.so
7f02685ba000-7f02685bb000 rw-p 00008000 00:80e 4995                      /usr/lib/jvm/java-7-openjdk-amd64/jre/lib/amd64/libzip.so
7f02685bb000-7f02685c6000 r-xp 00000000 00:80e 5017                      /lib/x86_64-linux-gnu/libnss_nis-2.19.so
7f02685c6000-7f02687c5000 ---p 0000b000 00:80e 5017                      /lib/x86_64-linux-gnu/libnss_nis-2.19.so
7f02687c5000-7f02687c6000 r--p 0000a000 00:80e 5017                      /lib/x86_64-linux-gnu/libnss_nis-2.19.so
7f02687c6000-7f02687c7000 rw-p 0000b000 00:80e 5017                      /lib/x86_64-linux-gnu/libnss_nis-2.19.so
7f02687c7000-7f02687de000 r-xp 00000000 00:80e 5015                      /lib/x86_64-linux-gnu/libnsl-2.19.so
7f02687de000-7f02689dd000 ---p 00017000 00:80e 5015                      /lib/x86_64-linux-gnu/libnsl-2.19.so
7f02689dd000-7f02689de000 r--p 00016000 00:80e 5015                      /lib/x86_64-linux-gnu/libnsl-2.19.so
7f02689de000-7f02689df000 rw-p 00017000 00:80e 5015                      /lib/x86_64-linux-gnu/libnsl-2.19.so
7f02689df000-7f02689e1000 rw-p 00000000 00:00 0 
7f02689e1000-7f02689ea000 r-xp 00000000 00:80e 5013                      /lib/x86_64-linux-gnu/libnss_compat-2.19.so
7f02689ea000-7f0268be9000 ---p 00009000 00:80e 5013                      /lib/x86_64-linux-gnu/libnss_compat-2.19.so
7f0268be9000-7f0268bea000 r--p 00008000 00:80e 5013                      /lib/x86_64-linux-gnu/libnss_compat-2.19.so
7f0268bea000-7f0268beb000 rw-p 00009000 00:80e 5013                      /lib/x86_64-linux-gnu/libnss_compat-2.19.so
7f0268beb000-7f0268c15000 r-xp 00000000 00:80e 4968                      /usr/lib/jvm/java-7-openjdk-amd64/jre/lib/amd64/libjava.so
7f0268c15000-7f0268e15000 ---p 0002a000 00:80e 4968                      /usr/lib/jvm/java-7-openjdk-amd64/jre/lib/amd64/libjava.so
7f0268e15000-7f0268e16000 r--p 0002a000 00:80e 4968                      /usr/lib/jvm/java-7-openjdk-amd64/jre/lib/amd64/libjava.so
7f0268e16000-7f0268e18000 rw-p 0002b000 00:80e 4968                      /usr/lib/jvm/java-7-openjdk-amd64/jre/lib/amd64/libjava.so
7f0268e18000-7f0268e28000 r-xp 00000000 00:80e 4982                      /usr/lib/jvm/java-7-openjdk-amd64/jre/lib/amd64/libverify.so
7f0268e28000-7f0269027000 ---p 00010000 00:80e 4982                      /usr/lib/jvm/java-7-openjdk-amd64/jre/lib/amd64/libverify.so
7f0269027000-7f0269029000 r--p 0000f000 00:80e 4982                      /usr/lib/jvm/java-7-openjdk-amd64/jre/lib/amd64/libverify.so
7f0269029000-7f026902a000 rw-p 00011000 00:80e 4982                      /usr/lib/jvm/java-7-openjdk-amd64/jre/lib/amd64/libverify.so
7f026902a000-7f0269031000 r-xp 00000000 00:80e 342                       /lib/x86_64-linux-gnu/librt-2.19.so
7f0269031000-7f0269230000 ---p 00007000 00:80e 342                       /lib/x86_64-linux-gnu/librt-2.19.so
7f0269230000-7f0269231000 r--p 00006000 00:80e 342                       /lib/x86_64-linux-gnu/librt-2.19.so
7f0269231000-7f0269232000 rw-p 00007000 00:80e 342                       /lib/x86_64-linux-gnu/librt-2.19.so
7f0269232000-7f0269d66000 r-xp 00000000 00:80e 5010                      /usr/lib/jvm/java-7-openjdk-amd64/jre/lib/amd64/server/libjvm.so
7f0269d66000-7f0269f66000 ---p 00b34000 00:80e 5010                      /usr/lib/jvm/java-7-openjdk-amd64/jre/lib/amd64/server/libjvm.so
7f0269f66000-7f026a001000 r--p 00b34000 00:80e 5010                      /usr/lib/jvm/java-7-openjdk-amd64/jre/lib/amd64/server/libjvm.so
7f026a001000-7f026a024000 rw-p 00bcf000 00:80e 5010                      /usr/lib/jvm/java-7-openjdk-amd64/jre/lib/amd64/server/libjvm.so
7f026a024000-7f026a054000 rw-p 00000000 00:00 0 
7f026a054000-7f026a057000 ---p 00000000 00:00 0 
7f026a057000-7f026a855000 rw-p 00000000 00:00 0 
7f026a855000-7f026a85f000 r-xp 00000000 00:80e 2658                      /lib/x86_64-linux-gnu/libnss_files-2.19.so
7f026a85f000-7f026aa5e000 ---p 0000a000 00:80e 2658                      /lib/x86_64-linux-gnu/libnss_files-2.19.so
7f026aa5e000-7f026aa5f000 r--p 00009000 00:80e 2658                      /lib/x86_64-linux-gnu/libnss_files-2.19.so
7f026aa5f000-7f026aa60000 rw-p 0000a000 00:80e 2658                      /lib/x86_64-linux-gnu/libnss_files-2.19.so
7f026aa60000-7f026aaab000 r-xp 00000000 00:80e 2512                      /usr/lib/python2.7/dist-packages/numpy/random/mtrand.so
7f026aaab000-7f026acaa000 ---p 0004b000 00:80e 2512                      /usr/lib/python2.7/dist-packages/numpy/random/mtrand.so
7f026acaa000-7f026acab000 r--p 0004a000 00:80e 2512                      /usr/lib/python2.7/dist-packages/numpy/random/mtrand.so
7f026acab000-7f026ace1000 rw-p 0004b000 00:80e 2512                      /usr/lib/python2.7/dist-packages/numpy/random/mtrand.so
7f026ace1000-7f026ace2000 rw-p 00000000 00:00 0 
7f026ace2000-7f026aceb000 r-xp 00000000 00:80e 2485                      /usr/lib/python2.7/dist-packages/numpy/fft/fftpack_lite.so
7f026aceb000-7f026aeea000 ---p 00009000 00:80e 2485                      /usr/lib/python2.7/dist-packages/numpy/fft/fftpack_lite.so
7f026aeea000-7f026aeeb000 r--p 00008000 00:80e 2485                      /usr/lib/python2.7/dist-packages/numpy/fft/fftpack_lite.so
7f026aeeb000-7f026aeec000 rw-p 00009000 00:80e 2485                      /usr/lib/python2.7/dist-packages/numpy/fft/fftpack_lite.so
7f026aeec000-7f026aeed000 r-xp 00000000 00:80e 2471                      /usr/lib/python2.7/lib-dynload/future_builtins.x86_64-linux-gnu.so
7f026aeed000-7f026b0ec000 ---p 00001000 00:80e 2471                      /usr/lib/python2.7/lib-dynload/future_builtins.x86_64-linux-gnu.so
7f026b0ec000-7f026b0ed000 r--p 00000000 00:80e 2471                      /usr/lib/python2.7/lib-dynload/future_builtins.x86_64-linux-gnu.so
7f026b0ed000-7f026b0ee000 rw-p 00001000 00:80e 2471                      /usr/lib/python2.7/lib-dynload/future_builtins.x86_64-linux-gnu.so
7f026b0ee000-7f026b10d000 r-xp 00000000 00:80e 2460                      /usr/lib/python2.7/dist-packages/numpy/linalg/_umath_linalg.so
7f026b10d000-7f026b30c000 ---p 0001f000 00:80e 2460                      /usr/lib/python2.7/dist-packages/numpy/linalg/_umath_linalg.so
7f026b30c000-7f026b30d000 r--p 0001e000 00:80e 2460                      /usr/lib/python2.7/dist-packages/numpy/linalg/_umath_linalg.so
7f026b30d000-7f026b30e000 rw-p 0001f000 00:80e 2460                      /usr/lib/python2.7/dist-packages/numpy/linalg/_umath_linalg.so
7f026b30e000-7f026b349000 r-xp 00000000 00:80e 2459                      /usr/lib/x86_64-linux-gnu/libquadmath.so.0.0.0
7f026b349000-7f026b548000 ---p 0003b000 00:80e 2459                      /usr/lib/x86_64-linux-gnu/libquadmath.so.0.0.0
7f026b548000-7f026b549000 r--p 0003a000 00:80e 2459                      /usr/lib/x86_64-linux-gnu/libquadmath.so.0.0.0
7f026b549000-7f026b54a000 rw-p 0003b000 00:80e 2459                      /usr/lib/x86_64-linux-gnu/libquadmath.so.0.0.0
7f026b54a000-7f026b661000 r-xp 00000000 00:80e 2457                      /usr/lib/x86_64-linux-gnu/libgfortran.so.3.0.0
7f026b661000-7f026b861000 ---p 00117000 00:80e 2457                      /usr/lib/x86_64-linux-gnu/libgfortran.so.3.0.0
7f026b861000-7f026b862000 r--p 00117000 00:80e 2457                      /usr/lib/x86_64-linux-gnu/libgfortran.so.3.0.0
7f026b862000-7f026b864000 rw-p 00118000 00:80e 2457                      /usr/lib/x86_64-linux-gnu/libgfortran.so.3.0.0
7f026b864000-7f026bdfc000 r-xp 00000000 00:80e 2455                      /usr/lib/lapack/liblapack.so.3.0
7f026bdfc000-7f026bffb000 ---p 00598000 00:80e 2455                      /usr/lib/lapack/liblapack.so.3.0
7f026bffb000-7f026bffc000 r--p 00597000 00:80e 2455                      /usr/lib/lapack/liblapack.so.3.0
7f026bffc000-7f026c000000 rw-p 00598000 00:80e 2455                      /usr/lib/lapack/liblapack.so.3.0
7f026c000000-7f026c4d7000 rw-p 00000000 00:00 0 
7f026c4d7000-7f0270000000 ---p 00000000 00:00 0 
7f0270021000-7f0270030000 r--s 003aa000 00:80e 5042                      /usr/local/lib/python2.7/dist-packages/konlpy/java/twitter-korean-text-2.4.3.jar
7f0270030000-7f0270037000 r--s 0003c000 00:80e 5040                      /usr/local/lib/python2.7/dist-packages/konlpy/java/snakeyaml-1.12.jar
7f0270037000-7f02701f7000 rw-p 00000000 00:00 0 
7f02701f7000-7f02701fd000 r-xp 00000000 00:80e 2450                      /usr/lib/python2.7/dist-packages/numpy/linalg/lapack_lite.so
7f02701fd000-7f02703fc000 ---p 00006000 00:80e 2450                      /usr/lib/python2.7/dist-packages/numpy/linalg/lapack_lite.so
7f02703fc000-7f02703fd000 r--p 00005000 00:80e 2450                      /usr/lib/python2.7/dist-packages/numpy/linalg/lapack_lite.so
7f02703fd000-7f02703fe000 rw-p 00006000 00:80e 2450                      /usr/lib/python2.7/dist-packages/numpy/linalg/lapack_lite.so
7f02703fe000-7f027043e000 rw-p 00000000 00:00 0 
7f027043e000-7f0270444000 r-xp 00000000 00:80e 2425                      /usr/lib/python2.7/dist-packages/numpy/lib/_compiled_base.so
7f0270444000-7f0270643000 ---p 00006000 00:80e 2425                      /usr/lib/python2.7/dist-packages/numpy/lib/_compiled_base.so
7f0270643000-7f0270644000 r--p 00005000 00:80e 2425                      /usr/lib/python2.7/dist-packages/numpy/lib/_compiled_base.so
7f0270644000-7f0270645000 rw-p 00006000 00:80e 2425                      /usr/lib/python2.7/dist-packages/numpy/lib/_compiled_base.so
7f0270645000-7f0270685000 rw-p 00000000 00:00 0 
7f0270685000-7f02706b0000 r-xp 00000000 00:80e 2378                      /usr/lib/python2.7/dist-packages/numpy/core/scalarmath.so
7f02706b0000-7f02708af000 ---p 0002b000 00:80e 2378                      /usr/lib/python2.7/dist-packages/numpy/core/scalarmath.so
7f02708af000-7f02708b0000 r--p 0002a000 00:80e 2378                      /usr/lib/python2.7/dist-packages/numpy/core/scalarmath.so
7f02708b0000-7f02708b2000 rw-p 0002b000 00:80e 2378                      /usr/lib/python2.7/dist-packages/numpy/core/scalarmath.so
7f02708b2000-7f027092e000 r-xp 00000000 00:80e 2365                      /usr/lib/libblas/libblas.so.3.0
7f027092e000-7f0270b2d000 ---p 0007c000 00:80e 2365                      /usr/lib/libblas/libblas.so.3.0
7f0270b2d000-7f0270b2e000 r--p 0007b000 00:80e 2365                      /usr/lib/libblas/libblas.so.3.0
7f0270b2e000-7f0270b2f000 rw-p 0007c000 00:80e 2365                      /usr/lib/libblas/libblas.so.3.0
7f0270b2f000-7f0270b34000 r-xp 00000000 00:80e 2360                      /usr/lib/python2.7/dist-packages/numpy/core/_dotblas.so
7f0270b34000-7f0270d33000 ---p 00005000 00:80e 2360                      /usr/lib/python2.7/dist-packages/numpy/core/_dotblas.so
7f0270d33000-7f0270d34000 r--p 00004000 00:80e 2360                      /usr/lib/python2.7/dist-packages/numpy/core/_dotblas.so
7f0270d34000-7f0270d35000 rw-p 00005000 00:80e 2360                      /usr/lib/python2.7/dist-packages/numpy/core/_dotblas.so
7f0270d35000-7f0270d93000 r-xp 00000000 00:80e 2346                      /usr/lib/python2.7/dist-packages/numpy/core/umath.so
7f0270d93000-7f0270f92000 ---p 0005e000 00:80e 2346                      /usr/lib/python2.7/dist-packages/numpy/core/umath.so
7f0270f92000-7f0270f93000 r--p 0005d000 00:80e 2346                      /usr/lib/python2.7/dist-packages/numpy/core/umath.so
7f0270f93000-7f0270f97000 rw-p 0005e000 00:80e 2346                      /usr/lib/python2.7/dist-packages/numpy/core/umath.so
7f0270f97000-7f0270f99000 rw-p 00000000 00:00 0 
7f0270f99000-7f02710d6000 r-xp 00000000 00:80e 2345                      /usr/lib/python2.7/dist-packages/numpy/core/multiarray.so
7f02710d6000-7f02712d5000 ---p 0013d000 00:80e 2345                      /usr/lib/python2.7/dist-packages/numpy/core/multiarray.so
7f02712d5000-7f02712d7000 r--p 0013c000 00:80e 2345                      /usr/lib/python2.7/dist-packages/numpy/core/multiarray.so
7f02712d7000-7f02712e4000 rw-p 0013e000 00:80e 2345                      /usr/lib/python2.7/dist-packages/numpy/core/multiarray.so
7f02712e4000-7f02715e7000 rw-p 00000000 00:00 0 
7f02715e7000-7f02715fd000 r-xp 00000000 00:80e 345                       /lib/x86_64-linux-gnu/libgcc_s.so.1
7f02715fd000-7f02717fc000 ---p 00016000 00:80e 345                       /lib/x86_64-linux-gnu/libgcc_s.so.1
7f02717fc000-7f02717fd000 rw-p 00015000 00:80e 345                       /lib/x86_64-linux-gnu/libgcc_s.so.1
7f02717fd000-7f02718e3000 r-xp 00000000 00:80e 344                       /usr/lib/x86_64-linux-gnu/libstdc++.so.6.0.19
7f02718e3000-7f0271ae2000 ---p 000e6000 00:80e 344                       /usr/lib/x86_64-linux-gnu/libstdc++.so.6.0.19
7f0271ae2000-7f0271aea000 r--p 000e5000 00:80e 344                       /usr/lib/x86_64-linux-gnu/libstdc++.so.6.0.19
7f0271aea000-7f0271aec000 rw-p 000ed000 00:80e 344                       /usr/lib/x86_64-linux-gnu/libstdc++.so.6.0.19
7f0271aec000-7f0271b01000 rw-p 00000000 00:00 0 
7f0271b01000-7f0271b81000 r-xp 00000000 00:80e 389                       /usr/local/lib/python2.7/dist-packages/_jpype.so
7f0271b81000-7f0271d80000 ---p 00080000 00:80e 389                       /usr/local/lib/python2.7/dist-packages/_jpype.so
7f0271d80000-7f0271d83000 r--p 0007f000 00:80e 389                       /usr/local/lib/python2.7/dist-packages/_jpype.so
7f0271d83000-7f0271d86000 rw-p 00082000 00:80e 389                       /usr/local/lib/python2.7/dist-packages/_jpype.so
7f0271d86000-7f0271d8c000 r-xp 00000000 00:80e 2316                      /usr/lib/python2.7/lib-dynload/_csv.x86_64-linux-gnu.so
7f0271d8c000-7f0271f8b000 ---p 00006000 00:80e 2316                      /usr/lib/python2.7/lib-dynload/_csv.x86_64-linux-gnu.so
7f0271f8b000-7f0271f8c000 r--p 00005000 00:80e 2316                      /usr/lib/python2.7/lib-dynload/_csv.x86_64-linux-gnu.so
7f0271f8c000-7f0271f8e000 rw-p 00006000 00:80e 2316                      /usr/lib/python2.7/lib-dynload/_csv.x86_64-linux-gnu.so
7f0271f8e000-7f027204e000 rw-p 00000000 00:00 0 
7f027204e000-7f0272075000 r-xp 00000000 00:80e 2260                      /lib/x86_64-linux-gnu/libexpat.so.1.6.0
7f0272075000-7f0272275000 ---p 00027000 00:80e 2260                      /lib/x86_64-linux-gnu/libexpat.so.1.6.0
7f0272275000-7f0272277000 r--p 00027000 00:80e 2260                      /lib/x86_64-linux-gnu/libexpat.so.1.6.0
7f0272277000-7f0272278000 rw-p 00029000 00:80e 2260                      /lib/x86_64-linux-gnu/libexpat.so.1.6.0
7f0272278000-7f0272287000 r-xp 00000000 00:80e 2258                      /usr/lib/python2.7/lib-dynload/pyexpat.x86_64-linux-gnu.so
7f0272287000-7f0272486000 ---p 0000f000 00:80e 2258                      /usr/lib/python2.7/lib-dynload/pyexpat.x86_64-linux-gnu.so
7f0272486000-7f0272487000 r--p 0000e000 00:80e 2258                      /usr/lib/python2.7/lib-dynload/pyexpat.x86_64-linux-gnu.so
7f0272487000-7f0272489000 rw-p 0000f000 00:80e 2258                      /usr/lib/python2.7/lib-dynload/pyexpat.x86_64-linux-gnu.so
7f0272489000-7f02724c9000 rw-p 00000000 00:00 0 
7f02724c9000-7f02724d6000 r-xp 00000000 00:80e 2253                      /usr/lib/python2.7/lib-dynload/_elementtree.x86_64-linux-gnu.so
7f02724d6000-7f02726d5000 ---p 0000d000 00:80e 2253                      /usr/lib/python2.7/lib-dynload/_elementtree.x86_64-linux-gnu.so
7f02726d5000-7f02726d6000 r--p 0000c000 00:80e 2253                      /usr/lib/python2.7/lib-dynload/_elementtree.x86_64-linux-gnu.so
7f02726d6000-7f02726d7000 rw-p 0000d000 00:80e 2253                      /usr/lib/python2.7/lib-dynload/_elementtree.x86_64-linux-gnu.so
7f02726d7000-7f0272897000 rw-p 00000000 00:00 0 
7f0272897000-7f02728a1000 r-xp 00000000 00:80e 2185                      /usr/lib/python2.7/dist-packages/simplejson/_speedups.x86_64-linux-gnu.so
7f02728a1000-7f0272aa0000 ---p 0000a000 00:80e 2185                      /usr/lib/python2.7/dist-packages/simplejson/_speedups.x86_64-linux-gnu.so
7f0272aa0000-7f0272aa1000 r--p 00009000 00:80e 2185                      /usr/lib/python2.7/dist-packages/simplejson/_speedups.x86_64-linux-gnu.so
7f0272aa1000-7f0272aa2000 rw-p 0000a000 00:80e 2185                      /usr/lib/python2.7/dist-packages/simplejson/_speedups.x86_64-linux-gnu.so
7f0272aa2000-7f0272b22000 rw-p 00000000 00:00 0 
7f0272b22000-7f0272b23000 ---p 00000000 00:00 0 
7f0272b23000-7f02734e3000 rw-p 00000000 00:00 0 
7f02734e3000-7f0273597000 r-xp 00000000 00:80e 1944                      /usr/lib/x86_64-linux-gnu/libsqlite3.so.0.8.6
7f0273597000-7f0273797000 ---p 000b4000 00:80e 1944                      /usr/lib/x86_64-linux-gnu/libsqlite3.so.0.8.6
7f0273797000-7f0273799000 r--p 000b4000 00:80e 1944                      /usr/lib/x86_64-linux-gnu/libsqlite3.so.0.8.6
7f0273799000-7f027379b000 rw-p 000b6000 00:80e 1944                      /usr/lib/x86_64-linux-gnu/libsqlite3.so.0.8.6
7f027379b000-7f027379c000 rw-p 00000000 00:00 0 
7f027379c000-7f02737ae000 r-xp 00000000 00:80e 1942                      /usr/lib/python2.7/lib-dynload/_sqlite3.x86_64-linux-gnu.so
7f02737ae000-7f02739ad000 ---p 00012000 00:80e 1942                      /usr/lib/python2.7/lib-dynload/_sqlite3.x86_64-linux-gnu.so
7f02739ad000-7f02739ae000 r--p 00011000 00:80e 1942                      /usr/lib/python2.7/lib-dynload/_sqlite3.x86_64-linux-gnu.so
7f02739ae000-7f02739b0000 rw-p 00012000 00:80e 1942                      /usr/lib/python2.7/lib-dynload/_sqlite3.x86_64-linux-gnu.so
7f02739b0000-7f0273db0000 rw-p 00000000 00:00 0 
7f0273db0000-7f0273db4000 r-xp 00000000 00:80e 1634                      /lib/x86_64-linux-gnu/libuuid.so.1.3.0
7f0273db4000-7f0273fb3000 ---p 00004000 00:80e 1634                      /lib/x86_64-linux-gnu/libuuid.so.1.3.0
7f0273fb3000-7f0273fb4000 r--p 00003000 00:80e 1634                      /lib/x86_64-linux-gnu/libuuid.so.1.3.0
7f0273fb4000-7f0273fb5000 rw-p 00004000 00:80e 1634                      /lib/x86_64-linux-gnu/libuuid.so.1.3.0
7f0273fb5000-7f0273ff5000 rw-p 00000000 00:00 0 
7f0273ff5000-7f0273ffc000 r-xp 00000000 00:80e 1626                      /usr/lib/x86_64-linux-gnu/libffi.so.6.0.1
7f0273ffc000-7f02741fb000 ---p 00007000 00:80e 1626                      /usr/lib/x86_64-linux-gnu/libffi.so.6.0.1
7f02741fb000-7f02741fc000 r--p 00006000 00:80e 1626                      /usr/lib/x86_64-linux-gnu/libffi.so.6.0.1
7f02741fc000-7f02741fd000 rw-p 00007000 00:80e 1626                      /usr/lib/x86_64-linux-gnu/libffi.so.6.0.1
7f02741fd000-7f027421a000 r-xp 00000000 00:80e 1624                      /usr/lib/python2.7/lib-dynload/_ctypes.x86_64-linux-gnu.so
7f027421a000-7f0274419000 ---p 0001d000 00:80e 1624                      /usr/lib/python2.7/lib-dynload/_ctypes.x86_64-linux-gnu.so
7f0274419000-7f027441a000 r--p 0001c000 00:80e 1624                      /usr/lib/python2.7/lib-dynload/_ctypes.x86_64-linux-gnu.so
7f027441a000-7f027441e000 rw-p 0001d000 00:80e 1624                      /usr/lib/python2.7/lib-dynload/_ctypes.x86_64-linux-gnu.so
7f027441e000-7f027455e000 rw-p 00000000 00:00 0 
7f027455e000-7f027456a000 r-xp 00000000 00:80e 939                       /usr/lib/python2.7/lib-dynload/_json.x86_64-linux-gnu.so
7f027456a000-7f0274769000 ---p 0000c000 00:80e 939                       /usr/lib/python2.7/lib-dynload/_json.x86_64-linux-gnu.so
7f0274769000-7f027476a000 r--p 0000b000 00:80e 939                       /usr/lib/python2.7/lib-dynload/_json.x86_64-linux-gnu.so
7f027476a000-7f027476b000 rw-p 0000c000 00:80e 939                       /usr/lib/python2.7/lib-dynload/_json.x86_64-linux-gnu.so
7f027476b000-7f027486b000 rw-p 00000000 00:00 0 
7f027486b000-7f027486f000 r-xp 00000000 00:80e 841                       /usr/lib/python2.7/lib-dynload/termios.x86_64-linux-gnu.so
7f027486f000-7f0274a6e000 ---p 00004000 00:80e 841                       /usr/lib/python2.7/lib-dynload/termios.x86_64-linux-gnu.so
7f0274a6e000-7f0274a6f000 r--p 00003000 00:80e 841                       /usr/lib/python2.7/lib-dynload/termios.x86_64-linux-gnu.so
7f0274a6f000-7f0274a71000 rw-p 00004000 00:80e 841                       /usr/lib/python2.7/lib-dynload/termios.x86_64-linux-gnu.so
7f0274a71000-7f0274b71000 rw-p 00000000 00:00 0 
7f0274b71000-7f0274b75000 r-xp 00000000 00:80e 750                       /usr/lib/python2.7/lib-dynload/_hashlib.x86_64-linux-gnu.so
7f0274b75000-7f0274d74000 ---p 00004000 00:80e 750                       /usr/lib/python2.7/lib-dynload/_hashlib.x86_64-linux-gnu.so
7f0274d74000-7f0274d75000 r--p 00003000 00:80e 750                       /usr/lib/python2.7/lib-dynload/_hashlib.x86_64-linux-gnu.so
7f0274d75000-7f0274d76000 rw-p 00004000 00:80e 750                       /usr/lib/python2.7/lib-dynload/_hashlib.x86_64-linux-gnu.so
7f0274d76000-7f0274db6000 rw-p 00000000 00:00 0 
7f0274db6000-7f0274f69000 r-xp 00000000 00:80e 731                       /lib/x86_64-linux-gnu/libcrypto.so.1.0.0
7f0274f69000-7f0275168000 ---p 001b3000 00:80e 731                       /lib/x86_64-linux-gnu/libcrypto.so.1.0.0
7f0275168000-7f0275183000 r--p 001b2000 00:80e 731                       /lib/x86_64-linux-gnu/libcrypto.so.1.0.0
7f0275183000-7f027518e000 rw-p 001cd000 00:80e 731                       /lib/x86_64-linux-gnu/libcrypto.so.1.0.0
7f027518e000-7f0275192000 rw-p 00000000 00:00 0 
7f0275192000-7f02751e7000 r-xp 00000000 00:80e 730                       /lib/x86_64-linux-gnu/libssl.so.1.0.0
7f02751e7000-7f02753e7000 ---p 00055000 00:80e 730                       /lib/x86_64-linux-gnu/libssl.so.1.0.0
7f02753e7000-7f02753ea000 r--p 00055000 00:80e 730                       /lib/x86_64-linux-gnu/libssl.so.1.0.0
7f02753ea000-7f02753f1000 rw-p 00058000 00:80e 730                       /lib/x86_64-linux-gnu/libssl.so.1.0.0
7f02753f1000-7f02753f9000 r-xp 00000000 00:80e 729                       /usr/lib/python2.7/lib-dynload/_ssl.x86_64-linux-gnu.so
7f02753f9000-7f02755f8000 ---p 00008000 00:80e 729                       /usr/lib/python2.7/lib-dynload/_ssl.x86_64-linux-gnu.so
7f02755f8000-7f02755f9000 r--p 00007000 00:80e 729                       /usr/lib/python2.7/lib-dynload/_ssl.x86_64-linux-gnu.so
7f02755f9000-7f02755fa000 rw-p 00008000 00:80e 729                       /usr/lib/python2.7/lib-dynload/_ssl.x86_64-linux-gnu.so
7f02755fa000-7f02756ba000 rw-p 00000000 00:00 0 
7f02756bb000-7f02757fb000 rw-p 00000000 00:00 0 
7f02757fb000-7f0275812000 r-xp 00000000 00:80e 670                       /usr/lib/python2.7/lib-dynload/datetime.x86_64-linux-gnu.so
7f0275812000-7f0275a11000 ---p 00017000 00:80e 670                       /usr/lib/python2.7/lib-dynload/datetime.x86_64-linux-gnu.so
7f0275a11000-7f0275a12000 r--p 00016000 00:80e 670                       /usr/lib/python2.7/lib-dynload/datetime.x86_64-linux-gnu.so
7f0275a12000-7f0275a16000 rw-p 00017000 00:80e 670                       /usr/lib/python2.7/lib-dynload/datetime.x86_64-linux-gnu.so
7f0275a16000-7f0275b1b000 r-xp 00000000 00:80e 163                       /lib/x86_64-linux-gnu/libm-2.19.so
7f0275b1b000-7f0275d1a000 ---p 00105000 00:80e 163                       /lib/x86_64-linux-gnu/libm-2.19.so
7f0275d1a000-7f0275d1b000 r--p 00104000 00:80e 163                       /lib/x86_64-linux-gnu/libm-2.19.so
7f0275d1b000-7f0275d1c000 rw-p 00105000 00:80e 163                       /lib/x86_64-linux-gnu/libm-2.19.so
7f0275d1c000-7f0275d34000 r-xp 00000000 00:80e 262                       /lib/x86_64-linux-gnu/libz.so.1.2.8
7f0275d34000-7f0275f33000 ---p 00018000 00:80e 262                       /lib/x86_64-linux-gnu/libz.so.1.2.8
7f0275f33000-7f0275f34000 r--p 00017000 00:80e 262                       /lib/x86_64-linux-gnu/libz.so.1.2.8
7f0275f34000-7f0275f35000 rw-p 00018000 00:80e 262                       /lib/x86_64-linux-gnu/libz.so.1.2.8
7f0275f35000-7f0275f37000 r-xp 00000000 00:80e 455                       /lib/x86_64-linux-gnu/libutil-2.19.so
7f0275f37000-7f0276136000 ---p 00002000 00:80e 455                       /lib/x86_64-linux-gnu/libutil-2.19.so
7f0276136000-7f0276137000 r--p 00001000 00:80e 455                       /lib/x86_64-linux-gnu/libutil-2.19.so
7f0276137000-7f0276138000 rw-p 00002000 00:80e 455                       /lib/x86_64-linux-gnu/libutil-2.19.so
7f0276138000-7f027613b000 r-xp 00000000 00:80e 76                        /lib/x86_64-linux-gnu/libdl-2.19.so
7f027613b000-7f027633a000 ---p 00003000 00:80e 76                        /lib/x86_64-linux-gnu/libdl-2.19.so
7f027633a000-7f027633b000 r--p 00002000 00:80e 76                        /lib/x86_64-linux-gnu/libdl-2.19.so
7f027633b000-7f027633c000 rw-p 00003000 00:80e 76                        /lib/x86_64-linux-gnu/libdl-2.19.so
7f027633c000-7f02764fa000 r-xp 00000000 00:80e 78                        /lib/x86_64-linux-gnu/libc-2.19.so
7f02764fa000-7f02766fa000 ---p 001be000 00:80e 78                        /lib/x86_64-linux-gnu/libc-2.19.so
7f02766fa000-7f02766fe000 r--p 001be000 00:80e 78                        /lib/x86_64-linux-gnu/libc-2.19.so
7f02766fe000-7f0276700000 rw-p 001c2000 00:80e 78                        /lib/x86_64-linux-gnu/libc-2.19.so
7f0276700000-7f0276705000 rw-p 00000000 00:00 0 
7f0276705000-7f027671e000 r-xp 00000000 00:80e 238                       /lib/x86_64-linux-gnu/libpthread-2.19.so
7f027671e000-7f027691d000 ---p 00019000 00:80e 238                       /lib/x86_64-linux-gnu/libpthread-2.19.so
7f027691d000-7f027691e000 r--p 00018000 00:80e 238                       /lib/x86_64-linux-gnu/libpthread-2.19.so
7f027691e000-7f027691f000 rw-p 00019000 00:80e 238                       /lib/x86_64-linux-gnu/libpthread-2.19.so
7f027691f000-7f0276923000 rw-p 00000000 00:00 0 
7f0276923000-7f0276946000 r-xp 00000000 00:80e 71                        /lib/x86_64-linux-gnu/ld-2.19.so
7f027694a000-7f027694b000 r--s 00006000 00:80e 5043                      /usr/local/lib/python2.7/dist-packages/konlpy/java/twitter-text-1.10.1.jar
7f027694b000-7f027694c000 r--s 00001000 00:80e 5039                      /usr/local/lib/python2.7/dist-packages/konlpy/java/shineware-ds-1.0.jar
7f027694c000-7f027694d000 r--s 00004000 00:80e 5038                      /usr/local/lib/python2.7/dist-packages/konlpy/java/shineware-common-2.0.jar
7f027694d000-7f027694e000 r--s 00006000 00:80e 5037                      /usr/local/lib/python2.7/dist-packages/konlpy/java/komoran-2.4-e.jar
7f027694e000-7f0276951000 r--s 0075b000 00:80e 5036                      /usr/local/lib/python2.7/dist-packages/konlpy/java/kkma-2.0.jar
7f0276951000-7f0276955000 r--s 00025000 00:80e 5035                      /usr/local/lib/python2.7/dist-packages/konlpy/java/jhannanum-0.8.4.jar
7f0276955000-7f0276958000 r--s 0003d000 00:80e 5027                      /usr/lib/jvm/java-7-openjdk-amd64/jre/lib/ext/sunpkcs11.jar
7f0276958000-7f0276998000 rw-p 00000000 00:00 0 
7f0276998000-7f02769be000 r--p 00000000 00:80e 110                       /usr/lib/locale/C.UTF-8/LC_CTYPE
7f02769be000-7f0276a3e000 rw-p 00000000 00:00 0 
7f0276a3e000-7f0276a42000 r--s 00085000 00:80e 5026                      /usr/lib/jvm/java-7-openjdk-amd64/jre/lib/ext/localedata.jar
7f0276a42000-7f0276a45000 r--s 0000f000 00:80e 5025                      /usr/lib/jvm/java-7-openjdk-amd64/jre/lib/ext/icedtea-sound.jar
7f0276a45000-7f0276a46000 r--s 00002000 00:80e 5024                      /usr/lib/jvm/java-7-openjdk-amd64/jre/lib/ext/dnsns.jar
7f0276a46000-7f0276a48000 r--s 00012000 00:80e 5023                      /usr/lib/jvm/java-7-openjdk-amd64/jre/lib/ext/zipfs.jar
7f0276a48000-7f0276a4c000 r--s 00034000 00:80e 5022                      /usr/lib/jvm/java-7-openjdk-amd64/jre/lib/ext/sunjce_provider.jar
7f0276a4c000-7f0276a4e000 r--s 00006000 00:80e 5032                      /usr/share/java/java-atk-wrapper.jar
7f0276a4e000-7f0276a4f000 r--p 00000000 00:80e 109                       /usr/lib/locale/C.UTF-8/LC_NUMERIC
7f0276a4f000-7f0276a50000 r--p 00000000 00:80e 108                       /usr/lib/locale/C.UTF-8/LC_TIME
7f0276a50000-7f0276a51000 r--p 00000000 00:80e 106                       /usr/lib/locale/C.UTF-8/LC_MONETARY
7f0276a51000-7f0276a52000 r--p 00000000 00:80e 105                       /usr/lib/locale/C.UTF-8/LC_MESSAGES/SYS_LC_MESSAGES
7f0276a52000-7f0276a53000 r--p 00000000 00:80e 103                       /usr/lib/locale/C.UTF-8/LC_PAPER
7f0276a53000-7f0276a54000 r--p 00000000 00:80e 102                       /usr/lib/locale/C.UTF-8/LC_NAME
7f0276a54000-7f0276a67000 rw-p 00000000 00:00 0 
7f0276a67000-7f0276a6f000 rw-s 00000000 00:80e 5374                      /tmp/hsperfdata_ubuntu/7740
7f0276a6f000-7f0276b34000 rw-p 00000000 00:00 0 
7f0276b34000-7f0276b35000 r--p 00000000 00:80e 101                       /usr/lib/locale/C.UTF-8/LC_ADDRESS
7f0276b35000-7f0276b36000 r--p 00000000 00:80e 100                       /usr/lib/locale/C.UTF-8/LC_TELEPHONE
7f0276b36000-7f0276b37000 r--p 00000000 00:80e 99                        /usr/lib/locale/C.UTF-8/LC_MEASUREMENT
7f0276b37000-7f0276b38000 r--p 00000000 00:80e 95                        /usr/lib/locale/C.UTF-8/LC_IDENTIFICATION
7f0276b38000-7f0276b39000 rw-p 00000000 00:00 0 
7f0276b39000-7f0276b3a000 r--p 00000000 00:00 0 
7f0276b3a000-7f0276b3b000 rw-p 00000000 00:00 0 
7f0276b3b000-7f0276b3c000 rwxp 00000000 00:00 0 
7f0276b3c000-7f0276b43000 r--s 00000000 00:80e 98                        /usr/lib/x86_64-linux-gnu/gconv/gconv-modules.cache
7f0276b43000-7f0276b45000 rw-p 00000000 00:00 0 
7f0276b45000-7f0276b46000 r--p 00022000 00:80e 71                        /lib/x86_64-linux-gnu/ld-2.19.so
7f0276b46000-7f0276b47000 rw-p 00023000 00:80e 71                        /lib/x86_64-linux-gnu/ld-2.19.so
7f0276b47000-7f0276b48000 rw-p 00000000 00:00 0 
7ffe085b3000-7ffe085d4000 rw-p 00000000 00:00 0                          [stack]
7ffe085e5000-7ffe085e7000 r--p 00000000 00:00 0                          [vvar]
7ffe085e7000-7ffe085e9000 r-xp 00000000 00:00 0                          [vdso]
ffffffffff600000-ffffffffff601000 r-xp 00000000 00:00 0                  [vsyscall]

VM Arguments:
jvm_args: -Dfile.encoding=UTF8 -ea -Xmx768m 
java_command: <unknown>
Launcher Type: generic

Environment Variables:
PATH=/home/ubuntu/.nvm/versions/node/v6.11.2/bin:/usr/local/rvm/gems/ruby-2.4.0/bin:/usr/local/rvm/gems/ruby-2.4.0@global/bin:/usr/local/rvm/rubies/ruby-2.4.0/bin:/mnt/shared/bin:/home/ubuntu/workspace/node_modules/.bin:/home/ubuntu/bin:/usr/local/sbin:/usr/local/bin:/usr/sbin:/usr/bin:/sbin:/bin:/mnt/shared/sbin:/opt/gitl:/opt/go/bin:/mnt/shared/c9/app.nw/bin:/usr/local/rvm/bin
LD_LIBRARY_PATH=~/.c9/local/lib
SHELL=/bin/bash

Signal Handlers:
SIGSEGV: [libjvm.so+0x963630], sa_mask[0]=0x7ffbfeff, sa_flags=0x10000004
SIGBUS: [libjvm.so+0x963630], sa_mask[0]=0x7ffbfeff, sa_flags=0x10000004
SIGFPE: [libjvm.so+0x7d5da0], sa_mask[0]=0x7ffbfeff, sa_flags=0x10000004
SIGPIPE: [libjvm.so+0x7d5da0], sa_mask[0]=0x7ffbfeff, sa_flags=0x10000004
SIGXFSZ: [libjvm.so+0x7d5da0], sa_mask[0]=0x7ffbfeff, sa_flags=0x10000004
SIGILL: [libjvm.so+0x7d5da0], sa_mask[0]=0x7ffbfeff, sa_flags=0x10000004
SIGUSR1: SIG_DFL, sa_mask[0]=0x00000000, sa_flags=0x00000000
SIGUSR2: [libjvm.so+0x7d5ed0], sa_mask[0]=0x00000000, sa_flags=0x10000004
SIGHUP: [libjvm.so+0x7d5e20], sa_mask[0]=0x7ffbfeff, sa_flags=0x10000004
SIGINT: [libjvm.so+0x7d5e20], sa_mask[0]=0x7ffbfeff, sa_flags=0x10000004
SIGTERM: [libjvm.so+0x7d5e20], sa_mask[0]=0x7ffbfeff, sa_flags=0x10000004
SIGQUIT: [libjvm.so+0x7d5e20], sa_mask[0]=0x7ffbfeff, sa_flags=0x10000004
SIGTRAP: SIG_DFL, sa_mask[0]=0x00000000, sa_flags=0x00000000


---------------  S Y S T E M  ---------------

OS:Ubuntu 14.04 (trusty)
uname:Linux 4.9.17-c9 #1 SMP Thu Mar 23 01:38:54 UTC 2017 x86_64
libc:glibc 2.19 NPTL 2.19 
rlimit: STACK 8192k, CORE 0k, NPROC 1048576, NOFILE 1048576, AS infinity
load average:18.35 16.44 12.01

/proc/meminfo:
MemTotal:       53595428 kB
MemFree:         3547852 kB
MemAvailable:   14607964 kB
Buffers:         9451508 kB
Cached:          9750732 kB
SwapCached:      1116248 kB
Active:         25659440 kB
Inactive:       15105248 kB
Active(anon):   12096784 kB
Inactive(anon): 11949028 kB
Active(file):   13562656 kB
Inactive(file):  3156220 kB
Unevictable:       13564 kB
Mlocked:           13564 kB
SwapTotal:      52428796 kB
SwapFree:       40900368 kB
Dirty:             38056 kB
Writeback:          3220 kB
AnonPages:      20901008 kB
Mapped:          1474284 kB
Shmem:           2481644 kB
Slab:            6582792 kB
SReclaimable:    3874616 kB
SUnreclaim:      2708176 kB
KernelStack:      201008 kB
PageTables:       496432 kB
NFS_Unstable:          0 kB
Bounce:                0 kB
WritebackTmp:          0 kB
CommitLimit:    79226508 kB
Committed_AS:   93240420 kB
VmallocTotal:   34359738367 kB
VmallocUsed:           0 kB
VmallocChunk:          0 kB
HardwareCorrupted:     0 kB
AnonHugePages:     49152 kB
ShmemHugePages:        0 kB
ShmemPmdMapped:        0 kB
HugePages_Total:       0
HugePages_Free:        0
HugePages_Rsvd:        0
HugePages_Surp:        0
Hugepagesize:       2048 kB
DirectMap4k:     4425716 kB
DirectMap2M:    50100224 kB
DirectMap1G:     2097152 kB


CPU:total 8 (initial active 8) (12 cores per cpu, 2 threads per core) family 6 model 62 stepping 4, cmov, cx8, fxsr, mmx, sse, sse2, sse3, ssse3, sse4.1, sse4.2, popcnt, avx, aes, erms, ht, tsc, tscinvbit

/proc/cpuinfo:
processor	: 0
vendor_id	: GenuineIntel
cpu family	: 6
model		: 62
model name	: Intel(R) Xeon(R) CPU @ 2.50GHz
stepping	: 4
microcode	: 0x1
cpu MHz		: 2500.000
cache size	: 30720 KB
physical id	: 0
siblings	: 8
core id		: 0
cpu cores	: 4
apicid		: 0
initial apicid	: 0
fpu		: yes
fpu_exception	: yes
cpuid level	: 13
wp		: yes
flags		: fpu vme de pse tsc msr pae mce cx8 apic sep mtrr pge mca cmov pat pse36 clflush mmx fxsr sse sse2 ss ht syscall nx pdpe1gb rdtscp lm constant_tsc rep_good nopl xtopology nonstop_tsc eagerfpu pni pclmulqdq ssse3 cx16 sse4_1 sse4_2 x2apic popcnt aes xsave avx f16c rdrand hypervisor lahf_lm fsgsbase tsc_adjust smep erms xsaveopt
bugs		:
bogomips	: 5000.00
clflush size	: 64
cache_alignment	: 64
address sizes	: 46 bits physical, 48 bits virtual
power management:

processor	: 1
vendor_id	: GenuineIntel
cpu family	: 6
model		: 62
model name	: Intel(R) Xeon(R) CPU @ 2.50GHz
stepping	: 4
microcode	: 0x1
cpu MHz		: 2500.000
cache size	: 30720 KB
physical id	: 0
siblings	: 8
core id		: 1
cpu cores	: 4
apicid		: 2
initial apicid	: 2
fpu		: yes
fpu_exception	: yes
cpuid level	: 13
wp		: yes
flags		: fpu vme de pse tsc msr pae mce cx8 apic sep mtrr pge mca cmov pat pse36 clflush mmx fxsr sse sse2 ss ht syscall nx pdpe1gb rdtscp lm constant_tsc rep_good nopl xtopology nonstop_tsc eagerfpu pni pclmulqdq ssse3 cx16 sse4_1 sse4_2 x2apic popcnt aes xsave avx f16c rdrand hypervisor lahf_lm fsgsbase tsc_adjust smep erms xsaveopt
bugs		:
bogomips	: 5000.00
clflush size	: 64
cache_alignment	: 64
address sizes	: 46 bits physical, 48 bits virtual
power management:

processor	: 2
vendor_id	: GenuineIntel
cpu family	: 6
model		: 62
model name	: Intel(R) Xeon(R) CPU @ 2.50GHz
stepping	: 4
microcode	: 0x1
cpu MHz		: 2500.000
cache size	: 30720 KB
physical id	: 0
siblings	: 8
core id		: 2
cpu cores	: 4
apicid		: 4
initial apicid	: 4
fpu		: yes
fpu_exception	: yes
cpuid level	: 13
wp		: yes
flags		: fpu vme de pse tsc msr pae mce cx8 apic sep mtrr pge mca cmov pat pse36 clflush mmx fxsr sse sse2 ss ht syscall nx pdpe1gb rdtscp lm constant_tsc rep_good nopl xtopology nonstop_tsc eagerfpu pni pclmulqdq ssse3 cx16 sse4_1 sse4_2 x2apic popcnt aes xsave avx f16c rdrand hypervisor lahf_lm fsgsbase tsc_adjust smep erms xsaveopt
bugs		:
bogomips	: 5000.00
clflush size	: 64
cache_alignment	: 64
address sizes	: 46 bits physical, 48 bits virtual
power management:

processor	: 3
vendor_id	: GenuineIntel
cpu family	: 6
model		: 62
model name	: Intel(R) Xeon(R) CPU @ 2.50GHz
stepping	: 4
microcode	: 0x1
cpu MHz		: 2500.000
cache size	: 30720 KB
physical id	: 0
siblings	: 8
core id		: 3
cpu cores	: 4
apicid		: 6
initial apicid	: 6
fpu		: yes
fpu_exception	: yes
cpuid level	: 13
wp		: yes
flags		: fpu vme de pse tsc msr pae mce cx8 apic sep mtrr pge mca cmov pat pse36 clflush mmx fxsr sse sse2 ss ht syscall nx pdpe1gb rdtscp lm constant_tsc rep_good nopl xtopology nonstop_tsc eagerfpu pni pclmulqdq ssse3 cx16 sse4_1 sse4_2 x2apic popcnt aes xsave avx f16c rdrand hypervisor lahf_lm fsgsbase tsc_adjust smep erms xsaveopt
bugs		:
bogomips	: 5000.00
clflush size	: 64
cache_alignment	: 64
address sizes	: 46 bits physical, 48 bits virtual
power management:

processor	: 4
vendor_id	: GenuineIntel
cpu family	: 6
model		: 62
model name	: Intel(R) Xeon(R) CPU @ 2.50GHz
stepping	: 4
microcode	: 0x1
cpu MHz		: 2500.000
cache size	: 30720 KB
physical id	: 0
siblings	: 8
core id		: 0
cpu cores	: 4
apicid		: 1
initial apicid	: 1
fpu		: yes
fpu_exception	: yes
cpuid level	: 13
wp		: yes
flags		: fpu vme de pse tsc msr pae mce cx8 apic sep mtrr pge mca cmov pat pse36 clflush mmx fxsr sse sse2 ss ht syscall nx pdpe1gb rdtscp lm constant_tsc rep_good nopl xtopology nonstop_tsc eagerfpu pni pclmulqdq ssse3 cx16 sse4_1 sse4_2 x2apic popcnt aes xsave avx f16c rdrand hypervisor lahf_lm fsgsbase tsc_adjust smep erms xsaveopt
bugs		:
bogomips	: 5000.00
clflush size	: 64
cache_alignment	: 64
address sizes	: 46 bits physical, 48 bits virtual
power management:

processor	: 5
vendor_id	: GenuineIntel
cpu family	: 6
model		: 62
model name	: Intel(R) Xeon(R) CPU @ 2.50GHz
stepping	: 4
microcode	: 0x1
cpu MHz		: 2500.000
cache size	: 30720 KB
physical id	: 0
siblings	: 8
core id		: 1
cpu cores	: 4
apicid		: 3
initial apicid	: 3
fpu		: yes
fpu_exception	: yes
cpuid level	: 13
wp		: yes
flags		: fpu vme de pse tsc msr pae mce cx8 apic sep mtrr pge mca cmov pat pse36 clflush mmx fxsr sse sse2 ss ht syscall nx pdpe1gb rdtscp lm constant_tsc rep_good nopl xtopology nonstop_tsc eagerfpu pni pclmulqdq ssse3 cx16 sse4_1 sse4_2 x2apic popcnt aes xsave avx f16c rdrand hypervisor lahf_lm fsgsbase tsc_adjust smep erms xsaveopt
bugs		:
bogomips	: 5000.00
clflush size	: 64
cache_alignment	: 64
address sizes	: 46 bits physical, 48 bits virtual
power management:

processor	: 6
vendor_id	: GenuineIntel
cpu family	: 6
model		: 62
model name	: Intel(R) Xeon(R) CPU @ 2.50GHz
stepping	: 4
microcode	: 0x1
cpu MHz		: 2500.000
cache size	: 30720 KB
physical id	: 0
siblings	: 8
core id		: 2
cpu cores	: 4
apicid		: 5
initial apicid	: 5
fpu		: yes
fpu_exception	: yes
cpuid level	: 13
wp		: yes
flags		: fpu vme de pse tsc msr pae mce cx8 apic sep mtrr pge mca cmov pat pse36 clflush mmx fxsr sse sse2 ss ht syscall nx pdpe1gb rdtscp lm constant_tsc rep_good nopl xtopology nonstop_tsc eagerfpu pni pclmulqdq ssse3 cx16 sse4_1 sse4_2 x2apic popcnt aes xsave avx f16c rdrand hypervisor lahf_lm fsgsbase tsc_adjust smep erms xsaveopt
bugs		:
bogomips	: 5000.00
clflush size	: 64
cache_alignment	: 64
address sizes	: 46 bits physical, 48 bits virtual
power management:

processor	: 7
vendor_id	: GenuineIntel
cpu family	: 6
model		: 62
model name	: Intel(R) Xeon(R) CPU @ 2.50GHz
stepping	: 4
microcode	: 0x1
cpu MHz		: 2500.000
cache size	: 30720 KB
physical id	: 0
siblings	: 8
core id		: 3
cpu cores	: 4
apicid		: 7
initial apicid	: 7
fpu		: yes
fpu_exception	: yes
cpuid level	: 13
wp		: yes
flags		: fpu vme de pse tsc msr pae mce cx8 apic sep mtrr pge mca cmov pat pse36 clflush mmx fxsr sse sse2 ss ht syscall nx pdpe1gb rdtscp lm constant_tsc rep_good nopl xtopology nonstop_tsc eagerfpu pni pclmulqdq ssse3 cx16 sse4_1 sse4_2 x2apic popcnt aes xsave avx f16c rdrand hypervisor lahf_lm fsgsbase tsc_adjust smep erms xsaveopt
bugs		:
bogomips	: 5000.00
clflush size	: 64
cache_alignment	: 64
address sizes	: 46 bits physical, 48 bits virtual
power management:



Memory: 4k page, physical 53595428k(3548164k free), swap 52428796k(40900368k free)

vm_info: OpenJDK 64-Bit Server VM (24.151-b01) for linux-amd64 JRE (1.7.0_151-b01), built on Aug 15 2017 05:35:24 by "buildd" with gcc 4.8.4

time: Thu Nov 23 13:45:10 2017
elapsed time: 10 seconds

