#
# A fatal error has been detected by the Java Runtime Environment:
#
#  SIGSEGV (0xb) at pc=0x00007fa01376dfd3, pid=31914, tid=140325446231808
#
# JRE version: OpenJDK Runtime Environment (7.0_151-b01) (build 1.7.0_151-b01)
# Java VM: OpenJDK 64-Bit Server VM (24.151-b01 mixed mode linux-amd64 compressed oops)
# Derivative: IcedTea 2.6.11
# Distribution: Ubuntu 14.04 LTS, package 7u151-2.6.11-0ubuntu1.14.04.1
# Problematic frame:
# C  [_jpype.so+0x35fd3]  JPJavaEnv::NewObjectA(_jclass*, _jmethodID*, jvalue*)+0x33
#
# Failed to write core dump. Core dumps have been disabled. To enable core dumping, try "ulimit -c unlimited" before starting Java again
#
# If you would like to submit a bug report, please include
# instructions on how to reproduce the bug and visit:
#   http://icedtea.classpath.org/bugzilla
#

---------------  T H R E A D  ---------------

Current thread is native thread

siginfo:si_signo=SIGSEGV: si_errno=0, si_code=1 (SEGV_MAPERR), si_addr=0x0000000000000000

Registers:
RAX=0x00007fa0144a7ba0, RBX=0x0000000000000000, RCX=0x00007fa0087d12d0, RDX=0x00007fa0139b97b0
RSP=0x00007fa0105feca0, RBP=0x00007fa008359f98, RSI=0x0000000000000001, RDI=0x0000000001df8a50
R8 =0x0000000000000000, R9 =0x0000000000000002, R10=0x00007fa013736940, R11=0x0000000000000000
R12=0x00007fa00833e470, R13=0x00007fa0144a7ba0, R14=0x00007fa00834fbc8, R15=0x00007fa0087d12d0
RIP=0x00007fa01376dfd3, EFLAGS=0x0000000000010206, CSGSFS=0x002b000000000033, ERR=0x0000000000000004
  TRAPNO=0x000000000000000e

Top of Stack: (sp=0x00007fa0105feca0)
0x00007fa0105feca0:   00007fa0105fee30 00007fa00834fbc8
0x00007fa0105fecb0:   0000000000000000 0000000000000000
0x00007fa0105fecc0:   00007fa0087d12d0 00007fa00842f428
0x00007fa0105fecd0:   00007fa0105fee10 00007fa013770f9e
0x00007fa0105fece0:   0000000000000000 00007fa0105fed50
0x00007fa0105fecf0:   00007fa008359f98 00007fa0105fed10
0x00007fa0105fed00:   0000000000000290 00000000005103c9
0x00007fa0105fed10:   00007fa0139b8010 00007fa00897ae38
0x00007fa0105fed20:   00007fa01811f700 ffffffff00000000
0x00007fa0105fed30:   00000000005cd65e 00000000004ae2d9
0x00007fa0105fed40:   0000003000000028 00007fa0105feec0
0x00007fa0105fed50:   00007fa0139b9050 0000000000000000
0x00007fa0105fed60:   0000000000000000 0000000000000000
0x00007fa0105fed70:   0000000000000000 0000000000000000
0x00007fa0105fed80:   0000000000000000 0000000000000000
0x00007fa0105fed90:   0000000000000000 0000000000000000
0x00007fa0105feda0:   00007fa0105fee30 00007fa00fdf1098
0x00007fa0105fedb0:   00007fa01c845050 0000000000000000
0x00007fa0105fedc0:   00007fa0105fee30 0000000000000000
0x00007fa0105fedd0:   00007fa01c845050 00007fa013796eaa
0x00007fa0105fede0:   0000000000000000 00007fa00406c710
0x00007fa0105fedf0:   00007fa01c846ed0 00007fa010b6aa80
0x00007fa0105fee00:   00007fa01c846030 00007fa012f1d010
0x00007fa0105fee10:   0000000000000000 0000000000000000
0x00007fa0105fee20:   0000000000000000 00007fa00844c4e0
0x00007fa0105fee30:   00007fa0139b9050 0000000000000000
0x00007fa0105fee40:   0000000000000000 0000000000000000
0x00007fa0105fee50:   0000000000000000 0000000000000000
0x00007fa0105fee60:   0000000000000000 0000000000000000
0x00007fa0105fee70:   0000000000000000 0000000000000000
0x00007fa0105fee80:   00007fa01c848230 00007fa00fdf1098
0x00007fa0105fee90:   00007fa01c845050 0000000000000000 

Instructions: (pc=0x00007fa01376dfd3)
0x00007fa01376dfb3:   89 f5 53 48 83 ec 08 e8 81 f7 ff ff 48 89 c3 e8
0x00007fa01376dfc3:   49 a3 01 00 48 8b 10 48 89 c7 ff 52 30 49 89 c5
0x00007fa01376dfd3:   48 8b 03 48 89 ee 48 89 df ff 90 d8 00 00 00 48
0x00007fa01376dfe3:   89 c5 e8 16 a3 01 00 48 89 c7 e8 6e f7 ff ff 84 

Register to memory mapping:

RAX=0x00007fa0144a7ba0 is an unknown value
RBX=0x0000000000000000 is an unknown value
RCX=0x00007fa0087d12d0 is an unknown value
RDX=0x00007fa0139b97b0: _ZTV21PythonHostEnvironment+0x10 in /usr/local/lib/python2.7/dist-packages/_jpype.so at 0x00007fa013738000
RSP=0x00007fa0105feca0 is pointing into the stack for thread: 0x00007fa008029000
RBP=0x00007fa008359f98 is a global jni handle
RSI=0x0000000000000001 is an unknown value
RDI=0x0000000001df8a50 is an unknown value
R8 =0x0000000000000000 is an unknown value
R9 =0x0000000000000002 is an unknown value
R10=0x00007fa013736940: <offset 0x302940> in /usr/lib/x86_64-linux-gnu/libstdc++.so.6 at 0x00007fa013434000
R11=0x0000000000000000 is an unknown value
R12=0x00007fa00833e470 is an unknown value
R13=0x00007fa0144a7ba0 is an unknown value
R14=0x00007fa00834fbc8 is a weak global jni handle
R15=0x00007fa0087d12d0 is an unknown value


Stack: [0x00007fa00fe02000,0x00007fa010603000],  sp=0x00007fa0105feca0,  free space=8179k
Native frames: (J=compiled Java code, j=interpreted, Vv=VM code, C=native code)
C  [_jpype.so+0x35fd3]  JPJavaEnv::NewObjectA(_jclass*, _jmethodID*, jvalue*)+0x33


---------------  P R O C E S S  ---------------

VM state:not at safepoint (normal execution)

VM Mutex/Monitor currently owned by a thread: None

Heap
 PSYoungGen      total 229376K, used 128396K [0x00000000f0000000, 0x0000000100000000, 0x0000000100000000)
  eden space 196608K, 65% used [0x00000000f0000000,0x00000000f7d63148,0x00000000fc000000)
  from space 32768K, 0% used [0x00000000fe000000,0x00000000fe000000,0x0000000100000000)
  to   space 32768K, 0% used [0x00000000fc000000,0x00000000fc000000,0x00000000fe000000)
 ParOldGen       total 524288K, used 0K [0x00000000d0000000, 0x00000000f0000000, 0x00000000f0000000)
  object space 524288K, 0% used [0x00000000d0000000,0x00000000d0000000,0x00000000f0000000)
 PSPermGen       total 21504K, used 9347K [0x00000000c5a00000, 0x00000000c6f00000, 0x00000000d0000000)
  object space 21504K, 43% used [0x00000000c5a00000,0x00000000c6320df0,0x00000000c6f00000)

Card table byte_map: [0x00007fa00de8c000,0x00007fa00e060000] byte_map_base: 0x00007fa00d85f000

Polling page: 0x00007fa01c88f000

Code Cache  [0x00007fa005000000, 0x00007fa005270000, 0x00007fa008000000)
 total_blobs=604 nmethods=384 adapters=173 free_code_cache=48164Kb largest_free_block=49297472

Compilation events (10 events):
Event: 1.930 Thread 0x00007fa008330000 nmethod 379 0x00007fa0050ef990 code [0x00007fa0050efb40, 0x00007fa0050f0308]
Event: 1.930 Thread 0x00007fa008330000  381             java.lang.String::startsWith (7 bytes)
Event: 1.931 Thread 0x00007fa008330000 nmethod 381 0x00007fa0050f8850 code [0x00007fa0050f89a0, 0x00007fa0050f8b38]
Event: 1.932 Thread 0x00007fa008330000  382             java.util.zip.ZStreamRef::address (5 bytes)
Event: 1.932 Thread 0x00007fa008330000 nmethod 382 0x00007fa0050f8650 code [0x00007fa0050f8780, 0x00007fa0050f87d8]
Event: 1.940 Thread 0x00007fa008330000  383             java.net.URL::getHost (5 bytes)
Event: 1.940 Thread 0x00007fa008330000 nmethod 383 0x00007fa0050f6390 code [0x00007fa0050f64c0, 0x00007fa0050f6518]
Event: 1.941 Thread 0x00007fa008330000  384             java.lang.String::indexOf (25 bytes)
Event: 1.941 Thread 0x00007fa008330000 nmethod 384 0x00007fa0050ef650 code [0x00007fa0050ef7a0, 0x00007fa0050ef868]
Event: 1.945 Thread 0x00007fa00832d000 nmethod 380 0x00007fa0050f9090 code [0x00007fa0050f92c0, 0x00007fa0050f9df0]

GC Heap History (0 events):
No events

Deoptimization events (10 events):
Event: 1.908 Thread 0x00007fa008029000 Uncommon trap: reason=predicate action=maybe_recompile pc=0x00007fa0050cf7f0 method=scala.collection.immutable.List.foreach(Lscala/Function1;)V @ 10
Event: 1.932 Thread 0x00007fa008029000 Uncommon trap: reason=bimorphic action=maybe_recompile pc=0x00007fa0050afc14 method=scala.collection.TraversableLike$$anonfun$map$1.apply(Ljava/lang/Object;)Lscala/collection/mutable/Builder; @ 14
Event: 1.933 Thread 0x00007fa008029000 Uncommon trap: reason=bimorphic action=maybe_recompile pc=0x00007fa0050d26d0 method=scala.collection.IterableLike$class.foreach(Lscala/collection/IterableLike;Lscala/Function1;)V @ 7
Event: 1.935 Thread 0x00007fa008029000 Uncommon trap: reason=unstable_if action=reinterpret pc=0x00007fa0050aecc4 method=scala.runtime.ScalaRunTime$.hash(Ljava/lang/Object;)I @ 12
Event: 1.935 Thread 0x00007fa008029000 Uncommon trap: reason=unstable_if action=reinterpret pc=0x00007fa0050ae288 method=scala.runtime.ScalaRunTime$.hash(Ljava/lang/Object;)I @ 12
Event: 1.935 Thread 0x00007fa008029000 Uncommon trap: reason=unstable_if action=reinterpret pc=0x00007fa0050adde8 method=scala.runtime.ScalaRunTime$.hash(Ljava/lang/Object;)I @ 12
Event: 1.935 Thread 0x00007fa008029000 Uncommon trap: reason=unstable_if action=reinterpret pc=0x00007fa0050e1a74 method=scala.runtime.ScalaRunTime$.hash(Ljava/lang/Object;)I @ 12
Event: 1.935 Thread 0x00007fa008029000 Uncommon trap: reason=unstable_if action=reinterpret pc=0x00007fa0050e1470 method=scala.runtime.ScalaRunTime$.hash(Ljava/lang/Object;)I @ 12
Event: 1.938 Thread 0x00007fa008029000 Uncommon trap: reason=bimorphic action=maybe_recompile pc=0x00007fa0050afc14 method=scala.collection.TraversableLike$$anonfun$map$1.apply(Ljava/lang/Object;)Lscala/collection/mutable/Builder; @ 14
Event: 1.941 Thread 0x00007fa008029000 Uncommon trap: reason=class_check action=maybe_recompile pc=0x00007fa0050b1b18 method=java.lang.String.valueOf(Ljava/lang/Object;)Ljava/lang/String; @ 10

Internal exceptions (10 events):
Event: 1.941 Thread 0x00007fa008029000 Threw 0x00000000f7b1b978 at /build/openjdk-7-2nYvii/openjdk-7-7u151-2.6.11/build/openjdk/hotspot/src/share/vm/prims/jvm.cpp:1322
Event: 1.942 Thread 0x00007fa008029000 Threw 0x00000000f7b28900 at /build/openjdk-7-2nYvii/openjdk-7-7u151-2.6.11/build/openjdk/hotspot/src/share/vm/prims/jvm.cpp:1322
Event: 1.942 Thread 0x00007fa008029000 Threw 0x00000000f7b2d938 at /build/openjdk-7-2nYvii/openjdk-7-7u151-2.6.11/build/openjdk/hotspot/src/share/vm/prims/jvm.cpp:1322
Event: 1.942 Thread 0x00007fa008029000 Threw 0x00000000f7b32490 at /build/openjdk-7-2nYvii/openjdk-7-7u151-2.6.11/build/openjdk/hotspot/src/share/vm/prims/jvm.cpp:1322
Event: 1.943 Thread 0x00007fa008029000 Threw 0x00000000f7b37b00 at /build/openjdk-7-2nYvii/openjdk-7-7u151-2.6.11/build/openjdk/hotspot/src/share/vm/prims/jvm.cpp:1322
Event: 1.944 Thread 0x00007fa008029000 Threw 0x00000000f7b3d990 at /build/openjdk-7-2nYvii/openjdk-7-7u151-2.6.11/build/openjdk/hotspot/src/share/vm/prims/jvm.cpp:1322
Event: 1.944 Thread 0x00007fa008029000 Threw 0x00000000f7b43630 at /build/openjdk-7-2nYvii/openjdk-7-7u151-2.6.11/build/openjdk/hotspot/src/share/vm/prims/jvm.cpp:1322
Event: 1.946 Thread 0x00007fa008029000 Threw 0x00000000f7b4bfe8 at /build/openjdk-7-2nYvii/openjdk-7-7u151-2.6.11/build/openjdk/hotspot/src/share/vm/prims/jvm.cpp:1322
Event: 1.946 Thread 0x00007fa008029000 Threw 0x00000000f7b516b0 at /build/openjdk-7-2nYvii/openjdk-7-7u151-2.6.11/build/openjdk/hotspot/src/share/vm/prims/jvm.cpp:1322
Event: 1.947 Thread 0x00007fa008029000 Threw 0x00000000f7b58928 at /build/openjdk-7-2nYvii/openjdk-7-7u151-2.6.11/build/openjdk/hotspot/src/share/vm/prims/jvm.cpp:1322

Events (10 events):
Event: 1.950 loading class 0x00007f9fc4157e60
Event: 1.950 loading class 0x00007f9fc4157e60 done
Event: 1.950 loading class 0x00007f9fc80a5a20
Event: 1.951 loading class 0x00007f9fc80a5a20 done
Event: 1.951 loading class 0x00007f9fc4157fc0
Event: 1.951 loading class 0x00007f9fc4157fc0 done
Event: 1.951 loading class 0x00007f9fc4158090
Event: 1.951 loading class 0x00007f9fc4158090 done
Event: 4.085 Executing VM operation: EnableBiasedLocking
Event: 4.086 Executing VM operation: EnableBiasedLocking done


Dynamic libraries:
00400000-006bb000 r-xp 00000000 00:6cd 918                               /usr/bin/python2.7
008ba000-008bb000 r--p 002ba000 00:6cd 918                               /usr/bin/python2.7
008bb000-00930000 rw-p 002bb000 00:6cd 918                               /usr/bin/python2.7
00930000-00942000 rw-p 00000000 00:00 0 
01a84000-0211a000 rw-p 00000000 00:00 0                                  [heap]
c5a00000-c6f00000 rw-p 00000000 00:00 0 
c6f00000-d0000000 rw-p 00000000 00:00 0 
d0000000-100000000 rw-p 00000000 00:00 0 
7f9fb4000000-7f9fb4021000 rw-p 00000000 00:00 0 
7f9fb4021000-7f9fb8000000 ---p 00000000 00:00 0 
7f9fbc000000-7f9fbc021000 rw-p 00000000 00:00 0 
7f9fbc021000-7f9fc0000000 ---p 00000000 00:00 0 
7f9fc0000000-7f9fc0021000 rw-p 00000000 00:00 0 
7f9fc0021000-7f9fc4000000 ---p 00000000 00:00 0 
7f9fc4000000-7f9fc44d1000 rw-p 00000000 00:00 0 
7f9fc44d1000-7f9fc8000000 ---p 00000000 00:00 0 
7f9fc8000000-7f9fc874b000 rw-p 00000000 00:00 0 
7f9fc874b000-7f9fcc000000 ---p 00000000 00:00 0 
7f9fcc000000-7f9fcc021000 rw-p 00000000 00:00 0 
7f9fcc021000-7f9fd0000000 ---p 00000000 00:00 0 
7f9fd0000000-7f9fd0021000 rw-p 00000000 00:00 0 
7f9fd0021000-7f9fd4000000 ---p 00000000 00:00 0 
7f9fd4000000-7f9fd4021000 rw-p 00000000 00:00 0 
7f9fd4021000-7f9fd8000000 ---p 00000000 00:00 0 
7f9fd8000000-7f9fd8021000 rw-p 00000000 00:00 0 
7f9fd8021000-7f9fdc000000 ---p 00000000 00:00 0 
7f9fdc000000-7f9fdc021000 rw-p 00000000 00:00 0 
7f9fdc021000-7f9fe0000000 ---p 00000000 00:00 0 
7f9fe0000000-7f9fe0021000 rw-p 00000000 00:00 0 
7f9fe0021000-7f9fe4000000 ---p 00000000 00:00 0 
7f9fe8000000-7f9fe8021000 rw-p 00000000 00:00 0 
7f9fe8021000-7f9fec000000 ---p 00000000 00:00 0 
7f9fed7aa000-7f9fed9aa000 rw-p 00000000 00:00 0 
7f9fed9aa000-7f9fed9c1000 r-xp 00000000 00:6cd 715                       /lib/x86_64-linux-gnu/libresolv-2.19.so
7f9fed9c1000-7f9fedbc1000 ---p 00017000 00:6cd 715                       /lib/x86_64-linux-gnu/libresolv-2.19.so
7f9fedbc1000-7f9fedbc2000 r--p 00017000 00:6cd 715                       /lib/x86_64-linux-gnu/libresolv-2.19.so
7f9fedbc2000-7f9fedbc3000 rw-p 00018000 00:6cd 715                       /lib/x86_64-linux-gnu/libresolv-2.19.so
7f9fedbc3000-7f9fedbc5000 rw-p 00000000 00:00 0 
7f9fedbc5000-7f9fedbca000 r-xp 00000000 00:6cd 5834                      /lib/x86_64-linux-gnu/libnss_dns-2.19.so
7f9fedbca000-7f9feddc9000 ---p 00005000 00:6cd 5834                      /lib/x86_64-linux-gnu/libnss_dns-2.19.so
7f9feddc9000-7f9feddca000 r--p 00004000 00:6cd 5834                      /lib/x86_64-linux-gnu/libnss_dns-2.19.so
7f9feddca000-7f9feddcb000 rw-p 00005000 00:6cd 5834                      /lib/x86_64-linux-gnu/libnss_dns-2.19.so
7f9feddcb000-7f9feddce000 ---p 00000000 00:00 0 
7f9feddce000-7f9fedecc000 rw-p 00000000 00:00 0 
7f9fedecc000-7f9fedecd000 ---p 00000000 00:00 0 
7f9fedecd000-7f9fedfcd000 rw-p 00000000 00:00 0 
7f9fedfcd000-7f9fedfd0000 ---p 00000000 00:00 0 
7f9fedfd0000-7f9fee0ce000 rw-p 00000000 00:00 0 
7f9fee0ce000-7f9fee0d1000 ---p 00000000 00:00 0 
7f9fee0d1000-7f9fee1cf000 rw-p 00000000 00:00 0 
7f9fee1cf000-7f9fee1d2000 ---p 00000000 00:00 0 
7f9fee1d2000-7f9ff0000000 rw-p 00000000 00:00 0 
7f9ff0000000-7f9ff0021000 rw-p 00000000 00:00 0 
7f9ff0021000-7f9ff4000000 ---p 00000000 00:00 0 
7f9ff4000000-7f9ff4021000 rw-p 00000000 00:00 0 
7f9ff4021000-7f9ff8000000 ---p 00000000 00:00 0 
7f9ff8000000-7f9ff8021000 rw-p 00000000 00:00 0 
7f9ff8021000-7f9ffc000000 ---p 00000000 00:00 0 
7f9ffc000000-7f9ffc021000 rw-p 00000000 00:00 0 
7f9ffc021000-7fa000000000 ---p 00000000 00:00 0 
7fa000000000-7fa000021000 rw-p 00000000 00:00 0 
7fa000021000-7fa004000000 ---p 00000000 00:00 0 
7fa004003000-7fa004083000 rw-p 00000000 00:00 0 
7fa004083000-7fa004086000 ---p 00000000 00:00 0 
7fa004086000-7fa004184000 rw-p 00000000 00:00 0 
7fa004184000-7fa0042f3000 r--p 00000000 00:6cd 107                       /usr/lib/locale/C.UTF-8/LC_COLLATE
7fa0042f3000-7fa0042f6000 ---p 00000000 00:00 0 
7fa0042f6000-7fa0043f4000 rw-p 00000000 00:00 0 
7fa0043f4000-7fa0043f7000 ---p 00000000 00:00 0 
7fa0043f7000-7fa0044f5000 rw-p 00000000 00:00 0 
7fa0044f5000-7fa0044f6000 ---p 00000000 00:00 0 
7fa0044f6000-7fa005000000 rw-p 00000000 00:00 0 
7fa005000000-7fa005270000 rwxp 00000000 00:00 0 
7fa005270000-7fa00897f000 rw-p 00000000 00:00 0 
7fa00897f000-7fa00c000000 ---p 00000000 00:00 0 
7fa00c03f000-7fa00c097000 r--s 004f0000 00:6cd 5461                      /usr/local/lib/python2.7/dist-packages/konlpy/java/scala-library-2.11.4.jar
7fa00c097000-7fa00d1a8000 rw-p 00000000 00:00 0 
7fa00d1a8000-7fa00d35e000 r--s 01d63000 00:6cd 5329                      /usr/lib/jvm/java-7-openjdk-amd64/jre/lib/rt.jar
7fa00d35e000-7fa00d531000 rw-p 00000000 00:00 0 
7fa00d531000-7fa00d532000 ---p 00000000 00:00 0 
7fa00d532000-7fa00d632000 rw-p 00000000 00:00 0 
7fa00d632000-7fa00d633000 ---p 00000000 00:00 0 
7fa00d633000-7fa00d733000 rw-p 00000000 00:00 0 
7fa00d733000-7fa00d734000 ---p 00000000 00:00 0 
7fa00d734000-7fa00d834000 rw-p 00000000 00:00 0 
7fa00d834000-7fa00d835000 ---p 00000000 00:00 0 
7fa00d835000-7fa00d935000 rw-p 00000000 00:00 0 
7fa00d935000-7fa00d936000 ---p 00000000 00:00 0 
7fa00d936000-7fa00da36000 rw-p 00000000 00:00 0 
7fa00da36000-7fa00da37000 ---p 00000000 00:00 0 
7fa00da37000-7fa00db37000 rw-p 00000000 00:00 0 
7fa00db37000-7fa00db38000 ---p 00000000 00:00 0 
7fa00db38000-7fa00dc38000 rw-p 00000000 00:00 0 
7fa00dc38000-7fa00dc39000 ---p 00000000 00:00 0 
7fa00dc39000-7fa00dd44000 rw-p 00000000 00:00 0 
7fa00dd44000-7fa00dd8c000 rw-p 00000000 00:00 0 
7fa00dd8c000-7fa00de97000 rw-p 00000000 00:00 0 
7fa00de97000-7fa00dedf000 rw-p 00000000 00:00 0 
7fa00dedf000-7fa00e06a000 rw-p 00000000 00:00 0 
7fa00e06a000-7fa00e120000 rw-p 00000000 00:00 0 
7fa00e120000-7fa00e128000 r-xp 00000000 00:6cd 5421                      /usr/lib/jvm/java-7-openjdk-amd64/jre/lib/amd64/libzip.so
7fa00e128000-7fa00e327000 ---p 00008000 00:6cd 5421                      /usr/lib/jvm/java-7-openjdk-amd64/jre/lib/amd64/libzip.so
7fa00e327000-7fa00e328000 r--p 00007000 00:6cd 5421                      /usr/lib/jvm/java-7-openjdk-amd64/jre/lib/amd64/libzip.so
7fa00e328000-7fa00e329000 rw-p 00008000 00:6cd 5421                      /usr/lib/jvm/java-7-openjdk-amd64/jre/lib/amd64/libzip.so
7fa00e329000-7fa00e334000 r-xp 00000000 00:6cd 787                       /lib/x86_64-linux-gnu/libnss_nis-2.19.so
7fa00e334000-7fa00e533000 ---p 0000b000 00:6cd 787                       /lib/x86_64-linux-gnu/libnss_nis-2.19.so
7fa00e533000-7fa00e534000 r--p 0000a000 00:6cd 787                       /lib/x86_64-linux-gnu/libnss_nis-2.19.so
7fa00e534000-7fa00e535000 rw-p 0000b000 00:6cd 787                       /lib/x86_64-linux-gnu/libnss_nis-2.19.so
7fa00e535000-7fa00e54c000 r-xp 00000000 00:6cd 785                       /lib/x86_64-linux-gnu/libnsl-2.19.so
7fa00e54c000-7fa00e74b000 ---p 00017000 00:6cd 785                       /lib/x86_64-linux-gnu/libnsl-2.19.so
7fa00e74b000-7fa00e74c000 r--p 00016000 00:6cd 785                       /lib/x86_64-linux-gnu/libnsl-2.19.so
7fa00e74c000-7fa00e74d000 rw-p 00017000 00:6cd 785                       /lib/x86_64-linux-gnu/libnsl-2.19.so
7fa00e74d000-7fa00e74f000 rw-p 00000000 00:00 0 
7fa00e74f000-7fa00e758000 r-xp 00000000 00:6cd 783                       /lib/x86_64-linux-gnu/libnss_compat-2.19.so
7fa00e758000-7fa00e957000 ---p 00009000 00:6cd 783                       /lib/x86_64-linux-gnu/libnss_compat-2.19.so
7fa00e957000-7fa00e958000 r--p 00008000 00:6cd 783                       /lib/x86_64-linux-gnu/libnss_compat-2.19.so
7fa00e958000-7fa00e959000 rw-p 00009000 00:6cd 783                       /lib/x86_64-linux-gnu/libnss_compat-2.19.so
7fa00e959000-7fa00e983000 r-xp 00000000 00:6cd 5394                      /usr/lib/jvm/java-7-openjdk-amd64/jre/lib/amd64/libjava.so
7fa00e983000-7fa00eb83000 ---p 0002a000 00:6cd 5394                      /usr/lib/jvm/java-7-openjdk-amd64/jre/lib/amd64/libjava.so
7fa00eb83000-7fa00eb84000 r--p 0002a000 00:6cd 5394                      /usr/lib/jvm/java-7-openjdk-amd64/jre/lib/amd64/libjava.so
7fa00eb84000-7fa00eb86000 rw-p 0002b000 00:6cd 5394                      /usr/lib/jvm/java-7-openjdk-amd64/jre/lib/amd64/libjava.so
7fa00eb86000-7fa00eb96000 r-xp 00000000 00:6cd 5408                      /usr/lib/jvm/java-7-openjdk-amd64/jre/lib/amd64/libverify.so
7fa00eb96000-7fa00ed95000 ---p 00010000 00:6cd 5408                      /usr/lib/jvm/java-7-openjdk-amd64/jre/lib/amd64/libverify.so
7fa00ed95000-7fa00ed97000 r--p 0000f000 00:6cd 5408                      /usr/lib/jvm/java-7-openjdk-amd64/jre/lib/amd64/libverify.so
7fa00ed97000-7fa00ed98000 rw-p 00011000 00:6cd 5408                      /usr/lib/jvm/java-7-openjdk-amd64/jre/lib/amd64/libverify.so
7fa00ed98000-7fa00ed9f000 r-xp 00000000 00:6cd 375                       /lib/x86_64-linux-gnu/librt-2.19.so
7fa00ed9f000-7fa00ef9e000 ---p 00007000 00:6cd 375                       /lib/x86_64-linux-gnu/librt-2.19.so
7fa00ef9e000-7fa00ef9f000 r--p 00006000 00:6cd 375                       /lib/x86_64-linux-gnu/librt-2.19.so
7fa00ef9f000-7fa00efa0000 rw-p 00007000 00:6cd 375                       /lib/x86_64-linux-gnu/librt-2.19.so
7fa00efa0000-7fa00fad4000 r-xp 00000000 00:6cd 5436                      /usr/lib/jvm/java-7-openjdk-amd64/jre/lib/amd64/server/libjvm.so
7fa00fad4000-7fa00fcd4000 ---p 00b34000 00:6cd 5436                      /usr/lib/jvm/java-7-openjdk-amd64/jre/lib/amd64/server/libjvm.so
7fa00fcd4000-7fa00fd6f000 r--p 00b34000 00:6cd 5436                      /usr/lib/jvm/java-7-openjdk-amd64/jre/lib/amd64/server/libjvm.so
7fa00fd6f000-7fa00fd92000 rw-p 00bcf000 00:6cd 5436                      /usr/lib/jvm/java-7-openjdk-amd64/jre/lib/amd64/server/libjvm.so
7fa00fd92000-7fa00fe02000 rw-p 00000000 00:00 0 
7fa00fe02000-7fa00fe05000 ---p 00000000 00:00 0 
7fa00fe05000-7fa010603000 rw-p 00000000 00:00 0 
7fa010603000-7fa01060d000 r-xp 00000000 00:6cd 751                       /lib/x86_64-linux-gnu/libnss_files-2.19.so
7fa01060d000-7fa01080c000 ---p 0000a000 00:6cd 751                       /lib/x86_64-linux-gnu/libnss_files-2.19.so
7fa01080c000-7fa01080d000 r--p 00009000 00:6cd 751                       /lib/x86_64-linux-gnu/libnss_files-2.19.so
7fa01080d000-7fa01080e000 rw-p 0000a000 00:6cd 751                       /lib/x86_64-linux-gnu/libnss_files-2.19.so
7fa01080e000-7fa01084e000 rw-p 00000000 00:00 0 
7fa01084e000-7fa010899000 r-xp 00000000 00:6cd 2939                      /usr/lib/python2.7/dist-packages/numpy/random/mtrand.so
7fa010899000-7fa010a98000 ---p 0004b000 00:6cd 2939                      /usr/lib/python2.7/dist-packages/numpy/random/mtrand.so
7fa010a98000-7fa010a99000 r--p 0004a000 00:6cd 2939                      /usr/lib/python2.7/dist-packages/numpy/random/mtrand.so
7fa010a99000-7fa010acf000 rw-p 0004b000 00:6cd 2939                      /usr/lib/python2.7/dist-packages/numpy/random/mtrand.so
7fa010acf000-7fa010b90000 rw-p 00000000 00:00 0 
7fa010b90000-7fa010b99000 r-xp 00000000 00:6cd 2912                      /usr/lib/python2.7/dist-packages/numpy/fft/fftpack_lite.so
7fa010b99000-7fa010d98000 ---p 00009000 00:6cd 2912                      /usr/lib/python2.7/dist-packages/numpy/fft/fftpack_lite.so
7fa010d98000-7fa010d99000 r--p 00008000 00:6cd 2912                      /usr/lib/python2.7/dist-packages/numpy/fft/fftpack_lite.so
7fa010d99000-7fa010d9a000 rw-p 00009000 00:6cd 2912                      /usr/lib/python2.7/dist-packages/numpy/fft/fftpack_lite.so
7fa010d9a000-7fa010d9b000 r-xp 00000000 00:6cd 2898                      /usr/lib/python2.7/lib-dynload/future_builtins.x86_64-linux-gnu.so
7fa010d9b000-7fa010f9a000 ---p 00001000 00:6cd 2898                      /usr/lib/python2.7/lib-dynload/future_builtins.x86_64-linux-gnu.so
7fa010f9a000-7fa010f9b000 r--p 00000000 00:6cd 2898                      /usr/lib/python2.7/lib-dynload/future_builtins.x86_64-linux-gnu.so
7fa010f9b000-7fa010f9c000 rw-p 00001000 00:6cd 2898                      /usr/lib/python2.7/lib-dynload/future_builtins.x86_64-linux-gnu.so
7fa010f9c000-7fa010fbb000 r-xp 00000000 00:6cd 2887                      /usr/lib/python2.7/dist-packages/numpy/linalg/_umath_linalg.so
7fa010fbb000-7fa0111ba000 ---p 0001f000 00:6cd 2887                      /usr/lib/python2.7/dist-packages/numpy/linalg/_umath_linalg.so
7fa0111ba000-7fa0111bb000 r--p 0001e000 00:6cd 2887                      /usr/lib/python2.7/dist-packages/numpy/linalg/_umath_linalg.so
7fa0111bb000-7fa0111bc000 rw-p 0001f000 00:6cd 2887                      /usr/lib/python2.7/dist-packages/numpy/linalg/_umath_linalg.so
7fa0111bc000-7fa0111f7000 r-xp 00000000 00:6cd 2886                      /usr/lib/x86_64-linux-gnu/libquadmath.so.0.0.0
7fa0111f7000-7fa0113f6000 ---p 0003b000 00:6cd 2886                      /usr/lib/x86_64-linux-gnu/libquadmath.so.0.0.0
7fa0113f6000-7fa0113f7000 r--p 0003a000 00:6cd 2886                      /usr/lib/x86_64-linux-gnu/libquadmath.so.0.0.0
7fa0113f7000-7fa0113f8000 rw-p 0003b000 00:6cd 2886                      /usr/lib/x86_64-linux-gnu/libquadmath.so.0.0.0
7fa0113f8000-7fa01150f000 r-xp 00000000 00:6cd 2884                      /usr/lib/x86_64-linux-gnu/libgfortran.so.3.0.0
7fa01150f000-7fa01170f000 ---p 00117000 00:6cd 2884                      /usr/lib/x86_64-linux-gnu/libgfortran.so.3.0.0
7fa01170f000-7fa011710000 r--p 00117000 00:6cd 2884                      /usr/lib/x86_64-linux-gnu/libgfortran.so.3.0.0
7fa011710000-7fa011712000 rw-p 00118000 00:6cd 2884                      /usr/lib/x86_64-linux-gnu/libgfortran.so.3.0.0
7fa011712000-7fa011caa000 r-xp 00000000 00:6cd 2882                      /usr/lib/lapack/liblapack.so.3.0
7fa011caa000-7fa011ea9000 ---p 00598000 00:6cd 2882                      /usr/lib/lapack/liblapack.so.3.0
7fa011ea9000-7fa011eaa000 r--p 00597000 00:6cd 2882                      /usr/lib/lapack/liblapack.so.3.0
7fa011eaa000-7fa011eae000 rw-p 00598000 00:6cd 2882                      /usr/lib/lapack/liblapack.so.3.0
7fa011eae000-7fa011eb4000 r-xp 00000000 00:6cd 2877                      /usr/lib/python2.7/dist-packages/numpy/linalg/lapack_lite.so
7fa011eb4000-7fa0120b3000 ---p 00006000 00:6cd 2877                      /usr/lib/python2.7/dist-packages/numpy/linalg/lapack_lite.so
7fa0120b3000-7fa0120b4000 r--p 00005000 00:6cd 2877                      /usr/lib/python2.7/dist-packages/numpy/linalg/lapack_lite.so
7fa0120b4000-7fa0120b5000 rw-p 00006000 00:6cd 2877                      /usr/lib/python2.7/dist-packages/numpy/linalg/lapack_lite.so
7fa0120b5000-7fa0120bb000 r-xp 00000000 00:6cd 2852                      /usr/lib/python2.7/dist-packages/numpy/lib/_compiled_base.so
7fa0120bb000-7fa0122ba000 ---p 00006000 00:6cd 2852                      /usr/lib/python2.7/dist-packages/numpy/lib/_compiled_base.so
7fa0122ba000-7fa0122bb000 r--p 00005000 00:6cd 2852                      /usr/lib/python2.7/dist-packages/numpy/lib/_compiled_base.so
7fa0122bb000-7fa0122bc000 rw-p 00006000 00:6cd 2852                      /usr/lib/python2.7/dist-packages/numpy/lib/_compiled_base.so
7fa0122bc000-7fa0122e7000 r-xp 00000000 00:6cd 2805                      /usr/lib/python2.7/dist-packages/numpy/core/scalarmath.so
7fa0122e7000-7fa0124e6000 ---p 0002b000 00:6cd 2805                      /usr/lib/python2.7/dist-packages/numpy/core/scalarmath.so
7fa0124e6000-7fa0124e7000 r--p 0002a000 00:6cd 2805                      /usr/lib/python2.7/dist-packages/numpy/core/scalarmath.so
7fa0124e7000-7fa0124e9000 rw-p 0002b000 00:6cd 2805                      /usr/lib/python2.7/dist-packages/numpy/core/scalarmath.so
7fa0124e9000-7fa012565000 r-xp 00000000 00:6cd 2792                      /usr/lib/libblas/libblas.so.3.0
7fa012565000-7fa012764000 ---p 0007c000 00:6cd 2792                      /usr/lib/libblas/libblas.so.3.0
7fa012764000-7fa012765000 r--p 0007b000 00:6cd 2792                      /usr/lib/libblas/libblas.so.3.0
7fa012765000-7fa012766000 rw-p 0007c000 00:6cd 2792                      /usr/lib/libblas/libblas.so.3.0
7fa012766000-7fa01276b000 r-xp 00000000 00:6cd 2787                      /usr/lib/python2.7/dist-packages/numpy/core/_dotblas.so
7fa01276b000-7fa01296a000 ---p 00005000 00:6cd 2787                      /usr/lib/python2.7/dist-packages/numpy/core/_dotblas.so
7fa01296a000-7fa01296b000 r--p 00004000 00:6cd 2787                      /usr/lib/python2.7/dist-packages/numpy/core/_dotblas.so
7fa01296b000-7fa01296c000 rw-p 00005000 00:6cd 2787                      /usr/lib/python2.7/dist-packages/numpy/core/_dotblas.so
7fa01296c000-7fa0129ca000 r-xp 00000000 00:6cd 2773                      /usr/lib/python2.7/dist-packages/numpy/core/umath.so
7fa0129ca000-7fa012bc9000 ---p 0005e000 00:6cd 2773                      /usr/lib/python2.7/dist-packages/numpy/core/umath.so
7fa012bc9000-7fa012bca000 r--p 0005d000 00:6cd 2773                      /usr/lib/python2.7/dist-packages/numpy/core/umath.so
7fa012bca000-7fa012bce000 rw-p 0005e000 00:6cd 2773                      /usr/lib/python2.7/dist-packages/numpy/core/umath.so
7fa012bce000-7fa012bd0000 rw-p 00000000 00:00 0 
7fa012bd0000-7fa012d0d000 r-xp 00000000 00:6cd 2772                      /usr/lib/python2.7/dist-packages/numpy/core/multiarray.so
7fa012d0d000-7fa012f0c000 ---p 0013d000 00:6cd 2772                      /usr/lib/python2.7/dist-packages/numpy/core/multiarray.so
7fa012f0c000-7fa012f0e000 r--p 0013c000 00:6cd 2772                      /usr/lib/python2.7/dist-packages/numpy/core/multiarray.so
7fa012f0e000-7fa012f1b000 rw-p 0013e000 00:6cd 2772                      /usr/lib/python2.7/dist-packages/numpy/core/multiarray.so
7fa012f1b000-7fa01321e000 rw-p 00000000 00:00 0 
7fa01321e000-7fa013234000 r-xp 00000000 00:6cd 378                       /lib/x86_64-linux-gnu/libgcc_s.so.1
7fa013234000-7fa013433000 ---p 00016000 00:6cd 378                       /lib/x86_64-linux-gnu/libgcc_s.so.1
7fa013433000-7fa013434000 rw-p 00015000 00:6cd 378                       /lib/x86_64-linux-gnu/libgcc_s.so.1
7fa013434000-7fa01351a000 r-xp 00000000 00:6cd 377                       /usr/lib/x86_64-linux-gnu/libstdc++.so.6.0.19
7fa01351a000-7fa013719000 ---p 000e6000 00:6cd 377                       /usr/lib/x86_64-linux-gnu/libstdc++.so.6.0.19
7fa013719000-7fa013721000 r--p 000e5000 00:6cd 377                       /usr/lib/x86_64-linux-gnu/libstdc++.so.6.0.19
7fa013721000-7fa013723000 rw-p 000ed000 00:6cd 377                       /usr/lib/x86_64-linux-gnu/libstdc++.so.6.0.19
7fa013723000-7fa013738000 rw-p 00000000 00:00 0 
7fa013738000-7fa0137b8000 r-xp 00000000 00:6cd 418                       /usr/local/lib/python2.7/dist-packages/_jpype.so
7fa0137b8000-7fa0139b7000 ---p 00080000 00:6cd 418                       /usr/local/lib/python2.7/dist-packages/_jpype.so
7fa0139b7000-7fa0139ba000 r--p 0007f000 00:6cd 418                       /usr/local/lib/python2.7/dist-packages/_jpype.so
7fa0139ba000-7fa0139bd000 rw-p 00082000 00:6cd 418                       /usr/local/lib/python2.7/dist-packages/_jpype.so
7fa0139bd000-7fa0139c3000 r-xp 00000000 00:6cd 2743                      /usr/lib/python2.7/lib-dynload/_csv.x86_64-linux-gnu.so
7fa0139c3000-7fa013bc2000 ---p 00006000 00:6cd 2743                      /usr/lib/python2.7/lib-dynload/_csv.x86_64-linux-gnu.so
7fa013bc2000-7fa013bc3000 r--p 00005000 00:6cd 2743                      /usr/lib/python2.7/lib-dynload/_csv.x86_64-linux-gnu.so
7fa013bc3000-7fa013bc5000 rw-p 00006000 00:6cd 2743                      /usr/lib/python2.7/lib-dynload/_csv.x86_64-linux-gnu.so
7fa013bc5000-7fa013bec000 r-xp 00000000 00:6cd 2687                      /lib/x86_64-linux-gnu/libexpat.so.1.6.0
7fa013bec000-7fa013dec000 ---p 00027000 00:6cd 2687                      /lib/x86_64-linux-gnu/libexpat.so.1.6.0
7fa013dec000-7fa013dee000 r--p 00027000 00:6cd 2687                      /lib/x86_64-linux-gnu/libexpat.so.1.6.0
7fa013dee000-7fa013def000 rw-p 00029000 00:6cd 2687                      /lib/x86_64-linux-gnu/libexpat.so.1.6.0
7fa013def000-7fa013dfe000 r-xp 00000000 00:6cd 2685                      /usr/lib/python2.7/lib-dynload/pyexpat.x86_64-linux-gnu.so
7fa013dfe000-7fa013ffd000 ---p 0000f000 00:6cd 2685                      /usr/lib/python2.7/lib-dynload/pyexpat.x86_64-linux-gnu.so
7fa013ffd000-7fa013ffe000 r--p 0000e000 00:6cd 2685                      /usr/lib/python2.7/lib-dynload/pyexpat.x86_64-linux-gnu.so
7fa013ffe000-7fa014000000 rw-p 0000f000 00:6cd 2685                      /usr/lib/python2.7/lib-dynload/pyexpat.x86_64-linux-gnu.so
7fa014000000-7fa0144d7000 rw-p 00000000 00:00 0 
7fa0144d7000-7fa018000000 ---p 00000000 00:00 0 
7fa018009000-7fa018018000 r--s 003aa000 00:6cd 5462                      /usr/local/lib/python2.7/dist-packages/konlpy/java/twitter-korean-text-2.4.3.jar
7fa018018000-7fa01801f000 r--s 0003c000 00:6cd 5460                      /usr/local/lib/python2.7/dist-packages/konlpy/java/snakeyaml-1.12.jar
7fa01801f000-7fa01821f000 rw-p 00000000 00:00 0 
7fa01821f000-7fa01822c000 r-xp 00000000 00:6cd 2680                      /usr/lib/python2.7/lib-dynload/_elementtree.x86_64-linux-gnu.so
7fa01822c000-7fa01842b000 ---p 0000d000 00:6cd 2680                      /usr/lib/python2.7/lib-dynload/_elementtree.x86_64-linux-gnu.so
7fa01842b000-7fa01842c000 r--p 0000c000 00:6cd 2680                      /usr/lib/python2.7/lib-dynload/_elementtree.x86_64-linux-gnu.so
7fa01842c000-7fa01842d000 rw-p 0000d000 00:6cd 2680                      /usr/lib/python2.7/lib-dynload/_elementtree.x86_64-linux-gnu.so
7fa01842d000-7fa0185ed000 rw-p 00000000 00:00 0 
7fa0185ed000-7fa0185f7000 r-xp 00000000 00:6cd 2612                      /usr/lib/python2.7/dist-packages/simplejson/_speedups.x86_64-linux-gnu.so
7fa0185f7000-7fa0187f6000 ---p 0000a000 00:6cd 2612                      /usr/lib/python2.7/dist-packages/simplejson/_speedups.x86_64-linux-gnu.so
7fa0187f6000-7fa0187f7000 r--p 00009000 00:6cd 2612                      /usr/lib/python2.7/dist-packages/simplejson/_speedups.x86_64-linux-gnu.so
7fa0187f7000-7fa0187f8000 rw-p 0000a000 00:6cd 2612                      /usr/lib/python2.7/dist-packages/simplejson/_speedups.x86_64-linux-gnu.so
7fa0187f8000-7fa018878000 rw-p 00000000 00:00 0 
7fa018878000-7fa018879000 ---p 00000000 00:00 0 
7fa018879000-7fa019239000 rw-p 00000000 00:00 0 
7fa019239000-7fa0192ed000 r-xp 00000000 00:6cd 747                       /usr/lib/x86_64-linux-gnu/libsqlite3.so.0.8.6
7fa0192ed000-7fa0194ed000 ---p 000b4000 00:6cd 747                       /usr/lib/x86_64-linux-gnu/libsqlite3.so.0.8.6
7fa0194ed000-7fa0194ef000 r--p 000b4000 00:6cd 747                       /usr/lib/x86_64-linux-gnu/libsqlite3.so.0.8.6
7fa0194ef000-7fa0194f1000 rw-p 000b6000 00:6cd 747                       /usr/lib/x86_64-linux-gnu/libsqlite3.so.0.8.6
7fa0194f1000-7fa0194f2000 rw-p 00000000 00:00 0 
7fa0194f2000-7fa019504000 r-xp 00000000 00:6cd 2374                      /usr/lib/python2.7/lib-dynload/_sqlite3.x86_64-linux-gnu.so
7fa019504000-7fa019703000 ---p 00012000 00:6cd 2374                      /usr/lib/python2.7/lib-dynload/_sqlite3.x86_64-linux-gnu.so
7fa019703000-7fa019704000 r--p 00011000 00:6cd 2374                      /usr/lib/python2.7/lib-dynload/_sqlite3.x86_64-linux-gnu.so
7fa019704000-7fa019706000 rw-p 00012000 00:6cd 2374                      /usr/lib/python2.7/lib-dynload/_sqlite3.x86_64-linux-gnu.so
7fa019706000-7fa019b06000 rw-p 00000000 00:00 0 
7fa019b06000-7fa019b0a000 r-xp 00000000 00:6cd 2075                      /lib/x86_64-linux-gnu/libuuid.so.1.3.0
7fa019b0a000-7fa019d09000 ---p 00004000 00:6cd 2075                      /lib/x86_64-linux-gnu/libuuid.so.1.3.0
7fa019d09000-7fa019d0a000 r--p 00003000 00:6cd 2075                      /lib/x86_64-linux-gnu/libuuid.so.1.3.0
7fa019d0a000-7fa019d0b000 rw-p 00004000 00:6cd 2075                      /lib/x86_64-linux-gnu/libuuid.so.1.3.0
7fa019d0b000-7fa019d4b000 rw-p 00000000 00:00 0 
7fa019d4b000-7fa019d52000 r-xp 00000000 00:6cd 739                       /usr/lib/x86_64-linux-gnu/libffi.so.6.0.1
7fa019d52000-7fa019f51000 ---p 00007000 00:6cd 739                       /usr/lib/x86_64-linux-gnu/libffi.so.6.0.1
7fa019f51000-7fa019f52000 r--p 00006000 00:6cd 739                       /usr/lib/x86_64-linux-gnu/libffi.so.6.0.1
7fa019f52000-7fa019f53000 rw-p 00007000 00:6cd 739                       /usr/lib/x86_64-linux-gnu/libffi.so.6.0.1
7fa019f53000-7fa019f70000 r-xp 00000000 00:6cd 2067                      /usr/lib/python2.7/lib-dynload/_ctypes.x86_64-linux-gnu.so
7fa019f70000-7fa01a16f000 ---p 0001d000 00:6cd 2067                      /usr/lib/python2.7/lib-dynload/_ctypes.x86_64-linux-gnu.so
7fa01a16f000-7fa01a170000 r--p 0001c000 00:6cd 2067                      /usr/lib/python2.7/lib-dynload/_ctypes.x86_64-linux-gnu.so
7fa01a170000-7fa01a174000 rw-p 0001d000 00:6cd 2067                      /usr/lib/python2.7/lib-dynload/_ctypes.x86_64-linux-gnu.so
7fa01a174000-7fa01a2b4000 rw-p 00000000 00:00 0 
7fa01a2b4000-7fa01a2c0000 r-xp 00000000 00:6cd 1389                      /usr/lib/python2.7/lib-dynload/_json.x86_64-linux-gnu.so
7fa01a2c0000-7fa01a4bf000 ---p 0000c000 00:6cd 1389                      /usr/lib/python2.7/lib-dynload/_json.x86_64-linux-gnu.so
7fa01a4bf000-7fa01a4c0000 r--p 0000b000 00:6cd 1389                      /usr/lib/python2.7/lib-dynload/_json.x86_64-linux-gnu.so
7fa01a4c0000-7fa01a4c1000 rw-p 0000c000 00:6cd 1389                      /usr/lib/python2.7/lib-dynload/_json.x86_64-linux-gnu.so
7fa01a4c1000-7fa01a5c1000 rw-p 00000000 00:00 0 
7fa01a5c1000-7fa01a5c5000 r-xp 00000000 00:6cd 1296                      /usr/lib/python2.7/lib-dynload/termios.x86_64-linux-gnu.so
7fa01a5c5000-7fa01a7c4000 ---p 00004000 00:6cd 1296                      /usr/lib/python2.7/lib-dynload/termios.x86_64-linux-gnu.so
7fa01a7c4000-7fa01a7c5000 r--p 00003000 00:6cd 1296                      /usr/lib/python2.7/lib-dynload/termios.x86_64-linux-gnu.so
7fa01a7c5000-7fa01a7c7000 rw-p 00004000 00:6cd 1296                      /usr/lib/python2.7/lib-dynload/termios.x86_64-linux-gnu.so
7fa01a7c7000-7fa01a8c7000 rw-p 00000000 00:00 0 
7fa01a8c7000-7fa01a8cb000 r-xp 00000000 00:6cd 1209                      /usr/lib/python2.7/lib-dynload/_hashlib.x86_64-linux-gnu.so
7fa01a8cb000-7fa01aaca000 ---p 00004000 00:6cd 1209                      /usr/lib/python2.7/lib-dynload/_hashlib.x86_64-linux-gnu.so
7fa01aaca000-7fa01aacb000 r--p 00003000 00:6cd 1209                      /usr/lib/python2.7/lib-dynload/_hashlib.x86_64-linux-gnu.so
7fa01aacb000-7fa01aacc000 rw-p 00004000 00:6cd 1209                      /usr/lib/python2.7/lib-dynload/_hashlib.x86_64-linux-gnu.so
7fa01aacc000-7fa01ab0c000 rw-p 00000000 00:00 0 
7fa01ab0c000-7fa01acbf000 r-xp 00000000 00:6cd 695                       /lib/x86_64-linux-gnu/libcrypto.so.1.0.0
7fa01acbf000-7fa01aebe000 ---p 001b3000 00:6cd 695                       /lib/x86_64-linux-gnu/libcrypto.so.1.0.0
7fa01aebe000-7fa01aed9000 r--p 001b2000 00:6cd 695                       /lib/x86_64-linux-gnu/libcrypto.so.1.0.0
7fa01aed9000-7fa01aee4000 rw-p 001cd000 00:6cd 695                       /lib/x86_64-linux-gnu/libcrypto.so.1.0.0
7fa01aee4000-7fa01aee8000 rw-p 00000000 00:00 0 
7fa01aee8000-7fa01af3d000 r-xp 00000000 00:6cd 694                       /lib/x86_64-linux-gnu/libssl.so.1.0.0
7fa01af3d000-7fa01b13d000 ---p 00055000 00:6cd 694                       /lib/x86_64-linux-gnu/libssl.so.1.0.0
7fa01b13d000-7fa01b140000 r--p 00055000 00:6cd 694                       /lib/x86_64-linux-gnu/libssl.so.1.0.0
7fa01b140000-7fa01b147000 rw-p 00058000 00:6cd 694                       /lib/x86_64-linux-gnu/libssl.so.1.0.0
7fa01b147000-7fa01b14f000 r-xp 00000000 00:6cd 1190                      /usr/lib/python2.7/lib-dynload/_ssl.x86_64-linux-gnu.so
7fa01b14f000-7fa01b34e000 ---p 00008000 00:6cd 1190                      /usr/lib/python2.7/lib-dynload/_ssl.x86_64-linux-gnu.so
7fa01b34e000-7fa01b34f000 r--p 00007000 00:6cd 1190                      /usr/lib/python2.7/lib-dynload/_ssl.x86_64-linux-gnu.so
7fa01b34f000-7fa01b350000 rw-p 00008000 00:6cd 1190                      /usr/lib/python2.7/lib-dynload/_ssl.x86_64-linux-gnu.so
7fa01b350000-7fa01b410000 rw-p 00000000 00:00 0 
7fa01b411000-7fa01b551000 rw-p 00000000 00:00 0 
7fa01b551000-7fa01b568000 r-xp 00000000 00:6cd 1135                      /usr/lib/python2.7/lib-dynload/datetime.x86_64-linux-gnu.so
7fa01b568000-7fa01b767000 ---p 00017000 00:6cd 1135                      /usr/lib/python2.7/lib-dynload/datetime.x86_64-linux-gnu.so
7fa01b767000-7fa01b768000 r--p 00016000 00:6cd 1135                      /usr/lib/python2.7/lib-dynload/datetime.x86_64-linux-gnu.so
7fa01b768000-7fa01b76c000 rw-p 00017000 00:6cd 1135                      /usr/lib/python2.7/lib-dynload/datetime.x86_64-linux-gnu.so
7fa01b76c000-7fa01b871000 r-xp 00000000 00:6cd 163                       /lib/x86_64-linux-gnu/libm-2.19.so
7fa01b871000-7fa01ba70000 ---p 00105000 00:6cd 163                       /lib/x86_64-linux-gnu/libm-2.19.so
7fa01ba70000-7fa01ba71000 r--p 00104000 00:6cd 163                       /lib/x86_64-linux-gnu/libm-2.19.so
7fa01ba71000-7fa01ba72000 rw-p 00105000 00:6cd 163                       /lib/x86_64-linux-gnu/libm-2.19.so
7fa01ba72000-7fa01ba8a000 r-xp 00000000 00:6cd 262                       /lib/x86_64-linux-gnu/libz.so.1.2.8
7fa01ba8a000-7fa01bc89000 ---p 00018000 00:6cd 262                       /lib/x86_64-linux-gnu/libz.so.1.2.8
7fa01bc89000-7fa01bc8a000 r--p 00017000 00:6cd 262                       /lib/x86_64-linux-gnu/libz.so.1.2.8
7fa01bc8a000-7fa01bc8b000 rw-p 00018000 00:6cd 262                       /lib/x86_64-linux-gnu/libz.so.1.2.8
7fa01bc8b000-7fa01bc8d000 r-xp 00000000 00:6cd 920                       /lib/x86_64-linux-gnu/libutil-2.19.so
7fa01bc8d000-7fa01be8c000 ---p 00002000 00:6cd 920                       /lib/x86_64-linux-gnu/libutil-2.19.so
7fa01be8c000-7fa01be8d000 r--p 00001000 00:6cd 920                       /lib/x86_64-linux-gnu/libutil-2.19.so
7fa01be8d000-7fa01be8e000 rw-p 00002000 00:6cd 920                       /lib/x86_64-linux-gnu/libutil-2.19.so
7fa01be8e000-7fa01be91000 r-xp 00000000 00:6cd 76                        /lib/x86_64-linux-gnu/libdl-2.19.so
7fa01be91000-7fa01c090000 ---p 00003000 00:6cd 76                        /lib/x86_64-linux-gnu/libdl-2.19.so
7fa01c090000-7fa01c091000 r--p 00002000 00:6cd 76                        /lib/x86_64-linux-gnu/libdl-2.19.so
7fa01c091000-7fa01c092000 rw-p 00003000 00:6cd 76                        /lib/x86_64-linux-gnu/libdl-2.19.so
7fa01c092000-7fa01c250000 r-xp 00000000 00:6cd 78                        /lib/x86_64-linux-gnu/libc-2.19.so
7fa01c250000-7fa01c450000 ---p 001be000 00:6cd 78                        /lib/x86_64-linux-gnu/libc-2.19.so
7fa01c450000-7fa01c454000 r--p 001be000 00:6cd 78                        /lib/x86_64-linux-gnu/libc-2.19.so
7fa01c454000-7fa01c456000 rw-p 001c2000 00:6cd 78                        /lib/x86_64-linux-gnu/libc-2.19.so
7fa01c456000-7fa01c45b000 rw-p 00000000 00:00 0 
7fa01c45b000-7fa01c474000 r-xp 00000000 00:6cd 238                       /lib/x86_64-linux-gnu/libpthread-2.19.so
7fa01c474000-7fa01c673000 ---p 00019000 00:6cd 238                       /lib/x86_64-linux-gnu/libpthread-2.19.so
7fa01c673000-7fa01c674000 r--p 00018000 00:6cd 238                       /lib/x86_64-linux-gnu/libpthread-2.19.so
7fa01c674000-7fa01c675000 rw-p 00019000 00:6cd 238                       /lib/x86_64-linux-gnu/libpthread-2.19.so
7fa01c675000-7fa01c679000 rw-p 00000000 00:00 0 
7fa01c679000-7fa01c69c000 r-xp 00000000 00:6cd 71                        /lib/x86_64-linux-gnu/ld-2.19.so
7fa01c6a0000-7fa01c6a1000 r--s 00006000 00:6cd 5463                      /usr/local/lib/python2.7/dist-packages/konlpy/java/twitter-text-1.10.1.jar
7fa01c6a1000-7fa01c6a2000 r--s 00001000 00:6cd 5459                      /usr/local/lib/python2.7/dist-packages/konlpy/java/shineware-ds-1.0.jar
7fa01c6a2000-7fa01c6a3000 r--s 00004000 00:6cd 5458                      /usr/local/lib/python2.7/dist-packages/konlpy/java/shineware-common-2.0.jar
7fa01c6a3000-7fa01c6a4000 r--s 00006000 00:6cd 5457                      /usr/local/lib/python2.7/dist-packages/konlpy/java/komoran-2.4-e.jar
7fa01c6a4000-7fa01c6a7000 r--s 0075b000 00:6cd 5456                      /usr/local/lib/python2.7/dist-packages/konlpy/java/kkma-2.0.jar
7fa01c6a7000-7fa01c6ab000 r--s 00025000 00:6cd 5455                      /usr/local/lib/python2.7/dist-packages/konlpy/java/jhannanum-0.8.4.jar
7fa01c6ab000-7fa01c6ae000 r--s 0003d000 00:6cd 5447                      /usr/lib/jvm/java-7-openjdk-amd64/jre/lib/ext/sunpkcs11.jar
7fa01c6ae000-7fa01c6ee000 rw-p 00000000 00:00 0 
7fa01c6ee000-7fa01c714000 r--p 00000000 00:6cd 110                       /usr/lib/locale/C.UTF-8/LC_CTYPE
7fa01c714000-7fa01c794000 rw-p 00000000 00:00 0 
7fa01c794000-7fa01c798000 r--s 00085000 00:6cd 5446                      /usr/lib/jvm/java-7-openjdk-amd64/jre/lib/ext/localedata.jar
7fa01c798000-7fa01c79b000 r--s 0000f000 00:6cd 5445                      /usr/lib/jvm/java-7-openjdk-amd64/jre/lib/ext/icedtea-sound.jar
7fa01c79b000-7fa01c79c000 r--s 00002000 00:6cd 5444                      /usr/lib/jvm/java-7-openjdk-amd64/jre/lib/ext/dnsns.jar
7fa01c79c000-7fa01c79e000 r--s 00012000 00:6cd 5443                      /usr/lib/jvm/java-7-openjdk-amd64/jre/lib/ext/zipfs.jar
7fa01c79e000-7fa01c7a2000 r--s 00034000 00:6cd 5442                      /usr/lib/jvm/java-7-openjdk-amd64/jre/lib/ext/sunjce_provider.jar
7fa01c7a2000-7fa01c7a4000 r--s 00006000 00:6cd 5452                      /usr/share/java/java-atk-wrapper.jar
7fa01c7a4000-7fa01c7a5000 r--p 00000000 00:6cd 109                       /usr/lib/locale/C.UTF-8/LC_NUMERIC
7fa01c7a5000-7fa01c7a6000 r--p 00000000 00:6cd 108                       /usr/lib/locale/C.UTF-8/LC_TIME
7fa01c7a6000-7fa01c7a7000 r--p 00000000 00:6cd 106                       /usr/lib/locale/C.UTF-8/LC_MONETARY
7fa01c7a7000-7fa01c7a8000 r--p 00000000 00:6cd 105                       /usr/lib/locale/C.UTF-8/LC_MESSAGES/SYS_LC_MESSAGES
7fa01c7a8000-7fa01c7a9000 r--p 00000000 00:6cd 103                       /usr/lib/locale/C.UTF-8/LC_PAPER
7fa01c7a9000-7fa01c7aa000 r--p 00000000 00:6cd 102                       /usr/lib/locale/C.UTF-8/LC_NAME
7fa01c7aa000-7fa01c7bd000 rw-p 00000000 00:00 0 
7fa01c7bd000-7fa01c7c5000 rw-s 00000000 00:6cd 294                       /tmp/hsperfdata_ubuntu/31914
7fa01c7c5000-7fa01c88a000 rw-p 00000000 00:00 0 
7fa01c88a000-7fa01c88b000 r--p 00000000 00:6cd 101                       /usr/lib/locale/C.UTF-8/LC_ADDRESS
7fa01c88b000-7fa01c88c000 r--p 00000000 00:6cd 100                       /usr/lib/locale/C.UTF-8/LC_TELEPHONE
7fa01c88c000-7fa01c88d000 r--p 00000000 00:6cd 99                        /usr/lib/locale/C.UTF-8/LC_MEASUREMENT
7fa01c88d000-7fa01c88e000 r--p 00000000 00:6cd 95                        /usr/lib/locale/C.UTF-8/LC_IDENTIFICATION
7fa01c88e000-7fa01c88f000 rw-p 00000000 00:00 0 
7fa01c88f000-7fa01c890000 r--p 00000000 00:00 0 
7fa01c890000-7fa01c891000 rw-p 00000000 00:00 0 
7fa01c891000-7fa01c892000 rwxp 00000000 00:00 0 
7fa01c892000-7fa01c899000 r--s 00000000 00:6cd 98                        /usr/lib/x86_64-linux-gnu/gconv/gconv-modules.cache
7fa01c899000-7fa01c89b000 rw-p 00000000 00:00 0 
7fa01c89b000-7fa01c89c000 r--p 00022000 00:6cd 71                        /lib/x86_64-linux-gnu/ld-2.19.so
7fa01c89c000-7fa01c89d000 rw-p 00023000 00:6cd 71                        /lib/x86_64-linux-gnu/ld-2.19.so
7fa01c89d000-7fa01c89e000 rw-p 00000000 00:00 0 
7ffdcfd56000-7ffdcfd77000 rw-p 00000000 00:00 0                          [stack]
7ffdcfdba000-7ffdcfdbc000 r--p 00000000 00:00 0                          [vvar]
7ffdcfdbc000-7ffdcfdbe000 r-xp 00000000 00:00 0                          [vdso]
ffffffffff600000-ffffffffff601000 r-xp 00000000 00:00 0                  [vsyscall]

VM Arguments:
jvm_args: -Dfile.encoding=UTF8 -ea -Xmx768m 
java_command: <unknown>
Launcher Type: generic

Environment Variables:
PATH=/home/ubuntu/.nvm/versions/node/v6.11.2/bin:/usr/local/rvm/gems/ruby-2.4.0/bin:/usr/local/rvm/gems/ruby-2.4.0@global/bin:/usr/local/rvm/rubies/ruby-2.4.0/bin:/mnt/shared/bin:/home/ubuntu/workspace/node_modules/.bin:/home/ubuntu/bin:/usr/local/sbin:/usr/local/bin:/usr/sbin:/usr/bin:/sbin:/bin:/mnt/shared/sbin:/opt/gitl:/opt/go/bin:/mnt/shared/c9/app.nw/bin:/usr/local/rvm/bin
LD_LIBRARY_PATH=~/.c9/local/lib
SHELL=/bin/bash

Signal Handlers:
SIGSEGV: [libjvm.so+0x963630], sa_mask[0]=0x7ffbfeff, sa_flags=0x10000004
SIGBUS: [libjvm.so+0x963630], sa_mask[0]=0x7ffbfeff, sa_flags=0x10000004
SIGFPE: [libjvm.so+0x7d5da0], sa_mask[0]=0x7ffbfeff, sa_flags=0x10000004
SIGPIPE: [libjvm.so+0x7d5da0], sa_mask[0]=0x7ffbfeff, sa_flags=0x10000004
SIGXFSZ: [libjvm.so+0x7d5da0], sa_mask[0]=0x7ffbfeff, sa_flags=0x10000004
SIGILL: [libjvm.so+0x7d5da0], sa_mask[0]=0x7ffbfeff, sa_flags=0x10000004
SIGUSR1: SIG_DFL, sa_mask[0]=0x00000000, sa_flags=0x00000000
SIGUSR2: [libjvm.so+0x7d5ed0], sa_mask[0]=0x00000000, sa_flags=0x10000004
SIGHUP: [libjvm.so+0x7d5e20], sa_mask[0]=0x7ffbfeff, sa_flags=0x10000004
SIGINT: [libjvm.so+0x7d5e20], sa_mask[0]=0x7ffbfeff, sa_flags=0x10000004
SIGTERM: [libjvm.so+0x7d5e20], sa_mask[0]=0x7ffbfeff, sa_flags=0x10000004
SIGQUIT: [libjvm.so+0x7d5e20], sa_mask[0]=0x7ffbfeff, sa_flags=0x10000004
SIGTRAP: SIG_DFL, sa_mask[0]=0x00000000, sa_flags=0x00000000


---------------  S Y S T E M  ---------------

OS:Ubuntu 14.04 (trusty)
uname:Linux 4.9.17-c9 #1 SMP Thu Mar 23 01:38:54 UTC 2017 x86_64
libc:glibc 2.19 NPTL 2.19 
rlimit: STACK 8192k, CORE 0k, NPROC 1048576, NOFILE 1048576, AS infinity
load average:6.23 5.96 6.54

/proc/meminfo:
MemTotal:       53595428 kB
MemFree:         3931708 kB
MemAvailable:   17188512 kB
Buffers:         8249984 kB
Cached:         12714904 kB
SwapCached:       927940 kB
Active:         25678128 kB
Inactive:       14283628 kB
Active(anon):    9971144 kB
Inactive(anon): 11501168 kB
Active(file):   15706984 kB
Inactive(file):  2782460 kB
Unevictable:       42176 kB
Mlocked:           42176 kB
SwapTotal:      52428796 kB
SwapFree:       41286440 kB
Dirty:              7796 kB
Writeback:            12 kB
AnonPages:      18492976 kB
Mapped:          1593928 kB
Shmem:           2474312 kB
Slab:            7215264 kB
SReclaimable:    4727488 kB
SUnreclaim:      2487776 kB
KernelStack:      181264 kB
PageTables:       451936 kB
NFS_Unstable:          0 kB
Bounce:                0 kB
WritebackTmp:          0 kB
CommitLimit:    79226508 kB
Committed_AS:   84573772 kB
VmallocTotal:   34359738367 kB
VmallocUsed:           0 kB
VmallocChunk:          0 kB
HardwareCorrupted:     0 kB
AnonHugePages:    198656 kB
ShmemHugePages:        0 kB
ShmemPmdMapped:        0 kB
HugePages_Total:       0
HugePages_Free:        0
HugePages_Rsvd:        0
HugePages_Surp:        0
Hugepagesize:       2048 kB
DirectMap4k:     4331508 kB
DirectMap2M:    50194432 kB
DirectMap1G:     2097152 kB


CPU:total 8 (initial active 8) (12 cores per cpu, 2 threads per core) family 6 model 62 stepping 4, cmov, cx8, fxsr, mmx, sse, sse2, sse3, ssse3, sse4.1, sse4.2, popcnt, avx, aes, erms, ht, tsc, tscinvbit

/proc/cpuinfo:
processor	: 0
vendor_id	: GenuineIntel
cpu family	: 6
model		: 62
model name	: Intel(R) Xeon(R) CPU @ 2.50GHz
stepping	: 4
microcode	: 0x1
cpu MHz		: 2500.000
cache size	: 30720 KB
physical id	: 0
siblings	: 8
core id		: 0
cpu cores	: 4
apicid		: 0
initial apicid	: 0
fpu		: yes
fpu_exception	: yes
cpuid level	: 13
wp		: yes
flags		: fpu vme de pse tsc msr pae mce cx8 apic sep mtrr pge mca cmov pat pse36 clflush mmx fxsr sse sse2 ss ht syscall nx pdpe1gb rdtscp lm constant_tsc rep_good nopl xtopology nonstop_tsc eagerfpu pni pclmulqdq ssse3 cx16 sse4_1 sse4_2 x2apic popcnt aes xsave avx f16c rdrand hypervisor lahf_lm fsgsbase tsc_adjust smep erms xsaveopt
bugs		:
bogomips	: 5000.00
clflush size	: 64
cache_alignment	: 64
address sizes	: 46 bits physical, 48 bits virtual
power management:

processor	: 1
vendor_id	: GenuineIntel
cpu family	: 6
model		: 62
model name	: Intel(R) Xeon(R) CPU @ 2.50GHz
stepping	: 4
microcode	: 0x1
cpu MHz		: 2500.000
cache size	: 30720 KB
physical id	: 0
siblings	: 8
core id		: 1
cpu cores	: 4
apicid		: 2
initial apicid	: 2
fpu		: yes
fpu_exception	: yes
cpuid level	: 13
wp		: yes
flags		: fpu vme de pse tsc msr pae mce cx8 apic sep mtrr pge mca cmov pat pse36 clflush mmx fxsr sse sse2 ss ht syscall nx pdpe1gb rdtscp lm constant_tsc rep_good nopl xtopology nonstop_tsc eagerfpu pni pclmulqdq ssse3 cx16 sse4_1 sse4_2 x2apic popcnt aes xsave avx f16c rdrand hypervisor lahf_lm fsgsbase tsc_adjust smep erms xsaveopt
bugs		:
bogomips	: 5000.00
clflush size	: 64
cache_alignment	: 64
address sizes	: 46 bits physical, 48 bits virtual
power management:

processor	: 2
vendor_id	: GenuineIntel
cpu family	: 6
model		: 62
model name	: Intel(R) Xeon(R) CPU @ 2.50GHz
stepping	: 4
microcode	: 0x1
cpu MHz		: 2500.000
cache size	: 30720 KB
physical id	: 0
siblings	: 8
core id		: 2
cpu cores	: 4
apicid		: 4
initial apicid	: 4
fpu		: yes
fpu_exception	: yes
cpuid level	: 13
wp		: yes
flags		: fpu vme de pse tsc msr pae mce cx8 apic sep mtrr pge mca cmov pat pse36 clflush mmx fxsr sse sse2 ss ht syscall nx pdpe1gb rdtscp lm constant_tsc rep_good nopl xtopology nonstop_tsc eagerfpu pni pclmulqdq ssse3 cx16 sse4_1 sse4_2 x2apic popcnt aes xsave avx f16c rdrand hypervisor lahf_lm fsgsbase tsc_adjust smep erms xsaveopt
bugs		:
bogomips	: 5000.00
clflush size	: 64
cache_alignment	: 64
address sizes	: 46 bits physical, 48 bits virtual
power management:

processor	: 3
vendor_id	: GenuineIntel
cpu family	: 6
model		: 62
model name	: Intel(R) Xeon(R) CPU @ 2.50GHz
stepping	: 4
microcode	: 0x1
cpu MHz		: 2500.000
cache size	: 30720 KB
physical id	: 0
siblings	: 8
core id		: 3
cpu cores	: 4
apicid		: 6
initial apicid	: 6
fpu		: yes
fpu_exception	: yes
cpuid level	: 13
wp		: yes
flags		: fpu vme de pse tsc msr pae mce cx8 apic sep mtrr pge mca cmov pat pse36 clflush mmx fxsr sse sse2 ss ht syscall nx pdpe1gb rdtscp lm constant_tsc rep_good nopl xtopology nonstop_tsc eagerfpu pni pclmulqdq ssse3 cx16 sse4_1 sse4_2 x2apic popcnt aes xsave avx f16c rdrand hypervisor lahf_lm fsgsbase tsc_adjust smep erms xsaveopt
bugs		:
bogomips	: 5000.00
clflush size	: 64
cache_alignment	: 64
address sizes	: 46 bits physical, 48 bits virtual
power management:

processor	: 4
vendor_id	: GenuineIntel
cpu family	: 6
model		: 62
model name	: Intel(R) Xeon(R) CPU @ 2.50GHz
stepping	: 4
microcode	: 0x1
cpu MHz		: 2500.000
cache size	: 30720 KB
physical id	: 0
siblings	: 8
core id		: 0
cpu cores	: 4
apicid		: 1
initial apicid	: 1
fpu		: yes
fpu_exception	: yes
cpuid level	: 13
wp		: yes
flags		: fpu vme de pse tsc msr pae mce cx8 apic sep mtrr pge mca cmov pat pse36 clflush mmx fxsr sse sse2 ss ht syscall nx pdpe1gb rdtscp lm constant_tsc rep_good nopl xtopology nonstop_tsc eagerfpu pni pclmulqdq ssse3 cx16 sse4_1 sse4_2 x2apic popcnt aes xsave avx f16c rdrand hypervisor lahf_lm fsgsbase tsc_adjust smep erms xsaveopt
bugs		:
bogomips	: 5000.00
clflush size	: 64
cache_alignment	: 64
address sizes	: 46 bits physical, 48 bits virtual
power management:

processor	: 5
vendor_id	: GenuineIntel
cpu family	: 6
model		: 62
model name	: Intel(R) Xeon(R) CPU @ 2.50GHz
stepping	: 4
microcode	: 0x1
cpu MHz		: 2500.000
cache size	: 30720 KB
physical id	: 0
siblings	: 8
core id		: 1
cpu cores	: 4
apicid		: 3
initial apicid	: 3
fpu		: yes
fpu_exception	: yes
cpuid level	: 13
wp		: yes
flags		: fpu vme de pse tsc msr pae mce cx8 apic sep mtrr pge mca cmov pat pse36 clflush mmx fxsr sse sse2 ss ht syscall nx pdpe1gb rdtscp lm constant_tsc rep_good nopl xtopology nonstop_tsc eagerfpu pni pclmulqdq ssse3 cx16 sse4_1 sse4_2 x2apic popcnt aes xsave avx f16c rdrand hypervisor lahf_lm fsgsbase tsc_adjust smep erms xsaveopt
bugs		:
bogomips	: 5000.00
clflush size	: 64
cache_alignment	: 64
address sizes	: 46 bits physical, 48 bits virtual
power management:

processor	: 6
vendor_id	: GenuineIntel
cpu family	: 6
model		: 62
model name	: Intel(R) Xeon(R) CPU @ 2.50GHz
stepping	: 4
microcode	: 0x1
cpu MHz		: 2500.000
cache size	: 30720 KB
physical id	: 0
siblings	: 8
core id		: 2
cpu cores	: 4
apicid		: 5
initial apicid	: 5
fpu		: yes
fpu_exception	: yes
cpuid level	: 13
wp		: yes
flags		: fpu vme de pse tsc msr pae mce cx8 apic sep mtrr pge mca cmov pat pse36 clflush mmx fxsr sse sse2 ss ht syscall nx pdpe1gb rdtscp lm constant_tsc rep_good nopl xtopology nonstop_tsc eagerfpu pni pclmulqdq ssse3 cx16 sse4_1 sse4_2 x2apic popcnt aes xsave avx f16c rdrand hypervisor lahf_lm fsgsbase tsc_adjust smep erms xsaveopt
bugs		:
bogomips	: 5000.00
clflush size	: 64
cache_alignment	: 64
address sizes	: 46 bits physical, 48 bits virtual
power management:

processor	: 7
vendor_id	: GenuineIntel
cpu family	: 6
model		: 62
model name	: Intel(R) Xeon(R) CPU @ 2.50GHz
stepping	: 4
microcode	: 0x1
cpu MHz		: 2500.000
cache size	: 30720 KB
physical id	: 0
siblings	: 8
core id		: 3
cpu cores	: 4
apicid		: 7
initial apicid	: 7
fpu		: yes
fpu_exception	: yes
cpuid level	: 13
wp		: yes
flags		: fpu vme de pse tsc msr pae mce cx8 apic sep mtrr pge mca cmov pat pse36 clflush mmx fxsr sse sse2 ss ht syscall nx pdpe1gb rdtscp lm constant_tsc rep_good nopl xtopology nonstop_tsc eagerfpu pni pclmulqdq ssse3 cx16 sse4_1 sse4_2 x2apic popcnt aes xsave avx f16c rdrand hypervisor lahf_lm fsgsbase tsc_adjust smep erms xsaveopt
bugs		:
bogomips	: 5000.00
clflush size	: 64
cache_alignment	: 64
address sizes	: 46 bits physical, 48 bits virtual
power management:



Memory: 4k page, physical 53595428k(3931740k free), swap 52428796k(41286440k free)

vm_info: OpenJDK 64-Bit Server VM (24.151-b01) for linux-amd64 JRE (1.7.0_151-b01), built on Aug 15 2017 05:35:24 by "buildd" with gcc 4.8.4

time: Thu Nov 16 18:13:52 2017
elapsed time: 6 seconds

