#
# A fatal error has been detected by the Java Runtime Environment:
#
#  SIGSEGV (0xb) at pc=0x00007efc11a38fd3, pid=27036, tid=139620972578560
#
# JRE version: OpenJDK Runtime Environment (7.0_151-b01) (build 1.7.0_151-b01)
# Java VM: OpenJDK 64-Bit Server VM (24.151-b01 mixed mode linux-amd64 compressed oops)
# Derivative: IcedTea 2.6.11
# Distribution: Ubuntu 14.04 LTS, package 7u151-2.6.11-0ubuntu1.14.04.1
# Problematic frame:
# C  [_jpype.so+0x35fd3]  JPJavaEnv::NewObjectA(_jclass*, _jmethodID*, jvalue*)+0x33
#
# Failed to write core dump. Core dumps have been disabled. To enable core dumping, try "ulimit -c unlimited" before starting Java again
#
# If you would like to submit a bug report, please include
# instructions on how to reproduce the bug and visit:
#   http://icedtea.classpath.org/bugzilla
#

---------------  T H R E A D  ---------------

Current thread is native thread

siginfo:si_signo=SIGSEGV: si_errno=0, si_code=1 (SEGV_MAPERR), si_addr=0x0000000000000000

Registers:
RAX=0x00007efc0c029a90, RBX=0x0000000000000000, RCX=0x00007efc0476f580, RDX=0x00007efc11c847b0
RSP=0x00007efc0a790ca0, RBP=0x00007efc04359f98, RSI=0x0000000000000001, RDI=0x0000000001525a50
R8 =0x0000000000000000, R9 =0x0000000000000002, R10=0x00007efc11a01940, R11=0x0000000000000000
R12=0x00007efc0433e470, R13=0x00007efc0c029a90, R14=0x00007efc0434fbc8, R15=0x00007efc0476f580
RIP=0x00007efc11a38fd3, EFLAGS=0x0000000000010206, CSGSFS=0x002b000000000033, ERR=0x0000000000000004
  TRAPNO=0x000000000000000e

Top of Stack: (sp=0x00007efc0a790ca0)
0x00007efc0a790ca0:   00007efc0a790e30 00007efc0434fbc8
0x00007efc0a790cb0:   0000000000000000 0000000000000000
0x00007efc0a790cc0:   00007efc0476f580 00007efc0442f428
0x00007efc0a790cd0:   00007efc0a790e10 00007efc11a3bf9e
0x00007efc0a790ce0:   0000000000000000 00007efc0a790d50
0x00007efc0a790cf0:   00007efc04359f98 00007efc0a790d10
0x00007efc0a790d00:   0000000000000290 00000000005103c9
0x00007efc0a790d10:   00007efc11c83010 00007efc04724a38
0x00007efc0a790d20:   00007efc11f0e500 ffffffff00000000
0x00007efc0a790d30:   00000000005cd65e 00000000004ae2d9
0x00007efc0a790d40:   0000003000000028 00007efc0a790ec0
0x00007efc0a790d50:   00007efc11c84050 0000000000000000
0x00007efc0a790d60:   0000000000000000 0000000000000000
0x00007efc0a790d70:   0000000000000000 0000000000000000
0x00007efc0a790d80:   0000000000000000 0000000000000000
0x00007efc0a790d90:   0000000000000000 0000000000000000
0x00007efc0a790da0:   00007efc0a790e30 00007efc09f72f38
0x00007efc0a790db0:   00007efc169f1050 0000000000000000
0x00007efc0a790dc0:   00007efc0a790e30 0000000000000000
0x00007efc0a790dd0:   00007efc169f1050 00007efc11a61eaa
0x00007efc0a790de0:   0000000000000000 00007efbf802b6c8
0x00007efc0a790df0:   00007efc169f2ed0 00007efc1004aa80
0x00007efc0a790e00:   00007efc169f2030 00007efc111e8010
0x00007efc0a790e10:   0000000000000000 0000000000000000
0x00007efc0a790e20:   0000000000000000 00007efc0445c490
0x00007efc0a790e30:   00007efc11c84050 0000000000000000
0x00007efc0a790e40:   0000000000000000 0000000000000000
0x00007efc0a790e50:   0000000000000000 0000000000000000
0x00007efc0a790e60:   0000000000000000 0000000000000000
0x00007efc0a790e70:   0000000000000000 0000000000000000
0x00007efc0a790e80:   00007efc169f4230 00007efc09f72f38
0x00007efc0a790e90:   00007efc169f1050 0000000000000000 

Instructions: (pc=0x00007efc11a38fd3)
0x00007efc11a38fb3:   89 f5 53 48 83 ec 08 e8 81 f7 ff ff 48 89 c3 e8
0x00007efc11a38fc3:   49 a3 01 00 48 8b 10 48 89 c7 ff 52 30 49 89 c5
0x00007efc11a38fd3:   48 8b 03 48 89 ee 48 89 df ff 90 d8 00 00 00 48
0x00007efc11a38fe3:   89 c5 e8 16 a3 01 00 48 89 c7 e8 6e f7 ff ff 84 

Register to memory mapping:

RAX=0x00007efc0c029a90 is an unknown value
RBX=0x0000000000000000 is an unknown value
RCX=0x00007efc0476f580 is an unknown value
RDX=0x00007efc11c847b0: _ZTV21PythonHostEnvironment+0x10 in /usr/local/lib/python2.7/dist-packages/_jpype.so at 0x00007efc11a03000
RSP=0x00007efc0a790ca0 is pointing into the stack for thread: 0x00007efc04029000
RBP=0x00007efc04359f98 is a global jni handle
RSI=0x0000000000000001 is an unknown value
RDI=0x0000000001525a50 is an unknown value
R8 =0x0000000000000000 is an unknown value
R9 =0x0000000000000002 is an unknown value
R10=0x00007efc11a01940: <offset 0x302940> in /usr/lib/x86_64-linux-gnu/libstdc++.so.6 at 0x00007efc116ff000
R11=0x0000000000000000 is an unknown value
R12=0x00007efc0433e470 is an unknown value
R13=0x00007efc0c029a90 is an unknown value
R14=0x00007efc0434fbc8 is a weak global jni handle
R15=0x00007efc0476f580 is an unknown value


Stack: [0x00007efc09f94000,0x00007efc0a795000],  sp=0x00007efc0a790ca0,  free space=8179k
Native frames: (J=compiled Java code, j=interpreted, Vv=VM code, C=native code)
C  [_jpype.so+0x35fd3]  JPJavaEnv::NewObjectA(_jclass*, _jmethodID*, jvalue*)+0x33


---------------  P R O C E S S  ---------------

VM state:not at safepoint (normal execution)

VM Mutex/Monitor currently owned by a thread: None

Heap
 PSYoungGen      total 229376K, used 128222K [0x00000000f0000000, 0x0000000100000000, 0x0000000100000000)
  eden space 196608K, 65% used [0x00000000f0000000,0x00000000f7d37b28,0x00000000fc000000)
  from space 32768K, 0% used [0x00000000fe000000,0x00000000fe000000,0x0000000100000000)
  to   space 32768K, 0% used [0x00000000fc000000,0x00000000fc000000,0x00000000fe000000)
 ParOldGen       total 524288K, used 0K [0x00000000d0000000, 0x00000000f0000000, 0x00000000f0000000)
  object space 524288K, 0% used [0x00000000d0000000,0x00000000d0000000,0x00000000f0000000)
 PSPermGen       total 21504K, used 9347K [0x00000000c5a00000, 0x00000000c6f00000, 0x00000000d0000000)
  object space 21504K, 43% used [0x00000000c5a00000,0x00000000c6320d70,0x00000000c6f00000)

Card table byte_map: [0x00007efc0801e000,0x00007efc081f2000] byte_map_base: 0x00007efc079f1000

Polling page: 0x00007efc16a3b000

Code Cache  [0x00007efc01000000, 0x00007efc01270000, 0x00007efc04000000)
 total_blobs=609 nmethods=389 adapters=173 free_code_cache=48165Kb largest_free_block=49291072

Compilation events (10 events):
Event: 1.802 Thread 0x00007efc0432d000 nmethod 381 0x00007efc010f3550 code [0x00007efc010f36c0, 0x00007efc010f3a38]
Event: 1.807 Thread 0x00007efc04330000 nmethod 385 0x00007efc010f9b10 code [0x00007efc010f9cc0, 0x00007efc010fa488]
Event: 1.852 Thread 0x00007efc0432d000  386             java.lang.String::startsWith (7 bytes)
Event: 1.853 Thread 0x00007efc04330000  387             java.util.zip.ZStreamRef::address (5 bytes)
Event: 1.853 Thread 0x00007efc04330000 nmethod 387 0x00007efc010f3290 code [0x00007efc010f33c0, 0x00007efc010f3418]
Event: 1.854 Thread 0x00007efc0432d000 nmethod 386 0x00007efc010f96d0 code [0x00007efc010f9820, 0x00007efc010f99b8]
Event: 1.863 Thread 0x00007efc04330000  388             java.net.URL::getHost (5 bytes)
Event: 1.864 Thread 0x00007efc04330000 nmethod 388 0x00007efc010fafd0 code [0x00007efc010fb100, 0x00007efc010fb158]
Event: 1.865 Thread 0x00007efc04330000  389             java.lang.String::indexOf (25 bytes)
Event: 1.866 Thread 0x00007efc04330000 nmethod 389 0x00007efc010fac90 code [0x00007efc010fade0, 0x00007efc010faea8]

GC Heap History (0 events):
No events

Deoptimization events (10 events):
Event: 1.797 Thread 0x00007efc04029000 Uncommon trap: reason=predicate action=maybe_recompile pc=0x00007efc010d1bf0 method=scala.collection.immutable.List.foreach(Lscala/Function1;)V @ 10
Event: 1.854 Thread 0x00007efc04029000 Uncommon trap: reason=bimorphic action=maybe_recompile pc=0x00007efc010b6c54 method=scala.collection.TraversableLike$$anonfun$map$1.apply(Ljava/lang/Object;)Lscala/collection/mutable/Builder; @ 14
Event: 1.855 Thread 0x00007efc04029000 Uncommon trap: reason=bimorphic action=maybe_recompile pc=0x00007efc010d2fd0 method=scala.collection.IterableLike$class.foreach(Lscala/collection/IterableLike;Lscala/Function1;)V @ 7
Event: 1.858 Thread 0x00007efc04029000 Uncommon trap: reason=unstable_if action=reinterpret pc=0x00007efc010bb7c4 method=scala.runtime.ScalaRunTime$.hash(Ljava/lang/Object;)I @ 12
Event: 1.858 Thread 0x00007efc04029000 Uncommon trap: reason=unstable_if action=reinterpret pc=0x00007efc010bad88 method=scala.runtime.ScalaRunTime$.hash(Ljava/lang/Object;)I @ 12
Event: 1.858 Thread 0x00007efc04029000 Uncommon trap: reason=unstable_if action=reinterpret pc=0x00007efc010ba928 method=scala.runtime.ScalaRunTime$.hash(Ljava/lang/Object;)I @ 12
Event: 1.858 Thread 0x00007efc04029000 Uncommon trap: reason=unstable_if action=reinterpret pc=0x00007efc010ddcf4 method=scala.runtime.ScalaRunTime$.hash(Ljava/lang/Object;)I @ 12
Event: 1.858 Thread 0x00007efc04029000 Uncommon trap: reason=unstable_if action=reinterpret pc=0x00007efc010dd6f0 method=scala.runtime.ScalaRunTime$.hash(Ljava/lang/Object;)I @ 12
Event: 1.861 Thread 0x00007efc04029000 Uncommon trap: reason=bimorphic action=maybe_recompile pc=0x00007efc010b6c54 method=scala.collection.TraversableLike$$anonfun$map$1.apply(Ljava/lang/Object;)Lscala/collection/mutable/Builder; @ 14
Event: 1.865 Thread 0x00007efc04029000 Uncommon trap: reason=class_check action=maybe_recompile pc=0x00007efc010ac698 method=java.lang.String.valueOf(Ljava/lang/Object;)Ljava/lang/String; @ 10

Internal exceptions (10 events):
Event: 1.866 Thread 0x00007efc04029000 Threw 0x00000000f7b1a308 at /build/openjdk-7-2nYvii/openjdk-7-7u151-2.6.11/build/openjdk/hotspot/src/share/vm/prims/jvm.cpp:1322
Event: 1.866 Thread 0x00007efc04029000 Threw 0x00000000f7b27290 at /build/openjdk-7-2nYvii/openjdk-7-7u151-2.6.11/build/openjdk/hotspot/src/share/vm/prims/jvm.cpp:1322
Event: 1.867 Thread 0x00007efc04029000 Threw 0x00000000f7b2c2c8 at /build/openjdk-7-2nYvii/openjdk-7-7u151-2.6.11/build/openjdk/hotspot/src/share/vm/prims/jvm.cpp:1322
Event: 1.867 Thread 0x00007efc04029000 Threw 0x00000000f7b30e20 at /build/openjdk-7-2nYvii/openjdk-7-7u151-2.6.11/build/openjdk/hotspot/src/share/vm/prims/jvm.cpp:1322
Event: 1.867 Thread 0x00007efc04029000 Threw 0x00000000f7b36490 at /build/openjdk-7-2nYvii/openjdk-7-7u151-2.6.11/build/openjdk/hotspot/src/share/vm/prims/jvm.cpp:1322
Event: 1.869 Thread 0x00007efc04029000 Threw 0x00000000f7b3c320 at /build/openjdk-7-2nYvii/openjdk-7-7u151-2.6.11/build/openjdk/hotspot/src/share/vm/prims/jvm.cpp:1322
Event: 1.869 Thread 0x00007efc04029000 Threw 0x00000000f7b41fc0 at /build/openjdk-7-2nYvii/openjdk-7-7u151-2.6.11/build/openjdk/hotspot/src/share/vm/prims/jvm.cpp:1322
Event: 1.871 Thread 0x00007efc04029000 Threw 0x00000000f7b4a978 at /build/openjdk-7-2nYvii/openjdk-7-7u151-2.6.11/build/openjdk/hotspot/src/share/vm/prims/jvm.cpp:1322
Event: 1.872 Thread 0x00007efc04029000 Threw 0x00000000f7b50040 at /build/openjdk-7-2nYvii/openjdk-7-7u151-2.6.11/build/openjdk/hotspot/src/share/vm/prims/jvm.cpp:1322
Event: 1.873 Thread 0x00007efc04029000 Threw 0x00000000f7b572b8 at /build/openjdk-7-2nYvii/openjdk-7-7u151-2.6.11/build/openjdk/hotspot/src/share/vm/prims/jvm.cpp:1322

Events (10 events):
Event: 1.876 loading class 0x00007efbc81070d0
Event: 1.876 loading class 0x00007efbc81070d0 done
Event: 1.876 loading class 0x00007efbbc0e2c60
Event: 1.876 loading class 0x00007efbbc0e2c60 done
Event: 1.876 loading class 0x00007efbc8107060
Event: 1.876 loading class 0x00007efbc8107060 done
Event: 1.876 loading class 0x00007efbbc0e2dc0
Event: 1.877 loading class 0x00007efbbc0e2dc0 done
Event: 1.877 loading class 0x00007efbbc0e2e90
Event: 1.877 loading class 0x00007efbbc0e2e90 done


Dynamic libraries:
00400000-006bb000 r-xp 00000000 00:6cd 918                               /usr/bin/python2.7
008ba000-008bb000 r--p 002ba000 00:6cd 918                               /usr/bin/python2.7
008bb000-00930000 rw-p 002bb000 00:6cd 918                               /usr/bin/python2.7
00930000-00942000 rw-p 00000000 00:00 0 
011b1000-01846000 rw-p 00000000 00:00 0                                  [heap]
c5a00000-c6f00000 rw-p 00000000 00:00 0 
c6f00000-d0000000 rw-p 00000000 00:00 0 
d0000000-100000000 rw-p 00000000 00:00 0 
7efbb4000000-7efbb4021000 rw-p 00000000 00:00 0 
7efbb4021000-7efbb8000000 ---p 00000000 00:00 0 
7efbb8000000-7efbb8021000 rw-p 00000000 00:00 0 
7efbb8021000-7efbbc000000 ---p 00000000 00:00 0 
7efbbc000000-7efbbc412000 rw-p 00000000 00:00 0 
7efbbc412000-7efbc0000000 ---p 00000000 00:00 0 
7efbc0000000-7efbc0021000 rw-p 00000000 00:00 0 
7efbc0021000-7efbc4000000 ---p 00000000 00:00 0 
7efbc4000000-7efbc4021000 rw-p 00000000 00:00 0 
7efbc4021000-7efbc8000000 ---p 00000000 00:00 0 
7efbc8000000-7efbc8471000 rw-p 00000000 00:00 0 
7efbc8471000-7efbcc000000 ---p 00000000 00:00 0 
7efbcc000000-7efbcc021000 rw-p 00000000 00:00 0 
7efbcc021000-7efbd0000000 ---p 00000000 00:00 0 
7efbd0000000-7efbd0021000 rw-p 00000000 00:00 0 
7efbd0021000-7efbd4000000 ---p 00000000 00:00 0 
7efbd4000000-7efbd4021000 rw-p 00000000 00:00 0 
7efbd4021000-7efbd8000000 ---p 00000000 00:00 0 
7efbd8000000-7efbd8021000 rw-p 00000000 00:00 0 
7efbd8021000-7efbdc000000 ---p 00000000 00:00 0 
7efbdc000000-7efbdc021000 rw-p 00000000 00:00 0 
7efbdc021000-7efbe0000000 ---p 00000000 00:00 0 
7efbe3947000-7efbe3b87000 rw-p 00000000 00:00 0 
7efbe3b87000-7efbe3b9e000 r-xp 00000000 00:6cd 715                       /lib/x86_64-linux-gnu/libresolv-2.19.so
7efbe3b9e000-7efbe3d9e000 ---p 00017000 00:6cd 715                       /lib/x86_64-linux-gnu/libresolv-2.19.so
7efbe3d9e000-7efbe3d9f000 r--p 00017000 00:6cd 715                       /lib/x86_64-linux-gnu/libresolv-2.19.so
7efbe3d9f000-7efbe3da0000 rw-p 00018000 00:6cd 715                       /lib/x86_64-linux-gnu/libresolv-2.19.so
7efbe3da0000-7efbe3da2000 rw-p 00000000 00:00 0 
7efbe3da2000-7efbe3da7000 r-xp 00000000 00:6cd 5834                      /lib/x86_64-linux-gnu/libnss_dns-2.19.so
7efbe3da7000-7efbe3fa6000 ---p 00005000 00:6cd 5834                      /lib/x86_64-linux-gnu/libnss_dns-2.19.so
7efbe3fa6000-7efbe3fa7000 r--p 00004000 00:6cd 5834                      /lib/x86_64-linux-gnu/libnss_dns-2.19.so
7efbe3fa7000-7efbe3fa8000 rw-p 00005000 00:6cd 5834                      /lib/x86_64-linux-gnu/libnss_dns-2.19.so
7efbe3fa8000-7efbe4000000 r--s 004f0000 00:6cd 5461                      /usr/local/lib/python2.7/dist-packages/konlpy/java/scala-library-2.11.4.jar
7efbe4000000-7efbe4021000 rw-p 00000000 00:00 0 
7efbe4021000-7efbe8000000 ---p 00000000 00:00 0 
7efbe8000000-7efbe8021000 rw-p 00000000 00:00 0 
7efbe8021000-7efbec000000 ---p 00000000 00:00 0 
7efbec000000-7efbec021000 rw-p 00000000 00:00 0 
7efbec021000-7efbf0000000 ---p 00000000 00:00 0 
7efbf0000000-7efbf0021000 rw-p 00000000 00:00 0 
7efbf0021000-7efbf4000000 ---p 00000000 00:00 0 
7efbf4000000-7efbf4021000 rw-p 00000000 00:00 0 
7efbf4021000-7efbf8000000 ---p 00000000 00:00 0 
7efbf8000000-7efbf8040000 rw-p 00000000 00:00 0 
7efbf8040000-7efbf8043000 ---p 00000000 00:00 0 
7efbf8043000-7efbf8141000 rw-p 00000000 00:00 0 
7efbf8141000-7efbf8142000 ---p 00000000 00:00 0 
7efbf8142000-7efbf8242000 rw-p 00000000 00:00 0 
7efbf8242000-7efbf8245000 ---p 00000000 00:00 0 
7efbf8245000-7efbf8343000 rw-p 00000000 00:00 0 
7efbf8343000-7efbf8346000 ---p 00000000 00:00 0 
7efbf8346000-7efbf8444000 rw-p 00000000 00:00 0 
7efbf8444000-7efbf8447000 ---p 00000000 00:00 0 
7efbf8447000-7efbf8545000 rw-p 00000000 00:00 0 
7efbf8545000-7efbf8548000 ---p 00000000 00:00 0 
7efbf8548000-7efbf8646000 rw-p 00000000 00:00 0 
7efbf8646000-7efbf87b5000 r--p 00000000 00:6cd 107                       /usr/lib/locale/C.UTF-8/LC_COLLATE
7efbf87b5000-7efbf87b8000 ---p 00000000 00:00 0 
7efbf87b8000-7efbf88b6000 rw-p 00000000 00:00 0 
7efbf88b6000-7efbf88b9000 ---p 00000000 00:00 0 
7efbf88b9000-7efbf89b7000 rw-p 00000000 00:00 0 
7efbf89b7000-7efbf89b8000 ---p 00000000 00:00 0 
7efbf89b8000-7efbfc000000 rw-p 00000000 00:00 0 
7efbfc000000-7efbfc021000 rw-p 00000000 00:00 0 
7efbfc021000-7efc00000000 ---p 00000000 00:00 0 
7efc00019000-7efc0031c000 rw-p 00000000 00:00 0 
7efc0031c000-7efc004d2000 r--s 01d63000 00:6cd 5329                      /usr/lib/jvm/java-7-openjdk-amd64/jre/lib/rt.jar
7efc004d2000-7efc006a5000 rw-p 00000000 00:00 0 
7efc006a5000-7efc006a6000 ---p 00000000 00:00 0 
7efc006a6000-7efc007a6000 rw-p 00000000 00:00 0 
7efc007a6000-7efc007a7000 ---p 00000000 00:00 0 
7efc007a7000-7efc008a7000 rw-p 00000000 00:00 0 
7efc008a7000-7efc008a8000 ---p 00000000 00:00 0 
7efc008a8000-7efc009a8000 rw-p 00000000 00:00 0 
7efc009a8000-7efc009a9000 ---p 00000000 00:00 0 
7efc009a9000-7efc00aa9000 rw-p 00000000 00:00 0 
7efc00aa9000-7efc00aaa000 ---p 00000000 00:00 0 
7efc00aaa000-7efc00baa000 rw-p 00000000 00:00 0 
7efc00baa000-7efc00bab000 ---p 00000000 00:00 0 
7efc00bab000-7efc00cab000 rw-p 00000000 00:00 0 
7efc00cab000-7efc00cac000 ---p 00000000 00:00 0 
7efc00cac000-7efc00dac000 rw-p 00000000 00:00 0 
7efc00dac000-7efc00dad000 ---p 00000000 00:00 0 
7efc00dad000-7efc00eb8000 rw-p 00000000 00:00 0 
7efc00eb8000-7efc00f00000 rw-p 00000000 00:00 0 
7efc00f00000-7efc01000000 rw-p 00000000 00:00 0 
7efc01000000-7efc01270000 rwxp 00000000 00:00 0 
7efc01270000-7efc0496f000 rw-p 00000000 00:00 0 
7efc0496f000-7efc08000000 ---p 00000000 00:00 0 
7efc0801e000-7efc08029000 rw-p 00000000 00:00 0 
7efc08029000-7efc08071000 rw-p 00000000 00:00 0 
7efc08071000-7efc081fc000 rw-p 00000000 00:00 0 
7efc081fc000-7efc082b2000 rw-p 00000000 00:00 0 
7efc082b2000-7efc082ba000 r-xp 00000000 00:6cd 5421                      /usr/lib/jvm/java-7-openjdk-amd64/jre/lib/amd64/libzip.so
7efc082ba000-7efc084b9000 ---p 00008000 00:6cd 5421                      /usr/lib/jvm/java-7-openjdk-amd64/jre/lib/amd64/libzip.so
7efc084b9000-7efc084ba000 r--p 00007000 00:6cd 5421                      /usr/lib/jvm/java-7-openjdk-amd64/jre/lib/amd64/libzip.so
7efc084ba000-7efc084bb000 rw-p 00008000 00:6cd 5421                      /usr/lib/jvm/java-7-openjdk-amd64/jre/lib/amd64/libzip.so
7efc084bb000-7efc084c6000 r-xp 00000000 00:6cd 787                       /lib/x86_64-linux-gnu/libnss_nis-2.19.so
7efc084c6000-7efc086c5000 ---p 0000b000 00:6cd 787                       /lib/x86_64-linux-gnu/libnss_nis-2.19.so
7efc086c5000-7efc086c6000 r--p 0000a000 00:6cd 787                       /lib/x86_64-linux-gnu/libnss_nis-2.19.so
7efc086c6000-7efc086c7000 rw-p 0000b000 00:6cd 787                       /lib/x86_64-linux-gnu/libnss_nis-2.19.so
7efc086c7000-7efc086de000 r-xp 00000000 00:6cd 785                       /lib/x86_64-linux-gnu/libnsl-2.19.so
7efc086de000-7efc088dd000 ---p 00017000 00:6cd 785                       /lib/x86_64-linux-gnu/libnsl-2.19.so
7efc088dd000-7efc088de000 r--p 00016000 00:6cd 785                       /lib/x86_64-linux-gnu/libnsl-2.19.so
7efc088de000-7efc088df000 rw-p 00017000 00:6cd 785                       /lib/x86_64-linux-gnu/libnsl-2.19.so
7efc088df000-7efc088e1000 rw-p 00000000 00:00 0 
7efc088e1000-7efc088ea000 r-xp 00000000 00:6cd 783                       /lib/x86_64-linux-gnu/libnss_compat-2.19.so
7efc088ea000-7efc08ae9000 ---p 00009000 00:6cd 783                       /lib/x86_64-linux-gnu/libnss_compat-2.19.so
7efc08ae9000-7efc08aea000 r--p 00008000 00:6cd 783                       /lib/x86_64-linux-gnu/libnss_compat-2.19.so
7efc08aea000-7efc08aeb000 rw-p 00009000 00:6cd 783                       /lib/x86_64-linux-gnu/libnss_compat-2.19.so
7efc08aeb000-7efc08b15000 r-xp 00000000 00:6cd 5394                      /usr/lib/jvm/java-7-openjdk-amd64/jre/lib/amd64/libjava.so
7efc08b15000-7efc08d15000 ---p 0002a000 00:6cd 5394                      /usr/lib/jvm/java-7-openjdk-amd64/jre/lib/amd64/libjava.so
7efc08d15000-7efc08d16000 r--p 0002a000 00:6cd 5394                      /usr/lib/jvm/java-7-openjdk-amd64/jre/lib/amd64/libjava.so
7efc08d16000-7efc08d18000 rw-p 0002b000 00:6cd 5394                      /usr/lib/jvm/java-7-openjdk-amd64/jre/lib/amd64/libjava.so
7efc08d18000-7efc08d28000 r-xp 00000000 00:6cd 5408                      /usr/lib/jvm/java-7-openjdk-amd64/jre/lib/amd64/libverify.so
7efc08d28000-7efc08f27000 ---p 00010000 00:6cd 5408                      /usr/lib/jvm/java-7-openjdk-amd64/jre/lib/amd64/libverify.so
7efc08f27000-7efc08f29000 r--p 0000f000 00:6cd 5408                      /usr/lib/jvm/java-7-openjdk-amd64/jre/lib/amd64/libverify.so
7efc08f29000-7efc08f2a000 rw-p 00011000 00:6cd 5408                      /usr/lib/jvm/java-7-openjdk-amd64/jre/lib/amd64/libverify.so
7efc08f2a000-7efc08f31000 r-xp 00000000 00:6cd 375                       /lib/x86_64-linux-gnu/librt-2.19.so
7efc08f31000-7efc09130000 ---p 00007000 00:6cd 375                       /lib/x86_64-linux-gnu/librt-2.19.so
7efc09130000-7efc09131000 r--p 00006000 00:6cd 375                       /lib/x86_64-linux-gnu/librt-2.19.so
7efc09131000-7efc09132000 rw-p 00007000 00:6cd 375                       /lib/x86_64-linux-gnu/librt-2.19.so
7efc09132000-7efc09c66000 r-xp 00000000 00:6cd 5436                      /usr/lib/jvm/java-7-openjdk-amd64/jre/lib/amd64/server/libjvm.so
7efc09c66000-7efc09e66000 ---p 00b34000 00:6cd 5436                      /usr/lib/jvm/java-7-openjdk-amd64/jre/lib/amd64/server/libjvm.so
7efc09e66000-7efc09f01000 r--p 00b34000 00:6cd 5436                      /usr/lib/jvm/java-7-openjdk-amd64/jre/lib/amd64/server/libjvm.so
7efc09f01000-7efc09f24000 rw-p 00bcf000 00:6cd 5436                      /usr/lib/jvm/java-7-openjdk-amd64/jre/lib/amd64/server/libjvm.so
7efc09f24000-7efc09f94000 rw-p 00000000 00:00 0 
7efc09f94000-7efc09f97000 ---p 00000000 00:00 0 
7efc09f97000-7efc0a795000 rw-p 00000000 00:00 0 
7efc0a795000-7efc0a79f000 r-xp 00000000 00:6cd 751                       /lib/x86_64-linux-gnu/libnss_files-2.19.so
7efc0a79f000-7efc0a99e000 ---p 0000a000 00:6cd 751                       /lib/x86_64-linux-gnu/libnss_files-2.19.so
7efc0a99e000-7efc0a99f000 r--p 00009000 00:6cd 751                       /lib/x86_64-linux-gnu/libnss_files-2.19.so
7efc0a99f000-7efc0a9a0000 rw-p 0000a000 00:6cd 751                       /lib/x86_64-linux-gnu/libnss_files-2.19.so
7efc0a9a0000-7efc0a9e0000 rw-p 00000000 00:00 0 
7efc0a9e0000-7efc0aa2b000 r-xp 00000000 00:6cd 2939                      /usr/lib/python2.7/dist-packages/numpy/random/mtrand.so
7efc0aa2b000-7efc0ac2a000 ---p 0004b000 00:6cd 2939                      /usr/lib/python2.7/dist-packages/numpy/random/mtrand.so
7efc0ac2a000-7efc0ac2b000 r--p 0004a000 00:6cd 2939                      /usr/lib/python2.7/dist-packages/numpy/random/mtrand.so
7efc0ac2b000-7efc0ac61000 rw-p 0004b000 00:6cd 2939                      /usr/lib/python2.7/dist-packages/numpy/random/mtrand.so
7efc0ac61000-7efc0ace2000 rw-p 00000000 00:00 0 
7efc0ace2000-7efc0aceb000 r-xp 00000000 00:6cd 2912                      /usr/lib/python2.7/dist-packages/numpy/fft/fftpack_lite.so
7efc0aceb000-7efc0aeea000 ---p 00009000 00:6cd 2912                      /usr/lib/python2.7/dist-packages/numpy/fft/fftpack_lite.so
7efc0aeea000-7efc0aeeb000 r--p 00008000 00:6cd 2912                      /usr/lib/python2.7/dist-packages/numpy/fft/fftpack_lite.so
7efc0aeeb000-7efc0aeec000 rw-p 00009000 00:6cd 2912                      /usr/lib/python2.7/dist-packages/numpy/fft/fftpack_lite.so
7efc0aeec000-7efc0aeed000 r-xp 00000000 00:6cd 2898                      /usr/lib/python2.7/lib-dynload/future_builtins.x86_64-linux-gnu.so
7efc0aeed000-7efc0b0ec000 ---p 00001000 00:6cd 2898                      /usr/lib/python2.7/lib-dynload/future_builtins.x86_64-linux-gnu.so
7efc0b0ec000-7efc0b0ed000 r--p 00000000 00:6cd 2898                      /usr/lib/python2.7/lib-dynload/future_builtins.x86_64-linux-gnu.so
7efc0b0ed000-7efc0b0ee000 rw-p 00001000 00:6cd 2898                      /usr/lib/python2.7/lib-dynload/future_builtins.x86_64-linux-gnu.so
7efc0b0ee000-7efc0b10d000 r-xp 00000000 00:6cd 2887                      /usr/lib/python2.7/dist-packages/numpy/linalg/_umath_linalg.so
7efc0b10d000-7efc0b30c000 ---p 0001f000 00:6cd 2887                      /usr/lib/python2.7/dist-packages/numpy/linalg/_umath_linalg.so
7efc0b30c000-7efc0b30d000 r--p 0001e000 00:6cd 2887                      /usr/lib/python2.7/dist-packages/numpy/linalg/_umath_linalg.so
7efc0b30d000-7efc0b30e000 rw-p 0001f000 00:6cd 2887                      /usr/lib/python2.7/dist-packages/numpy/linalg/_umath_linalg.so
7efc0b30e000-7efc0b349000 r-xp 00000000 00:6cd 2886                      /usr/lib/x86_64-linux-gnu/libquadmath.so.0.0.0
7efc0b349000-7efc0b548000 ---p 0003b000 00:6cd 2886                      /usr/lib/x86_64-linux-gnu/libquadmath.so.0.0.0
7efc0b548000-7efc0b549000 r--p 0003a000 00:6cd 2886                      /usr/lib/x86_64-linux-gnu/libquadmath.so.0.0.0
7efc0b549000-7efc0b54a000 rw-p 0003b000 00:6cd 2886                      /usr/lib/x86_64-linux-gnu/libquadmath.so.0.0.0
7efc0b54a000-7efc0b661000 r-xp 00000000 00:6cd 2884                      /usr/lib/x86_64-linux-gnu/libgfortran.so.3.0.0
7efc0b661000-7efc0b861000 ---p 00117000 00:6cd 2884                      /usr/lib/x86_64-linux-gnu/libgfortran.so.3.0.0
7efc0b861000-7efc0b862000 r--p 00117000 00:6cd 2884                      /usr/lib/x86_64-linux-gnu/libgfortran.so.3.0.0
7efc0b862000-7efc0b864000 rw-p 00118000 00:6cd 2884                      /usr/lib/x86_64-linux-gnu/libgfortran.so.3.0.0
7efc0b864000-7efc0bdfc000 r-xp 00000000 00:6cd 2882                      /usr/lib/lapack/liblapack.so.3.0
7efc0bdfc000-7efc0bffb000 ---p 00598000 00:6cd 2882                      /usr/lib/lapack/liblapack.so.3.0
7efc0bffb000-7efc0bffc000 r--p 00597000 00:6cd 2882                      /usr/lib/lapack/liblapack.so.3.0
7efc0bffc000-7efc0c000000 rw-p 00598000 00:6cd 2882                      /usr/lib/lapack/liblapack.so.3.0
7efc0c000000-7efc0c4d7000 rw-p 00000000 00:00 0 
7efc0c4d7000-7efc10000000 ---p 00000000 00:00 0 
7efc10023000-7efc10032000 r--s 003aa000 00:6cd 5462                      /usr/local/lib/python2.7/dist-packages/konlpy/java/twitter-korean-text-2.4.3.jar
7efc10032000-7efc10039000 r--s 0003c000 00:6cd 5460                      /usr/local/lib/python2.7/dist-packages/konlpy/java/snakeyaml-1.12.jar
7efc10039000-7efc100f9000 rw-p 00000000 00:00 0 
7efc100f9000-7efc100ff000 r-xp 00000000 00:6cd 2877                      /usr/lib/python2.7/dist-packages/numpy/linalg/lapack_lite.so
7efc100ff000-7efc102fe000 ---p 00006000 00:6cd 2877                      /usr/lib/python2.7/dist-packages/numpy/linalg/lapack_lite.so
7efc102fe000-7efc102ff000 r--p 00005000 00:6cd 2877                      /usr/lib/python2.7/dist-packages/numpy/linalg/lapack_lite.so
7efc102ff000-7efc10300000 rw-p 00006000 00:6cd 2877                      /usr/lib/python2.7/dist-packages/numpy/linalg/lapack_lite.so
7efc10300000-7efc10340000 rw-p 00000000 00:00 0 
7efc10340000-7efc10346000 r-xp 00000000 00:6cd 2852                      /usr/lib/python2.7/dist-packages/numpy/lib/_compiled_base.so
7efc10346000-7efc10545000 ---p 00006000 00:6cd 2852                      /usr/lib/python2.7/dist-packages/numpy/lib/_compiled_base.so
7efc10545000-7efc10546000 r--p 00005000 00:6cd 2852                      /usr/lib/python2.7/dist-packages/numpy/lib/_compiled_base.so
7efc10546000-7efc10547000 rw-p 00006000 00:6cd 2852                      /usr/lib/python2.7/dist-packages/numpy/lib/_compiled_base.so
7efc10547000-7efc10587000 rw-p 00000000 00:00 0 
7efc10587000-7efc105b2000 r-xp 00000000 00:6cd 2805                      /usr/lib/python2.7/dist-packages/numpy/core/scalarmath.so
7efc105b2000-7efc107b1000 ---p 0002b000 00:6cd 2805                      /usr/lib/python2.7/dist-packages/numpy/core/scalarmath.so
7efc107b1000-7efc107b2000 r--p 0002a000 00:6cd 2805                      /usr/lib/python2.7/dist-packages/numpy/core/scalarmath.so
7efc107b2000-7efc107b4000 rw-p 0002b000 00:6cd 2805                      /usr/lib/python2.7/dist-packages/numpy/core/scalarmath.so
7efc107b4000-7efc10830000 r-xp 00000000 00:6cd 2792                      /usr/lib/libblas/libblas.so.3.0
7efc10830000-7efc10a2f000 ---p 0007c000 00:6cd 2792                      /usr/lib/libblas/libblas.so.3.0
7efc10a2f000-7efc10a30000 r--p 0007b000 00:6cd 2792                      /usr/lib/libblas/libblas.so.3.0
7efc10a30000-7efc10a31000 rw-p 0007c000 00:6cd 2792                      /usr/lib/libblas/libblas.so.3.0
7efc10a31000-7efc10a36000 r-xp 00000000 00:6cd 2787                      /usr/lib/python2.7/dist-packages/numpy/core/_dotblas.so
7efc10a36000-7efc10c35000 ---p 00005000 00:6cd 2787                      /usr/lib/python2.7/dist-packages/numpy/core/_dotblas.so
7efc10c35000-7efc10c36000 r--p 00004000 00:6cd 2787                      /usr/lib/python2.7/dist-packages/numpy/core/_dotblas.so
7efc10c36000-7efc10c37000 rw-p 00005000 00:6cd 2787                      /usr/lib/python2.7/dist-packages/numpy/core/_dotblas.so
7efc10c37000-7efc10c95000 r-xp 00000000 00:6cd 2773                      /usr/lib/python2.7/dist-packages/numpy/core/umath.so
7efc10c95000-7efc10e94000 ---p 0005e000 00:6cd 2773                      /usr/lib/python2.7/dist-packages/numpy/core/umath.so
7efc10e94000-7efc10e95000 r--p 0005d000 00:6cd 2773                      /usr/lib/python2.7/dist-packages/numpy/core/umath.so
7efc10e95000-7efc10e99000 rw-p 0005e000 00:6cd 2773                      /usr/lib/python2.7/dist-packages/numpy/core/umath.so
7efc10e99000-7efc10e9b000 rw-p 00000000 00:00 0 
7efc10e9b000-7efc10fd8000 r-xp 00000000 00:6cd 2772                      /usr/lib/python2.7/dist-packages/numpy/core/multiarray.so
7efc10fd8000-7efc111d7000 ---p 0013d000 00:6cd 2772                      /usr/lib/python2.7/dist-packages/numpy/core/multiarray.so
7efc111d7000-7efc111d9000 r--p 0013c000 00:6cd 2772                      /usr/lib/python2.7/dist-packages/numpy/core/multiarray.so
7efc111d9000-7efc111e6000 rw-p 0013e000 00:6cd 2772                      /usr/lib/python2.7/dist-packages/numpy/core/multiarray.so
7efc111e6000-7efc114e9000 rw-p 00000000 00:00 0 
7efc114e9000-7efc114ff000 r-xp 00000000 00:6cd 378                       /lib/x86_64-linux-gnu/libgcc_s.so.1
7efc114ff000-7efc116fe000 ---p 00016000 00:6cd 378                       /lib/x86_64-linux-gnu/libgcc_s.so.1
7efc116fe000-7efc116ff000 rw-p 00015000 00:6cd 378                       /lib/x86_64-linux-gnu/libgcc_s.so.1
7efc116ff000-7efc117e5000 r-xp 00000000 00:6cd 377                       /usr/lib/x86_64-linux-gnu/libstdc++.so.6.0.19
7efc117e5000-7efc119e4000 ---p 000e6000 00:6cd 377                       /usr/lib/x86_64-linux-gnu/libstdc++.so.6.0.19
7efc119e4000-7efc119ec000 r--p 000e5000 00:6cd 377                       /usr/lib/x86_64-linux-gnu/libstdc++.so.6.0.19
7efc119ec000-7efc119ee000 rw-p 000ed000 00:6cd 377                       /usr/lib/x86_64-linux-gnu/libstdc++.so.6.0.19
7efc119ee000-7efc11a03000 rw-p 00000000 00:00 0 
7efc11a03000-7efc11a83000 r-xp 00000000 00:6cd 418                       /usr/local/lib/python2.7/dist-packages/_jpype.so
7efc11a83000-7efc11c82000 ---p 00080000 00:6cd 418                       /usr/local/lib/python2.7/dist-packages/_jpype.so
7efc11c82000-7efc11c85000 r--p 0007f000 00:6cd 418                       /usr/local/lib/python2.7/dist-packages/_jpype.so
7efc11c85000-7efc11c88000 rw-p 00082000 00:6cd 418                       /usr/local/lib/python2.7/dist-packages/_jpype.so
7efc11c88000-7efc11c8e000 r-xp 00000000 00:6cd 2743                      /usr/lib/python2.7/lib-dynload/_csv.x86_64-linux-gnu.so
7efc11c8e000-7efc11e8d000 ---p 00006000 00:6cd 2743                      /usr/lib/python2.7/lib-dynload/_csv.x86_64-linux-gnu.so
7efc11e8d000-7efc11e8e000 r--p 00005000 00:6cd 2743                      /usr/lib/python2.7/lib-dynload/_csv.x86_64-linux-gnu.so
7efc11e8e000-7efc11e90000 rw-p 00006000 00:6cd 2743                      /usr/lib/python2.7/lib-dynload/_csv.x86_64-linux-gnu.so
7efc11e90000-7efc11f50000 rw-p 00000000 00:00 0 
7efc11f50000-7efc11f77000 r-xp 00000000 00:6cd 2687                      /lib/x86_64-linux-gnu/libexpat.so.1.6.0
7efc11f77000-7efc12177000 ---p 00027000 00:6cd 2687                      /lib/x86_64-linux-gnu/libexpat.so.1.6.0
7efc12177000-7efc12179000 r--p 00027000 00:6cd 2687                      /lib/x86_64-linux-gnu/libexpat.so.1.6.0
7efc12179000-7efc1217a000 rw-p 00029000 00:6cd 2687                      /lib/x86_64-linux-gnu/libexpat.so.1.6.0
7efc1217a000-7efc12189000 r-xp 00000000 00:6cd 2685                      /usr/lib/python2.7/lib-dynload/pyexpat.x86_64-linux-gnu.so
7efc12189000-7efc12388000 ---p 0000f000 00:6cd 2685                      /usr/lib/python2.7/lib-dynload/pyexpat.x86_64-linux-gnu.so
7efc12388000-7efc12389000 r--p 0000e000 00:6cd 2685                      /usr/lib/python2.7/lib-dynload/pyexpat.x86_64-linux-gnu.so
7efc12389000-7efc1238b000 rw-p 0000f000 00:6cd 2685                      /usr/lib/python2.7/lib-dynload/pyexpat.x86_64-linux-gnu.so
7efc1238b000-7efc123cb000 rw-p 00000000 00:00 0 
7efc123cb000-7efc123d8000 r-xp 00000000 00:6cd 2680                      /usr/lib/python2.7/lib-dynload/_elementtree.x86_64-linux-gnu.so
7efc123d8000-7efc125d7000 ---p 0000d000 00:6cd 2680                      /usr/lib/python2.7/lib-dynload/_elementtree.x86_64-linux-gnu.so
7efc125d7000-7efc125d8000 r--p 0000c000 00:6cd 2680                      /usr/lib/python2.7/lib-dynload/_elementtree.x86_64-linux-gnu.so
7efc125d8000-7efc125d9000 rw-p 0000d000 00:6cd 2680                      /usr/lib/python2.7/lib-dynload/_elementtree.x86_64-linux-gnu.so
7efc125d9000-7efc12799000 rw-p 00000000 00:00 0 
7efc12799000-7efc127a3000 r-xp 00000000 00:6cd 2612                      /usr/lib/python2.7/dist-packages/simplejson/_speedups.x86_64-linux-gnu.so
7efc127a3000-7efc129a2000 ---p 0000a000 00:6cd 2612                      /usr/lib/python2.7/dist-packages/simplejson/_speedups.x86_64-linux-gnu.so
7efc129a2000-7efc129a3000 r--p 00009000 00:6cd 2612                      /usr/lib/python2.7/dist-packages/simplejson/_speedups.x86_64-linux-gnu.so
7efc129a3000-7efc129a4000 rw-p 0000a000 00:6cd 2612                      /usr/lib/python2.7/dist-packages/simplejson/_speedups.x86_64-linux-gnu.so
7efc129a4000-7efc12a24000 rw-p 00000000 00:00 0 
7efc12a24000-7efc12a25000 ---p 00000000 00:00 0 
7efc12a25000-7efc133e5000 rw-p 00000000 00:00 0 
7efc133e5000-7efc13499000 r-xp 00000000 00:6cd 747                       /usr/lib/x86_64-linux-gnu/libsqlite3.so.0.8.6
7efc13499000-7efc13699000 ---p 000b4000 00:6cd 747                       /usr/lib/x86_64-linux-gnu/libsqlite3.so.0.8.6
7efc13699000-7efc1369b000 r--p 000b4000 00:6cd 747                       /usr/lib/x86_64-linux-gnu/libsqlite3.so.0.8.6
7efc1369b000-7efc1369d000 rw-p 000b6000 00:6cd 747                       /usr/lib/x86_64-linux-gnu/libsqlite3.so.0.8.6
7efc1369d000-7efc1369e000 rw-p 00000000 00:00 0 
7efc1369e000-7efc136b0000 r-xp 00000000 00:6cd 2374                      /usr/lib/python2.7/lib-dynload/_sqlite3.x86_64-linux-gnu.so
7efc136b0000-7efc138af000 ---p 00012000 00:6cd 2374                      /usr/lib/python2.7/lib-dynload/_sqlite3.x86_64-linux-gnu.so
7efc138af000-7efc138b0000 r--p 00011000 00:6cd 2374                      /usr/lib/python2.7/lib-dynload/_sqlite3.x86_64-linux-gnu.so
7efc138b0000-7efc138b2000 rw-p 00012000 00:6cd 2374                      /usr/lib/python2.7/lib-dynload/_sqlite3.x86_64-linux-gnu.so
7efc138b2000-7efc13cb2000 rw-p 00000000 00:00 0 
7efc13cb2000-7efc13cb6000 r-xp 00000000 00:6cd 2075                      /lib/x86_64-linux-gnu/libuuid.so.1.3.0
7efc13cb6000-7efc13eb5000 ---p 00004000 00:6cd 2075                      /lib/x86_64-linux-gnu/libuuid.so.1.3.0
7efc13eb5000-7efc13eb6000 r--p 00003000 00:6cd 2075                      /lib/x86_64-linux-gnu/libuuid.so.1.3.0
7efc13eb6000-7efc13eb7000 rw-p 00004000 00:6cd 2075                      /lib/x86_64-linux-gnu/libuuid.so.1.3.0
7efc13eb7000-7efc13ef7000 rw-p 00000000 00:00 0 
7efc13ef7000-7efc13efe000 r-xp 00000000 00:6cd 739                       /usr/lib/x86_64-linux-gnu/libffi.so.6.0.1
7efc13efe000-7efc140fd000 ---p 00007000 00:6cd 739                       /usr/lib/x86_64-linux-gnu/libffi.so.6.0.1
7efc140fd000-7efc140fe000 r--p 00006000 00:6cd 739                       /usr/lib/x86_64-linux-gnu/libffi.so.6.0.1
7efc140fe000-7efc140ff000 rw-p 00007000 00:6cd 739                       /usr/lib/x86_64-linux-gnu/libffi.so.6.0.1
7efc140ff000-7efc1411c000 r-xp 00000000 00:6cd 2067                      /usr/lib/python2.7/lib-dynload/_ctypes.x86_64-linux-gnu.so
7efc1411c000-7efc1431b000 ---p 0001d000 00:6cd 2067                      /usr/lib/python2.7/lib-dynload/_ctypes.x86_64-linux-gnu.so
7efc1431b000-7efc1431c000 r--p 0001c000 00:6cd 2067                      /usr/lib/python2.7/lib-dynload/_ctypes.x86_64-linux-gnu.so
7efc1431c000-7efc14320000 rw-p 0001d000 00:6cd 2067                      /usr/lib/python2.7/lib-dynload/_ctypes.x86_64-linux-gnu.so
7efc14320000-7efc14460000 rw-p 00000000 00:00 0 
7efc14460000-7efc1446c000 r-xp 00000000 00:6cd 1389                      /usr/lib/python2.7/lib-dynload/_json.x86_64-linux-gnu.so
7efc1446c000-7efc1466b000 ---p 0000c000 00:6cd 1389                      /usr/lib/python2.7/lib-dynload/_json.x86_64-linux-gnu.so
7efc1466b000-7efc1466c000 r--p 0000b000 00:6cd 1389                      /usr/lib/python2.7/lib-dynload/_json.x86_64-linux-gnu.so
7efc1466c000-7efc1466d000 rw-p 0000c000 00:6cd 1389                      /usr/lib/python2.7/lib-dynload/_json.x86_64-linux-gnu.so
7efc1466d000-7efc1476d000 rw-p 00000000 00:00 0 
7efc1476d000-7efc14771000 r-xp 00000000 00:6cd 1296                      /usr/lib/python2.7/lib-dynload/termios.x86_64-linux-gnu.so
7efc14771000-7efc14970000 ---p 00004000 00:6cd 1296                      /usr/lib/python2.7/lib-dynload/termios.x86_64-linux-gnu.so
7efc14970000-7efc14971000 r--p 00003000 00:6cd 1296                      /usr/lib/python2.7/lib-dynload/termios.x86_64-linux-gnu.so
7efc14971000-7efc14973000 rw-p 00004000 00:6cd 1296                      /usr/lib/python2.7/lib-dynload/termios.x86_64-linux-gnu.so
7efc14973000-7efc14a73000 rw-p 00000000 00:00 0 
7efc14a73000-7efc14a77000 r-xp 00000000 00:6cd 1209                      /usr/lib/python2.7/lib-dynload/_hashlib.x86_64-linux-gnu.so
7efc14a77000-7efc14c76000 ---p 00004000 00:6cd 1209                      /usr/lib/python2.7/lib-dynload/_hashlib.x86_64-linux-gnu.so
7efc14c76000-7efc14c77000 r--p 00003000 00:6cd 1209                      /usr/lib/python2.7/lib-dynload/_hashlib.x86_64-linux-gnu.so
7efc14c77000-7efc14c78000 rw-p 00004000 00:6cd 1209                      /usr/lib/python2.7/lib-dynload/_hashlib.x86_64-linux-gnu.so
7efc14c78000-7efc14cb8000 rw-p 00000000 00:00 0 
7efc14cb8000-7efc14e6b000 r-xp 00000000 00:6cd 695                       /lib/x86_64-linux-gnu/libcrypto.so.1.0.0
7efc14e6b000-7efc1506a000 ---p 001b3000 00:6cd 695                       /lib/x86_64-linux-gnu/libcrypto.so.1.0.0
7efc1506a000-7efc15085000 r--p 001b2000 00:6cd 695                       /lib/x86_64-linux-gnu/libcrypto.so.1.0.0
7efc15085000-7efc15090000 rw-p 001cd000 00:6cd 695                       /lib/x86_64-linux-gnu/libcrypto.so.1.0.0
7efc15090000-7efc15094000 rw-p 00000000 00:00 0 
7efc15094000-7efc150e9000 r-xp 00000000 00:6cd 694                       /lib/x86_64-linux-gnu/libssl.so.1.0.0
7efc150e9000-7efc152e9000 ---p 00055000 00:6cd 694                       /lib/x86_64-linux-gnu/libssl.so.1.0.0
7efc152e9000-7efc152ec000 r--p 00055000 00:6cd 694                       /lib/x86_64-linux-gnu/libssl.so.1.0.0
7efc152ec000-7efc152f3000 rw-p 00058000 00:6cd 694                       /lib/x86_64-linux-gnu/libssl.so.1.0.0
7efc152f3000-7efc152fb000 r-xp 00000000 00:6cd 1190                      /usr/lib/python2.7/lib-dynload/_ssl.x86_64-linux-gnu.so
7efc152fb000-7efc154fa000 ---p 00008000 00:6cd 1190                      /usr/lib/python2.7/lib-dynload/_ssl.x86_64-linux-gnu.so
7efc154fa000-7efc154fb000 r--p 00007000 00:6cd 1190                      /usr/lib/python2.7/lib-dynload/_ssl.x86_64-linux-gnu.so
7efc154fb000-7efc154fc000 rw-p 00008000 00:6cd 1190                      /usr/lib/python2.7/lib-dynload/_ssl.x86_64-linux-gnu.so
7efc154fc000-7efc155bc000 rw-p 00000000 00:00 0 
7efc155bd000-7efc156fd000 rw-p 00000000 00:00 0 
7efc156fd000-7efc15714000 r-xp 00000000 00:6cd 1135                      /usr/lib/python2.7/lib-dynload/datetime.x86_64-linux-gnu.so
7efc15714000-7efc15913000 ---p 00017000 00:6cd 1135                      /usr/lib/python2.7/lib-dynload/datetime.x86_64-linux-gnu.so
7efc15913000-7efc15914000 r--p 00016000 00:6cd 1135                      /usr/lib/python2.7/lib-dynload/datetime.x86_64-linux-gnu.so
7efc15914000-7efc15918000 rw-p 00017000 00:6cd 1135                      /usr/lib/python2.7/lib-dynload/datetime.x86_64-linux-gnu.so
7efc15918000-7efc15a1d000 r-xp 00000000 00:6cd 163                       /lib/x86_64-linux-gnu/libm-2.19.so
7efc15a1d000-7efc15c1c000 ---p 00105000 00:6cd 163                       /lib/x86_64-linux-gnu/libm-2.19.so
7efc15c1c000-7efc15c1d000 r--p 00104000 00:6cd 163                       /lib/x86_64-linux-gnu/libm-2.19.so
7efc15c1d000-7efc15c1e000 rw-p 00105000 00:6cd 163                       /lib/x86_64-linux-gnu/libm-2.19.so
7efc15c1e000-7efc15c36000 r-xp 00000000 00:6cd 262                       /lib/x86_64-linux-gnu/libz.so.1.2.8
7efc15c36000-7efc15e35000 ---p 00018000 00:6cd 262                       /lib/x86_64-linux-gnu/libz.so.1.2.8
7efc15e35000-7efc15e36000 r--p 00017000 00:6cd 262                       /lib/x86_64-linux-gnu/libz.so.1.2.8
7efc15e36000-7efc15e37000 rw-p 00018000 00:6cd 262                       /lib/x86_64-linux-gnu/libz.so.1.2.8
7efc15e37000-7efc15e39000 r-xp 00000000 00:6cd 920                       /lib/x86_64-linux-gnu/libutil-2.19.so
7efc15e39000-7efc16038000 ---p 00002000 00:6cd 920                       /lib/x86_64-linux-gnu/libutil-2.19.so
7efc16038000-7efc16039000 r--p 00001000 00:6cd 920                       /lib/x86_64-linux-gnu/libutil-2.19.so
7efc16039000-7efc1603a000 rw-p 00002000 00:6cd 920                       /lib/x86_64-linux-gnu/libutil-2.19.so
7efc1603a000-7efc1603d000 r-xp 00000000 00:6cd 76                        /lib/x86_64-linux-gnu/libdl-2.19.so
7efc1603d000-7efc1623c000 ---p 00003000 00:6cd 76                        /lib/x86_64-linux-gnu/libdl-2.19.so
7efc1623c000-7efc1623d000 r--p 00002000 00:6cd 76                        /lib/x86_64-linux-gnu/libdl-2.19.so
7efc1623d000-7efc1623e000 rw-p 00003000 00:6cd 76                        /lib/x86_64-linux-gnu/libdl-2.19.so
7efc1623e000-7efc163fc000 r-xp 00000000 00:6cd 78                        /lib/x86_64-linux-gnu/libc-2.19.so
7efc163fc000-7efc165fc000 ---p 001be000 00:6cd 78                        /lib/x86_64-linux-gnu/libc-2.19.so
7efc165fc000-7efc16600000 r--p 001be000 00:6cd 78                        /lib/x86_64-linux-gnu/libc-2.19.so
7efc16600000-7efc16602000 rw-p 001c2000 00:6cd 78                        /lib/x86_64-linux-gnu/libc-2.19.so
7efc16602000-7efc16607000 rw-p 00000000 00:00 0 
7efc16607000-7efc16620000 r-xp 00000000 00:6cd 238                       /lib/x86_64-linux-gnu/libpthread-2.19.so
7efc16620000-7efc1681f000 ---p 00019000 00:6cd 238                       /lib/x86_64-linux-gnu/libpthread-2.19.so
7efc1681f000-7efc16820000 r--p 00018000 00:6cd 238                       /lib/x86_64-linux-gnu/libpthread-2.19.so
7efc16820000-7efc16821000 rw-p 00019000 00:6cd 238                       /lib/x86_64-linux-gnu/libpthread-2.19.so
7efc16821000-7efc16825000 rw-p 00000000 00:00 0 
7efc16825000-7efc16848000 r-xp 00000000 00:6cd 71                        /lib/x86_64-linux-gnu/ld-2.19.so
7efc1684c000-7efc1684d000 r--s 00006000 00:6cd 5463                      /usr/local/lib/python2.7/dist-packages/konlpy/java/twitter-text-1.10.1.jar
7efc1684d000-7efc1684e000 r--s 00001000 00:6cd 5459                      /usr/local/lib/python2.7/dist-packages/konlpy/java/shineware-ds-1.0.jar
7efc1684e000-7efc1684f000 r--s 00004000 00:6cd 5458                      /usr/local/lib/python2.7/dist-packages/konlpy/java/shineware-common-2.0.jar
7efc1684f000-7efc16850000 r--s 00006000 00:6cd 5457                      /usr/local/lib/python2.7/dist-packages/konlpy/java/komoran-2.4-e.jar
7efc16850000-7efc16853000 r--s 0075b000 00:6cd 5456                      /usr/local/lib/python2.7/dist-packages/konlpy/java/kkma-2.0.jar
7efc16853000-7efc16857000 r--s 00025000 00:6cd 5455                      /usr/local/lib/python2.7/dist-packages/konlpy/java/jhannanum-0.8.4.jar
7efc16857000-7efc1685a000 r--s 0003d000 00:6cd 5447                      /usr/lib/jvm/java-7-openjdk-amd64/jre/lib/ext/sunpkcs11.jar
7efc1685a000-7efc1689a000 rw-p 00000000 00:00 0 
7efc1689a000-7efc168c0000 r--p 00000000 00:6cd 110                       /usr/lib/locale/C.UTF-8/LC_CTYPE
7efc168c0000-7efc16940000 rw-p 00000000 00:00 0 
7efc16940000-7efc16944000 r--s 00085000 00:6cd 5446                      /usr/lib/jvm/java-7-openjdk-amd64/jre/lib/ext/localedata.jar
7efc16944000-7efc16947000 r--s 0000f000 00:6cd 5445                      /usr/lib/jvm/java-7-openjdk-amd64/jre/lib/ext/icedtea-sound.jar
7efc16947000-7efc16948000 r--s 00002000 00:6cd 5444                      /usr/lib/jvm/java-7-openjdk-amd64/jre/lib/ext/dnsns.jar
7efc16948000-7efc1694a000 r--s 00012000 00:6cd 5443                      /usr/lib/jvm/java-7-openjdk-amd64/jre/lib/ext/zipfs.jar
7efc1694a000-7efc1694e000 r--s 00034000 00:6cd 5442                      /usr/lib/jvm/java-7-openjdk-amd64/jre/lib/ext/sunjce_provider.jar
7efc1694e000-7efc16950000 r--s 00006000 00:6cd 5452                      /usr/share/java/java-atk-wrapper.jar
7efc16950000-7efc16951000 r--p 00000000 00:6cd 109                       /usr/lib/locale/C.UTF-8/LC_NUMERIC
7efc16951000-7efc16952000 r--p 00000000 00:6cd 108                       /usr/lib/locale/C.UTF-8/LC_TIME
7efc16952000-7efc16953000 r--p 00000000 00:6cd 106                       /usr/lib/locale/C.UTF-8/LC_MONETARY
7efc16953000-7efc16954000 r--p 00000000 00:6cd 105                       /usr/lib/locale/C.UTF-8/LC_MESSAGES/SYS_LC_MESSAGES
7efc16954000-7efc16955000 r--p 00000000 00:6cd 103                       /usr/lib/locale/C.UTF-8/LC_PAPER
7efc16955000-7efc16956000 r--p 00000000 00:6cd 102                       /usr/lib/locale/C.UTF-8/LC_NAME
7efc16956000-7efc16969000 rw-p 00000000 00:00 0 
7efc16969000-7efc16971000 rw-s 00000000 00:6cd 294                       /tmp/hsperfdata_ubuntu/27036
7efc16971000-7efc16a36000 rw-p 00000000 00:00 0 
7efc16a36000-7efc16a37000 r--p 00000000 00:6cd 101                       /usr/lib/locale/C.UTF-8/LC_ADDRESS
7efc16a37000-7efc16a38000 r--p 00000000 00:6cd 100                       /usr/lib/locale/C.UTF-8/LC_TELEPHONE
7efc16a38000-7efc16a39000 r--p 00000000 00:6cd 99                        /usr/lib/locale/C.UTF-8/LC_MEASUREMENT
7efc16a39000-7efc16a3a000 r--p 00000000 00:6cd 95                        /usr/lib/locale/C.UTF-8/LC_IDENTIFICATION
7efc16a3a000-7efc16a3b000 rw-p 00000000 00:00 0 
7efc16a3b000-7efc16a3c000 r--p 00000000 00:00 0 
7efc16a3c000-7efc16a3d000 rw-p 00000000 00:00 0 
7efc16a3d000-7efc16a3e000 rwxp 00000000 00:00 0 
7efc16a3e000-7efc16a45000 r--s 00000000 00:6cd 98                        /usr/lib/x86_64-linux-gnu/gconv/gconv-modules.cache
7efc16a45000-7efc16a47000 rw-p 00000000 00:00 0 
7efc16a47000-7efc16a48000 r--p 00022000 00:6cd 71                        /lib/x86_64-linux-gnu/ld-2.19.so
7efc16a48000-7efc16a49000 rw-p 00023000 00:6cd 71                        /lib/x86_64-linux-gnu/ld-2.19.so
7efc16a49000-7efc16a4a000 rw-p 00000000 00:00 0 
7ffcfeb19000-7ffcfeb3a000 rw-p 00000000 00:00 0                          [stack]
7ffcfebdb000-7ffcfebdd000 r--p 00000000 00:00 0                          [vvar]
7ffcfebdd000-7ffcfebdf000 r-xp 00000000 00:00 0                          [vdso]
ffffffffff600000-ffffffffff601000 r-xp 00000000 00:00 0                  [vsyscall]

VM Arguments:
jvm_args: -Dfile.encoding=UTF8 -ea -Xmx768m 
java_command: <unknown>
Launcher Type: generic

Environment Variables:
PATH=/home/ubuntu/.nvm/versions/node/v6.11.2/bin:/usr/local/rvm/gems/ruby-2.4.0/bin:/usr/local/rvm/gems/ruby-2.4.0@global/bin:/usr/local/rvm/rubies/ruby-2.4.0/bin:/mnt/shared/bin:/home/ubuntu/workspace/node_modules/.bin:/home/ubuntu/bin:/usr/local/sbin:/usr/local/bin:/usr/sbin:/usr/bin:/sbin:/bin:/mnt/shared/sbin:/opt/gitl:/opt/go/bin:/mnt/shared/c9/app.nw/bin:/usr/local/rvm/bin
LD_LIBRARY_PATH=~/.c9/local/lib
SHELL=/bin/bash

Signal Handlers:
SIGSEGV: [libjvm.so+0x963630], sa_mask[0]=0x7ffbfeff, sa_flags=0x10000004
SIGBUS: [libjvm.so+0x963630], sa_mask[0]=0x7ffbfeff, sa_flags=0x10000004
SIGFPE: [libjvm.so+0x7d5da0], sa_mask[0]=0x7ffbfeff, sa_flags=0x10000004
SIGPIPE: [libjvm.so+0x7d5da0], sa_mask[0]=0x7ffbfeff, sa_flags=0x10000004
SIGXFSZ: [libjvm.so+0x7d5da0], sa_mask[0]=0x7ffbfeff, sa_flags=0x10000004
SIGILL: [libjvm.so+0x7d5da0], sa_mask[0]=0x7ffbfeff, sa_flags=0x10000004
SIGUSR1: SIG_DFL, sa_mask[0]=0x00000000, sa_flags=0x00000000
SIGUSR2: [libjvm.so+0x7d5ed0], sa_mask[0]=0x00000000, sa_flags=0x10000004
SIGHUP: [libjvm.so+0x7d5e20], sa_mask[0]=0x7ffbfeff, sa_flags=0x10000004
SIGINT: [libjvm.so+0x7d5e20], sa_mask[0]=0x7ffbfeff, sa_flags=0x10000004
SIGTERM: [libjvm.so+0x7d5e20], sa_mask[0]=0x7ffbfeff, sa_flags=0x10000004
SIGQUIT: [libjvm.so+0x7d5e20], sa_mask[0]=0x7ffbfeff, sa_flags=0x10000004
SIGTRAP: SIG_DFL, sa_mask[0]=0x00000000, sa_flags=0x00000000


---------------  S Y S T E M  ---------------

OS:Ubuntu 14.04 (trusty)
uname:Linux 4.9.17-c9 #1 SMP Thu Mar 23 01:38:54 UTC 2017 x86_64
libc:glibc 2.19 NPTL 2.19 
rlimit: STACK 8192k, CORE 0k, NPROC 1048576, NOFILE 1048576, AS infinity
load average:5.75 7.34 7.06

/proc/meminfo:
MemTotal:       53595428 kB
MemFree:         3724400 kB
MemAvailable:   16922568 kB
Buffers:         8201920 kB
Cached:         12740788 kB
SwapCached:       926380 kB
Active:         25544892 kB
Inactive:       14704516 kB
Active(anon):    9955536 kB
Inactive(anon): 11814204 kB
Active(file):   15589356 kB
Inactive(file):  2890312 kB
Unevictable:       42176 kB
Mlocked:           42176 kB
SwapTotal:      52428796 kB
SwapFree:       41285012 kB
Dirty:             15084 kB
Writeback:             0 kB
AnonPages:      18802392 kB
Mapped:          1531680 kB
Shmem:           2461888 kB
Slab:            7132160 kB
SReclaimable:    4629768 kB
SUnreclaim:      2502392 kB
KernelStack:      181376 kB
PageTables:       456784 kB
NFS_Unstable:          0 kB
Bounce:                0 kB
WritebackTmp:          0 kB
CommitLimit:    79226508 kB
Committed_AS:   85375412 kB
VmallocTotal:   34359738367 kB
VmallocUsed:           0 kB
VmallocChunk:          0 kB
HardwareCorrupted:     0 kB
AnonHugePages:    200704 kB
ShmemHugePages:        0 kB
ShmemPmdMapped:        0 kB
HugePages_Total:       0
HugePages_Free:        0
HugePages_Rsvd:        0
HugePages_Surp:        0
Hugepagesize:       2048 kB
DirectMap4k:     4331508 kB
DirectMap2M:    50194432 kB
DirectMap1G:     2097152 kB


CPU:total 8 (initial active 8) (12 cores per cpu, 2 threads per core) family 6 model 62 stepping 4, cmov, cx8, fxsr, mmx, sse, sse2, sse3, ssse3, sse4.1, sse4.2, popcnt, avx, aes, erms, ht, tsc, tscinvbit

/proc/cpuinfo:
processor	: 0
vendor_id	: GenuineIntel
cpu family	: 6
model		: 62
model name	: Intel(R) Xeon(R) CPU @ 2.50GHz
stepping	: 4
microcode	: 0x1
cpu MHz		: 2500.000
cache size	: 30720 KB
physical id	: 0
siblings	: 8
core id		: 0
cpu cores	: 4
apicid		: 0
initial apicid	: 0
fpu		: yes
fpu_exception	: yes
cpuid level	: 13
wp		: yes
flags		: fpu vme de pse tsc msr pae mce cx8 apic sep mtrr pge mca cmov pat pse36 clflush mmx fxsr sse sse2 ss ht syscall nx pdpe1gb rdtscp lm constant_tsc rep_good nopl xtopology nonstop_tsc eagerfpu pni pclmulqdq ssse3 cx16 sse4_1 sse4_2 x2apic popcnt aes xsave avx f16c rdrand hypervisor lahf_lm fsgsbase tsc_adjust smep erms xsaveopt
bugs		:
bogomips	: 5000.00
clflush size	: 64
cache_alignment	: 64
address sizes	: 46 bits physical, 48 bits virtual
power management:

processor	: 1
vendor_id	: GenuineIntel
cpu family	: 6
model		: 62
model name	: Intel(R) Xeon(R) CPU @ 2.50GHz
stepping	: 4
microcode	: 0x1
cpu MHz		: 2500.000
cache size	: 30720 KB
physical id	: 0
siblings	: 8
core id		: 1
cpu cores	: 4
apicid		: 2
initial apicid	: 2
fpu		: yes
fpu_exception	: yes
cpuid level	: 13
wp		: yes
flags		: fpu vme de pse tsc msr pae mce cx8 apic sep mtrr pge mca cmov pat pse36 clflush mmx fxsr sse sse2 ss ht syscall nx pdpe1gb rdtscp lm constant_tsc rep_good nopl xtopology nonstop_tsc eagerfpu pni pclmulqdq ssse3 cx16 sse4_1 sse4_2 x2apic popcnt aes xsave avx f16c rdrand hypervisor lahf_lm fsgsbase tsc_adjust smep erms xsaveopt
bugs		:
bogomips	: 5000.00
clflush size	: 64
cache_alignment	: 64
address sizes	: 46 bits physical, 48 bits virtual
power management:

processor	: 2
vendor_id	: GenuineIntel
cpu family	: 6
model		: 62
model name	: Intel(R) Xeon(R) CPU @ 2.50GHz
stepping	: 4
microcode	: 0x1
cpu MHz		: 2500.000
cache size	: 30720 KB
physical id	: 0
siblings	: 8
core id		: 2
cpu cores	: 4
apicid		: 4
initial apicid	: 4
fpu		: yes
fpu_exception	: yes
cpuid level	: 13
wp		: yes
flags		: fpu vme de pse tsc msr pae mce cx8 apic sep mtrr pge mca cmov pat pse36 clflush mmx fxsr sse sse2 ss ht syscall nx pdpe1gb rdtscp lm constant_tsc rep_good nopl xtopology nonstop_tsc eagerfpu pni pclmulqdq ssse3 cx16 sse4_1 sse4_2 x2apic popcnt aes xsave avx f16c rdrand hypervisor lahf_lm fsgsbase tsc_adjust smep erms xsaveopt
bugs		:
bogomips	: 5000.00
clflush size	: 64
cache_alignment	: 64
address sizes	: 46 bits physical, 48 bits virtual
power management:

processor	: 3
vendor_id	: GenuineIntel
cpu family	: 6
model		: 62
model name	: Intel(R) Xeon(R) CPU @ 2.50GHz
stepping	: 4
microcode	: 0x1
cpu MHz		: 2500.000
cache size	: 30720 KB
physical id	: 0
siblings	: 8
core id		: 3
cpu cores	: 4
apicid		: 6
initial apicid	: 6
fpu		: yes
fpu_exception	: yes
cpuid level	: 13
wp		: yes
flags		: fpu vme de pse tsc msr pae mce cx8 apic sep mtrr pge mca cmov pat pse36 clflush mmx fxsr sse sse2 ss ht syscall nx pdpe1gb rdtscp lm constant_tsc rep_good nopl xtopology nonstop_tsc eagerfpu pni pclmulqdq ssse3 cx16 sse4_1 sse4_2 x2apic popcnt aes xsave avx f16c rdrand hypervisor lahf_lm fsgsbase tsc_adjust smep erms xsaveopt
bugs		:
bogomips	: 5000.00
clflush size	: 64
cache_alignment	: 64
address sizes	: 46 bits physical, 48 bits virtual
power management:

processor	: 4
vendor_id	: GenuineIntel
cpu family	: 6
model		: 62
model name	: Intel(R) Xeon(R) CPU @ 2.50GHz
stepping	: 4
microcode	: 0x1
cpu MHz		: 2500.000
cache size	: 30720 KB
physical id	: 0
siblings	: 8
core id		: 0
cpu cores	: 4
apicid		: 1
initial apicid	: 1
fpu		: yes
fpu_exception	: yes
cpuid level	: 13
wp		: yes
flags		: fpu vme de pse tsc msr pae mce cx8 apic sep mtrr pge mca cmov pat pse36 clflush mmx fxsr sse sse2 ss ht syscall nx pdpe1gb rdtscp lm constant_tsc rep_good nopl xtopology nonstop_tsc eagerfpu pni pclmulqdq ssse3 cx16 sse4_1 sse4_2 x2apic popcnt aes xsave avx f16c rdrand hypervisor lahf_lm fsgsbase tsc_adjust smep erms xsaveopt
bugs		:
bogomips	: 5000.00
clflush size	: 64
cache_alignment	: 64
address sizes	: 46 bits physical, 48 bits virtual
power management:

processor	: 5
vendor_id	: GenuineIntel
cpu family	: 6
model		: 62
model name	: Intel(R) Xeon(R) CPU @ 2.50GHz
stepping	: 4
microcode	: 0x1
cpu MHz		: 2500.000
cache size	: 30720 KB
physical id	: 0
siblings	: 8
core id		: 1
cpu cores	: 4
apicid		: 3
initial apicid	: 3
fpu		: yes
fpu_exception	: yes
cpuid level	: 13
wp		: yes
flags		: fpu vme de pse tsc msr pae mce cx8 apic sep mtrr pge mca cmov pat pse36 clflush mmx fxsr sse sse2 ss ht syscall nx pdpe1gb rdtscp lm constant_tsc rep_good nopl xtopology nonstop_tsc eagerfpu pni pclmulqdq ssse3 cx16 sse4_1 sse4_2 x2apic popcnt aes xsave avx f16c rdrand hypervisor lahf_lm fsgsbase tsc_adjust smep erms xsaveopt
bugs		:
bogomips	: 5000.00
clflush size	: 64
cache_alignment	: 64
address sizes	: 46 bits physical, 48 bits virtual
power management:

processor	: 6
vendor_id	: GenuineIntel
cpu family	: 6
model		: 62
model name	: Intel(R) Xeon(R) CPU @ 2.50GHz
stepping	: 4
microcode	: 0x1
cpu MHz		: 2500.000
cache size	: 30720 KB
physical id	: 0
siblings	: 8
core id		: 2
cpu cores	: 4
apicid		: 5
initial apicid	: 5
fpu		: yes
fpu_exception	: yes
cpuid level	: 13
wp		: yes
flags		: fpu vme de pse tsc msr pae mce cx8 apic sep mtrr pge mca cmov pat pse36 clflush mmx fxsr sse sse2 ss ht syscall nx pdpe1gb rdtscp lm constant_tsc rep_good nopl xtopology nonstop_tsc eagerfpu pni pclmulqdq ssse3 cx16 sse4_1 sse4_2 x2apic popcnt aes xsave avx f16c rdrand hypervisor lahf_lm fsgsbase tsc_adjust smep erms xsaveopt
bugs		:
bogomips	: 5000.00
clflush size	: 64
cache_alignment	: 64
address sizes	: 46 bits physical, 48 bits virtual
power management:

processor	: 7
vendor_id	: GenuineIntel
cpu family	: 6
model		: 62
model name	: Intel(R) Xeon(R) CPU @ 2.50GHz
stepping	: 4
microcode	: 0x1
cpu MHz		: 2500.000
cache size	: 30720 KB
physical id	: 0
siblings	: 8
core id		: 3
cpu cores	: 4
apicid		: 7
initial apicid	: 7
fpu		: yes
fpu_exception	: yes
cpuid level	: 13
wp		: yes
flags		: fpu vme de pse tsc msr pae mce cx8 apic sep mtrr pge mca cmov pat pse36 clflush mmx fxsr sse sse2 ss ht syscall nx pdpe1gb rdtscp lm constant_tsc rep_good nopl xtopology nonstop_tsc eagerfpu pni pclmulqdq ssse3 cx16 sse4_1 sse4_2 x2apic popcnt aes xsave avx f16c rdrand hypervisor lahf_lm fsgsbase tsc_adjust smep erms xsaveopt
bugs		:
bogomips	: 5000.00
clflush size	: 64
cache_alignment	: 64
address sizes	: 46 bits physical, 48 bits virtual
power management:



Memory: 4k page, physical 53595428k(3724400k free), swap 52428796k(41285012k free)

vm_info: OpenJDK 64-Bit Server VM (24.151-b01) for linux-amd64 JRE (1.7.0_151-b01), built on Aug 15 2017 05:35:24 by "buildd" with gcc 4.8.4

time: Thu Nov 16 17:58:06 2017
elapsed time: 3 seconds

