#
# A fatal error has been detected by the Java Runtime Environment:
#
#  SIGSEGV (0xb) at pc=0x00007facdfba8fd3, pid=2232, tid=140380412565248
#
# JRE version: OpenJDK Runtime Environment (7.0_151-b01) (build 1.7.0_151-b01)
# Java VM: OpenJDK 64-Bit Server VM (24.151-b01 mixed mode linux-amd64 compressed oops)
# Derivative: IcedTea 2.6.11
# Distribution: Ubuntu 14.04 LTS, package 7u151-2.6.11-0ubuntu1.14.04.1
# Problematic frame:
# C  [_jpype.so+0x35fd3]  JPJavaEnv::NewObjectA(_jclass*, _jmethodID*, jvalue*)+0x33
#
# Failed to write core dump. Core dumps have been disabled. To enable core dumping, try "ulimit -c unlimited" before starting Java again
#
# If you would like to submit a bug report, please include
# instructions on how to reproduce the bug and visit:
#   http://icedtea.classpath.org/bugzilla
#

---------------  T H R E A D  ---------------

Current thread is native thread

siginfo:si_signo=SIGSEGV: si_errno=0, si_code=1 (SEGV_MAPERR), si_addr=0x0000000000000000

Registers:
RAX=0x00007face04763f0, RBX=0x0000000000000000, RCX=0x00007facd8470660, RDX=0x00007facdfdf47b0
RSP=0x00007facdc9f9ca0, RBP=0x00007facd83731e8, RSI=0x0000000000000001, RDI=0x0000000000de6a50
R8 =0x0000000000000000, R9 =0x0000000000000002, R10=0x00007facdfb71940, R11=0x0000000000000001
R12=0x00007facd83576d0, R13=0x00007face04763f0, R14=0x00007facd8368e18, R15=0x00007facd8470660
RIP=0x00007facdfba8fd3, EFLAGS=0x0000000000010206, CSGSFS=0x002b000000000033, ERR=0x0000000000000004
  TRAPNO=0x000000000000000e

Top of Stack: (sp=0x00007facdc9f9ca0)
0x00007facdc9f9ca0:   00007facdc9f9e30 00007facd8368e18
0x00007facdc9f9cb0:   0000000000000000 0000000000000000
0x00007facdc9f9cc0:   00007facd8470660 00007facd84286d8
0x00007facdc9f9cd0:   00007facdc9f9e10 00007facdfbabf9e
0x00007facdc9f9ce0:   0000000000000000 00007facdc9f9d50
0x00007facdc9f9cf0:   00007facd83731e8 00007facdc9f9d10
0x00007facdc9f9d00:   0000000000000339 00000000005103c9
0x00007facdc9f9d10:   00007facdfdf3010 00007facd8471fa8
0x00007facdc9f9d20:   00007face4164500 ffffffff00000000
0x00007facdc9f9d30:   00000000005cd65e 00000000004ae2d9
0x00007facdc9f9d40:   0000003000000028 00007facdc9f9ec0
0x00007facdc9f9d50:   00007facdfdf4050 0000000000000000
0x00007facdc9f9d60:   0000000000000000 0000000000000000
0x00007facdc9f9d70:   0000000000000000 0000000000000000
0x00007facdc9f9d80:   0000000000000000 0000000000000000
0x00007facdc9f9d90:   0000000000000000 0000000000000000
0x00007facdc9f9da0:   00007facdc9f9e30 00007facdc1f45a8
0x00007facdc9f9db0:   00007face8c47050 0000000000000000
0x00007facdc9f9dc0:   00007facdc9f9e30 0000000000000000
0x00007facdc9f9dd0:   00007face8c47050 00007facdfbd1eaa
0x00007facdc9f9de0:   0000000000000000 00007facdc1e7560
0x00007facdc9f9df0:   00007face8c48ed0 00007facdcf65b10
0x00007facdc9f9e00:   00007face8c48030 00007facdf358010
0x00007facdc9f9e10:   0000000000000000 0000000000000000
0x00007facdc9f9e20:   0000000000000000 00007facd800aeb0
0x00007facdc9f9e30:   00007facdfdf4050 0000000000000000
0x00007facdc9f9e40:   0000000000000000 0000000000000000
0x00007facdc9f9e50:   0000000000000000 0000000000000000
0x00007facdc9f9e60:   0000000000000000 0000000000000000
0x00007facdc9f9e70:   0000000000000000 0000000000000000
0x00007facdc9f9e80:   00007face8c4a230 00007facdc1f45a8
0x00007facdc9f9e90:   00007face8c47050 0000000000000000 

Instructions: (pc=0x00007facdfba8fd3)
0x00007facdfba8fb3:   89 f5 53 48 83 ec 08 e8 81 f7 ff ff 48 89 c3 e8
0x00007facdfba8fc3:   49 a3 01 00 48 8b 10 48 89 c7 ff 52 30 49 89 c5
0x00007facdfba8fd3:   48 8b 03 48 89 ee 48 89 df ff 90 d8 00 00 00 48
0x00007facdfba8fe3:   89 c5 e8 16 a3 01 00 48 89 c7 e8 6e f7 ff ff 84 

Register to memory mapping:

RAX=0x00007face04763f0 is an unknown value
RBX=0x0000000000000000 is an unknown value
RCX=0x00007facd8470660 is an unknown value
RDX=0x00007facdfdf47b0: _ZTV21PythonHostEnvironment+0x10 in /usr/local/lib/python2.7/dist-packages/_jpype.so at 0x00007facdfb73000
RSP=0x00007facdc9f9ca0 is pointing into the stack for thread: 0x00007facd8042000
RBP=0x00007facd83731e8 is a global jni handle
RSI=0x0000000000000001 is an unknown value
RDI=0x0000000000de6a50 is an unknown value
R8 =0x0000000000000000 is an unknown value
R9 =0x0000000000000002 is an unknown value
R10=0x00007facdfb71940: <offset 0x302940> in /usr/lib/x86_64-linux-gnu/libstdc++.so.6 at 0x00007facdf86f000
R11=0x0000000000000001 is an unknown value
R12=0x00007facd83576d0 is an unknown value
R13=0x00007face04763f0 is an unknown value
R14=0x00007facd8368e18 is a weak global jni handle
R15=0x00007facd8470660 is an unknown value


Stack: [0x00007facdc1fd000,0x00007facdc9fe000],  sp=0x00007facdc9f9ca0,  free space=8179k
Native frames: (J=compiled Java code, j=interpreted, Vv=VM code, C=native code)
C  [_jpype.so+0x35fd3]  JPJavaEnv::NewObjectA(_jclass*, _jmethodID*, jvalue*)+0x33


---------------  P R O C E S S  ---------------

VM state:not at safepoint (normal execution)

VM Mutex/Monitor currently owned by a thread: None

Heap
 PSYoungGen      total 229376K, used 128396K [0x00000000f0000000, 0x0000000100000000, 0x0000000100000000)
  eden space 196608K, 65% used [0x00000000f0000000,0x00000000f7d63108,0x00000000fc000000)
  from space 32768K, 0% used [0x00000000fe000000,0x00000000fe000000,0x0000000100000000)
  to   space 32768K, 0% used [0x00000000fc000000,0x00000000fc000000,0x00000000fe000000)
 ParOldGen       total 524288K, used 0K [0x00000000d0000000, 0x00000000f0000000, 0x00000000f0000000)
  object space 524288K, 0% used [0x00000000d0000000,0x00000000d0000000,0x00000000f0000000)
 PSPermGen       total 21504K, used 9347K [0x00000000c5a00000, 0x00000000c6f00000, 0x00000000d0000000)
  object space 21504K, 43% used [0x00000000c5a00000,0x00000000c6320da8,0x00000000c6f00000)

Card table byte_map: [0x00007facd318a000,0x00007facd335e000] byte_map_base: 0x00007facd2b5d000

Polling page: 0x00007face8c91000

Code Cache  [0x00007facd335e000, 0x00007facd35ce000, 0x00007facd635e000)
 total_blobs=607 nmethods=387 adapters=173 free_code_cache=48190Kb largest_free_block=49320000

Compilation events (10 events):
Event: 2.281 Thread 0x00007facd8346000 nmethod 382 0x00007facd344b410 code [0x00007facd344b5c0, 0x00007facd344bd88]
Event: 2.281 Thread 0x00007facd8346000  384             java.util.zip.ZStreamRef::address (5 bytes)
Event: 2.281 Thread 0x00007facd8346000 nmethod 384 0x00007facd3450910 code [0x00007facd3450a40, 0x00007facd3450a98]
Event: 2.281 Thread 0x00007facd8346000  385             java.lang.String::startsWith (7 bytes)
Event: 2.284 Thread 0x00007facd8346000 nmethod 385 0x00007facd344afd0 code [0x00007facd344b120, 0x00007facd344b2b8]
Event: 2.284 Thread 0x00007facd8346000  386             java.net.URL::getHost (5 bytes)
Event: 2.285 Thread 0x00007facd8346000 nmethod 386 0x00007facd344add0 code [0x00007facd344af00, 0x00007facd344af58]
Event: 2.285 Thread 0x00007facd8346000  387             java.lang.String::indexOf (25 bytes)
Event: 2.285 Thread 0x00007facd8346000 nmethod 387 0x00007facd344a610 code [0x00007facd344a760, 0x00007facd344a828]
Event: 2.294 Thread 0x00007facd8349000 nmethod 383 0x00007facd3453b10 code [0x00007facd3453d40, 0x00007facd3454870]

GC Heap History (0 events):
No events

Deoptimization events (10 events):
Event: 2.261 Thread 0x00007facd8042000 Uncommon trap: reason=unstable_if action=reinterpret pc=0x00007facd34367f4 method=scala.runtime.ScalaRunTime$.hash(Ljava/lang/Object;)I @ 12
Event: 2.261 Thread 0x00007facd8042000 Uncommon trap: reason=unstable_if action=reinterpret pc=0x00007facd34228b0 method=scala.runtime.ScalaRunTime$.hash(Ljava/lang/Object;)I @ 12
Event: 2.271 Thread 0x00007facd8042000 Uncommon trap: reason=bimorphic action=maybe_recompile pc=0x00007facd3408a54 method=scala.collection.TraversableLike$$anonfun$map$1.apply(Ljava/lang/Object;)Lscala/collection/mutable/Builder; @ 14
Event: 2.274 Thread 0x00007facd8042000 Uncommon trap: reason=class_check action=maybe_recompile pc=0x00007facd34010d8 method=java.lang.String.valueOf(Ljava/lang/Object;)Ljava/lang/String; @ 10
Event: 2.295 Thread 0x00007facd8042000 Uncommon trap: reason=class_check action=maybe_recompile pc=0x00007facd3420a80 method=scala.collection.MapLike$class.apply(Lscala/collection/MapLike;Ljava/lang/Object;)Ljava/lang/Object; @ 2
Event: 2.295 Thread 0x00007facd8042000 Uncommon trap: reason=class_check action=maybe_recompile pc=0x00007facd34219d8 method=scala.collection.immutable.HashMap.get(Ljava/lang/Object;)Lscala/Option; @ 8
Event: 2.295 Thread 0x00007facd8042000 Uncommon trap: reason=bimorphic action=maybe_recompile pc=0x00007facd3408a54 method=scala.collection.TraversableLike$$anonfun$map$1.apply(Ljava/lang/Object;)Lscala/collection/mutable/Builder; @ 14
Event: 2.296 Thread 0x00007facd8042000 Uncommon trap: reason=bimorphic action=maybe_recompile pc=0x00007facd342af2c method=scala.collection.IterableLike$class.foreach(Lscala/collection/IterableLike;Lscala/Function1;)V @ 7
Event: 2.296 Thread 0x00007facd8042000 Uncommon trap: reason=bimorphic action=maybe_recompile pc=0x00007facd3408a54 method=scala.collection.TraversableLike$$anonfun$map$1.apply(Ljava/lang/Object;)Lscala/collection/mutable/Builder; @ 14
Event: 2.296 Thread 0x00007facd8042000 Uncommon trap: reason=class_check action=maybe_recompile pc=0x00007facd34010d8 method=java.lang.String.valueOf(Ljava/lang/Object;)Ljava/lang/String; @ 10

Internal exceptions (10 events):
Event: 2.275 Thread 0x00007facd8042000 Threw 0x00000000f7b1b938 at /build/openjdk-7-2nYvii/openjdk-7-7u151-2.6.11/build/openjdk/hotspot/src/share/vm/prims/jvm.cpp:1322
Event: 2.276 Thread 0x00007facd8042000 Threw 0x00000000f7b288c0 at /build/openjdk-7-2nYvii/openjdk-7-7u151-2.6.11/build/openjdk/hotspot/src/share/vm/prims/jvm.cpp:1322
Event: 2.276 Thread 0x00007facd8042000 Threw 0x00000000f7b2d8f8 at /build/openjdk-7-2nYvii/openjdk-7-7u151-2.6.11/build/openjdk/hotspot/src/share/vm/prims/jvm.cpp:1322
Event: 2.276 Thread 0x00007facd8042000 Threw 0x00000000f7b32450 at /build/openjdk-7-2nYvii/openjdk-7-7u151-2.6.11/build/openjdk/hotspot/src/share/vm/prims/jvm.cpp:1322
Event: 2.277 Thread 0x00007facd8042000 Threw 0x00000000f7b37ac0 at /build/openjdk-7-2nYvii/openjdk-7-7u151-2.6.11/build/openjdk/hotspot/src/share/vm/prims/jvm.cpp:1322
Event: 2.278 Thread 0x00007facd8042000 Threw 0x00000000f7b3d950 at /build/openjdk-7-2nYvii/openjdk-7-7u151-2.6.11/build/openjdk/hotspot/src/share/vm/prims/jvm.cpp:1322
Event: 2.278 Thread 0x00007facd8042000 Threw 0x00000000f7b435f0 at /build/openjdk-7-2nYvii/openjdk-7-7u151-2.6.11/build/openjdk/hotspot/src/share/vm/prims/jvm.cpp:1322
Event: 2.280 Thread 0x00007facd8042000 Threw 0x00000000f7b4bfa8 at /build/openjdk-7-2nYvii/openjdk-7-7u151-2.6.11/build/openjdk/hotspot/src/share/vm/prims/jvm.cpp:1322
Event: 2.280 Thread 0x00007facd8042000 Threw 0x00000000f7b51670 at /build/openjdk-7-2nYvii/openjdk-7-7u151-2.6.11/build/openjdk/hotspot/src/share/vm/prims/jvm.cpp:1322
Event: 2.281 Thread 0x00007facd8042000 Threw 0x00000000f7b588e8 at /build/openjdk-7-2nYvii/openjdk-7-7u151-2.6.11/build/openjdk/hotspot/src/share/vm/prims/jvm.cpp:1322

Events (10 events):
Event: 2.296 Thread 0x00007facd8042000 DEOPT PACKING pc=0x00007facd342af2c sp=0x00007facdc9f99f0
Event: 2.296 Thread 0x00007facd8042000 DEOPT UNPACKING pc=0x00007facd3397445 sp=0x00007facdc9f9970 mode 2
Event: 2.296 Thread 0x00007facd8042000 Uncommon trap: trap_request=0xffffffc6 fr.pc=0x00007facd3408a54
Event: 2.296 Thread 0x00007facd8042000 DEOPT PACKING pc=0x00007facd3408a54 sp=0x00007facdc9f9be0
Event: 2.296 Thread 0x00007facd8042000 DEOPT UNPACKING pc=0x00007facd3397445 sp=0x00007facdc9f9b40 mode 2
Event: 2.296 Thread 0x00007facd8042000 Uncommon trap: trap_request=0xffffffde fr.pc=0x00007facd34010d8
Event: 2.296 Thread 0x00007facd8042000 DEOPT PACKING pc=0x00007facd34010d8 sp=0x00007facdc9f9ef0
Event: 2.296 Thread 0x00007facd8042000 DEOPT UNPACKING pc=0x00007facd3397445 sp=0x00007facdc9f9eb8 mode 2
Event: 4.141 Executing VM operation: EnableBiasedLocking
Event: 4.141 Executing VM operation: EnableBiasedLocking done


Dynamic libraries:
00400000-006bb000 r-xp 00000000 00:80e 453                               /usr/bin/python2.7
008ba000-008bb000 r--p 002ba000 00:80e 453                               /usr/bin/python2.7
008bb000-00930000 rw-p 002bb000 00:80e 453                               /usr/bin/python2.7
00930000-00942000 rw-p 00000000 00:00 0 
00a72000-01108000 rw-p 00000000 00:00 0                                  [heap]
c5a00000-c6f00000 rw-p 00000000 00:00 0 
c6f00000-d0000000 rw-p 00000000 00:00 0 
d0000000-100000000 rw-p 00000000 00:00 0 
7fac7c000000-7fac7c021000 rw-p 00000000 00:00 0 
7fac7c021000-7fac80000000 ---p 00000000 00:00 0 
7fac80000000-7fac80021000 rw-p 00000000 00:00 0 
7fac80021000-7fac84000000 ---p 00000000 00:00 0 
7fac84000000-7fac843ff000 rw-p 00000000 00:00 0 
7fac843ff000-7fac88000000 ---p 00000000 00:00 0 
7fac88000000-7fac88021000 rw-p 00000000 00:00 0 
7fac88021000-7fac8c000000 ---p 00000000 00:00 0 
7fac8c000000-7fac8c021000 rw-p 00000000 00:00 0 
7fac8c021000-7fac90000000 ---p 00000000 00:00 0 
7fac90000000-7fac9043c000 rw-p 00000000 00:00 0 
7fac9043c000-7fac94000000 ---p 00000000 00:00 0 
7fac94000000-7fac94021000 rw-p 00000000 00:00 0 
7fac94021000-7fac98000000 ---p 00000000 00:00 0 
7fac98000000-7fac98021000 rw-p 00000000 00:00 0 
7fac98021000-7fac9c000000 ---p 00000000 00:00 0 
7fac9c000000-7fac9c021000 rw-p 00000000 00:00 0 
7fac9c021000-7faca0000000 ---p 00000000 00:00 0 
7faca0000000-7faca0021000 rw-p 00000000 00:00 0 
7faca0021000-7faca4000000 ---p 00000000 00:00 0 
7faca4000000-7faca4021000 rw-p 00000000 00:00 0 
7faca4021000-7faca8000000 ---p 00000000 00:00 0 
7faca8000000-7faca8021000 rw-p 00000000 00:00 0 
7faca8021000-7facac000000 ---p 00000000 00:00 0 
7facac000000-7facac021000 rw-p 00000000 00:00 0 
7facac021000-7facb0000000 ---p 00000000 00:00 0 
7facb4000000-7facb4021000 rw-p 00000000 00:00 0 
7facb4021000-7facb8000000 ---p 00000000 00:00 0 
7facbc000000-7facbc021000 rw-p 00000000 00:00 0 
7facbc021000-7facc0000000 ---p 00000000 00:00 0 
7facc4000000-7facc4021000 rw-p 00000000 00:00 0 
7facc4021000-7facc8000000 ---p 00000000 00:00 0 
7facca174000-7facca177000 ---p 00000000 00:00 0 
7facca177000-7facca275000 rw-p 00000000 00:00 0 
7facca275000-7facca276000 ---p 00000000 00:00 0 
7facca276000-7facca376000 rw-p 00000000 00:00 0 
7facca376000-7facca379000 ---p 00000000 00:00 0 
7facca379000-7facca477000 rw-p 00000000 00:00 0 
7facca477000-7facca47a000 ---p 00000000 00:00 0 
7facca47a000-7facca578000 rw-p 00000000 00:00 0 
7facca578000-7facca57b000 ---p 00000000 00:00 0 
7facca57b000-7facca679000 rw-p 00000000 00:00 0 
7facca679000-7facca67c000 ---p 00000000 00:00 0 
7facca67c000-7facca77a000 rw-p 00000000 00:00 0 
7facca77a000-7facca8e9000 r--p 00000000 00:80e 107                       /usr/lib/locale/C.UTF-8/LC_COLLATE
7facca8e9000-7facca8ec000 ---p 00000000 00:00 0 
7facca8ec000-7facca9ea000 rw-p 00000000 00:00 0 
7facca9ea000-7facca9ed000 ---p 00000000 00:00 0 
7facca9ed000-7faccaaeb000 rw-p 00000000 00:00 0 
7faccaaeb000-7faccaaec000 ---p 00000000 00:00 0 
7faccaaec000-7faccc000000 rw-p 00000000 00:00 0 
7faccc000000-7faccc021000 rw-p 00000000 00:00 0 
7faccc021000-7facd0000000 ---p 00000000 00:00 0 
7facd00c2000-7facd07c9000 rw-p 00000000 00:00 0 
7facd07c9000-7facd097f000 r--s 01d63000 00:80e 4903                      /usr/lib/jvm/java-7-openjdk-amd64/jre/lib/rt.jar
7facd097f000-7facd2882000 rw-p 00000000 00:00 0 
7facd2882000-7facd2883000 ---p 00000000 00:00 0 
7facd2883000-7facd2983000 rw-p 00000000 00:00 0 
7facd2983000-7facd2984000 ---p 00000000 00:00 0 
7facd2984000-7facd2a84000 rw-p 00000000 00:00 0 
7facd2a84000-7facd2a85000 ---p 00000000 00:00 0 
7facd2a85000-7facd2b85000 rw-p 00000000 00:00 0 
7facd2b85000-7facd2b86000 ---p 00000000 00:00 0 
7facd2b86000-7facd2c86000 rw-p 00000000 00:00 0 
7facd2c86000-7facd2c87000 ---p 00000000 00:00 0 
7facd2c87000-7facd2d87000 rw-p 00000000 00:00 0 
7facd2d87000-7facd2d88000 ---p 00000000 00:00 0 
7facd2d88000-7facd2e88000 rw-p 00000000 00:00 0 
7facd2e88000-7facd2e89000 ---p 00000000 00:00 0 
7facd2e89000-7facd2f89000 rw-p 00000000 00:00 0 
7facd2f89000-7facd2f8a000 ---p 00000000 00:00 0 
7facd2f8a000-7facd3195000 rw-p 00000000 00:00 0 
7facd3195000-7facd31dd000 rw-p 00000000 00:00 0 
7facd31dd000-7facd335e000 rw-p 00000000 00:00 0 
7facd335e000-7facd35ce000 rwxp 00000000 00:00 0 
7facd35ce000-7facd635e000 rw-p 00000000 00:00 0 
7facd635e000-7facd6366000 r-xp 00000000 00:80e 4995                      /usr/lib/jvm/java-7-openjdk-amd64/jre/lib/amd64/libzip.so
7facd6366000-7facd6565000 ---p 00008000 00:80e 4995                      /usr/lib/jvm/java-7-openjdk-amd64/jre/lib/amd64/libzip.so
7facd6565000-7facd6566000 r--p 00007000 00:80e 4995                      /usr/lib/jvm/java-7-openjdk-amd64/jre/lib/amd64/libzip.so
7facd6566000-7facd6567000 rw-p 00008000 00:80e 4995                      /usr/lib/jvm/java-7-openjdk-amd64/jre/lib/amd64/libzip.so
7facd6567000-7facd6572000 r-xp 00000000 00:80e 5017                      /lib/x86_64-linux-gnu/libnss_nis-2.19.so
7facd6572000-7facd6771000 ---p 0000b000 00:80e 5017                      /lib/x86_64-linux-gnu/libnss_nis-2.19.so
7facd6771000-7facd6772000 r--p 0000a000 00:80e 5017                      /lib/x86_64-linux-gnu/libnss_nis-2.19.so
7facd6772000-7facd6773000 rw-p 0000b000 00:80e 5017                      /lib/x86_64-linux-gnu/libnss_nis-2.19.so
7facd6773000-7facd678a000 r-xp 00000000 00:80e 5015                      /lib/x86_64-linux-gnu/libnsl-2.19.so
7facd678a000-7facd6989000 ---p 00017000 00:80e 5015                      /lib/x86_64-linux-gnu/libnsl-2.19.so
7facd6989000-7facd698a000 r--p 00016000 00:80e 5015                      /lib/x86_64-linux-gnu/libnsl-2.19.so
7facd698a000-7facd698b000 rw-p 00017000 00:80e 5015                      /lib/x86_64-linux-gnu/libnsl-2.19.so
7facd698b000-7facd698d000 rw-p 00000000 00:00 0 
7facd698d000-7facd6996000 r-xp 00000000 00:80e 5013                      /lib/x86_64-linux-gnu/libnss_compat-2.19.so
7facd6996000-7facd6b95000 ---p 00009000 00:80e 5013                      /lib/x86_64-linux-gnu/libnss_compat-2.19.so
7facd6b95000-7facd6b96000 r--p 00008000 00:80e 5013                      /lib/x86_64-linux-gnu/libnss_compat-2.19.so
7facd6b96000-7facd6b97000 rw-p 00009000 00:80e 5013                      /lib/x86_64-linux-gnu/libnss_compat-2.19.so
7facd6b97000-7facd6bc1000 r-xp 00000000 00:80e 4968                      /usr/lib/jvm/java-7-openjdk-amd64/jre/lib/amd64/libjava.so
7facd6bc1000-7facd6dc1000 ---p 0002a000 00:80e 4968                      /usr/lib/jvm/java-7-openjdk-amd64/jre/lib/amd64/libjava.so
7facd6dc1000-7facd6dc2000 r--p 0002a000 00:80e 4968                      /usr/lib/jvm/java-7-openjdk-amd64/jre/lib/amd64/libjava.so
7facd6dc2000-7facd6dc4000 rw-p 0002b000 00:80e 4968                      /usr/lib/jvm/java-7-openjdk-amd64/jre/lib/amd64/libjava.so
7facd6dc4000-7facd6dd4000 r-xp 00000000 00:80e 4982                      /usr/lib/jvm/java-7-openjdk-amd64/jre/lib/amd64/libverify.so
7facd6dd4000-7facd6fd3000 ---p 00010000 00:80e 4982                      /usr/lib/jvm/java-7-openjdk-amd64/jre/lib/amd64/libverify.so
7facd6fd3000-7facd6fd5000 r--p 0000f000 00:80e 4982                      /usr/lib/jvm/java-7-openjdk-amd64/jre/lib/amd64/libverify.so
7facd6fd5000-7facd6fd6000 rw-p 00011000 00:80e 4982                      /usr/lib/jvm/java-7-openjdk-amd64/jre/lib/amd64/libverify.so
7facd6fd6000-7facd6fdd000 r-xp 00000000 00:80e 342                       /lib/x86_64-linux-gnu/librt-2.19.so
7facd6fdd000-7facd71dc000 ---p 00007000 00:80e 342                       /lib/x86_64-linux-gnu/librt-2.19.so
7facd71dc000-7facd71dd000 r--p 00006000 00:80e 342                       /lib/x86_64-linux-gnu/librt-2.19.so
7facd71dd000-7facd71de000 rw-p 00007000 00:80e 342                       /lib/x86_64-linux-gnu/librt-2.19.so
7facd71de000-7facd7d12000 r-xp 00000000 00:80e 5010                      /usr/lib/jvm/java-7-openjdk-amd64/jre/lib/amd64/server/libjvm.so
7facd7d12000-7facd7f12000 ---p 00b34000 00:80e 5010                      /usr/lib/jvm/java-7-openjdk-amd64/jre/lib/amd64/server/libjvm.so
7facd7f12000-7facd7fad000 r--p 00b34000 00:80e 5010                      /usr/lib/jvm/java-7-openjdk-amd64/jre/lib/amd64/server/libjvm.so
7facd7fad000-7facd7fd0000 rw-p 00bcf000 00:80e 5010                      /usr/lib/jvm/java-7-openjdk-amd64/jre/lib/amd64/server/libjvm.so
7facd7fd0000-7facd8000000 rw-p 00000000 00:00 0 
7facd8000000-7facd8792000 rw-p 00000000 00:00 0 
7facd8792000-7facdc000000 ---p 00000000 00:00 0 
7facdc012000-7facdc06a000 r--s 004f0000 00:80e 5041                      /usr/local/lib/python2.7/dist-packages/konlpy/java/scala-library-2.11.4.jar
7facdc06a000-7facdc075000 rw-p 00000000 00:00 0 
7facdc075000-7facdc0bd000 rw-p 00000000 00:00 0 
7facdc0bd000-7facdc0c7000 rw-p 00000000 00:00 0 
7facdc0c7000-7facdc17d000 rw-p 00000000 00:00 0 
7facdc17d000-7facdc1fd000 rw-p 00000000 00:00 0 
7facdc1fd000-7facdc200000 ---p 00000000 00:00 0 
7facdc200000-7facdc9fe000 rw-p 00000000 00:00 0 
7facdc9fe000-7facdca08000 r-xp 00000000 00:80e 2658                      /lib/x86_64-linux-gnu/libnss_files-2.19.so
7facdca08000-7facdcc07000 ---p 0000a000 00:80e 2658                      /lib/x86_64-linux-gnu/libnss_files-2.19.so
7facdcc07000-7facdcc08000 r--p 00009000 00:80e 2658                      /lib/x86_64-linux-gnu/libnss_files-2.19.so
7facdcc08000-7facdcc09000 rw-p 0000a000 00:80e 2658                      /lib/x86_64-linux-gnu/libnss_files-2.19.so
7facdcc09000-7facdcc49000 rw-p 00000000 00:00 0 
7facdcc49000-7facdcc94000 r-xp 00000000 00:80e 2512                      /usr/lib/python2.7/dist-packages/numpy/random/mtrand.so
7facdcc94000-7facdce93000 ---p 0004b000 00:80e 2512                      /usr/lib/python2.7/dist-packages/numpy/random/mtrand.so
7facdce93000-7facdce94000 r--p 0004a000 00:80e 2512                      /usr/lib/python2.7/dist-packages/numpy/random/mtrand.so
7facdce94000-7facdceca000 rw-p 0004b000 00:80e 2512                      /usr/lib/python2.7/dist-packages/numpy/random/mtrand.so
7facdceca000-7facdcfcb000 rw-p 00000000 00:00 0 
7facdcfcb000-7facdcfd4000 r-xp 00000000 00:80e 2485                      /usr/lib/python2.7/dist-packages/numpy/fft/fftpack_lite.so
7facdcfd4000-7facdd1d3000 ---p 00009000 00:80e 2485                      /usr/lib/python2.7/dist-packages/numpy/fft/fftpack_lite.so
7facdd1d3000-7facdd1d4000 r--p 00008000 00:80e 2485                      /usr/lib/python2.7/dist-packages/numpy/fft/fftpack_lite.so
7facdd1d4000-7facdd1d5000 rw-p 00009000 00:80e 2485                      /usr/lib/python2.7/dist-packages/numpy/fft/fftpack_lite.so
7facdd1d5000-7facdd1d6000 r-xp 00000000 00:80e 2471                      /usr/lib/python2.7/lib-dynload/future_builtins.x86_64-linux-gnu.so
7facdd1d6000-7facdd3d5000 ---p 00001000 00:80e 2471                      /usr/lib/python2.7/lib-dynload/future_builtins.x86_64-linux-gnu.so
7facdd3d5000-7facdd3d6000 r--p 00000000 00:80e 2471                      /usr/lib/python2.7/lib-dynload/future_builtins.x86_64-linux-gnu.so
7facdd3d6000-7facdd3d7000 rw-p 00001000 00:80e 2471                      /usr/lib/python2.7/lib-dynload/future_builtins.x86_64-linux-gnu.so
7facdd3d7000-7facdd3f6000 r-xp 00000000 00:80e 2460                      /usr/lib/python2.7/dist-packages/numpy/linalg/_umath_linalg.so
7facdd3f6000-7facdd5f5000 ---p 0001f000 00:80e 2460                      /usr/lib/python2.7/dist-packages/numpy/linalg/_umath_linalg.so
7facdd5f5000-7facdd5f6000 r--p 0001e000 00:80e 2460                      /usr/lib/python2.7/dist-packages/numpy/linalg/_umath_linalg.so
7facdd5f6000-7facdd5f7000 rw-p 0001f000 00:80e 2460                      /usr/lib/python2.7/dist-packages/numpy/linalg/_umath_linalg.so
7facdd5f7000-7facdd632000 r-xp 00000000 00:80e 2459                      /usr/lib/x86_64-linux-gnu/libquadmath.so.0.0.0
7facdd632000-7facdd831000 ---p 0003b000 00:80e 2459                      /usr/lib/x86_64-linux-gnu/libquadmath.so.0.0.0
7facdd831000-7facdd832000 r--p 0003a000 00:80e 2459                      /usr/lib/x86_64-linux-gnu/libquadmath.so.0.0.0
7facdd832000-7facdd833000 rw-p 0003b000 00:80e 2459                      /usr/lib/x86_64-linux-gnu/libquadmath.so.0.0.0
7facdd833000-7facdd94a000 r-xp 00000000 00:80e 2457                      /usr/lib/x86_64-linux-gnu/libgfortran.so.3.0.0
7facdd94a000-7facddb4a000 ---p 00117000 00:80e 2457                      /usr/lib/x86_64-linux-gnu/libgfortran.so.3.0.0
7facddb4a000-7facddb4b000 r--p 00117000 00:80e 2457                      /usr/lib/x86_64-linux-gnu/libgfortran.so.3.0.0
7facddb4b000-7facddb4d000 rw-p 00118000 00:80e 2457                      /usr/lib/x86_64-linux-gnu/libgfortran.so.3.0.0
7facddb4d000-7facde0e5000 r-xp 00000000 00:80e 2455                      /usr/lib/lapack/liblapack.so.3.0
7facde0e5000-7facde2e4000 ---p 00598000 00:80e 2455                      /usr/lib/lapack/liblapack.so.3.0
7facde2e4000-7facde2e5000 r--p 00597000 00:80e 2455                      /usr/lib/lapack/liblapack.so.3.0
7facde2e5000-7facde2e9000 rw-p 00598000 00:80e 2455                      /usr/lib/lapack/liblapack.so.3.0
7facde2e9000-7facde2ef000 r-xp 00000000 00:80e 2450                      /usr/lib/python2.7/dist-packages/numpy/linalg/lapack_lite.so
7facde2ef000-7facde4ee000 ---p 00006000 00:80e 2450                      /usr/lib/python2.7/dist-packages/numpy/linalg/lapack_lite.so
7facde4ee000-7facde4ef000 r--p 00005000 00:80e 2450                      /usr/lib/python2.7/dist-packages/numpy/linalg/lapack_lite.so
7facde4ef000-7facde4f0000 rw-p 00006000 00:80e 2450                      /usr/lib/python2.7/dist-packages/numpy/linalg/lapack_lite.so
7facde4f0000-7facde4f6000 r-xp 00000000 00:80e 2425                      /usr/lib/python2.7/dist-packages/numpy/lib/_compiled_base.so
7facde4f6000-7facde6f5000 ---p 00006000 00:80e 2425                      /usr/lib/python2.7/dist-packages/numpy/lib/_compiled_base.so
7facde6f5000-7facde6f6000 r--p 00005000 00:80e 2425                      /usr/lib/python2.7/dist-packages/numpy/lib/_compiled_base.so
7facde6f6000-7facde6f7000 rw-p 00006000 00:80e 2425                      /usr/lib/python2.7/dist-packages/numpy/lib/_compiled_base.so
7facde6f7000-7facde722000 r-xp 00000000 00:80e 2378                      /usr/lib/python2.7/dist-packages/numpy/core/scalarmath.so
7facde722000-7facde921000 ---p 0002b000 00:80e 2378                      /usr/lib/python2.7/dist-packages/numpy/core/scalarmath.so
7facde921000-7facde922000 r--p 0002a000 00:80e 2378                      /usr/lib/python2.7/dist-packages/numpy/core/scalarmath.so
7facde922000-7facde924000 rw-p 0002b000 00:80e 2378                      /usr/lib/python2.7/dist-packages/numpy/core/scalarmath.so
7facde924000-7facde9a0000 r-xp 00000000 00:80e 2365                      /usr/lib/libblas/libblas.so.3.0
7facde9a0000-7facdeb9f000 ---p 0007c000 00:80e 2365                      /usr/lib/libblas/libblas.so.3.0
7facdeb9f000-7facdeba0000 r--p 0007b000 00:80e 2365                      /usr/lib/libblas/libblas.so.3.0
7facdeba0000-7facdeba1000 rw-p 0007c000 00:80e 2365                      /usr/lib/libblas/libblas.so.3.0
7facdeba1000-7facdeba6000 r-xp 00000000 00:80e 2360                      /usr/lib/python2.7/dist-packages/numpy/core/_dotblas.so
7facdeba6000-7facdeda5000 ---p 00005000 00:80e 2360                      /usr/lib/python2.7/dist-packages/numpy/core/_dotblas.so
7facdeda5000-7facdeda6000 r--p 00004000 00:80e 2360                      /usr/lib/python2.7/dist-packages/numpy/core/_dotblas.so
7facdeda6000-7facdeda7000 rw-p 00005000 00:80e 2360                      /usr/lib/python2.7/dist-packages/numpy/core/_dotblas.so
7facdeda7000-7facdee05000 r-xp 00000000 00:80e 2346                      /usr/lib/python2.7/dist-packages/numpy/core/umath.so
7facdee05000-7facdf004000 ---p 0005e000 00:80e 2346                      /usr/lib/python2.7/dist-packages/numpy/core/umath.so
7facdf004000-7facdf005000 r--p 0005d000 00:80e 2346                      /usr/lib/python2.7/dist-packages/numpy/core/umath.so
7facdf005000-7facdf009000 rw-p 0005e000 00:80e 2346                      /usr/lib/python2.7/dist-packages/numpy/core/umath.so
7facdf009000-7facdf00b000 rw-p 00000000 00:00 0 
7facdf00b000-7facdf148000 r-xp 00000000 00:80e 2345                      /usr/lib/python2.7/dist-packages/numpy/core/multiarray.so
7facdf148000-7facdf347000 ---p 0013d000 00:80e 2345                      /usr/lib/python2.7/dist-packages/numpy/core/multiarray.so
7facdf347000-7facdf349000 r--p 0013c000 00:80e 2345                      /usr/lib/python2.7/dist-packages/numpy/core/multiarray.so
7facdf349000-7facdf356000 rw-p 0013e000 00:80e 2345                      /usr/lib/python2.7/dist-packages/numpy/core/multiarray.so
7facdf356000-7facdf659000 rw-p 00000000 00:00 0 
7facdf659000-7facdf66f000 r-xp 00000000 00:80e 345                       /lib/x86_64-linux-gnu/libgcc_s.so.1
7facdf66f000-7facdf86e000 ---p 00016000 00:80e 345                       /lib/x86_64-linux-gnu/libgcc_s.so.1
7facdf86e000-7facdf86f000 rw-p 00015000 00:80e 345                       /lib/x86_64-linux-gnu/libgcc_s.so.1
7facdf86f000-7facdf955000 r-xp 00000000 00:80e 344                       /usr/lib/x86_64-linux-gnu/libstdc++.so.6.0.19
7facdf955000-7facdfb54000 ---p 000e6000 00:80e 344                       /usr/lib/x86_64-linux-gnu/libstdc++.so.6.0.19
7facdfb54000-7facdfb5c000 r--p 000e5000 00:80e 344                       /usr/lib/x86_64-linux-gnu/libstdc++.so.6.0.19
7facdfb5c000-7facdfb5e000 rw-p 000ed000 00:80e 344                       /usr/lib/x86_64-linux-gnu/libstdc++.so.6.0.19
7facdfb5e000-7facdfb73000 rw-p 00000000 00:00 0 
7facdfb73000-7facdfbf3000 r-xp 00000000 00:80e 389                       /usr/local/lib/python2.7/dist-packages/_jpype.so
7facdfbf3000-7facdfdf2000 ---p 00080000 00:80e 389                       /usr/local/lib/python2.7/dist-packages/_jpype.so
7facdfdf2000-7facdfdf5000 r--p 0007f000 00:80e 389                       /usr/local/lib/python2.7/dist-packages/_jpype.so
7facdfdf5000-7facdfdf8000 rw-p 00082000 00:80e 389                       /usr/local/lib/python2.7/dist-packages/_jpype.so
7facdfdf8000-7facdfdfe000 r-xp 00000000 00:80e 2316                      /usr/lib/python2.7/lib-dynload/_csv.x86_64-linux-gnu.so
7facdfdfe000-7facdfffd000 ---p 00006000 00:80e 2316                      /usr/lib/python2.7/lib-dynload/_csv.x86_64-linux-gnu.so
7facdfffd000-7facdfffe000 r--p 00005000 00:80e 2316                      /usr/lib/python2.7/lib-dynload/_csv.x86_64-linux-gnu.so
7facdfffe000-7face0000000 rw-p 00006000 00:80e 2316                      /usr/lib/python2.7/lib-dynload/_csv.x86_64-linux-gnu.so
7face0000000-7face04d7000 rw-p 00000000 00:00 0 
7face04d7000-7face4000000 ---p 00000000 00:00 0 
7face4010000-7face401f000 r--s 003aa000 00:80e 5042                      /usr/local/lib/python2.7/dist-packages/konlpy/java/twitter-korean-text-2.4.3.jar
7face401f000-7face4026000 r--s 0003c000 00:80e 5040                      /usr/local/lib/python2.7/dist-packages/konlpy/java/snakeyaml-1.12.jar
7face4026000-7face41a6000 rw-p 00000000 00:00 0 
7face41a6000-7face41cd000 r-xp 00000000 00:80e 2260                      /lib/x86_64-linux-gnu/libexpat.so.1.6.0
7face41cd000-7face43cd000 ---p 00027000 00:80e 2260                      /lib/x86_64-linux-gnu/libexpat.so.1.6.0
7face43cd000-7face43cf000 r--p 00027000 00:80e 2260                      /lib/x86_64-linux-gnu/libexpat.so.1.6.0
7face43cf000-7face43d0000 rw-p 00029000 00:80e 2260                      /lib/x86_64-linux-gnu/libexpat.so.1.6.0
7face43d0000-7face43df000 r-xp 00000000 00:80e 2258                      /usr/lib/python2.7/lib-dynload/pyexpat.x86_64-linux-gnu.so
7face43df000-7face45de000 ---p 0000f000 00:80e 2258                      /usr/lib/python2.7/lib-dynload/pyexpat.x86_64-linux-gnu.so
7face45de000-7face45df000 r--p 0000e000 00:80e 2258                      /usr/lib/python2.7/lib-dynload/pyexpat.x86_64-linux-gnu.so
7face45df000-7face45e1000 rw-p 0000f000 00:80e 2258                      /usr/lib/python2.7/lib-dynload/pyexpat.x86_64-linux-gnu.so
7face45e1000-7face4621000 rw-p 00000000 00:00 0 
7face4621000-7face462e000 r-xp 00000000 00:80e 2253                      /usr/lib/python2.7/lib-dynload/_elementtree.x86_64-linux-gnu.so
7face462e000-7face482d000 ---p 0000d000 00:80e 2253                      /usr/lib/python2.7/lib-dynload/_elementtree.x86_64-linux-gnu.so
7face482d000-7face482e000 r--p 0000c000 00:80e 2253                      /usr/lib/python2.7/lib-dynload/_elementtree.x86_64-linux-gnu.so
7face482e000-7face482f000 rw-p 0000d000 00:80e 2253                      /usr/lib/python2.7/lib-dynload/_elementtree.x86_64-linux-gnu.so
7face482f000-7face49ef000 rw-p 00000000 00:00 0 
7face49ef000-7face49f9000 r-xp 00000000 00:80e 2185                      /usr/lib/python2.7/dist-packages/simplejson/_speedups.x86_64-linux-gnu.so
7face49f9000-7face4bf8000 ---p 0000a000 00:80e 2185                      /usr/lib/python2.7/dist-packages/simplejson/_speedups.x86_64-linux-gnu.so
7face4bf8000-7face4bf9000 r--p 00009000 00:80e 2185                      /usr/lib/python2.7/dist-packages/simplejson/_speedups.x86_64-linux-gnu.so
7face4bf9000-7face4bfa000 rw-p 0000a000 00:80e 2185                      /usr/lib/python2.7/dist-packages/simplejson/_speedups.x86_64-linux-gnu.so
7face4bfa000-7face4c7a000 rw-p 00000000 00:00 0 
7face4c7a000-7face4c7b000 ---p 00000000 00:00 0 
7face4c7b000-7face563b000 rw-p 00000000 00:00 0 
7face563b000-7face56ef000 r-xp 00000000 00:80e 1944                      /usr/lib/x86_64-linux-gnu/libsqlite3.so.0.8.6
7face56ef000-7face58ef000 ---p 000b4000 00:80e 1944                      /usr/lib/x86_64-linux-gnu/libsqlite3.so.0.8.6
7face58ef000-7face58f1000 r--p 000b4000 00:80e 1944                      /usr/lib/x86_64-linux-gnu/libsqlite3.so.0.8.6
7face58f1000-7face58f3000 rw-p 000b6000 00:80e 1944                      /usr/lib/x86_64-linux-gnu/libsqlite3.so.0.8.6
7face58f3000-7face58f4000 rw-p 00000000 00:00 0 
7face58f4000-7face5906000 r-xp 00000000 00:80e 1942                      /usr/lib/python2.7/lib-dynload/_sqlite3.x86_64-linux-gnu.so
7face5906000-7face5b05000 ---p 00012000 00:80e 1942                      /usr/lib/python2.7/lib-dynload/_sqlite3.x86_64-linux-gnu.so
7face5b05000-7face5b06000 r--p 00011000 00:80e 1942                      /usr/lib/python2.7/lib-dynload/_sqlite3.x86_64-linux-gnu.so
7face5b06000-7face5b08000 rw-p 00012000 00:80e 1942                      /usr/lib/python2.7/lib-dynload/_sqlite3.x86_64-linux-gnu.so
7face5b08000-7face5f08000 rw-p 00000000 00:00 0 
7face5f08000-7face5f0c000 r-xp 00000000 00:80e 1634                      /lib/x86_64-linux-gnu/libuuid.so.1.3.0
7face5f0c000-7face610b000 ---p 00004000 00:80e 1634                      /lib/x86_64-linux-gnu/libuuid.so.1.3.0
7face610b000-7face610c000 r--p 00003000 00:80e 1634                      /lib/x86_64-linux-gnu/libuuid.so.1.3.0
7face610c000-7face610d000 rw-p 00004000 00:80e 1634                      /lib/x86_64-linux-gnu/libuuid.so.1.3.0
7face610d000-7face614d000 rw-p 00000000 00:00 0 
7face614d000-7face6154000 r-xp 00000000 00:80e 1626                      /usr/lib/x86_64-linux-gnu/libffi.so.6.0.1
7face6154000-7face6353000 ---p 00007000 00:80e 1626                      /usr/lib/x86_64-linux-gnu/libffi.so.6.0.1
7face6353000-7face6354000 r--p 00006000 00:80e 1626                      /usr/lib/x86_64-linux-gnu/libffi.so.6.0.1
7face6354000-7face6355000 rw-p 00007000 00:80e 1626                      /usr/lib/x86_64-linux-gnu/libffi.so.6.0.1
7face6355000-7face6372000 r-xp 00000000 00:80e 1624                      /usr/lib/python2.7/lib-dynload/_ctypes.x86_64-linux-gnu.so
7face6372000-7face6571000 ---p 0001d000 00:80e 1624                      /usr/lib/python2.7/lib-dynload/_ctypes.x86_64-linux-gnu.so
7face6571000-7face6572000 r--p 0001c000 00:80e 1624                      /usr/lib/python2.7/lib-dynload/_ctypes.x86_64-linux-gnu.so
7face6572000-7face6576000 rw-p 0001d000 00:80e 1624                      /usr/lib/python2.7/lib-dynload/_ctypes.x86_64-linux-gnu.so
7face6576000-7face66b6000 rw-p 00000000 00:00 0 
7face66b6000-7face66c2000 r-xp 00000000 00:80e 939                       /usr/lib/python2.7/lib-dynload/_json.x86_64-linux-gnu.so
7face66c2000-7face68c1000 ---p 0000c000 00:80e 939                       /usr/lib/python2.7/lib-dynload/_json.x86_64-linux-gnu.so
7face68c1000-7face68c2000 r--p 0000b000 00:80e 939                       /usr/lib/python2.7/lib-dynload/_json.x86_64-linux-gnu.so
7face68c2000-7face68c3000 rw-p 0000c000 00:80e 939                       /usr/lib/python2.7/lib-dynload/_json.x86_64-linux-gnu.so
7face68c3000-7face69c3000 rw-p 00000000 00:00 0 
7face69c3000-7face69c7000 r-xp 00000000 00:80e 841                       /usr/lib/python2.7/lib-dynload/termios.x86_64-linux-gnu.so
7face69c7000-7face6bc6000 ---p 00004000 00:80e 841                       /usr/lib/python2.7/lib-dynload/termios.x86_64-linux-gnu.so
7face6bc6000-7face6bc7000 r--p 00003000 00:80e 841                       /usr/lib/python2.7/lib-dynload/termios.x86_64-linux-gnu.so
7face6bc7000-7face6bc9000 rw-p 00004000 00:80e 841                       /usr/lib/python2.7/lib-dynload/termios.x86_64-linux-gnu.so
7face6bc9000-7face6cc9000 rw-p 00000000 00:00 0 
7face6cc9000-7face6ccd000 r-xp 00000000 00:80e 750                       /usr/lib/python2.7/lib-dynload/_hashlib.x86_64-linux-gnu.so
7face6ccd000-7face6ecc000 ---p 00004000 00:80e 750                       /usr/lib/python2.7/lib-dynload/_hashlib.x86_64-linux-gnu.so
7face6ecc000-7face6ecd000 r--p 00003000 00:80e 750                       /usr/lib/python2.7/lib-dynload/_hashlib.x86_64-linux-gnu.so
7face6ecd000-7face6ece000 rw-p 00004000 00:80e 750                       /usr/lib/python2.7/lib-dynload/_hashlib.x86_64-linux-gnu.so
7face6ece000-7face6f0e000 rw-p 00000000 00:00 0 
7face6f0e000-7face70c1000 r-xp 00000000 00:80e 731                       /lib/x86_64-linux-gnu/libcrypto.so.1.0.0
7face70c1000-7face72c0000 ---p 001b3000 00:80e 731                       /lib/x86_64-linux-gnu/libcrypto.so.1.0.0
7face72c0000-7face72db000 r--p 001b2000 00:80e 731                       /lib/x86_64-linux-gnu/libcrypto.so.1.0.0
7face72db000-7face72e6000 rw-p 001cd000 00:80e 731                       /lib/x86_64-linux-gnu/libcrypto.so.1.0.0
7face72e6000-7face72ea000 rw-p 00000000 00:00 0 
7face72ea000-7face733f000 r-xp 00000000 00:80e 730                       /lib/x86_64-linux-gnu/libssl.so.1.0.0
7face733f000-7face753f000 ---p 00055000 00:80e 730                       /lib/x86_64-linux-gnu/libssl.so.1.0.0
7face753f000-7face7542000 r--p 00055000 00:80e 730                       /lib/x86_64-linux-gnu/libssl.so.1.0.0
7face7542000-7face7549000 rw-p 00058000 00:80e 730                       /lib/x86_64-linux-gnu/libssl.so.1.0.0
7face7549000-7face7551000 r-xp 00000000 00:80e 729                       /usr/lib/python2.7/lib-dynload/_ssl.x86_64-linux-gnu.so
7face7551000-7face7750000 ---p 00008000 00:80e 729                       /usr/lib/python2.7/lib-dynload/_ssl.x86_64-linux-gnu.so
7face7750000-7face7751000 r--p 00007000 00:80e 729                       /usr/lib/python2.7/lib-dynload/_ssl.x86_64-linux-gnu.so
7face7751000-7face7752000 rw-p 00008000 00:80e 729                       /usr/lib/python2.7/lib-dynload/_ssl.x86_64-linux-gnu.so
7face7752000-7face7812000 rw-p 00000000 00:00 0 
7face7813000-7face7953000 rw-p 00000000 00:00 0 
7face7953000-7face796a000 r-xp 00000000 00:80e 670                       /usr/lib/python2.7/lib-dynload/datetime.x86_64-linux-gnu.so
7face796a000-7face7b69000 ---p 00017000 00:80e 670                       /usr/lib/python2.7/lib-dynload/datetime.x86_64-linux-gnu.so
7face7b69000-7face7b6a000 r--p 00016000 00:80e 670                       /usr/lib/python2.7/lib-dynload/datetime.x86_64-linux-gnu.so
7face7b6a000-7face7b6e000 rw-p 00017000 00:80e 670                       /usr/lib/python2.7/lib-dynload/datetime.x86_64-linux-gnu.so
7face7b6e000-7face7c73000 r-xp 00000000 00:80e 163                       /lib/x86_64-linux-gnu/libm-2.19.so
7face7c73000-7face7e72000 ---p 00105000 00:80e 163                       /lib/x86_64-linux-gnu/libm-2.19.so
7face7e72000-7face7e73000 r--p 00104000 00:80e 163                       /lib/x86_64-linux-gnu/libm-2.19.so
7face7e73000-7face7e74000 rw-p 00105000 00:80e 163                       /lib/x86_64-linux-gnu/libm-2.19.so
7face7e74000-7face7e8c000 r-xp 00000000 00:80e 262                       /lib/x86_64-linux-gnu/libz.so.1.2.8
7face7e8c000-7face808b000 ---p 00018000 00:80e 262                       /lib/x86_64-linux-gnu/libz.so.1.2.8
7face808b000-7face808c000 r--p 00017000 00:80e 262                       /lib/x86_64-linux-gnu/libz.so.1.2.8
7face808c000-7face808d000 rw-p 00018000 00:80e 262                       /lib/x86_64-linux-gnu/libz.so.1.2.8
7face808d000-7face808f000 r-xp 00000000 00:80e 455                       /lib/x86_64-linux-gnu/libutil-2.19.so
7face808f000-7face828e000 ---p 00002000 00:80e 455                       /lib/x86_64-linux-gnu/libutil-2.19.so
7face828e000-7face828f000 r--p 00001000 00:80e 455                       /lib/x86_64-linux-gnu/libutil-2.19.so
7face828f000-7face8290000 rw-p 00002000 00:80e 455                       /lib/x86_64-linux-gnu/libutil-2.19.so
7face8290000-7face8293000 r-xp 00000000 00:80e 76                        /lib/x86_64-linux-gnu/libdl-2.19.so
7face8293000-7face8492000 ---p 00003000 00:80e 76                        /lib/x86_64-linux-gnu/libdl-2.19.so
7face8492000-7face8493000 r--p 00002000 00:80e 76                        /lib/x86_64-linux-gnu/libdl-2.19.so
7face8493000-7face8494000 rw-p 00003000 00:80e 76                        /lib/x86_64-linux-gnu/libdl-2.19.so
7face8494000-7face8652000 r-xp 00000000 00:80e 78                        /lib/x86_64-linux-gnu/libc-2.19.so
7face8652000-7face8852000 ---p 001be000 00:80e 78                        /lib/x86_64-linux-gnu/libc-2.19.so
7face8852000-7face8856000 r--p 001be000 00:80e 78                        /lib/x86_64-linux-gnu/libc-2.19.so
7face8856000-7face8858000 rw-p 001c2000 00:80e 78                        /lib/x86_64-linux-gnu/libc-2.19.so
7face8858000-7face885d000 rw-p 00000000 00:00 0 
7face885d000-7face8876000 r-xp 00000000 00:80e 238                       /lib/x86_64-linux-gnu/libpthread-2.19.so
7face8876000-7face8a75000 ---p 00019000 00:80e 238                       /lib/x86_64-linux-gnu/libpthread-2.19.so
7face8a75000-7face8a76000 r--p 00018000 00:80e 238                       /lib/x86_64-linux-gnu/libpthread-2.19.so
7face8a76000-7face8a77000 rw-p 00019000 00:80e 238                       /lib/x86_64-linux-gnu/libpthread-2.19.so
7face8a77000-7face8a7b000 rw-p 00000000 00:00 0 
7face8a7b000-7face8a9e000 r-xp 00000000 00:80e 71                        /lib/x86_64-linux-gnu/ld-2.19.so
7face8aa2000-7face8aa3000 r--s 00006000 00:80e 5043                      /usr/local/lib/python2.7/dist-packages/konlpy/java/twitter-text-1.10.1.jar
7face8aa3000-7face8aa4000 r--s 00001000 00:80e 5039                      /usr/local/lib/python2.7/dist-packages/konlpy/java/shineware-ds-1.0.jar
7face8aa4000-7face8aa5000 r--s 00004000 00:80e 5038                      /usr/local/lib/python2.7/dist-packages/konlpy/java/shineware-common-2.0.jar
7face8aa5000-7face8aa6000 r--s 00006000 00:80e 5037                      /usr/local/lib/python2.7/dist-packages/konlpy/java/komoran-2.4-e.jar
7face8aa6000-7face8aa9000 r--s 0075b000 00:80e 5036                      /usr/local/lib/python2.7/dist-packages/konlpy/java/kkma-2.0.jar
7face8aa9000-7face8aad000 r--s 00025000 00:80e 5035                      /usr/local/lib/python2.7/dist-packages/konlpy/java/jhannanum-0.8.4.jar
7face8aad000-7face8ab0000 r--s 0003d000 00:80e 5027                      /usr/lib/jvm/java-7-openjdk-amd64/jre/lib/ext/sunpkcs11.jar
7face8ab0000-7face8af0000 rw-p 00000000 00:00 0 
7face8af0000-7face8b16000 r--p 00000000 00:80e 110                       /usr/lib/locale/C.UTF-8/LC_CTYPE
7face8b16000-7face8b96000 rw-p 00000000 00:00 0 
7face8b96000-7face8b9a000 r--s 00085000 00:80e 5026                      /usr/lib/jvm/java-7-openjdk-amd64/jre/lib/ext/localedata.jar
7face8b9a000-7face8b9d000 r--s 0000f000 00:80e 5025                      /usr/lib/jvm/java-7-openjdk-amd64/jre/lib/ext/icedtea-sound.jar
7face8b9d000-7face8b9e000 r--s 00002000 00:80e 5024                      /usr/lib/jvm/java-7-openjdk-amd64/jre/lib/ext/dnsns.jar
7face8b9e000-7face8ba0000 r--s 00012000 00:80e 5023                      /usr/lib/jvm/java-7-openjdk-amd64/jre/lib/ext/zipfs.jar
7face8ba0000-7face8ba4000 r--s 00034000 00:80e 5022                      /usr/lib/jvm/java-7-openjdk-amd64/jre/lib/ext/sunjce_provider.jar
7face8ba4000-7face8ba6000 r--s 00006000 00:80e 5032                      /usr/share/java/java-atk-wrapper.jar
7face8ba6000-7face8ba7000 r--p 00000000 00:80e 109                       /usr/lib/locale/C.UTF-8/LC_NUMERIC
7face8ba7000-7face8ba8000 r--p 00000000 00:80e 108                       /usr/lib/locale/C.UTF-8/LC_TIME
7face8ba8000-7face8ba9000 r--p 00000000 00:80e 106                       /usr/lib/locale/C.UTF-8/LC_MONETARY
7face8ba9000-7face8baa000 r--p 00000000 00:80e 105                       /usr/lib/locale/C.UTF-8/LC_MESSAGES/SYS_LC_MESSAGES
7face8baa000-7face8bab000 r--p 00000000 00:80e 103                       /usr/lib/locale/C.UTF-8/LC_PAPER
7face8bab000-7face8bac000 r--p 00000000 00:80e 102                       /usr/lib/locale/C.UTF-8/LC_NAME
7face8bac000-7face8bbf000 rw-p 00000000 00:00 0 
7face8bbf000-7face8bc7000 rw-s 00000000 00:80e 5019                      /tmp/hsperfdata_ubuntu/2232
7face8bc7000-7face8c8c000 rw-p 00000000 00:00 0 
7face8c8c000-7face8c8d000 r--p 00000000 00:80e 101                       /usr/lib/locale/C.UTF-8/LC_ADDRESS
7face8c8d000-7face8c8e000 r--p 00000000 00:80e 100                       /usr/lib/locale/C.UTF-8/LC_TELEPHONE
7face8c8e000-7face8c8f000 r--p 00000000 00:80e 99                        /usr/lib/locale/C.UTF-8/LC_MEASUREMENT
7face8c8f000-7face8c90000 r--p 00000000 00:80e 95                        /usr/lib/locale/C.UTF-8/LC_IDENTIFICATION
7face8c90000-7face8c91000 rw-p 00000000 00:00 0 
7face8c91000-7face8c92000 r--p 00000000 00:00 0 
7face8c92000-7face8c93000 rw-p 00000000 00:00 0 
7face8c93000-7face8c94000 rwxp 00000000 00:00 0 
7face8c94000-7face8c9b000 r--s 00000000 00:80e 98                        /usr/lib/x86_64-linux-gnu/gconv/gconv-modules.cache
7face8c9b000-7face8c9d000 rw-p 00000000 00:00 0 
7face8c9d000-7face8c9e000 r--p 00022000 00:80e 71                        /lib/x86_64-linux-gnu/ld-2.19.so
7face8c9e000-7face8c9f000 rw-p 00023000 00:80e 71                        /lib/x86_64-linux-gnu/ld-2.19.so
7face8c9f000-7face8ca0000 rw-p 00000000 00:00 0 
7fffaf6d3000-7fffaf6f4000 rw-p 00000000 00:00 0                          [stack]
7fffaf7f9000-7fffaf7fb000 r--p 00000000 00:00 0                          [vvar]
7fffaf7fb000-7fffaf7fd000 r-xp 00000000 00:00 0                          [vdso]
ffffffffff600000-ffffffffff601000 r-xp 00000000 00:00 0                  [vsyscall]

VM Arguments:
jvm_args: -Dfile.encoding=UTF8 -ea -Xmx768m 
java_command: <unknown>
Launcher Type: generic

Environment Variables:
PATH=/home/ubuntu/.nvm/versions/node/v6.11.2/bin:/usr/local/rvm/gems/ruby-2.4.0/bin:/usr/local/rvm/gems/ruby-2.4.0@global/bin:/usr/local/rvm/rubies/ruby-2.4.0/bin:/mnt/shared/bin:/home/ubuntu/workspace/node_modules/.bin:/home/ubuntu/bin:/usr/local/sbin:/usr/local/bin:/usr/sbin:/usr/bin:/sbin:/bin:/mnt/shared/sbin:/opt/gitl:/opt/go/bin:/mnt/shared/c9/app.nw/bin:/usr/local/rvm/bin
LD_LIBRARY_PATH=~/.c9/local/lib
SHELL=/bin/bash

Signal Handlers:
SIGSEGV: [libjvm.so+0x963630], sa_mask[0]=0x7ffbfeff, sa_flags=0x10000004
SIGBUS: [libjvm.so+0x963630], sa_mask[0]=0x7ffbfeff, sa_flags=0x10000004
SIGFPE: [libjvm.so+0x7d5da0], sa_mask[0]=0x7ffbfeff, sa_flags=0x10000004
SIGPIPE: [libjvm.so+0x7d5da0], sa_mask[0]=0x7ffbfeff, sa_flags=0x10000004
SIGXFSZ: [libjvm.so+0x7d5da0], sa_mask[0]=0x7ffbfeff, sa_flags=0x10000004
SIGILL: [libjvm.so+0x7d5da0], sa_mask[0]=0x7ffbfeff, sa_flags=0x10000004
SIGUSR1: SIG_DFL, sa_mask[0]=0x00000000, sa_flags=0x00000000
SIGUSR2: [libjvm.so+0x7d5ed0], sa_mask[0]=0x00000000, sa_flags=0x10000004
SIGHUP: [libjvm.so+0x7d5e20], sa_mask[0]=0x7ffbfeff, sa_flags=0x10000004
SIGINT: [libjvm.so+0x7d5e20], sa_mask[0]=0x7ffbfeff, sa_flags=0x10000004
SIGTERM: [libjvm.so+0x7d5e20], sa_mask[0]=0x7ffbfeff, sa_flags=0x10000004
SIGQUIT: [libjvm.so+0x7d5e20], sa_mask[0]=0x7ffbfeff, sa_flags=0x10000004
SIGTRAP: SIG_DFL, sa_mask[0]=0x00000000, sa_flags=0x00000000


---------------  S Y S T E M  ---------------

OS:Ubuntu 14.04 (trusty)
uname:Linux 4.9.17-c9 #1 SMP Thu Mar 23 01:38:54 UTC 2017 x86_64
libc:glibc 2.19 NPTL 2.19 
rlimit: STACK 8192k, CORE 0k, NPROC 1048576, NOFILE 1048576, AS infinity
load average:5.29 5.83 5.41

/proc/meminfo:
MemTotal:       53595428 kB
MemFree:         3625464 kB
MemAvailable:   15253712 kB
Buffers:         9526172 kB
Cached:          9843372 kB
SwapCached:      1115068 kB
Active:         26073088 kB
Inactive:       13811376 kB
Active(anon):   11294040 kB
Inactive(anon): 11733220 kB
Active(file):   14779048 kB
Inactive(file):  2078156 kB
Unevictable:       13512 kB
Mlocked:           13512 kB
SwapTotal:      52428796 kB
SwapFree:       40974972 kB
Dirty:             11672 kB
Writeback:           144 kB
AnonPages:      19862900 kB
Mapped:          1546316 kB
Shmem:           2510044 kB
Slab:            7409752 kB
SReclaimable:    4734856 kB
SUnreclaim:      2674896 kB
KernelStack:      197744 kB
PageTables:       479012 kB
NFS_Unstable:          0 kB
Bounce:                0 kB
WritebackTmp:          0 kB
CommitLimit:    79226508 kB
Committed_AS:   90104608 kB
VmallocTotal:   34359738367 kB
VmallocUsed:           0 kB
VmallocChunk:          0 kB
HardwareCorrupted:     0 kB
AnonHugePages:     49152 kB
ShmemHugePages:        0 kB
ShmemPmdMapped:        0 kB
HugePages_Total:       0
HugePages_Free:        0
HugePages_Rsvd:        0
HugePages_Surp:        0
Hugepagesize:       2048 kB
DirectMap4k:     4425716 kB
DirectMap2M:    50100224 kB
DirectMap1G:     2097152 kB


CPU:total 8 (initial active 8) (12 cores per cpu, 2 threads per core) family 6 model 62 stepping 4, cmov, cx8, fxsr, mmx, sse, sse2, sse3, ssse3, sse4.1, sse4.2, popcnt, avx, aes, erms, ht, tsc, tscinvbit

/proc/cpuinfo:
processor	: 0
vendor_id	: GenuineIntel
cpu family	: 6
model		: 62
model name	: Intel(R) Xeon(R) CPU @ 2.50GHz
stepping	: 4
microcode	: 0x1
cpu MHz		: 2500.000
cache size	: 30720 KB
physical id	: 0
siblings	: 8
core id		: 0
cpu cores	: 4
apicid		: 0
initial apicid	: 0
fpu		: yes
fpu_exception	: yes
cpuid level	: 13
wp		: yes
flags		: fpu vme de pse tsc msr pae mce cx8 apic sep mtrr pge mca cmov pat pse36 clflush mmx fxsr sse sse2 ss ht syscall nx pdpe1gb rdtscp lm constant_tsc rep_good nopl xtopology nonstop_tsc eagerfpu pni pclmulqdq ssse3 cx16 sse4_1 sse4_2 x2apic popcnt aes xsave avx f16c rdrand hypervisor lahf_lm fsgsbase tsc_adjust smep erms xsaveopt
bugs		:
bogomips	: 5000.00
clflush size	: 64
cache_alignment	: 64
address sizes	: 46 bits physical, 48 bits virtual
power management:

processor	: 1
vendor_id	: GenuineIntel
cpu family	: 6
model		: 62
model name	: Intel(R) Xeon(R) CPU @ 2.50GHz
stepping	: 4
microcode	: 0x1
cpu MHz		: 2500.000
cache size	: 30720 KB
physical id	: 0
siblings	: 8
core id		: 1
cpu cores	: 4
apicid		: 2
initial apicid	: 2
fpu		: yes
fpu_exception	: yes
cpuid level	: 13
wp		: yes
flags		: fpu vme de pse tsc msr pae mce cx8 apic sep mtrr pge mca cmov pat pse36 clflush mmx fxsr sse sse2 ss ht syscall nx pdpe1gb rdtscp lm constant_tsc rep_good nopl xtopology nonstop_tsc eagerfpu pni pclmulqdq ssse3 cx16 sse4_1 sse4_2 x2apic popcnt aes xsave avx f16c rdrand hypervisor lahf_lm fsgsbase tsc_adjust smep erms xsaveopt
bugs		:
bogomips	: 5000.00
clflush size	: 64
cache_alignment	: 64
address sizes	: 46 bits physical, 48 bits virtual
power management:

processor	: 2
vendor_id	: GenuineIntel
cpu family	: 6
model		: 62
model name	: Intel(R) Xeon(R) CPU @ 2.50GHz
stepping	: 4
microcode	: 0x1
cpu MHz		: 2500.000
cache size	: 30720 KB
physical id	: 0
siblings	: 8
core id		: 2
cpu cores	: 4
apicid		: 4
initial apicid	: 4
fpu		: yes
fpu_exception	: yes
cpuid level	: 13
wp		: yes
flags		: fpu vme de pse tsc msr pae mce cx8 apic sep mtrr pge mca cmov pat pse36 clflush mmx fxsr sse sse2 ss ht syscall nx pdpe1gb rdtscp lm constant_tsc rep_good nopl xtopology nonstop_tsc eagerfpu pni pclmulqdq ssse3 cx16 sse4_1 sse4_2 x2apic popcnt aes xsave avx f16c rdrand hypervisor lahf_lm fsgsbase tsc_adjust smep erms xsaveopt
bugs		:
bogomips	: 5000.00
clflush size	: 64
cache_alignment	: 64
address sizes	: 46 bits physical, 48 bits virtual
power management:

processor	: 3
vendor_id	: GenuineIntel
cpu family	: 6
model		: 62
model name	: Intel(R) Xeon(R) CPU @ 2.50GHz
stepping	: 4
microcode	: 0x1
cpu MHz		: 2500.000
cache size	: 30720 KB
physical id	: 0
siblings	: 8
core id		: 3
cpu cores	: 4
apicid		: 6
initial apicid	: 6
fpu		: yes
fpu_exception	: yes
cpuid level	: 13
wp		: yes
flags		: fpu vme de pse tsc msr pae mce cx8 apic sep mtrr pge mca cmov pat pse36 clflush mmx fxsr sse sse2 ss ht syscall nx pdpe1gb rdtscp lm constant_tsc rep_good nopl xtopology nonstop_tsc eagerfpu pni pclmulqdq ssse3 cx16 sse4_1 sse4_2 x2apic popcnt aes xsave avx f16c rdrand hypervisor lahf_lm fsgsbase tsc_adjust smep erms xsaveopt
bugs		:
bogomips	: 5000.00
clflush size	: 64
cache_alignment	: 64
address sizes	: 46 bits physical, 48 bits virtual
power management:

processor	: 4
vendor_id	: GenuineIntel
cpu family	: 6
model		: 62
model name	: Intel(R) Xeon(R) CPU @ 2.50GHz
stepping	: 4
microcode	: 0x1
cpu MHz		: 2500.000
cache size	: 30720 KB
physical id	: 0
siblings	: 8
core id		: 0
cpu cores	: 4
apicid		: 1
initial apicid	: 1
fpu		: yes
fpu_exception	: yes
cpuid level	: 13
wp		: yes
flags		: fpu vme de pse tsc msr pae mce cx8 apic sep mtrr pge mca cmov pat pse36 clflush mmx fxsr sse sse2 ss ht syscall nx pdpe1gb rdtscp lm constant_tsc rep_good nopl xtopology nonstop_tsc eagerfpu pni pclmulqdq ssse3 cx16 sse4_1 sse4_2 x2apic popcnt aes xsave avx f16c rdrand hypervisor lahf_lm fsgsbase tsc_adjust smep erms xsaveopt
bugs		:
bogomips	: 5000.00
clflush size	: 64
cache_alignment	: 64
address sizes	: 46 bits physical, 48 bits virtual
power management:

processor	: 5
vendor_id	: GenuineIntel
cpu family	: 6
model		: 62
model name	: Intel(R) Xeon(R) CPU @ 2.50GHz
stepping	: 4
microcode	: 0x1
cpu MHz		: 2500.000
cache size	: 30720 KB
physical id	: 0
siblings	: 8
core id		: 1
cpu cores	: 4
apicid		: 3
initial apicid	: 3
fpu		: yes
fpu_exception	: yes
cpuid level	: 13
wp		: yes
flags		: fpu vme de pse tsc msr pae mce cx8 apic sep mtrr pge mca cmov pat pse36 clflush mmx fxsr sse sse2 ss ht syscall nx pdpe1gb rdtscp lm constant_tsc rep_good nopl xtopology nonstop_tsc eagerfpu pni pclmulqdq ssse3 cx16 sse4_1 sse4_2 x2apic popcnt aes xsave avx f16c rdrand hypervisor lahf_lm fsgsbase tsc_adjust smep erms xsaveopt
bugs		:
bogomips	: 5000.00
clflush size	: 64
cache_alignment	: 64
address sizes	: 46 bits physical, 48 bits virtual
power management:

processor	: 6
vendor_id	: GenuineIntel
cpu family	: 6
model		: 62
model name	: Intel(R) Xeon(R) CPU @ 2.50GHz
stepping	: 4
microcode	: 0x1
cpu MHz		: 2500.000
cache size	: 30720 KB
physical id	: 0
siblings	: 8
core id		: 2
cpu cores	: 4
apicid		: 5
initial apicid	: 5
fpu		: yes
fpu_exception	: yes
cpuid level	: 13
wp		: yes
flags		: fpu vme de pse tsc msr pae mce cx8 apic sep mtrr pge mca cmov pat pse36 clflush mmx fxsr sse sse2 ss ht syscall nx pdpe1gb rdtscp lm constant_tsc rep_good nopl xtopology nonstop_tsc eagerfpu pni pclmulqdq ssse3 cx16 sse4_1 sse4_2 x2apic popcnt aes xsave avx f16c rdrand hypervisor lahf_lm fsgsbase tsc_adjust smep erms xsaveopt
bugs		:
bogomips	: 5000.00
clflush size	: 64
cache_alignment	: 64
address sizes	: 46 bits physical, 48 bits virtual
power management:

processor	: 7
vendor_id	: GenuineIntel
cpu family	: 6
model		: 62
model name	: Intel(R) Xeon(R) CPU @ 2.50GHz
stepping	: 4
microcode	: 0x1
cpu MHz		: 2500.000
cache size	: 30720 KB
physical id	: 0
siblings	: 8
core id		: 3
cpu cores	: 4
apicid		: 7
initial apicid	: 7
fpu		: yes
fpu_exception	: yes
cpuid level	: 13
wp		: yes
flags		: fpu vme de pse tsc msr pae mce cx8 apic sep mtrr pge mca cmov pat pse36 clflush mmx fxsr sse sse2 ss ht syscall nx pdpe1gb rdtscp lm constant_tsc rep_good nopl xtopology nonstop_tsc eagerfpu pni pclmulqdq ssse3 cx16 sse4_1 sse4_2 x2apic popcnt aes xsave avx f16c rdrand hypervisor lahf_lm fsgsbase tsc_adjust smep erms xsaveopt
bugs		:
bogomips	: 5000.00
clflush size	: 64
cache_alignment	: 64
address sizes	: 46 bits physical, 48 bits virtual
power management:



Memory: 4k page, physical 53595428k(3625464k free), swap 52428796k(40974972k free)

vm_info: OpenJDK 64-Bit Server VM (24.151-b01) for linux-amd64 JRE (1.7.0_151-b01), built on Aug 15 2017 05:35:24 by "buildd" with gcc 4.8.4

time: Thu Nov 23 13:11:14 2017
elapsed time: 14 seconds

