#
# A fatal error has been detected by the Java Runtime Environment:
#
#  SIGSEGV (0xb) at pc=0x00007f7c1e4dbfd3, pid=35453, tid=140170940950272
#
# JRE version: OpenJDK Runtime Environment (7.0_151-b01) (build 1.7.0_151-b01)
# Java VM: OpenJDK 64-Bit Server VM (24.151-b01 mixed mode linux-amd64 compressed oops)
# Derivative: IcedTea 2.6.11
# Distribution: Ubuntu 14.04 LTS, package 7u151-2.6.11-0ubuntu1.14.04.1
# Problematic frame:
# C  [_jpype.so+0x35fd3]  JPJavaEnv::NewObjectA(_jclass*, _jmethodID*, jvalue*)+0x33
#
# Failed to write core dump. Core dumps have been disabled. To enable core dumping, try "ulimit -c unlimited" before starting Java again
#
# If you would like to submit a bug report, please include
# instructions on how to reproduce the bug and visit:
#   http://icedtea.classpath.org/bugzilla
#

---------------  T H R E A D  ---------------

Current thread is native thread

siginfo:si_signo=SIGSEGV: si_errno=0, si_code=1 (SEGV_MAPERR), si_addr=0x0000000000000000

Registers:
RAX=0x00007f7c18428eb0, RBX=0x0000000000000000, RCX=0x00007f7c230b88fd, RDX=0x0000000000000001
RSP=0x00007f7c17246ca0, RBP=0x00007f7c10359fa8, RSI=0x0000000000000081, RDI=0x000000000298fa50
R8 =0x0000000000000000, R9 =0x0000000000000002, R10=0x00007f7c1e4a4940, R11=0x0000000000000206
R12=0x00007f7c1033e4a0, R13=0x00007f7c18428eb0, R14=0x00007f7c1034fbd8, R15=0x00007f7c1075d0e0
RIP=0x00007f7c1e4dbfd3, EFLAGS=0x0000000000010206, CSGSFS=0x002b000000000033, ERR=0x0000000000000004
  TRAPNO=0x000000000000000e

Top of Stack: (sp=0x00007f7c17246ca0)
0x00007f7c17246ca0:   00007f7c17246e30 00007f7c1034fbd8
0x00007f7c17246cb0:   0000000000000000 0000000000000000
0x00007f7c17246cc0:   00007f7c1075d0e0 00007f7c10437438
0x00007f7c17246cd0:   00007f7c17246e10 00007f7c1e4def9e
0x00007f7c17246ce0:   0000000000000000 00007f7c17246d50
0x00007f7c17246cf0:   00007f7c10359fa8 00007f7c17246d10
0x00007f7c17246d00:   00007f7c1045c510 00000000005103c9
0x00007f7c17246d10:   00007f7c1e726010 00007f7c10798bf8
0x00007f7c17246d20:   00007f7c1e933700 ffffffff00000000
0x00007f7c17246d30:   00000000005cd65e 00000000004ae2d9
0x00007f7c17246d40:   0000003000000028 00007f7c17246ec0
0x00007f7c17246d50:   00007f7c1e727050 0000000000000000
0x00007f7c17246d60:   0000000000000000 0000000000000000
0x00007f7c17246d70:   0000000000000000 0000000000000000
0x00007f7c17246d80:   0000000000000000 0000000000000000
0x00007f7c17246d90:   0000000000000000 0000000000000000
0x00007f7c17246da0:   00007f7c17246e30 00007f7c1745db00
0x00007f7c17246db0:   00007f7c23494050 0000000000000000
0x00007f7c17246dc0:   00007f7c17246e30 0000000000000000
0x00007f7c17246dd0:   00007f7c23494050 00007f7c1e504eaa
0x00007f7c17246de0:   0000000000000000 00007f7c16a3ab00
0x00007f7c17246df0:   00007f7c23495ed0 00007f7c1c041a80
0x00007f7c17246e00:   00007f7c23495030 00007f7c1dc8b010
0x00007f7c17246e10:   0000000000000000 0000000000000000
0x00007f7c17246e20:   0000000000000000 00007f7c1045c510
0x00007f7c17246e30:   00007f7c1e727050 0000000000000000
0x00007f7c17246e40:   0000000000000000 0000000000000000
0x00007f7c17246e50:   0000000000000000 0000000000000000
0x00007f7c17246e60:   0000000000000000 0000000000000000
0x00007f7c17246e70:   0000000000000000 0000000000000000
0x00007f7c17246e80:   00007f7c23497230 00007f7c1745db00
0x00007f7c17246e90:   00007f7c23494050 0000000000000000 

Instructions: (pc=0x00007f7c1e4dbfd3)
0x00007f7c1e4dbfb3:   89 f5 53 48 83 ec 08 e8 81 f7 ff ff 48 89 c3 e8
0x00007f7c1e4dbfc3:   49 a3 01 00 48 8b 10 48 89 c7 ff 52 30 49 89 c5
0x00007f7c1e4dbfd3:   48 8b 03 48 89 ee 48 89 df ff 90 d8 00 00 00 48
0x00007f7c1e4dbfe3:   89 c5 e8 16 a3 01 00 48 89 c7 e8 6e f7 ff ff 84 

Register to memory mapping:

RAX=0x00007f7c18428eb0 is an unknown value
RBX=0x0000000000000000 is an unknown value
RCX=0x00007f7c230b88fd: sem_post+0x2d in /lib/x86_64-linux-gnu/libpthread.so.0 at 0x00007f7c230aa000
RDX=0x0000000000000001 is an unknown value
RSP=0x00007f7c17246ca0 is pointing into the stack for thread: 0x00007f7c10029000
RBP=0x00007f7c10359fa8 is a global jni handle
RSI=0x0000000000000081 is an unknown value
RDI=0x000000000298fa50 is an unknown value
R8 =0x0000000000000000 is an unknown value
R9 =0x0000000000000002 is an unknown value
R10=0x00007f7c1e4a4940: <offset 0x302940> in /usr/lib/x86_64-linux-gnu/libstdc++.so.6 at 0x00007f7c1e1a2000
R11=0x0000000000000206 is an unknown value
R12=0x00007f7c1033e4a0 is an unknown value
R13=0x00007f7c18428eb0 is an unknown value
R14=0x00007f7c1034fbd8 is a weak global jni handle
R15=0x00007f7c1075d0e0 is an unknown value


Stack: [0x00007f7c16a4a000,0x00007f7c1724b000],  sp=0x00007f7c17246ca0,  free space=8179k
Native frames: (J=compiled Java code, j=interpreted, Vv=VM code, C=native code)
C  [_jpype.so+0x35fd3]  JPJavaEnv::NewObjectA(_jclass*, _jmethodID*, jvalue*)+0x33


---------------  P R O C E S S  ---------------

VM state:not at safepoint (normal execution)

VM Mutex/Monitor currently owned by a thread: None

Heap
 PSYoungGen      total 229376K, used 83351K [0x00000000f0000000, 0x0000000100000000, 0x0000000100000000)
  eden space 196608K, 30% used [0x00000000f0000000,0x00000000f3999f40,0x00000000fc000000)
  from space 32768K, 74% used [0x00000000fc000000,0x00000000fd7cbdd8,0x00000000fe000000)
  to   space 32768K, 0% used [0x00000000fe000000,0x00000000fe000000,0x0000000100000000)
 ParOldGen       total 524288K, used 8K [0x00000000d0000000, 0x00000000f0000000, 0x00000000f0000000)
  object space 524288K, 0% used [0x00000000d0000000,0x00000000d0002000,0x00000000f0000000)
 PSPermGen       total 21504K, used 9545K [0x00000000c5a00000, 0x00000000c6f00000, 0x00000000d0000000)
  object space 21504K, 44% used [0x00000000c5a00000,0x00000000c63525a0,0x00000000c6f00000)

Card table byte_map: [0x00007f7c14ad4000,0x00007f7c14ca8000] byte_map_base: 0x00007f7c144a7000

Polling page: 0x00007f7c234de000

Code Cache  [0x00007f7c0d000000, 0x00007f7c0d270000, 0x00007f7c10000000)
 total_blobs=742 nmethods=522 adapters=173 free_code_cache=47977Kb largest_free_block=49103168

Compilation events (10 events):
Event: 3.078 Thread 0x00007f7c1032d000 nmethod 517 0x00007f7c0d1243d0 code [0x00007f7c0d124500, 0x00007f7c0d124578]
Event: 3.087 Thread 0x00007f7c10330000 nmethod 518 0x00007f7c0d126cd0 code [0x00007f7c0d126e80, 0x00007f7c0d1271f8]
Event: 3.098 Thread 0x00007f7c1032d000  519             scala.collection.TraversableOnce$$anonfun$toMap$1::apply (6 bytes)
Event: 3.102 Thread 0x00007f7c10330000  520             scala.collection.TraversableOnce$$anonfun$toMap$1::apply (18 bytes)
Event: 3.106 Thread 0x00007f7c10330000 nmethod 520 0x00007f7c0d126410 code [0x00007f7c0d1265a0, 0x00007f7c0d126848]
Event: 3.106 Thread 0x00007f7c1032d000 nmethod 519 0x00007f7c0d1292d0 code [0x00007f7c0d129460, 0x00007f7c0d129708]
Event: 3.122 Thread 0x00007f7c10330000  521             java.lang.String::endsWith (17 bytes)
Event: 3.126 Thread 0x00007f7c10330000 nmethod 521 0x00007f7c0d125fd0 code [0x00007f7c0d126120, 0x00007f7c0d1262f8]
Event: 3.138 Thread 0x00007f7c1032d000  522             java.util.regex.Pattern::compile (406 bytes)
Event: 3.188 Thread 0x00007f7c1032d000 nmethod 522 0x00007f7c0d127e10 code [0x00007f7c0d128040, 0x00007f7c0d128b70]

GC Heap History (2 events):
Event: 2.906 GC heap before
{Heap before GC invocations=1 (full 0):
 PSYoungGen      total 229376K, used 196608K [0x00000000f0000000, 0x0000000100000000, 0x0000000100000000)
  eden space 196608K, 100% used [0x00000000f0000000,0x00000000fc000000,0x00000000fc000000)
  from space 32768K, 0% used [0x00000000fe000000,0x00000000fe000000,0x0000000100000000)
  to   space 32768K, 0% used [0x00000000fc000000,0x00000000fc000000,0x00000000fe000000)
 ParOldGen       total 524288K, used 0K [0x00000000d0000000, 0x00000000f0000000, 0x00000000f0000000)
  object space 524288K, 0% used [0x00000000d0000000,0x00000000d0000000,0x00000000f0000000)
 PSPermGen       total 21504K, used 9294K [0x00000000c5a00000, 0x00000000c6f00000, 0x00000000d0000000)
  object space 21504K, 43% used [0x00000000c5a00000,0x00000000c6313908,0x00000000c6f00000)
Event: 2.982 GC heap after
Heap after GC invocations=1 (full 0):
 PSYoungGen      total 229376K, used 24367K [0x00000000f0000000, 0x0000000100000000, 0x0000000100000000)
  eden space 196608K, 0% used [0x00000000f0000000,0x00000000f0000000,0x00000000fc000000)
  from space 32768K, 74% used [0x00000000fc000000,0x00000000fd7cbdd8,0x00000000fe000000)
  to   space 32768K, 0% used [0x00000000fe000000,0x00000000fe000000,0x0000000100000000)
 ParOldGen       total 524288K, used 8K [0x00000000d0000000, 0x00000000f0000000, 0x00000000f0000000)
  object space 524288K, 0% used [0x00000000d0000000,0x00000000d0002000,0x00000000f0000000)
 PSPermGen       total 21504K, used 9294K [0x00000000c5a00000, 0x00000000c6f00000, 0x00000000d0000000)
  object space 21504K, 43% used [0x00000000c5a00000,0x00000000c6313908,0x00000000c6f00000)
}

Deoptimization events (10 events):
Event: 3.096 Thread 0x00007f7c10029000 Uncommon trap: reason=class_check action=maybe_recompile pc=0x00007f7c0d11bc88 method=scala.collection.mutable.MapBuilder.$plus$eq(Lscala/Tuple2;)Lscala/collection/mutable/MapBuilder; @ 6
Event: 3.096 Thread 0x00007f7c10029000 Uncommon trap: reason=class_check action=maybe_recompile pc=0x00007f7c0d0e38bc method=scala.collection.immutable.HashMap.$plus(Lscala/Tuple2;)Lscala/collection/immutable/HashMap; @ 20
Event: 3.096 Thread 0x00007f7c10029000 Uncommon trap: reason=class_check action=maybe_recompile pc=0x00007f7c0d0e38bc method=scala.collection.immutable.HashMap.$plus(Lscala/Tuple2;)Lscala/collection/immutable/HashMap; @ 20
Event: 3.115 Thread 0x00007f7c10029000 Uncommon trap: reason=class_check action=maybe_recompile pc=0x00007f7c0d0c7ff0 method=scala.collection.MapLike$class.apply(Lscala/collection/MapLike;Ljava/lang/Object;)Ljava/lang/Object; @ 2
Event: 3.115 Thread 0x00007f7c10029000 Uncommon trap: reason=class_check action=maybe_recompile pc=0x00007f7c0d1120f8 method=scala.collection.immutable.HashMap$HashMap1.get0(Ljava/lang/Object;II)Lscala/Option; @ 52
Event: 3.115 Thread 0x00007f7c10029000 Uncommon trap: reason=bimorphic action=maybe_recompile pc=0x00007f7c0d0a7414 method=scala.collection.TraversableLike$$anonfun$map$1.apply(Ljava/lang/Object;)Lscala/collection/mutable/Builder; @ 14
Event: 3.120 Thread 0x00007f7c10029000 Uncommon trap: reason=class_check action=maybe_recompile pc=0x00007f7c0d0a4b98 method=java.lang.String.valueOf(Ljava/lang/Object;)Ljava/lang/String; @ 10
Event: 3.138 Thread 0x00007f7c10029000 Uncommon trap: reason=bimorphic action=maybe_recompile pc=0x00007f7c0d0d24ac method=scala.collection.IterableLike$class.foreach(Lscala/collection/IterableLike;Lscala/Function1;)V @ 7
Event: 3.138 Thread 0x00007f7c10029000 Uncommon trap: reason=class_check action=maybe_recompile pc=0x00007f7c0d1120f8 method=scala.collection.immutable.HashMap$HashMap1.get0(Ljava/lang/Object;II)Lscala/Option; @ 52
Event: 3.138 Thread 0x00007f7c10029000 Uncommon trap: reason=class_check action=maybe_recompile pc=0x00007f7c0d0a4b98 method=java.lang.String.valueOf(Ljava/lang/Object;)Ljava/lang/String; @ 10

Internal exceptions (10 events):
Event: 3.121 Thread 0x00007f7c10029000 Threw 0x00000000f389cb38 at /build/openjdk-7-2nYvii/openjdk-7-7u151-2.6.11/build/openjdk/hotspot/src/share/vm/prims/jvm.cpp:1322
Event: 3.121 Thread 0x00007f7c10029000 Threw 0x00000000f38a9ac0 at /build/openjdk-7-2nYvii/openjdk-7-7u151-2.6.11/build/openjdk/hotspot/src/share/vm/prims/jvm.cpp:1322
Event: 3.122 Thread 0x00007f7c10029000 Threw 0x00000000f38aeaf8 at /build/openjdk-7-2nYvii/openjdk-7-7u151-2.6.11/build/openjdk/hotspot/src/share/vm/prims/jvm.cpp:1322
Event: 3.122 Thread 0x00007f7c10029000 Threw 0x00000000f38b3650 at /build/openjdk-7-2nYvii/openjdk-7-7u151-2.6.11/build/openjdk/hotspot/src/share/vm/prims/jvm.cpp:1322
Event: 3.122 Thread 0x00007f7c10029000 Threw 0x00000000f38b8cc0 at /build/openjdk-7-2nYvii/openjdk-7-7u151-2.6.11/build/openjdk/hotspot/src/share/vm/prims/jvm.cpp:1322
Event: 3.124 Thread 0x00007f7c10029000 Threw 0x00000000f38beb50 at /build/openjdk-7-2nYvii/openjdk-7-7u151-2.6.11/build/openjdk/hotspot/src/share/vm/prims/jvm.cpp:1322
Event: 3.125 Thread 0x00007f7c10029000 Threw 0x00000000f38c47f0 at /build/openjdk-7-2nYvii/openjdk-7-7u151-2.6.11/build/openjdk/hotspot/src/share/vm/prims/jvm.cpp:1322
Event: 3.127 Thread 0x00007f7c10029000 Threw 0x00000000f38cd1a8 at /build/openjdk-7-2nYvii/openjdk-7-7u151-2.6.11/build/openjdk/hotspot/src/share/vm/prims/jvm.cpp:1322
Event: 3.127 Thread 0x00007f7c10029000 Threw 0x00000000f38d2870 at /build/openjdk-7-2nYvii/openjdk-7-7u151-2.6.11/build/openjdk/hotspot/src/share/vm/prims/jvm.cpp:1322
Event: 3.128 Thread 0x00007f7c10029000 Threw 0x00000000f38d9ae8 at /build/openjdk-7-2nYvii/openjdk-7-7u151-2.6.11/build/openjdk/hotspot/src/share/vm/prims/jvm.cpp:1322

Events (10 events):
Event: 3.138 Thread 0x00007f7c10029000 DEOPT PACKING pc=0x00007f7c0d0d24ac sp=0x00007f7c172469f0
Event: 3.138 Thread 0x00007f7c10029000 DEOPT UNPACKING pc=0x00007f7c0d039445 sp=0x00007f7c17246970 mode 2
Event: 3.138 Thread 0x00007f7c10029000 Uncommon trap: trap_request=0xffffffde fr.pc=0x00007f7c0d1120f8
Event: 3.138 Thread 0x00007f7c10029000 DEOPT PACKING pc=0x00007f7c0d1120f8 sp=0x00007f7c17246900
Event: 3.138 Thread 0x00007f7c10029000 DEOPT UNPACKING pc=0x00007f7c0d039445 sp=0x00007f7c172467a0 mode 2
Event: 3.138 Thread 0x00007f7c10029000 Uncommon trap: trap_request=0xffffffde fr.pc=0x00007f7c0d0a4b98
Event: 3.138 Thread 0x00007f7c10029000 DEOPT PACKING pc=0x00007f7c0d0a4b98 sp=0x00007f7c17246ef0
Event: 3.138 Thread 0x00007f7c10029000 DEOPT UNPACKING pc=0x00007f7c0d039445 sp=0x00007f7c17246eb8 mode 2
Event: 4.240 Executing VM operation: EnableBiasedLocking
Event: 4.240 Executing VM operation: EnableBiasedLocking done


Dynamic libraries:
00400000-006bb000 r-xp 00000000 00:6cd 918                               /usr/bin/python2.7
008ba000-008bb000 r--p 002ba000 00:6cd 918                               /usr/bin/python2.7
008bb000-00930000 rw-p 002bb000 00:6cd 918                               /usr/bin/python2.7
00930000-00942000 rw-p 00000000 00:00 0 
0261b000-02cae000 rw-p 00000000 00:00 0                                  [heap]
c5a00000-c6f00000 rw-p 00000000 00:00 0 
c6f00000-d0000000 rw-p 00000000 00:00 0 
d0000000-100000000 rw-p 00000000 00:00 0 
7f7bc0000000-7f7bc0021000 rw-p 00000000 00:00 0 
7f7bc0021000-7f7bc4000000 ---p 00000000 00:00 0 
7f7bc4000000-7f7bc4021000 rw-p 00000000 00:00 0 
7f7bc4021000-7f7bc8000000 ---p 00000000 00:00 0 
7f7bc8000000-7f7bc843b000 rw-p 00000000 00:00 0 
7f7bc843b000-7f7bcc000000 ---p 00000000 00:00 0 
7f7bcc000000-7f7bcc021000 rw-p 00000000 00:00 0 
7f7bcc021000-7f7bd0000000 ---p 00000000 00:00 0 
7f7bd0000000-7f7bd0021000 rw-p 00000000 00:00 0 
7f7bd0021000-7f7bd4000000 ---p 00000000 00:00 0 
7f7bd4000000-7f7bd4422000 rw-p 00000000 00:00 0 
7f7bd4422000-7f7bd8000000 ---p 00000000 00:00 0 
7f7bd8000000-7f7bd8021000 rw-p 00000000 00:00 0 
7f7bd8021000-7f7bdc000000 ---p 00000000 00:00 0 
7f7bdc000000-7f7bdc021000 rw-p 00000000 00:00 0 
7f7bdc021000-7f7be0000000 ---p 00000000 00:00 0 
7f7be0000000-7f7be0021000 rw-p 00000000 00:00 0 
7f7be0021000-7f7be4000000 ---p 00000000 00:00 0 
7f7be4000000-7f7be4021000 rw-p 00000000 00:00 0 
7f7be4021000-7f7be8000000 ---p 00000000 00:00 0 
7f7be8000000-7f7be8021000 rw-p 00000000 00:00 0 
7f7be8021000-7f7bec000000 ---p 00000000 00:00 0 
7f7bf0000000-7f7bf0021000 rw-p 00000000 00:00 0 
7f7bf0021000-7f7bf4000000 ---p 00000000 00:00 0 
7f7bf4000000-7f7bf4021000 rw-p 00000000 00:00 0 
7f7bf4021000-7f7bf8000000 ---p 00000000 00:00 0 
7f7bf8000000-7f7bf8021000 rw-p 00000000 00:00 0 
7f7bf8021000-7f7bfc000000 ---p 00000000 00:00 0 
7f7bfc000000-7f7bfc021000 rw-p 00000000 00:00 0 
7f7bfc021000-7f7c00000000 ---p 00000000 00:00 0 
7f7c00000000-7f7c00021000 rw-p 00000000 00:00 0 
7f7c00021000-7f7c04000000 ---p 00000000 00:00 0 
7f7c04a4a000-7f7c04a4d000 ---p 00000000 00:00 0 
7f7c04a4d000-7f7c04b4b000 rw-p 00000000 00:00 0 
7f7c04b4b000-7f7c04b4c000 ---p 00000000 00:00 0 
7f7c04b4c000-7f7c04c4c000 rw-p 00000000 00:00 0 
7f7c04c4c000-7f7c04c4f000 ---p 00000000 00:00 0 
7f7c04c4f000-7f7c04d4d000 rw-p 00000000 00:00 0 
7f7c04d4d000-7f7c04d50000 ---p 00000000 00:00 0 
7f7c04d50000-7f7c04e4e000 rw-p 00000000 00:00 0 
7f7c04e4e000-7f7c04e51000 ---p 00000000 00:00 0 
7f7c04e51000-7f7c04f4f000 rw-p 00000000 00:00 0 
7f7c04f4f000-7f7c04f52000 ---p 00000000 00:00 0 
7f7c04f52000-7f7c05050000 rw-p 00000000 00:00 0 
7f7c05050000-7f7c051bf000 r--p 00000000 00:6cd 107                       /usr/lib/locale/C.UTF-8/LC_COLLATE
7f7c051bf000-7f7c051c2000 ---p 00000000 00:00 0 
7f7c051c2000-7f7c052c0000 rw-p 00000000 00:00 0 
7f7c052c0000-7f7c052c3000 ---p 00000000 00:00 0 
7f7c052c3000-7f7c053c1000 rw-p 00000000 00:00 0 
7f7c053c1000-7f7c053c2000 ---p 00000000 00:00 0 
7f7c053c2000-7f7c08000000 rw-p 00000000 00:00 0 
7f7c08000000-7f7c08021000 rw-p 00000000 00:00 0 
7f7c08021000-7f7c0c000000 ---p 00000000 00:00 0 
7f7c0c02b000-7f7c0cc77000 rw-p 00000000 00:00 0 
7f7c0cc77000-7f7c0ce2d000 r--s 01d63000 00:6cd 5329                      /usr/lib/jvm/java-7-openjdk-amd64/jre/lib/rt.jar
7f7c0ce2d000-7f7c0d000000 rw-p 00000000 00:00 0 
7f7c0d000000-7f7c0d270000 rwxp 00000000 00:00 0 
7f7c0d270000-7f7c107a7000 rw-p 00000000 00:00 0 
7f7c107a7000-7f7c14000000 ---p 00000000 00:00 0 
7f7c14020000-7f7c14078000 r--s 004f0000 00:6cd 5461                      /usr/local/lib/python2.7/dist-packages/konlpy/java/scala-library-2.11.4.jar
7f7c14078000-7f7c14179000 rw-p 00000000 00:00 0 
7f7c14179000-7f7c1417a000 ---p 00000000 00:00 0 
7f7c1417a000-7f7c1427a000 rw-p 00000000 00:00 0 
7f7c1427a000-7f7c1427b000 ---p 00000000 00:00 0 
7f7c1427b000-7f7c1437b000 rw-p 00000000 00:00 0 
7f7c1437b000-7f7c1437c000 ---p 00000000 00:00 0 
7f7c1437c000-7f7c1447c000 rw-p 00000000 00:00 0 
7f7c1447c000-7f7c1447d000 ---p 00000000 00:00 0 
7f7c1447d000-7f7c1457d000 rw-p 00000000 00:00 0 
7f7c1457d000-7f7c1457e000 ---p 00000000 00:00 0 
7f7c1457e000-7f7c1467e000 rw-p 00000000 00:00 0 
7f7c1467e000-7f7c1467f000 ---p 00000000 00:00 0 
7f7c1467f000-7f7c1477f000 rw-p 00000000 00:00 0 
7f7c1477f000-7f7c14780000 ---p 00000000 00:00 0 
7f7c14780000-7f7c14880000 rw-p 00000000 00:00 0 
7f7c14880000-7f7c14881000 ---p 00000000 00:00 0 
7f7c14881000-7f7c1498c000 rw-p 00000000 00:00 0 
7f7c1498c000-7f7c149d4000 rw-p 00000000 00:00 0 
7f7c149d4000-7f7c14adf000 rw-p 00000000 00:00 0 
7f7c14adf000-7f7c14b27000 rw-p 00000000 00:00 0 
7f7c14b27000-7f7c14cb2000 rw-p 00000000 00:00 0 
7f7c14cb2000-7f7c14d68000 rw-p 00000000 00:00 0 
7f7c14d68000-7f7c14d70000 r-xp 00000000 00:6cd 5421                      /usr/lib/jvm/java-7-openjdk-amd64/jre/lib/amd64/libzip.so
7f7c14d70000-7f7c14f6f000 ---p 00008000 00:6cd 5421                      /usr/lib/jvm/java-7-openjdk-amd64/jre/lib/amd64/libzip.so
7f7c14f6f000-7f7c14f70000 r--p 00007000 00:6cd 5421                      /usr/lib/jvm/java-7-openjdk-amd64/jre/lib/amd64/libzip.so
7f7c14f70000-7f7c14f71000 rw-p 00008000 00:6cd 5421                      /usr/lib/jvm/java-7-openjdk-amd64/jre/lib/amd64/libzip.so
7f7c14f71000-7f7c14f7c000 r-xp 00000000 00:6cd 787                       /lib/x86_64-linux-gnu/libnss_nis-2.19.so
7f7c14f7c000-7f7c1517b000 ---p 0000b000 00:6cd 787                       /lib/x86_64-linux-gnu/libnss_nis-2.19.so
7f7c1517b000-7f7c1517c000 r--p 0000a000 00:6cd 787                       /lib/x86_64-linux-gnu/libnss_nis-2.19.so
7f7c1517c000-7f7c1517d000 rw-p 0000b000 00:6cd 787                       /lib/x86_64-linux-gnu/libnss_nis-2.19.so
7f7c1517d000-7f7c15194000 r-xp 00000000 00:6cd 785                       /lib/x86_64-linux-gnu/libnsl-2.19.so
7f7c15194000-7f7c15393000 ---p 00017000 00:6cd 785                       /lib/x86_64-linux-gnu/libnsl-2.19.so
7f7c15393000-7f7c15394000 r--p 00016000 00:6cd 785                       /lib/x86_64-linux-gnu/libnsl-2.19.so
7f7c15394000-7f7c15395000 rw-p 00017000 00:6cd 785                       /lib/x86_64-linux-gnu/libnsl-2.19.so
7f7c15395000-7f7c15397000 rw-p 00000000 00:00 0 
7f7c15397000-7f7c153a0000 r-xp 00000000 00:6cd 783                       /lib/x86_64-linux-gnu/libnss_compat-2.19.so
7f7c153a0000-7f7c1559f000 ---p 00009000 00:6cd 783                       /lib/x86_64-linux-gnu/libnss_compat-2.19.so
7f7c1559f000-7f7c155a0000 r--p 00008000 00:6cd 783                       /lib/x86_64-linux-gnu/libnss_compat-2.19.so
7f7c155a0000-7f7c155a1000 rw-p 00009000 00:6cd 783                       /lib/x86_64-linux-gnu/libnss_compat-2.19.so
7f7c155a1000-7f7c155cb000 r-xp 00000000 00:6cd 5394                      /usr/lib/jvm/java-7-openjdk-amd64/jre/lib/amd64/libjava.so
7f7c155cb000-7f7c157cb000 ---p 0002a000 00:6cd 5394                      /usr/lib/jvm/java-7-openjdk-amd64/jre/lib/amd64/libjava.so
7f7c157cb000-7f7c157cc000 r--p 0002a000 00:6cd 5394                      /usr/lib/jvm/java-7-openjdk-amd64/jre/lib/amd64/libjava.so
7f7c157cc000-7f7c157ce000 rw-p 0002b000 00:6cd 5394                      /usr/lib/jvm/java-7-openjdk-amd64/jre/lib/amd64/libjava.so
7f7c157ce000-7f7c157de000 r-xp 00000000 00:6cd 5408                      /usr/lib/jvm/java-7-openjdk-amd64/jre/lib/amd64/libverify.so
7f7c157de000-7f7c159dd000 ---p 00010000 00:6cd 5408                      /usr/lib/jvm/java-7-openjdk-amd64/jre/lib/amd64/libverify.so
7f7c159dd000-7f7c159df000 r--p 0000f000 00:6cd 5408                      /usr/lib/jvm/java-7-openjdk-amd64/jre/lib/amd64/libverify.so
7f7c159df000-7f7c159e0000 rw-p 00011000 00:6cd 5408                      /usr/lib/jvm/java-7-openjdk-amd64/jre/lib/amd64/libverify.so
7f7c159e0000-7f7c159e7000 r-xp 00000000 00:6cd 375                       /lib/x86_64-linux-gnu/librt-2.19.so
7f7c159e7000-7f7c15be6000 ---p 00007000 00:6cd 375                       /lib/x86_64-linux-gnu/librt-2.19.so
7f7c15be6000-7f7c15be7000 r--p 00006000 00:6cd 375                       /lib/x86_64-linux-gnu/librt-2.19.so
7f7c15be7000-7f7c15be8000 rw-p 00007000 00:6cd 375                       /lib/x86_64-linux-gnu/librt-2.19.so
7f7c15be8000-7f7c1671c000 r-xp 00000000 00:6cd 5436                      /usr/lib/jvm/java-7-openjdk-amd64/jre/lib/amd64/server/libjvm.so
7f7c1671c000-7f7c1691c000 ---p 00b34000 00:6cd 5436                      /usr/lib/jvm/java-7-openjdk-amd64/jre/lib/amd64/server/libjvm.so
7f7c1691c000-7f7c169b7000 r--p 00b34000 00:6cd 5436                      /usr/lib/jvm/java-7-openjdk-amd64/jre/lib/amd64/server/libjvm.so
7f7c169b7000-7f7c169da000 rw-p 00bcf000 00:6cd 5436                      /usr/lib/jvm/java-7-openjdk-amd64/jre/lib/amd64/server/libjvm.so
7f7c169da000-7f7c16a4a000 rw-p 00000000 00:00 0 
7f7c16a4a000-7f7c16a4d000 ---p 00000000 00:00 0 
7f7c16a4d000-7f7c1724b000 rw-p 00000000 00:00 0 
7f7c1724b000-7f7c17255000 r-xp 00000000 00:6cd 751                       /lib/x86_64-linux-gnu/libnss_files-2.19.so
7f7c17255000-7f7c17454000 ---p 0000a000 00:6cd 751                       /lib/x86_64-linux-gnu/libnss_files-2.19.so
7f7c17454000-7f7c17455000 r--p 00009000 00:6cd 751                       /lib/x86_64-linux-gnu/libnss_files-2.19.so
7f7c17455000-7f7c17456000 rw-p 0000a000 00:6cd 751                       /lib/x86_64-linux-gnu/libnss_files-2.19.so
7f7c17456000-7f7c17496000 rw-p 00000000 00:00 0 
7f7c17496000-7f7c174e1000 r-xp 00000000 00:6cd 2939                      /usr/lib/python2.7/dist-packages/numpy/random/mtrand.so
7f7c174e1000-7f7c176e0000 ---p 0004b000 00:6cd 2939                      /usr/lib/python2.7/dist-packages/numpy/random/mtrand.so
7f7c176e0000-7f7c176e1000 r--p 0004a000 00:6cd 2939                      /usr/lib/python2.7/dist-packages/numpy/random/mtrand.so
7f7c176e1000-7f7c17717000 rw-p 0004b000 00:6cd 2939                      /usr/lib/python2.7/dist-packages/numpy/random/mtrand.so
7f7c17717000-7f7c17798000 rw-p 00000000 00:00 0 
7f7c17798000-7f7c177a1000 r-xp 00000000 00:6cd 2912                      /usr/lib/python2.7/dist-packages/numpy/fft/fftpack_lite.so
7f7c177a1000-7f7c179a0000 ---p 00009000 00:6cd 2912                      /usr/lib/python2.7/dist-packages/numpy/fft/fftpack_lite.so
7f7c179a0000-7f7c179a1000 r--p 00008000 00:6cd 2912                      /usr/lib/python2.7/dist-packages/numpy/fft/fftpack_lite.so
7f7c179a1000-7f7c179a2000 rw-p 00009000 00:6cd 2912                      /usr/lib/python2.7/dist-packages/numpy/fft/fftpack_lite.so
7f7c179a2000-7f7c179a3000 r-xp 00000000 00:6cd 2898                      /usr/lib/python2.7/lib-dynload/future_builtins.x86_64-linux-gnu.so
7f7c179a3000-7f7c17ba2000 ---p 00001000 00:6cd 2898                      /usr/lib/python2.7/lib-dynload/future_builtins.x86_64-linux-gnu.so
7f7c17ba2000-7f7c17ba3000 r--p 00000000 00:6cd 2898                      /usr/lib/python2.7/lib-dynload/future_builtins.x86_64-linux-gnu.so
7f7c17ba3000-7f7c17ba4000 rw-p 00001000 00:6cd 2898                      /usr/lib/python2.7/lib-dynload/future_builtins.x86_64-linux-gnu.so
7f7c17ba4000-7f7c17bc3000 r-xp 00000000 00:6cd 2887                      /usr/lib/python2.7/dist-packages/numpy/linalg/_umath_linalg.so
7f7c17bc3000-7f7c17dc2000 ---p 0001f000 00:6cd 2887                      /usr/lib/python2.7/dist-packages/numpy/linalg/_umath_linalg.so
7f7c17dc2000-7f7c17dc3000 r--p 0001e000 00:6cd 2887                      /usr/lib/python2.7/dist-packages/numpy/linalg/_umath_linalg.so
7f7c17dc3000-7f7c17dc4000 rw-p 0001f000 00:6cd 2887                      /usr/lib/python2.7/dist-packages/numpy/linalg/_umath_linalg.so
7f7c17dc4000-7f7c17dff000 r-xp 00000000 00:6cd 2886                      /usr/lib/x86_64-linux-gnu/libquadmath.so.0.0.0
7f7c17dff000-7f7c17ffe000 ---p 0003b000 00:6cd 2886                      /usr/lib/x86_64-linux-gnu/libquadmath.so.0.0.0
7f7c17ffe000-7f7c17fff000 r--p 0003a000 00:6cd 2886                      /usr/lib/x86_64-linux-gnu/libquadmath.so.0.0.0
7f7c17fff000-7f7c18000000 rw-p 0003b000 00:6cd 2886                      /usr/lib/x86_64-linux-gnu/libquadmath.so.0.0.0
7f7c18000000-7f7c184d7000 rw-p 00000000 00:00 0 
7f7c184d7000-7f7c1c000000 ---p 00000000 00:00 0 
7f7c1c010000-7f7c1c01f000 r--s 003aa000 00:6cd 5462                      /usr/local/lib/python2.7/dist-packages/konlpy/java/twitter-korean-text-2.4.3.jar
7f7c1c01f000-7f7c1c026000 r--s 0003c000 00:6cd 5460                      /usr/local/lib/python2.7/dist-packages/konlpy/java/snakeyaml-1.12.jar
7f7c1c026000-7f7c1c0e6000 rw-p 00000000 00:00 0 
7f7c1c0e6000-7f7c1c1fd000 r-xp 00000000 00:6cd 2884                      /usr/lib/x86_64-linux-gnu/libgfortran.so.3.0.0
7f7c1c1fd000-7f7c1c3fd000 ---p 00117000 00:6cd 2884                      /usr/lib/x86_64-linux-gnu/libgfortran.so.3.0.0
7f7c1c3fd000-7f7c1c3fe000 r--p 00117000 00:6cd 2884                      /usr/lib/x86_64-linux-gnu/libgfortran.so.3.0.0
7f7c1c3fe000-7f7c1c400000 rw-p 00118000 00:6cd 2884                      /usr/lib/x86_64-linux-gnu/libgfortran.so.3.0.0
7f7c1c400000-7f7c1c998000 r-xp 00000000 00:6cd 2882                      /usr/lib/lapack/liblapack.so.3.0
7f7c1c998000-7f7c1cb97000 ---p 00598000 00:6cd 2882                      /usr/lib/lapack/liblapack.so.3.0
7f7c1cb97000-7f7c1cb98000 r--p 00597000 00:6cd 2882                      /usr/lib/lapack/liblapack.so.3.0
7f7c1cb98000-7f7c1cb9c000 rw-p 00598000 00:6cd 2882                      /usr/lib/lapack/liblapack.so.3.0
7f7c1cb9c000-7f7c1cba2000 r-xp 00000000 00:6cd 2877                      /usr/lib/python2.7/dist-packages/numpy/linalg/lapack_lite.so
7f7c1cba2000-7f7c1cda1000 ---p 00006000 00:6cd 2877                      /usr/lib/python2.7/dist-packages/numpy/linalg/lapack_lite.so
7f7c1cda1000-7f7c1cda2000 r--p 00005000 00:6cd 2877                      /usr/lib/python2.7/dist-packages/numpy/linalg/lapack_lite.so
7f7c1cda2000-7f7c1cda3000 rw-p 00006000 00:6cd 2877                      /usr/lib/python2.7/dist-packages/numpy/linalg/lapack_lite.so
7f7c1cda3000-7f7c1cde3000 rw-p 00000000 00:00 0 
7f7c1cde3000-7f7c1cde9000 r-xp 00000000 00:6cd 2852                      /usr/lib/python2.7/dist-packages/numpy/lib/_compiled_base.so
7f7c1cde9000-7f7c1cfe8000 ---p 00006000 00:6cd 2852                      /usr/lib/python2.7/dist-packages/numpy/lib/_compiled_base.so
7f7c1cfe8000-7f7c1cfe9000 r--p 00005000 00:6cd 2852                      /usr/lib/python2.7/dist-packages/numpy/lib/_compiled_base.so
7f7c1cfe9000-7f7c1cfea000 rw-p 00006000 00:6cd 2852                      /usr/lib/python2.7/dist-packages/numpy/lib/_compiled_base.so
7f7c1cfea000-7f7c1d02a000 rw-p 00000000 00:00 0 
7f7c1d02a000-7f7c1d055000 r-xp 00000000 00:6cd 2805                      /usr/lib/python2.7/dist-packages/numpy/core/scalarmath.so
7f7c1d055000-7f7c1d254000 ---p 0002b000 00:6cd 2805                      /usr/lib/python2.7/dist-packages/numpy/core/scalarmath.so
7f7c1d254000-7f7c1d255000 r--p 0002a000 00:6cd 2805                      /usr/lib/python2.7/dist-packages/numpy/core/scalarmath.so
7f7c1d255000-7f7c1d257000 rw-p 0002b000 00:6cd 2805                      /usr/lib/python2.7/dist-packages/numpy/core/scalarmath.so
7f7c1d257000-7f7c1d2d3000 r-xp 00000000 00:6cd 2792                      /usr/lib/libblas/libblas.so.3.0
7f7c1d2d3000-7f7c1d4d2000 ---p 0007c000 00:6cd 2792                      /usr/lib/libblas/libblas.so.3.0
7f7c1d4d2000-7f7c1d4d3000 r--p 0007b000 00:6cd 2792                      /usr/lib/libblas/libblas.so.3.0
7f7c1d4d3000-7f7c1d4d4000 rw-p 0007c000 00:6cd 2792                      /usr/lib/libblas/libblas.so.3.0
7f7c1d4d4000-7f7c1d4d9000 r-xp 00000000 00:6cd 2787                      /usr/lib/python2.7/dist-packages/numpy/core/_dotblas.so
7f7c1d4d9000-7f7c1d6d8000 ---p 00005000 00:6cd 2787                      /usr/lib/python2.7/dist-packages/numpy/core/_dotblas.so
7f7c1d6d8000-7f7c1d6d9000 r--p 00004000 00:6cd 2787                      /usr/lib/python2.7/dist-packages/numpy/core/_dotblas.so
7f7c1d6d9000-7f7c1d6da000 rw-p 00005000 00:6cd 2787                      /usr/lib/python2.7/dist-packages/numpy/core/_dotblas.so
7f7c1d6da000-7f7c1d738000 r-xp 00000000 00:6cd 2773                      /usr/lib/python2.7/dist-packages/numpy/core/umath.so
7f7c1d738000-7f7c1d937000 ---p 0005e000 00:6cd 2773                      /usr/lib/python2.7/dist-packages/numpy/core/umath.so
7f7c1d937000-7f7c1d938000 r--p 0005d000 00:6cd 2773                      /usr/lib/python2.7/dist-packages/numpy/core/umath.so
7f7c1d938000-7f7c1d93c000 rw-p 0005e000 00:6cd 2773                      /usr/lib/python2.7/dist-packages/numpy/core/umath.so
7f7c1d93c000-7f7c1d93e000 rw-p 00000000 00:00 0 
7f7c1d93e000-7f7c1da7b000 r-xp 00000000 00:6cd 2772                      /usr/lib/python2.7/dist-packages/numpy/core/multiarray.so
7f7c1da7b000-7f7c1dc7a000 ---p 0013d000 00:6cd 2772                      /usr/lib/python2.7/dist-packages/numpy/core/multiarray.so
7f7c1dc7a000-7f7c1dc7c000 r--p 0013c000 00:6cd 2772                      /usr/lib/python2.7/dist-packages/numpy/core/multiarray.so
7f7c1dc7c000-7f7c1dc89000 rw-p 0013e000 00:6cd 2772                      /usr/lib/python2.7/dist-packages/numpy/core/multiarray.so
7f7c1dc89000-7f7c1df8c000 rw-p 00000000 00:00 0 
7f7c1df8c000-7f7c1dfa2000 r-xp 00000000 00:6cd 378                       /lib/x86_64-linux-gnu/libgcc_s.so.1
7f7c1dfa2000-7f7c1e1a1000 ---p 00016000 00:6cd 378                       /lib/x86_64-linux-gnu/libgcc_s.so.1
7f7c1e1a1000-7f7c1e1a2000 rw-p 00015000 00:6cd 378                       /lib/x86_64-linux-gnu/libgcc_s.so.1
7f7c1e1a2000-7f7c1e288000 r-xp 00000000 00:6cd 377                       /usr/lib/x86_64-linux-gnu/libstdc++.so.6.0.19
7f7c1e288000-7f7c1e487000 ---p 000e6000 00:6cd 377                       /usr/lib/x86_64-linux-gnu/libstdc++.so.6.0.19
7f7c1e487000-7f7c1e48f000 r--p 000e5000 00:6cd 377                       /usr/lib/x86_64-linux-gnu/libstdc++.so.6.0.19
7f7c1e48f000-7f7c1e491000 rw-p 000ed000 00:6cd 377                       /usr/lib/x86_64-linux-gnu/libstdc++.so.6.0.19
7f7c1e491000-7f7c1e4a6000 rw-p 00000000 00:00 0 
7f7c1e4a6000-7f7c1e526000 r-xp 00000000 00:6cd 418                       /usr/local/lib/python2.7/dist-packages/_jpype.so
7f7c1e526000-7f7c1e725000 ---p 00080000 00:6cd 418                       /usr/local/lib/python2.7/dist-packages/_jpype.so
7f7c1e725000-7f7c1e728000 r--p 0007f000 00:6cd 418                       /usr/local/lib/python2.7/dist-packages/_jpype.so
7f7c1e728000-7f7c1e72b000 rw-p 00082000 00:6cd 418                       /usr/local/lib/python2.7/dist-packages/_jpype.so
7f7c1e72b000-7f7c1e731000 r-xp 00000000 00:6cd 2743                      /usr/lib/python2.7/lib-dynload/_csv.x86_64-linux-gnu.so
7f7c1e731000-7f7c1e930000 ---p 00006000 00:6cd 2743                      /usr/lib/python2.7/lib-dynload/_csv.x86_64-linux-gnu.so
7f7c1e930000-7f7c1e931000 r--p 00005000 00:6cd 2743                      /usr/lib/python2.7/lib-dynload/_csv.x86_64-linux-gnu.so
7f7c1e931000-7f7c1e933000 rw-p 00006000 00:6cd 2743                      /usr/lib/python2.7/lib-dynload/_csv.x86_64-linux-gnu.so
7f7c1e933000-7f7c1e9f3000 rw-p 00000000 00:00 0 
7f7c1e9f3000-7f7c1ea1a000 r-xp 00000000 00:6cd 2687                      /lib/x86_64-linux-gnu/libexpat.so.1.6.0
7f7c1ea1a000-7f7c1ec1a000 ---p 00027000 00:6cd 2687                      /lib/x86_64-linux-gnu/libexpat.so.1.6.0
7f7c1ec1a000-7f7c1ec1c000 r--p 00027000 00:6cd 2687                      /lib/x86_64-linux-gnu/libexpat.so.1.6.0
7f7c1ec1c000-7f7c1ec1d000 rw-p 00029000 00:6cd 2687                      /lib/x86_64-linux-gnu/libexpat.so.1.6.0
7f7c1ec1d000-7f7c1ec2c000 r-xp 00000000 00:6cd 2685                      /usr/lib/python2.7/lib-dynload/pyexpat.x86_64-linux-gnu.so
7f7c1ec2c000-7f7c1ee2b000 ---p 0000f000 00:6cd 2685                      /usr/lib/python2.7/lib-dynload/pyexpat.x86_64-linux-gnu.so
7f7c1ee2b000-7f7c1ee2c000 r--p 0000e000 00:6cd 2685                      /usr/lib/python2.7/lib-dynload/pyexpat.x86_64-linux-gnu.so
7f7c1ee2c000-7f7c1ee2e000 rw-p 0000f000 00:6cd 2685                      /usr/lib/python2.7/lib-dynload/pyexpat.x86_64-linux-gnu.so
7f7c1ee2e000-7f7c1ee6e000 rw-p 00000000 00:00 0 
7f7c1ee6e000-7f7c1ee7b000 r-xp 00000000 00:6cd 2680                      /usr/lib/python2.7/lib-dynload/_elementtree.x86_64-linux-gnu.so
7f7c1ee7b000-7f7c1f07a000 ---p 0000d000 00:6cd 2680                      /usr/lib/python2.7/lib-dynload/_elementtree.x86_64-linux-gnu.so
7f7c1f07a000-7f7c1f07b000 r--p 0000c000 00:6cd 2680                      /usr/lib/python2.7/lib-dynload/_elementtree.x86_64-linux-gnu.so
7f7c1f07b000-7f7c1f07c000 rw-p 0000d000 00:6cd 2680                      /usr/lib/python2.7/lib-dynload/_elementtree.x86_64-linux-gnu.so
7f7c1f07c000-7f7c1f23c000 rw-p 00000000 00:00 0 
7f7c1f23c000-7f7c1f246000 r-xp 00000000 00:6cd 2612                      /usr/lib/python2.7/dist-packages/simplejson/_speedups.x86_64-linux-gnu.so
7f7c1f246000-7f7c1f445000 ---p 0000a000 00:6cd 2612                      /usr/lib/python2.7/dist-packages/simplejson/_speedups.x86_64-linux-gnu.so
7f7c1f445000-7f7c1f446000 r--p 00009000 00:6cd 2612                      /usr/lib/python2.7/dist-packages/simplejson/_speedups.x86_64-linux-gnu.so
7f7c1f446000-7f7c1f447000 rw-p 0000a000 00:6cd 2612                      /usr/lib/python2.7/dist-packages/simplejson/_speedups.x86_64-linux-gnu.so
7f7c1f447000-7f7c1f4c7000 rw-p 00000000 00:00 0 
7f7c1f4c7000-7f7c1f4c8000 ---p 00000000 00:00 0 
7f7c1f4c8000-7f7c1fe88000 rw-p 00000000 00:00 0 
7f7c1fe88000-7f7c1ff3c000 r-xp 00000000 00:6cd 747                       /usr/lib/x86_64-linux-gnu/libsqlite3.so.0.8.6
7f7c1ff3c000-7f7c2013c000 ---p 000b4000 00:6cd 747                       /usr/lib/x86_64-linux-gnu/libsqlite3.so.0.8.6
7f7c2013c000-7f7c2013e000 r--p 000b4000 00:6cd 747                       /usr/lib/x86_64-linux-gnu/libsqlite3.so.0.8.6
7f7c2013e000-7f7c20140000 rw-p 000b6000 00:6cd 747                       /usr/lib/x86_64-linux-gnu/libsqlite3.so.0.8.6
7f7c20140000-7f7c20141000 rw-p 00000000 00:00 0 
7f7c20141000-7f7c20153000 r-xp 00000000 00:6cd 2374                      /usr/lib/python2.7/lib-dynload/_sqlite3.x86_64-linux-gnu.so
7f7c20153000-7f7c20352000 ---p 00012000 00:6cd 2374                      /usr/lib/python2.7/lib-dynload/_sqlite3.x86_64-linux-gnu.so
7f7c20352000-7f7c20353000 r--p 00011000 00:6cd 2374                      /usr/lib/python2.7/lib-dynload/_sqlite3.x86_64-linux-gnu.so
7f7c20353000-7f7c20355000 rw-p 00012000 00:6cd 2374                      /usr/lib/python2.7/lib-dynload/_sqlite3.x86_64-linux-gnu.so
7f7c20355000-7f7c20755000 rw-p 00000000 00:00 0 
7f7c20755000-7f7c20759000 r-xp 00000000 00:6cd 2075                      /lib/x86_64-linux-gnu/libuuid.so.1.3.0
7f7c20759000-7f7c20958000 ---p 00004000 00:6cd 2075                      /lib/x86_64-linux-gnu/libuuid.so.1.3.0
7f7c20958000-7f7c20959000 r--p 00003000 00:6cd 2075                      /lib/x86_64-linux-gnu/libuuid.so.1.3.0
7f7c20959000-7f7c2095a000 rw-p 00004000 00:6cd 2075                      /lib/x86_64-linux-gnu/libuuid.so.1.3.0
7f7c2095a000-7f7c2099a000 rw-p 00000000 00:00 0 
7f7c2099a000-7f7c209a1000 r-xp 00000000 00:6cd 739                       /usr/lib/x86_64-linux-gnu/libffi.so.6.0.1
7f7c209a1000-7f7c20ba0000 ---p 00007000 00:6cd 739                       /usr/lib/x86_64-linux-gnu/libffi.so.6.0.1
7f7c20ba0000-7f7c20ba1000 r--p 00006000 00:6cd 739                       /usr/lib/x86_64-linux-gnu/libffi.so.6.0.1
7f7c20ba1000-7f7c20ba2000 rw-p 00007000 00:6cd 739                       /usr/lib/x86_64-linux-gnu/libffi.so.6.0.1
7f7c20ba2000-7f7c20bbf000 r-xp 00000000 00:6cd 2067                      /usr/lib/python2.7/lib-dynload/_ctypes.x86_64-linux-gnu.so
7f7c20bbf000-7f7c20dbe000 ---p 0001d000 00:6cd 2067                      /usr/lib/python2.7/lib-dynload/_ctypes.x86_64-linux-gnu.so
7f7c20dbe000-7f7c20dbf000 r--p 0001c000 00:6cd 2067                      /usr/lib/python2.7/lib-dynload/_ctypes.x86_64-linux-gnu.so
7f7c20dbf000-7f7c20dc3000 rw-p 0001d000 00:6cd 2067                      /usr/lib/python2.7/lib-dynload/_ctypes.x86_64-linux-gnu.so
7f7c20dc3000-7f7c20f03000 rw-p 00000000 00:00 0 
7f7c20f03000-7f7c20f0f000 r-xp 00000000 00:6cd 1389                      /usr/lib/python2.7/lib-dynload/_json.x86_64-linux-gnu.so
7f7c20f0f000-7f7c2110e000 ---p 0000c000 00:6cd 1389                      /usr/lib/python2.7/lib-dynload/_json.x86_64-linux-gnu.so
7f7c2110e000-7f7c2110f000 r--p 0000b000 00:6cd 1389                      /usr/lib/python2.7/lib-dynload/_json.x86_64-linux-gnu.so
7f7c2110f000-7f7c21110000 rw-p 0000c000 00:6cd 1389                      /usr/lib/python2.7/lib-dynload/_json.x86_64-linux-gnu.so
7f7c21110000-7f7c21210000 rw-p 00000000 00:00 0 
7f7c21210000-7f7c21214000 r-xp 00000000 00:6cd 1296                      /usr/lib/python2.7/lib-dynload/termios.x86_64-linux-gnu.so
7f7c21214000-7f7c21413000 ---p 00004000 00:6cd 1296                      /usr/lib/python2.7/lib-dynload/termios.x86_64-linux-gnu.so
7f7c21413000-7f7c21414000 r--p 00003000 00:6cd 1296                      /usr/lib/python2.7/lib-dynload/termios.x86_64-linux-gnu.so
7f7c21414000-7f7c21416000 rw-p 00004000 00:6cd 1296                      /usr/lib/python2.7/lib-dynload/termios.x86_64-linux-gnu.so
7f7c21416000-7f7c21516000 rw-p 00000000 00:00 0 
7f7c21516000-7f7c2151a000 r-xp 00000000 00:6cd 1209                      /usr/lib/python2.7/lib-dynload/_hashlib.x86_64-linux-gnu.so
7f7c2151a000-7f7c21719000 ---p 00004000 00:6cd 1209                      /usr/lib/python2.7/lib-dynload/_hashlib.x86_64-linux-gnu.so
7f7c21719000-7f7c2171a000 r--p 00003000 00:6cd 1209                      /usr/lib/python2.7/lib-dynload/_hashlib.x86_64-linux-gnu.so
7f7c2171a000-7f7c2171b000 rw-p 00004000 00:6cd 1209                      /usr/lib/python2.7/lib-dynload/_hashlib.x86_64-linux-gnu.so
7f7c2171b000-7f7c2175b000 rw-p 00000000 00:00 0 
7f7c2175b000-7f7c2190e000 r-xp 00000000 00:6cd 695                       /lib/x86_64-linux-gnu/libcrypto.so.1.0.0
7f7c2190e000-7f7c21b0d000 ---p 001b3000 00:6cd 695                       /lib/x86_64-linux-gnu/libcrypto.so.1.0.0
7f7c21b0d000-7f7c21b28000 r--p 001b2000 00:6cd 695                       /lib/x86_64-linux-gnu/libcrypto.so.1.0.0
7f7c21b28000-7f7c21b33000 rw-p 001cd000 00:6cd 695                       /lib/x86_64-linux-gnu/libcrypto.so.1.0.0
7f7c21b33000-7f7c21b37000 rw-p 00000000 00:00 0 
7f7c21b37000-7f7c21b8c000 r-xp 00000000 00:6cd 694                       /lib/x86_64-linux-gnu/libssl.so.1.0.0
7f7c21b8c000-7f7c21d8c000 ---p 00055000 00:6cd 694                       /lib/x86_64-linux-gnu/libssl.so.1.0.0
7f7c21d8c000-7f7c21d8f000 r--p 00055000 00:6cd 694                       /lib/x86_64-linux-gnu/libssl.so.1.0.0
7f7c21d8f000-7f7c21d96000 rw-p 00058000 00:6cd 694                       /lib/x86_64-linux-gnu/libssl.so.1.0.0
7f7c21d96000-7f7c21d9e000 r-xp 00000000 00:6cd 1190                      /usr/lib/python2.7/lib-dynload/_ssl.x86_64-linux-gnu.so
7f7c21d9e000-7f7c21f9d000 ---p 00008000 00:6cd 1190                      /usr/lib/python2.7/lib-dynload/_ssl.x86_64-linux-gnu.so
7f7c21f9d000-7f7c21f9e000 r--p 00007000 00:6cd 1190                      /usr/lib/python2.7/lib-dynload/_ssl.x86_64-linux-gnu.so
7f7c21f9e000-7f7c21f9f000 rw-p 00008000 00:6cd 1190                      /usr/lib/python2.7/lib-dynload/_ssl.x86_64-linux-gnu.so
7f7c21f9f000-7f7c2205f000 rw-p 00000000 00:00 0 
7f7c22060000-7f7c221a0000 rw-p 00000000 00:00 0 
7f7c221a0000-7f7c221b7000 r-xp 00000000 00:6cd 1135                      /usr/lib/python2.7/lib-dynload/datetime.x86_64-linux-gnu.so
7f7c221b7000-7f7c223b6000 ---p 00017000 00:6cd 1135                      /usr/lib/python2.7/lib-dynload/datetime.x86_64-linux-gnu.so
7f7c223b6000-7f7c223b7000 r--p 00016000 00:6cd 1135                      /usr/lib/python2.7/lib-dynload/datetime.x86_64-linux-gnu.so
7f7c223b7000-7f7c223bb000 rw-p 00017000 00:6cd 1135                      /usr/lib/python2.7/lib-dynload/datetime.x86_64-linux-gnu.so
7f7c223bb000-7f7c224c0000 r-xp 00000000 00:6cd 163                       /lib/x86_64-linux-gnu/libm-2.19.so
7f7c224c0000-7f7c226bf000 ---p 00105000 00:6cd 163                       /lib/x86_64-linux-gnu/libm-2.19.so
7f7c226bf000-7f7c226c0000 r--p 00104000 00:6cd 163                       /lib/x86_64-linux-gnu/libm-2.19.so
7f7c226c0000-7f7c226c1000 rw-p 00105000 00:6cd 163                       /lib/x86_64-linux-gnu/libm-2.19.so
7f7c226c1000-7f7c226d9000 r-xp 00000000 00:6cd 262                       /lib/x86_64-linux-gnu/libz.so.1.2.8
7f7c226d9000-7f7c228d8000 ---p 00018000 00:6cd 262                       /lib/x86_64-linux-gnu/libz.so.1.2.8
7f7c228d8000-7f7c228d9000 r--p 00017000 00:6cd 262                       /lib/x86_64-linux-gnu/libz.so.1.2.8
7f7c228d9000-7f7c228da000 rw-p 00018000 00:6cd 262                       /lib/x86_64-linux-gnu/libz.so.1.2.8
7f7c228da000-7f7c228dc000 r-xp 00000000 00:6cd 920                       /lib/x86_64-linux-gnu/libutil-2.19.so
7f7c228dc000-7f7c22adb000 ---p 00002000 00:6cd 920                       /lib/x86_64-linux-gnu/libutil-2.19.so
7f7c22adb000-7f7c22adc000 r--p 00001000 00:6cd 920                       /lib/x86_64-linux-gnu/libutil-2.19.so
7f7c22adc000-7f7c22add000 rw-p 00002000 00:6cd 920                       /lib/x86_64-linux-gnu/libutil-2.19.so
7f7c22add000-7f7c22ae0000 r-xp 00000000 00:6cd 76                        /lib/x86_64-linux-gnu/libdl-2.19.so
7f7c22ae0000-7f7c22cdf000 ---p 00003000 00:6cd 76                        /lib/x86_64-linux-gnu/libdl-2.19.so
7f7c22cdf000-7f7c22ce0000 r--p 00002000 00:6cd 76                        /lib/x86_64-linux-gnu/libdl-2.19.so
7f7c22ce0000-7f7c22ce1000 rw-p 00003000 00:6cd 76                        /lib/x86_64-linux-gnu/libdl-2.19.so
7f7c22ce1000-7f7c22e9f000 r-xp 00000000 00:6cd 78                        /lib/x86_64-linux-gnu/libc-2.19.so
7f7c22e9f000-7f7c2309f000 ---p 001be000 00:6cd 78                        /lib/x86_64-linux-gnu/libc-2.19.so
7f7c2309f000-7f7c230a3000 r--p 001be000 00:6cd 78                        /lib/x86_64-linux-gnu/libc-2.19.so
7f7c230a3000-7f7c230a5000 rw-p 001c2000 00:6cd 78                        /lib/x86_64-linux-gnu/libc-2.19.so
7f7c230a5000-7f7c230aa000 rw-p 00000000 00:00 0 
7f7c230aa000-7f7c230c3000 r-xp 00000000 00:6cd 238                       /lib/x86_64-linux-gnu/libpthread-2.19.so
7f7c230c3000-7f7c232c2000 ---p 00019000 00:6cd 238                       /lib/x86_64-linux-gnu/libpthread-2.19.so
7f7c232c2000-7f7c232c3000 r--p 00018000 00:6cd 238                       /lib/x86_64-linux-gnu/libpthread-2.19.so
7f7c232c3000-7f7c232c4000 rw-p 00019000 00:6cd 238                       /lib/x86_64-linux-gnu/libpthread-2.19.so
7f7c232c4000-7f7c232c8000 rw-p 00000000 00:00 0 
7f7c232c8000-7f7c232eb000 r-xp 00000000 00:6cd 71                        /lib/x86_64-linux-gnu/ld-2.19.so
7f7c232ef000-7f7c232f0000 r--s 00006000 00:6cd 5463                      /usr/local/lib/python2.7/dist-packages/konlpy/java/twitter-text-1.10.1.jar
7f7c232f0000-7f7c232f1000 r--s 00001000 00:6cd 5459                      /usr/local/lib/python2.7/dist-packages/konlpy/java/shineware-ds-1.0.jar
7f7c232f1000-7f7c232f2000 r--s 00004000 00:6cd 5458                      /usr/local/lib/python2.7/dist-packages/konlpy/java/shineware-common-2.0.jar
7f7c232f2000-7f7c232f3000 r--s 00006000 00:6cd 5457                      /usr/local/lib/python2.7/dist-packages/konlpy/java/komoran-2.4-e.jar
7f7c232f3000-7f7c232f6000 r--s 0075b000 00:6cd 5456                      /usr/local/lib/python2.7/dist-packages/konlpy/java/kkma-2.0.jar
7f7c232f6000-7f7c232fa000 r--s 00025000 00:6cd 5455                      /usr/local/lib/python2.7/dist-packages/konlpy/java/jhannanum-0.8.4.jar
7f7c232fa000-7f7c232fd000 r--s 0003d000 00:6cd 5447                      /usr/lib/jvm/java-7-openjdk-amd64/jre/lib/ext/sunpkcs11.jar
7f7c232fd000-7f7c2333d000 rw-p 00000000 00:00 0 
7f7c2333d000-7f7c23363000 r--p 00000000 00:6cd 110                       /usr/lib/locale/C.UTF-8/LC_CTYPE
7f7c23363000-7f7c233e3000 rw-p 00000000 00:00 0 
7f7c233e3000-7f7c233e7000 r--s 00085000 00:6cd 5446                      /usr/lib/jvm/java-7-openjdk-amd64/jre/lib/ext/localedata.jar
7f7c233e7000-7f7c233ea000 r--s 0000f000 00:6cd 5445                      /usr/lib/jvm/java-7-openjdk-amd64/jre/lib/ext/icedtea-sound.jar
7f7c233ea000-7f7c233eb000 r--s 00002000 00:6cd 5444                      /usr/lib/jvm/java-7-openjdk-amd64/jre/lib/ext/dnsns.jar
7f7c233eb000-7f7c233ed000 r--s 00012000 00:6cd 5443                      /usr/lib/jvm/java-7-openjdk-amd64/jre/lib/ext/zipfs.jar
7f7c233ed000-7f7c233f1000 r--s 00034000 00:6cd 5442                      /usr/lib/jvm/java-7-openjdk-amd64/jre/lib/ext/sunjce_provider.jar
7f7c233f1000-7f7c233f3000 r--s 00006000 00:6cd 5452                      /usr/share/java/java-atk-wrapper.jar
7f7c233f3000-7f7c233f4000 r--p 00000000 00:6cd 109                       /usr/lib/locale/C.UTF-8/LC_NUMERIC
7f7c233f4000-7f7c233f5000 r--p 00000000 00:6cd 108                       /usr/lib/locale/C.UTF-8/LC_TIME
7f7c233f5000-7f7c233f6000 r--p 00000000 00:6cd 106                       /usr/lib/locale/C.UTF-8/LC_MONETARY
7f7c233f6000-7f7c233f7000 r--p 00000000 00:6cd 105                       /usr/lib/locale/C.UTF-8/LC_MESSAGES/SYS_LC_MESSAGES
7f7c233f7000-7f7c233f8000 r--p 00000000 00:6cd 103                       /usr/lib/locale/C.UTF-8/LC_PAPER
7f7c233f8000-7f7c233f9000 r--p 00000000 00:6cd 102                       /usr/lib/locale/C.UTF-8/LC_NAME
7f7c233f9000-7f7c2340c000 rw-p 00000000 00:00 0 
7f7c2340c000-7f7c23414000 rw-s 00000000 00:6cd 294                       /tmp/hsperfdata_ubuntu/35453
7f7c23414000-7f7c234d9000 rw-p 00000000 00:00 0 
7f7c234d9000-7f7c234da000 r--p 00000000 00:6cd 101                       /usr/lib/locale/C.UTF-8/LC_ADDRESS
7f7c234da000-7f7c234db000 r--p 00000000 00:6cd 100                       /usr/lib/locale/C.UTF-8/LC_TELEPHONE
7f7c234db000-7f7c234dc000 r--p 00000000 00:6cd 99                        /usr/lib/locale/C.UTF-8/LC_MEASUREMENT
7f7c234dc000-7f7c234dd000 r--p 00000000 00:6cd 95                        /usr/lib/locale/C.UTF-8/LC_IDENTIFICATION
7f7c234dd000-7f7c234de000 rw-p 00000000 00:00 0 
7f7c234de000-7f7c234df000 r--p 00000000 00:00 0 
7f7c234df000-7f7c234e0000 rw-p 00000000 00:00 0 
7f7c234e0000-7f7c234e1000 rwxp 00000000 00:00 0 
7f7c234e1000-7f7c234e8000 r--s 00000000 00:6cd 98                        /usr/lib/x86_64-linux-gnu/gconv/gconv-modules.cache
7f7c234e8000-7f7c234ea000 rw-p 00000000 00:00 0 
7f7c234ea000-7f7c234eb000 r--p 00022000 00:6cd 71                        /lib/x86_64-linux-gnu/ld-2.19.so
7f7c234eb000-7f7c234ec000 rw-p 00023000 00:6cd 71                        /lib/x86_64-linux-gnu/ld-2.19.so
7f7c234ec000-7f7c234ed000 rw-p 00000000 00:00 0 
7fff4638e000-7fff463af000 rw-p 00000000 00:00 0                          [stack]
7fff463c2000-7fff463c4000 r--p 00000000 00:00 0                          [vvar]
7fff463c4000-7fff463c6000 r-xp 00000000 00:00 0                          [vdso]
ffffffffff600000-ffffffffff601000 r-xp 00000000 00:00 0                  [vsyscall]

VM Arguments:
jvm_args: -Dfile.encoding=UTF8 -ea -Xmx768m 
java_command: <unknown>
Launcher Type: generic

Environment Variables:
PATH=/home/ubuntu/.nvm/versions/node/v6.11.2/bin:/usr/local/rvm/gems/ruby-2.4.0/bin:/usr/local/rvm/gems/ruby-2.4.0@global/bin:/usr/local/rvm/rubies/ruby-2.4.0/bin:/mnt/shared/bin:/home/ubuntu/workspace/node_modules/.bin:/home/ubuntu/bin:/usr/local/sbin:/usr/local/bin:/usr/sbin:/usr/bin:/sbin:/bin:/mnt/shared/sbin:/opt/gitl:/opt/go/bin:/mnt/shared/c9/app.nw/bin:/usr/local/rvm/bin
LD_LIBRARY_PATH=~/.c9/local/lib
SHELL=/bin/bash

Signal Handlers:
SIGSEGV: [libjvm.so+0x963630], sa_mask[0]=0x7ffbfeff, sa_flags=0x10000004
SIGBUS: [libjvm.so+0x963630], sa_mask[0]=0x7ffbfeff, sa_flags=0x10000004
SIGFPE: [libjvm.so+0x7d5da0], sa_mask[0]=0x7ffbfeff, sa_flags=0x10000004
SIGPIPE: [libjvm.so+0x7d5da0], sa_mask[0]=0x7ffbfeff, sa_flags=0x10000004
SIGXFSZ: [libjvm.so+0x7d5da0], sa_mask[0]=0x7ffbfeff, sa_flags=0x10000004
SIGILL: [libjvm.so+0x7d5da0], sa_mask[0]=0x7ffbfeff, sa_flags=0x10000004
SIGUSR1: SIG_DFL, sa_mask[0]=0x00000000, sa_flags=0x00000000
SIGUSR2: [libjvm.so+0x7d5ed0], sa_mask[0]=0x00000000, sa_flags=0x10000004
SIGHUP: [libjvm.so+0x7d5e20], sa_mask[0]=0x7ffbfeff, sa_flags=0x10000004
SIGINT: [libjvm.so+0x7d5e20], sa_mask[0]=0x7ffbfeff, sa_flags=0x10000004
SIGTERM: [libjvm.so+0x7d5e20], sa_mask[0]=0x7ffbfeff, sa_flags=0x10000004
SIGQUIT: [libjvm.so+0x7d5e20], sa_mask[0]=0x7ffbfeff, sa_flags=0x10000004
SIGTRAP: SIG_DFL, sa_mask[0]=0x00000000, sa_flags=0x00000000


---------------  S Y S T E M  ---------------

OS:Ubuntu 14.04 (trusty)
uname:Linux 4.9.17-c9 #1 SMP Thu Mar 23 01:38:54 UTC 2017 x86_64
libc:glibc 2.19 NPTL 2.19 
rlimit: STACK 8192k, CORE 0k, NPROC 1048576, NOFILE 1048576, AS infinity
load average:14.50 8.56 7.40

/proc/meminfo:
MemTotal:       53595428 kB
MemFree:         3866808 kB
MemAvailable:   16539372 kB
Buffers:         8287304 kB
Cached:         11800060 kB
SwapCached:       930664 kB
Active:         25908472 kB
Inactive:       13519708 kB
Active(anon):   10255528 kB
Inactive(anon): 11592152 kB
Active(file):   15652944 kB
Inactive(file):  1927556 kB
Unevictable:       42176 kB
Mlocked:           42176 kB
SwapTotal:      52428796 kB
SwapFree:       41235192 kB
Dirty:             14760 kB
Writeback:            20 kB
AnonPages:      18834584 kB
Mapped:          1561672 kB
Shmem:           2505628 kB
Slab:            7787932 kB
SReclaimable:    5374948 kB
SUnreclaim:      2412984 kB
KernelStack:      183728 kB
PageTables:       459508 kB
NFS_Unstable:          0 kB
Bounce:                0 kB
WritebackTmp:          0 kB
CommitLimit:    79226508 kB
Committed_AS:   87829660 kB
VmallocTotal:   34359738367 kB
VmallocUsed:           0 kB
VmallocChunk:          0 kB
HardwareCorrupted:     0 kB
AnonHugePages:    169984 kB
ShmemHugePages:        0 kB
ShmemPmdMapped:        0 kB
HugePages_Total:       0
HugePages_Free:        0
HugePages_Rsvd:        0
HugePages_Surp:        0
Hugepagesize:       2048 kB
DirectMap4k:     4331508 kB
DirectMap2M:    50194432 kB
DirectMap1G:     2097152 kB


CPU:total 8 (initial active 8) (12 cores per cpu, 2 threads per core) family 6 model 62 stepping 4, cmov, cx8, fxsr, mmx, sse, sse2, sse3, ssse3, sse4.1, sse4.2, popcnt, avx, aes, erms, ht, tsc, tscinvbit

/proc/cpuinfo:
processor	: 0
vendor_id	: GenuineIntel
cpu family	: 6
model		: 62
model name	: Intel(R) Xeon(R) CPU @ 2.50GHz
stepping	: 4
microcode	: 0x1
cpu MHz		: 2500.000
cache size	: 30720 KB
physical id	: 0
siblings	: 8
core id		: 0
cpu cores	: 4
apicid		: 0
initial apicid	: 0
fpu		: yes
fpu_exception	: yes
cpuid level	: 13
wp		: yes
flags		: fpu vme de pse tsc msr pae mce cx8 apic sep mtrr pge mca cmov pat pse36 clflush mmx fxsr sse sse2 ss ht syscall nx pdpe1gb rdtscp lm constant_tsc rep_good nopl xtopology nonstop_tsc eagerfpu pni pclmulqdq ssse3 cx16 sse4_1 sse4_2 x2apic popcnt aes xsave avx f16c rdrand hypervisor lahf_lm fsgsbase tsc_adjust smep erms xsaveopt
bugs		:
bogomips	: 5000.00
clflush size	: 64
cache_alignment	: 64
address sizes	: 46 bits physical, 48 bits virtual
power management:

processor	: 1
vendor_id	: GenuineIntel
cpu family	: 6
model		: 62
model name	: Intel(R) Xeon(R) CPU @ 2.50GHz
stepping	: 4
microcode	: 0x1
cpu MHz		: 2500.000
cache size	: 30720 KB
physical id	: 0
siblings	: 8
core id		: 1
cpu cores	: 4
apicid		: 2
initial apicid	: 2
fpu		: yes
fpu_exception	: yes
cpuid level	: 13
wp		: yes
flags		: fpu vme de pse tsc msr pae mce cx8 apic sep mtrr pge mca cmov pat pse36 clflush mmx fxsr sse sse2 ss ht syscall nx pdpe1gb rdtscp lm constant_tsc rep_good nopl xtopology nonstop_tsc eagerfpu pni pclmulqdq ssse3 cx16 sse4_1 sse4_2 x2apic popcnt aes xsave avx f16c rdrand hypervisor lahf_lm fsgsbase tsc_adjust smep erms xsaveopt
bugs		:
bogomips	: 5000.00
clflush size	: 64
cache_alignment	: 64
address sizes	: 46 bits physical, 48 bits virtual
power management:

processor	: 2
vendor_id	: GenuineIntel
cpu family	: 6
model		: 62
model name	: Intel(R) Xeon(R) CPU @ 2.50GHz
stepping	: 4
microcode	: 0x1
cpu MHz		: 2500.000
cache size	: 30720 KB
physical id	: 0
siblings	: 8
core id		: 2
cpu cores	: 4
apicid		: 4
initial apicid	: 4
fpu		: yes
fpu_exception	: yes
cpuid level	: 13
wp		: yes
flags		: fpu vme de pse tsc msr pae mce cx8 apic sep mtrr pge mca cmov pat pse36 clflush mmx fxsr sse sse2 ss ht syscall nx pdpe1gb rdtscp lm constant_tsc rep_good nopl xtopology nonstop_tsc eagerfpu pni pclmulqdq ssse3 cx16 sse4_1 sse4_2 x2apic popcnt aes xsave avx f16c rdrand hypervisor lahf_lm fsgsbase tsc_adjust smep erms xsaveopt
bugs		:
bogomips	: 5000.00
clflush size	: 64
cache_alignment	: 64
address sizes	: 46 bits physical, 48 bits virtual
power management:

processor	: 3
vendor_id	: GenuineIntel
cpu family	: 6
model		: 62
model name	: Intel(R) Xeon(R) CPU @ 2.50GHz
stepping	: 4
microcode	: 0x1
cpu MHz		: 2500.000
cache size	: 30720 KB
physical id	: 0
siblings	: 8
core id		: 3
cpu cores	: 4
apicid		: 6
initial apicid	: 6
fpu		: yes
fpu_exception	: yes
cpuid level	: 13
wp		: yes
flags		: fpu vme de pse tsc msr pae mce cx8 apic sep mtrr pge mca cmov pat pse36 clflush mmx fxsr sse sse2 ss ht syscall nx pdpe1gb rdtscp lm constant_tsc rep_good nopl xtopology nonstop_tsc eagerfpu pni pclmulqdq ssse3 cx16 sse4_1 sse4_2 x2apic popcnt aes xsave avx f16c rdrand hypervisor lahf_lm fsgsbase tsc_adjust smep erms xsaveopt
bugs		:
bogomips	: 5000.00
clflush size	: 64
cache_alignment	: 64
address sizes	: 46 bits physical, 48 bits virtual
power management:

processor	: 4
vendor_id	: GenuineIntel
cpu family	: 6
model		: 62
model name	: Intel(R) Xeon(R) CPU @ 2.50GHz
stepping	: 4
microcode	: 0x1
cpu MHz		: 2500.000
cache size	: 30720 KB
physical id	: 0
siblings	: 8
core id		: 0
cpu cores	: 4
apicid		: 1
initial apicid	: 1
fpu		: yes
fpu_exception	: yes
cpuid level	: 13
wp		: yes
flags		: fpu vme de pse tsc msr pae mce cx8 apic sep mtrr pge mca cmov pat pse36 clflush mmx fxsr sse sse2 ss ht syscall nx pdpe1gb rdtscp lm constant_tsc rep_good nopl xtopology nonstop_tsc eagerfpu pni pclmulqdq ssse3 cx16 sse4_1 sse4_2 x2apic popcnt aes xsave avx f16c rdrand hypervisor lahf_lm fsgsbase tsc_adjust smep erms xsaveopt
bugs		:
bogomips	: 5000.00
clflush size	: 64
cache_alignment	: 64
address sizes	: 46 bits physical, 48 bits virtual
power management:

processor	: 5
vendor_id	: GenuineIntel
cpu family	: 6
model		: 62
model name	: Intel(R) Xeon(R) CPU @ 2.50GHz
stepping	: 4
microcode	: 0x1
cpu MHz		: 2500.000
cache size	: 30720 KB
physical id	: 0
siblings	: 8
core id		: 1
cpu cores	: 4
apicid		: 3
initial apicid	: 3
fpu		: yes
fpu_exception	: yes
cpuid level	: 13
wp		: yes
flags		: fpu vme de pse tsc msr pae mce cx8 apic sep mtrr pge mca cmov pat pse36 clflush mmx fxsr sse sse2 ss ht syscall nx pdpe1gb rdtscp lm constant_tsc rep_good nopl xtopology nonstop_tsc eagerfpu pni pclmulqdq ssse3 cx16 sse4_1 sse4_2 x2apic popcnt aes xsave avx f16c rdrand hypervisor lahf_lm fsgsbase tsc_adjust smep erms xsaveopt
bugs		:
bogomips	: 5000.00
clflush size	: 64
cache_alignment	: 64
address sizes	: 46 bits physical, 48 bits virtual
power management:

processor	: 6
vendor_id	: GenuineIntel
cpu family	: 6
model		: 62
model name	: Intel(R) Xeon(R) CPU @ 2.50GHz
stepping	: 4
microcode	: 0x1
cpu MHz		: 2500.000
cache size	: 30720 KB
physical id	: 0
siblings	: 8
core id		: 2
cpu cores	: 4
apicid		: 5
initial apicid	: 5
fpu		: yes
fpu_exception	: yes
cpuid level	: 13
wp		: yes
flags		: fpu vme de pse tsc msr pae mce cx8 apic sep mtrr pge mca cmov pat pse36 clflush mmx fxsr sse sse2 ss ht syscall nx pdpe1gb rdtscp lm constant_tsc rep_good nopl xtopology nonstop_tsc eagerfpu pni pclmulqdq ssse3 cx16 sse4_1 sse4_2 x2apic popcnt aes xsave avx f16c rdrand hypervisor lahf_lm fsgsbase tsc_adjust smep erms xsaveopt
bugs		:
bogomips	: 5000.00
clflush size	: 64
cache_alignment	: 64
address sizes	: 46 bits physical, 48 bits virtual
power management:

processor	: 7
vendor_id	: GenuineIntel
cpu family	: 6
model		: 62
model name	: Intel(R) Xeon(R) CPU @ 2.50GHz
stepping	: 4
microcode	: 0x1
cpu MHz		: 2500.000
cache size	: 30720 KB
physical id	: 0
siblings	: 8
core id		: 3
cpu cores	: 4
apicid		: 7
initial apicid	: 7
fpu		: yes
fpu_exception	: yes
cpuid level	: 13
wp		: yes
flags		: fpu vme de pse tsc msr pae mce cx8 apic sep mtrr pge mca cmov pat pse36 clflush mmx fxsr sse sse2 ss ht syscall nx pdpe1gb rdtscp lm constant_tsc rep_good nopl xtopology nonstop_tsc eagerfpu pni pclmulqdq ssse3 cx16 sse4_1 sse4_2 x2apic popcnt aes xsave avx f16c rdrand hypervisor lahf_lm fsgsbase tsc_adjust smep erms xsaveopt
bugs		:
bogomips	: 5000.00
clflush size	: 64
cache_alignment	: 64
address sizes	: 46 bits physical, 48 bits virtual
power management:



Memory: 4k page, physical 53595428k(3868104k free), swap 52428796k(41235192k free)

vm_info: OpenJDK 64-Bit Server VM (24.151-b01) for linux-amd64 JRE (1.7.0_151-b01), built on Aug 15 2017 05:35:24 by "buildd" with gcc 4.8.4

time: Thu Nov 16 18:20:45 2017
elapsed time: 51 seconds

